[09-Mar-2024 00:21:55 UTC] PHP Warning:  Undefined property: stdClass::$color in /home/myguest/web/myguest.click/public_html/themes/altum/views/partials/plans.php on line 53
[09-Mar-2024 00:21:55 UTC] PHP Warning:  Undefined property: stdClass::$price in /home/myguest/web/myguest.click/public_html/themes/altum/views/partials/plans.php on line 62
[09-Mar-2024 00:21:55 UTC] PHP Warning:  Undefined property: stdClass::$description in /home/myguest/web/myguest.click/public_html/themes/altum/views/partials/plans.php on line 65
[09-Mar-2024 00:21:55 UTC] PHP Warning:  Undefined property: stdClass::$statistics_retention in /home/myguest/web/myguest.click/public_html/themes/altum/views/partials/plans_plan_content.php on line 91
[09-Mar-2024 00:21:55 UTC] PHP Warning:  Undefined property: stdClass::$statistics_retention in /home/myguest/web/myguest.click/public_html/themes/altum/views/partials/plans_plan_content.php on line 91
[09-Mar-2024 00:21:55 UTC] PHP Warning:  Undefined property: stdClass::$statistics_retention in /home/myguest/web/myguest.click/public_html/themes/altum/views/partials/plans_plan_content.php on line 94
[09-Mar-2024 00:21:55 UTC] PHP Warning:  Undefined property: stdClass::$qr_is_enabled in /home/myguest/web/myguest.click/public_html/themes/altum/views/partials/plans_plan_content.php on line 113
[09-Mar-2024 00:21:55 UTC] PHP Warning:  Undefined property: stdClass::$qr_is_enabled in /home/myguest/web/myguest.click/public_html/themes/altum/views/partials/plans_plan_content.php on line 118
[09-Mar-2024 00:27:33 UTC] PHP Warning:  Undefined property: stdClass::$color in /home/myguest/web/myguest.click/public_html/themes/altum/views/partials/plans.php on line 53
[09-Mar-2024 00:27:33 UTC] PHP Warning:  Undefined property: stdClass::$price in /home/myguest/web/myguest.click/public_html/themes/altum/views/partials/plans.php on line 62
[09-Mar-2024 00:27:33 UTC] PHP Warning:  Undefined property: stdClass::$description in /home/myguest/web/myguest.click/public_html/themes/altum/views/partials/plans.php on line 65
[09-Mar-2024 00:27:33 UTC] PHP Warning:  Undefined property: stdClass::$statistics_retention in /home/myguest/web/myguest.click/public_html/themes/altum/views/partials/plans_plan_content.php on line 91
[09-Mar-2024 00:27:33 UTC] PHP Warning:  Undefined property: stdClass::$statistics_retention in /home/myguest/web/myguest.click/public_html/themes/altum/views/partials/plans_plan_content.php on line 91
[09-Mar-2024 00:27:33 UTC] PHP Warning:  Undefined property: stdClass::$statistics_retention in /home/myguest/web/myguest.click/public_html/themes/altum/views/partials/plans_plan_content.php on line 94
[09-Mar-2024 00:27:33 UTC] PHP Warning:  Undefined property: stdClass::$qr_is_enabled in /home/myguest/web/myguest.click/public_html/themes/altum/views/partials/plans_plan_content.php on line 113
[09-Mar-2024 00:27:33 UTC] PHP Warning:  Undefined property: stdClass::$qr_is_enabled in /home/myguest/web/myguest.click/public_html/themes/altum/views/partials/plans_plan_content.php on line 118
[09-Mar-2024 05:26:42 UTC] PHP Warning:  Undefined property: stdClass::$color in /home/myguest/web/myguest.click/public_html/themes/altum/views/partials/plans.php on line 53
[09-Mar-2024 05:26:42 UTC] PHP Warning:  Undefined property: stdClass::$price in /home/myguest/web/myguest.click/public_html/themes/altum/views/partials/plans.php on line 62
[09-Mar-2024 05:26:42 UTC] PHP Warning:  Undefined property: stdClass::$description in /home/myguest/web/myguest.click/public_html/themes/altum/views/partials/plans.php on line 65
[09-Mar-2024 05:26:42 UTC] PHP Warning:  Undefined property: stdClass::$statistics_retention in /home/myguest/web/myguest.click/public_html/themes/altum/views/partials/plans_plan_content.php on line 91
[09-Mar-2024 05:26:42 UTC] PHP Warning:  Undefined property: stdClass::$statistics_retention in /home/myguest/web/myguest.click/public_html/themes/altum/views/partials/plans_plan_content.php on line 91
[09-Mar-2024 05:26:42 UTC] PHP Warning:  Undefined property: stdClass::$statistics_retention in /home/myguest/web/myguest.click/public_html/themes/altum/views/partials/plans_plan_content.php on line 94
[09-Mar-2024 05:26:42 UTC] PHP Warning:  Undefined property: stdClass::$qr_is_enabled in /home/myguest/web/myguest.click/public_html/themes/altum/views/partials/plans_plan_content.php on line 113
[09-Mar-2024 05:26:42 UTC] PHP Warning:  Undefined property: stdClass::$qr_is_enabled in /home/myguest/web/myguest.click/public_html/themes/altum/views/partials/plans_plan_content.php on line 118
[09-Mar-2024 07:56:31 UTC] PHP Warning:  Undefined property: stdClass::$color in /home/myguest/web/myguest.click/public_html/themes/altum/views/partials/plans.php on line 53
[09-Mar-2024 07:56:31 UTC] PHP Warning:  Undefined property: stdClass::$price in /home/myguest/web/myguest.click/public_html/themes/altum/views/partials/plans.php on line 62
[09-Mar-2024 07:56:31 UTC] PHP Warning:  Undefined property: stdClass::$description in /home/myguest/web/myguest.click/public_html/themes/altum/views/partials/plans.php on line 65
[09-Mar-2024 07:56:31 UTC] PHP Warning:  Undefined property: stdClass::$statistics_retention in /home/myguest/web/myguest.click/public_html/themes/altum/views/partials/plans_plan_content.php on line 91
[09-Mar-2024 07:56:31 UTC] PHP Warning:  Undefined property: stdClass::$statistics_retention in /home/myguest/web/myguest.click/public_html/themes/altum/views/partials/plans_plan_content.php on line 91
[09-Mar-2024 07:56:31 UTC] PHP Warning:  Undefined property: stdClass::$statistics_retention in /home/myguest/web/myguest.click/public_html/themes/altum/views/partials/plans_plan_content.php on line 94
[09-Mar-2024 07:56:31 UTC] PHP Warning:  Undefined property: stdClass::$qr_is_enabled in /home/myguest/web/myguest.click/public_html/themes/altum/views/partials/plans_plan_content.php on line 113
[09-Mar-2024 07:56:31 UTC] PHP Warning:  Undefined property: stdClass::$qr_is_enabled in /home/myguest/web/myguest.click/public_html/themes/altum/views/partials/plans_plan_content.php on line 118
[09-Mar-2024 10:36:17 UTC] PHP Warning:  Undefined property: stdClass::$color in /home/myguest/web/myguest.click/public_html/themes/altum/views/partials/plans.php on line 53
[09-Mar-2024 10:36:17 UTC] PHP Warning:  Undefined property: stdClass::$price in /home/myguest/web/myguest.click/public_html/themes/altum/views/partials/plans.php on line 62
[09-Mar-2024 10:36:17 UTC] PHP Warning:  Undefined property: stdClass::$description in /home/myguest/web/myguest.click/public_html/themes/altum/views/partials/plans.php on line 65
[09-Mar-2024 10:36:17 UTC] PHP Warning:  Undefined property: stdClass::$statistics_retention in /home/myguest/web/myguest.click/public_html/themes/altum/views/partials/plans_plan_content.php on line 91
[09-Mar-2024 10:36:17 UTC] PHP Warning:  Undefined property: stdClass::$statistics_retention in /home/myguest/web/myguest.click/public_html/themes/altum/views/partials/plans_plan_content.php on line 91
[09-Mar-2024 10:36:17 UTC] PHP Warning:  Undefined property: stdClass::$statistics_retention in /home/myguest/web/myguest.click/public_html/themes/altum/views/partials/plans_plan_content.php on line 94
[09-Mar-2024 10:36:17 UTC] PHP Warning:  Undefined property: stdClass::$qr_is_enabled in /home/myguest/web/myguest.click/public_html/themes/altum/views/partials/plans_plan_content.php on line 113
[09-Mar-2024 10:36:17 UTC] PHP Warning:  Undefined property: stdClass::$qr_is_enabled in /home/myguest/web/myguest.click/public_html/themes/altum/views/partials/plans_plan_content.php on line 118
[09-Mar-2024 10:36:20 UTC] PHP Warning:  Undefined property: stdClass::$color in /home/myguest/web/myguest.click/public_html/themes/altum/views/partials/plans.php on line 53
[09-Mar-2024 10:36:20 UTC] PHP Warning:  Undefined property: stdClass::$price in /home/myguest/web/myguest.click/public_html/themes/altum/views/partials/plans.php on line 62
[09-Mar-2024 10:36:20 UTC] PHP Warning:  Undefined property: stdClass::$description in /home/myguest/web/myguest.click/public_html/themes/altum/views/partials/plans.php on line 65
[09-Mar-2024 10:36:20 UTC] PHP Warning:  Undefined property: stdClass::$statistics_retention in /home/myguest/web/myguest.click/public_html/themes/altum/views/partials/plans_plan_content.php on line 91
[09-Mar-2024 10:36:20 UTC] PHP Warning:  Undefined property: stdClass::$statistics_retention in /home/myguest/web/myguest.click/public_html/themes/altum/views/partials/plans_plan_content.php on line 91
[09-Mar-2024 10:36:20 UTC] PHP Warning:  Undefined property: stdClass::$statistics_retention in /home/myguest/web/myguest.click/public_html/themes/altum/views/partials/plans_plan_content.php on line 94
[09-Mar-2024 10:36:20 UTC] PHP Warning:  Undefined property: stdClass::$qr_is_enabled in /home/myguest/web/myguest.click/public_html/themes/altum/views/partials/plans_plan_content.php on line 113
[09-Mar-2024 10:36:20 UTC] PHP Warning:  Undefined property: stdClass::$qr_is_enabled in /home/myguest/web/myguest.click/public_html/themes/altum/views/partials/plans_plan_content.php on line 118
[09-Mar-2024 10:40:55 UTC] PHP Warning:  Undefined property: stdClass::$color in /home/myguest/web/myguest.click/public_html/themes/altum/views/partials/plans.php on line 53
[09-Mar-2024 10:40:55 UTC] PHP Warning:  Undefined property: stdClass::$price in /home/myguest/web/myguest.click/public_html/themes/altum/views/partials/plans.php on line 62
[09-Mar-2024 10:40:55 UTC] PHP Warning:  Undefined property: stdClass::$description in /home/myguest/web/myguest.click/public_html/themes/altum/views/partials/plans.php on line 65
[09-Mar-2024 10:40:55 UTC] PHP Warning:  Undefined property: stdClass::$statistics_retention in /home/myguest/web/myguest.click/public_html/themes/altum/views/partials/plans_plan_content.php on line 91
[09-Mar-2024 10:40:55 UTC] PHP Warning:  Undefined property: stdClass::$statistics_retention in /home/myguest/web/myguest.click/public_html/themes/altum/views/partials/plans_plan_content.php on line 91
[09-Mar-2024 10:40:55 UTC] PHP Warning:  Undefined property: stdClass::$statistics_retention in /home/myguest/web/myguest.click/public_html/themes/altum/views/partials/plans_plan_content.php on line 94
[09-Mar-2024 10:40:55 UTC] PHP Warning:  Undefined property: stdClass::$qr_is_enabled in /home/myguest/web/myguest.click/public_html/themes/altum/views/partials/plans_plan_content.php on line 113
[09-Mar-2024 10:40:55 UTC] PHP Warning:  Undefined property: stdClass::$qr_is_enabled in /home/myguest/web/myguest.click/public_html/themes/altum/views/partials/plans_plan_content.php on line 118
[09-Mar-2024 12:02:05 UTC] PHP Warning:  Undefined property: stdClass::$color in /home/myguest/web/myguest.click/public_html/themes/altum/views/partials/plans.php on line 53
[09-Mar-2024 12:02:05 UTC] PHP Warning:  Undefined property: stdClass::$price in /home/myguest/web/myguest.click/public_html/themes/altum/views/partials/plans.php on line 62
[09-Mar-2024 12:02:05 UTC] PHP Warning:  Undefined property: stdClass::$description in /home/myguest/web/myguest.click/public_html/themes/altum/views/partials/plans.php on line 65
[09-Mar-2024 12:02:05 UTC] PHP Warning:  Undefined property: stdClass::$statistics_retention in /home/myguest/web/myguest.click/public_html/themes/altum/views/partials/plans_plan_content.php on line 91
[09-Mar-2024 12:02:05 UTC] PHP Warning:  Undefined property: stdClass::$statistics_retention in /home/myguest/web/myguest.click/public_html/themes/altum/views/partials/plans_plan_content.php on line 91
[09-Mar-2024 12:02:05 UTC] PHP Warning:  Undefined property: stdClass::$statistics_retention in /home/myguest/web/myguest.click/public_html/themes/altum/views/partials/plans_plan_content.php on line 94
[09-Mar-2024 12:02:05 UTC] PHP Warning:  Undefined property: stdClass::$qr_is_enabled in /home/myguest/web/myguest.click/public_html/themes/altum/views/partials/plans_plan_content.php on line 113
[09-Mar-2024 12:02:05 UTC] PHP Warning:  Undefined property: stdClass::$qr_is_enabled in /home/myguest/web/myguest.click/public_html/themes/altum/views/partials/plans_plan_content.php on line 118
[09-Mar-2024 12:02:06 UTC] PHP Warning:  Undefined property: stdClass::$color in /home/myguest/web/myguest.click/public_html/themes/altum/views/partials/plans.php on line 53
[09-Mar-2024 12:02:06 UTC] PHP Warning:  Undefined property: stdClass::$price in /home/myguest/web/myguest.click/public_html/themes/altum/views/partials/plans.php on line 62
[09-Mar-2024 12:02:06 UTC] PHP Warning:  Undefined property: stdClass::$description in /home/myguest/web/myguest.click/public_html/themes/altum/views/partials/plans.php on line 65
[09-Mar-2024 12:02:06 UTC] PHP Warning:  Undefined property: stdClass::$statistics_retention in /home/myguest/web/myguest.click/public_html/themes/altum/views/partials/plans_plan_content.php on line 91
[09-Mar-2024 12:02:06 UTC] PHP Warning:  Undefined property: stdClass::$statistics_retention in /home/myguest/web/myguest.click/public_html/themes/altum/views/partials/plans_plan_content.php on line 91
[09-Mar-2024 12:02:06 UTC] PHP Warning:  Undefined property: stdClass::$statistics_retention in /home/myguest/web/myguest.click/public_html/themes/altum/views/partials/plans_plan_content.php on line 94
[09-Mar-2024 12:02:06 UTC] PHP Warning:  Undefined property: stdClass::$qr_is_enabled in /home/myguest/web/myguest.click/public_html/themes/altum/views/partials/plans_plan_content.php on line 113
[09-Mar-2024 12:02:06 UTC] PHP Warning:  Undefined property: stdClass::$qr_is_enabled in /home/myguest/web/myguest.click/public_html/themes/altum/views/partials/plans_plan_content.php on line 118
[09-Mar-2024 12:02:07 UTC] PHP Warning:  Undefined property: stdClass::$color in /home/myguest/web/myguest.click/public_html/themes/altum/views/partials/plans.php on line 53
[09-Mar-2024 12:02:07 UTC] PHP Warning:  Undefined property: stdClass::$price in /home/myguest/web/myguest.click/public_html/themes/altum/views/partials/plans.php on line 62
[09-Mar-2024 12:02:07 UTC] PHP Warning:  Undefined property: stdClass::$description in /home/myguest/web/myguest.click/public_html/themes/altum/views/partials/plans.php on line 65
[09-Mar-2024 12:02:07 UTC] PHP Warning:  Undefined property: stdClass::$statistics_retention in /home/myguest/web/myguest.click/public_html/themes/altum/views/partials/plans_plan_content.php on line 91
[09-Mar-2024 12:02:07 UTC] PHP Warning:  Undefined property: stdClass::$statistics_retention in /home/myguest/web/myguest.click/public_html/themes/altum/views/partials/plans_plan_content.php on line 91
[09-Mar-2024 12:02:07 UTC] PHP Warning:  Undefined property: stdClass::$statistics_retention in /home/myguest/web/myguest.click/public_html/themes/altum/views/partials/plans_plan_content.php on line 94
[09-Mar-2024 12:02:07 UTC] PHP Warning:  Undefined property: stdClass::$qr_is_enabled in /home/myguest/web/myguest.click/public_html/themes/altum/views/partials/plans_plan_content.php on line 113
[09-Mar-2024 12:02:07 UTC] PHP Warning:  Undefined property: stdClass::$qr_is_enabled in /home/myguest/web/myguest.click/public_html/themes/altum/views/partials/plans_plan_content.php on line 118
[09-Mar-2024 12:02:09 UTC] PHP Warning:  Undefined property: stdClass::$color in /home/myguest/web/myguest.click/public_html/themes/altum/views/partials/plans.php on line 53
[09-Mar-2024 12:02:09 UTC] PHP Warning:  Undefined property: stdClass::$price in /home/myguest/web/myguest.click/public_html/themes/altum/views/partials/plans.php on line 62
[09-Mar-2024 12:02:09 UTC] PHP Warning:  Undefined property: stdClass::$description in /home/myguest/web/myguest.click/public_html/themes/altum/views/partials/plans.php on line 65
[09-Mar-2024 12:02:09 UTC] PHP Warning:  Undefined property: stdClass::$statistics_retention in /home/myguest/web/myguest.click/public_html/themes/altum/views/partials/plans_plan_content.php on line 91
[09-Mar-2024 12:02:09 UTC] PHP Warning:  Undefined property: stdClass::$statistics_retention in /home/myguest/web/myguest.click/public_html/themes/altum/views/partials/plans_plan_content.php on line 91
[09-Mar-2024 12:02:09 UTC] PHP Warning:  Undefined property: stdClass::$statistics_retention in /home/myguest/web/myguest.click/public_html/themes/altum/views/partials/plans_plan_content.php on line 94
[09-Mar-2024 12:02:09 UTC] PHP Warning:  Undefined property: stdClass::$qr_is_enabled in /home/myguest/web/myguest.click/public_html/themes/altum/views/partials/plans_plan_content.php on line 113
[09-Mar-2024 12:02:09 UTC] PHP Warning:  Undefined property: stdClass::$qr_is_enabled in /home/myguest/web/myguest.click/public_html/themes/altum/views/partials/plans_plan_content.php on line 118
[09-Mar-2024 12:02:14 UTC] PHP Warning:  Undefined property: stdClass::$color in /home/myguest/web/myguest.click/public_html/themes/altum/views/partials/plans.php on line 53
[09-Mar-2024 12:02:14 UTC] PHP Warning:  Undefined property: stdClass::$price in /home/myguest/web/myguest.click/public_html/themes/altum/views/partials/plans.php on line 62
[09-Mar-2024 12:02:14 UTC] PHP Warning:  Undefined property: stdClass::$description in /home/myguest/web/myguest.click/public_html/themes/altum/views/partials/plans.php on line 65
[09-Mar-2024 12:02:14 UTC] PHP Warning:  Undefined property: stdClass::$statistics_retention in /home/myguest/web/myguest.click/public_html/themes/altum/views/partials/plans_plan_content.php on line 91
[09-Mar-2024 12:02:14 UTC] PHP Warning:  Undefined property: stdClass::$statistics_retention in /home/myguest/web/myguest.click/public_html/themes/altum/views/partials/plans_plan_content.php on line 91
[09-Mar-2024 12:02:14 UTC] PHP Warning:  Undefined property: stdClass::$statistics_retention in /home/myguest/web/myguest.click/public_html/themes/altum/views/partials/plans_plan_content.php on line 94
[09-Mar-2024 12:02:14 UTC] PHP Warning:  Undefined property: stdClass::$qr_is_enabled in /home/myguest/web/myguest.click/public_html/themes/altum/views/partials/plans_plan_content.php on line 113
[09-Mar-2024 12:02:14 UTC] PHP Warning:  Undefined property: stdClass::$qr_is_enabled in /home/myguest/web/myguest.click/public_html/themes/altum/views/partials/plans_plan_content.php on line 118
[09-Mar-2024 12:09:31 UTC] PHP Warning:  Undefined property: stdClass::$color in /home/myguest/web/myguest.click/public_html/themes/altum/views/partials/plans.php on line 53
[09-Mar-2024 12:09:31 UTC] PHP Warning:  Undefined property: stdClass::$price in /home/myguest/web/myguest.click/public_html/themes/altum/views/partials/plans.php on line 62
[09-Mar-2024 12:09:31 UTC] PHP Warning:  Undefined property: stdClass::$description in /home/myguest/web/myguest.click/public_html/themes/altum/views/partials/plans.php on line 65
[09-Mar-2024 12:09:31 UTC] PHP Warning:  Undefined property: stdClass::$statistics_retention in /home/myguest/web/myguest.click/public_html/themes/altum/views/partials/plans_plan_content.php on line 91
[09-Mar-2024 12:09:31 UTC] PHP Warning:  Undefined property: stdClass::$statistics_retention in /home/myguest/web/myguest.click/public_html/themes/altum/views/partials/plans_plan_content.php on line 91
[09-Mar-2024 12:09:31 UTC] PHP Warning:  Undefined property: stdClass::$statistics_retention in /home/myguest/web/myguest.click/public_html/themes/altum/views/partials/plans_plan_content.php on line 94
[09-Mar-2024 12:09:31 UTC] PHP Warning:  Undefined property: stdClass::$qr_is_enabled in /home/myguest/web/myguest.click/public_html/themes/altum/views/partials/plans_plan_content.php on line 113
[09-Mar-2024 12:09:31 UTC] PHP Warning:  Undefined property: stdClass::$qr_is_enabled in /home/myguest/web/myguest.click/public_html/themes/altum/views/partials/plans_plan_content.php on line 118
[09-Mar-2024 12:15:06 UTC] PHP Warning:  Undefined property: stdClass::$color in /home/myguest/web/myguest.click/public_html/themes/altum/views/partials/plans.php on line 53
[09-Mar-2024 12:15:06 UTC] PHP Warning:  Undefined property: stdClass::$price in /home/myguest/web/myguest.click/public_html/themes/altum/views/partials/plans.php on line 62
[09-Mar-2024 12:15:06 UTC] PHP Warning:  Undefined property: stdClass::$description in /home/myguest/web/myguest.click/public_html/themes/altum/views/partials/plans.php on line 65
[09-Mar-2024 12:15:06 UTC] PHP Warning:  Undefined property: stdClass::$statistics_retention in /home/myguest/web/myguest.click/public_html/themes/altum/views/partials/plans_plan_content.php on line 91
[09-Mar-2024 12:15:06 UTC] PHP Warning:  Undefined property: stdClass::$statistics_retention in /home/myguest/web/myguest.click/public_html/themes/altum/views/partials/plans_plan_content.php on line 91
[09-Mar-2024 12:15:06 UTC] PHP Warning:  Undefined property: stdClass::$statistics_retention in /home/myguest/web/myguest.click/public_html/themes/altum/views/partials/plans_plan_content.php on line 94
[09-Mar-2024 12:15:06 UTC] PHP Warning:  Undefined property: stdClass::$qr_is_enabled in /home/myguest/web/myguest.click/public_html/themes/altum/views/partials/plans_plan_content.php on line 113
[09-Mar-2024 12:15:06 UTC] PHP Warning:  Undefined property: stdClass::$qr_is_enabled in /home/myguest/web/myguest.click/public_html/themes/altum/views/partials/plans_plan_content.php on line 118
[09-Mar-2024 12:17:20 UTC] PHP Warning:  Undefined property: stdClass::$color in /home/myguest/web/myguest.click/public_html/themes/altum/views/partials/plans.php on line 53
[09-Mar-2024 12:17:20 UTC] PHP Warning:  Undefined property: stdClass::$price in /home/myguest/web/myguest.click/public_html/themes/altum/views/partials/plans.php on line 62
[09-Mar-2024 12:17:20 UTC] PHP Warning:  Undefined property: stdClass::$description in /home/myguest/web/myguest.click/public_html/themes/altum/views/partials/plans.php on line 65
[09-Mar-2024 12:17:20 UTC] PHP Warning:  Undefined property: stdClass::$statistics_retention in /home/myguest/web/myguest.click/public_html/themes/altum/views/partials/plans_plan_content.php on line 91
[09-Mar-2024 12:17:20 UTC] PHP Warning:  Undefined property: stdClass::$statistics_retention in /home/myguest/web/myguest.click/public_html/themes/altum/views/partials/plans_plan_content.php on line 91
[09-Mar-2024 12:17:20 UTC] PHP Warning:  Undefined property: stdClass::$statistics_retention in /home/myguest/web/myguest.click/public_html/themes/altum/views/partials/plans_plan_content.php on line 94
[09-Mar-2024 12:17:20 UTC] PHP Warning:  Undefined property: stdClass::$qr_is_enabled in /home/myguest/web/myguest.click/public_html/themes/altum/views/partials/plans_plan_content.php on line 113
[09-Mar-2024 12:17:20 UTC] PHP Warning:  Undefined property: stdClass::$qr_is_enabled in /home/myguest/web/myguest.click/public_html/themes/altum/views/partials/plans_plan_content.php on line 118
[09-Mar-2024 12:17:28 UTC] PHP Warning:  Undefined property: stdClass::$color in /home/myguest/web/myguest.click/public_html/themes/altum/views/partials/plans.php on line 53
[09-Mar-2024 12:17:28 UTC] PHP Warning:  Undefined property: stdClass::$price in /home/myguest/web/myguest.click/public_html/themes/altum/views/partials/plans.php on line 62
[09-Mar-2024 12:17:28 UTC] PHP Warning:  Undefined property: stdClass::$description in /home/myguest/web/myguest.click/public_html/themes/altum/views/partials/plans.php on line 65
[09-Mar-2024 12:17:28 UTC] PHP Warning:  Undefined property: stdClass::$statistics_retention in /home/myguest/web/myguest.click/public_html/themes/altum/views/partials/plans_plan_content.php on line 91
[09-Mar-2024 12:17:28 UTC] PHP Warning:  Undefined property: stdClass::$statistics_retention in /home/myguest/web/myguest.click/public_html/themes/altum/views/partials/plans_plan_content.php on line 91
[09-Mar-2024 12:17:28 UTC] PHP Warning:  Undefined property: stdClass::$statistics_retention in /home/myguest/web/myguest.click/public_html/themes/altum/views/partials/plans_plan_content.php on line 94
[09-Mar-2024 12:17:28 UTC] PHP Warning:  Undefined property: stdClass::$qr_is_enabled in /home/myguest/web/myguest.click/public_html/themes/altum/views/partials/plans_plan_content.php on line 113
[09-Mar-2024 12:17:28 UTC] PHP Warning:  Undefined property: stdClass::$qr_is_enabled in /home/myguest/web/myguest.click/public_html/themes/altum/views/partials/plans_plan_content.php on line 118
[09-Mar-2024 12:17:40 UTC] PHP Warning:  Undefined property: stdClass::$color in /home/myguest/web/myguest.click/public_html/themes/altum/views/partials/plans.php on line 53
[09-Mar-2024 12:17:40 UTC] PHP Warning:  Undefined property: stdClass::$price in /home/myguest/web/myguest.click/public_html/themes/altum/views/partials/plans.php on line 62
[09-Mar-2024 12:17:40 UTC] PHP Warning:  Undefined property: stdClass::$description in /home/myguest/web/myguest.click/public_html/themes/altum/views/partials/plans.php on line 65
[09-Mar-2024 12:17:40 UTC] PHP Warning:  Undefined property: stdClass::$statistics_retention in /home/myguest/web/myguest.click/public_html/themes/altum/views/partials/plans_plan_content.php on line 91
[09-Mar-2024 12:17:40 UTC] PHP Warning:  Undefined property: stdClass::$statistics_retention in /home/myguest/web/myguest.click/public_html/themes/altum/views/partials/plans_plan_content.php on line 91
[09-Mar-2024 12:17:40 UTC] PHP Warning:  Undefined property: stdClass::$statistics_retention in /home/myguest/web/myguest.click/public_html/themes/altum/views/partials/plans_plan_content.php on line 94
[09-Mar-2024 12:17:40 UTC] PHP Warning:  Undefined property: stdClass::$qr_is_enabled in /home/myguest/web/myguest.click/public_html/themes/altum/views/partials/plans_plan_content.php on line 113
[09-Mar-2024 12:17:40 UTC] PHP Warning:  Undefined property: stdClass::$qr_is_enabled in /home/myguest/web/myguest.click/public_html/themes/altum/views/partials/plans_plan_content.php on line 118
[09-Mar-2024 12:17:42 UTC] PHP Warning:  Undefined property: stdClass::$color in /home/myguest/web/myguest.click/public_html/themes/altum/views/partials/plans.php on line 53
[09-Mar-2024 12:17:42 UTC] PHP Warning:  Undefined property: stdClass::$price in /home/myguest/web/myguest.click/public_html/themes/altum/views/partials/plans.php on line 62
[09-Mar-2024 12:17:42 UTC] PHP Warning:  Undefined property: stdClass::$description in /home/myguest/web/myguest.click/public_html/themes/altum/views/partials/plans.php on line 65
[09-Mar-2024 12:17:42 UTC] PHP Warning:  Undefined property: stdClass::$statistics_retention in /home/myguest/web/myguest.click/public_html/themes/altum/views/partials/plans_plan_content.php on line 91
[09-Mar-2024 12:17:42 UTC] PHP Warning:  Undefined property: stdClass::$statistics_retention in /home/myguest/web/myguest.click/public_html/themes/altum/views/partials/plans_plan_content.php on line 91
[09-Mar-2024 12:17:42 UTC] PHP Warning:  Undefined property: stdClass::$statistics_retention in /home/myguest/web/myguest.click/public_html/themes/altum/views/partials/plans_plan_content.php on line 94
[09-Mar-2024 12:17:42 UTC] PHP Warning:  Undefined property: stdClass::$qr_is_enabled in /home/myguest/web/myguest.click/public_html/themes/altum/views/partials/plans_plan_content.php on line 113
[09-Mar-2024 12:17:42 UTC] PHP Warning:  Undefined property: stdClass::$qr_is_enabled in /home/myguest/web/myguest.click/public_html/themes/altum/views/partials/plans_plan_content.php on line 118
[09-Mar-2024 12:17:48 UTC] PHP Warning:  Undefined property: stdClass::$statistics_retention in /home/myguest/web/myguest.click/public_html/themes/altum/views/partials/plan_features.php on line 81
[09-Mar-2024 12:17:48 UTC] PHP Warning:  Undefined property: stdClass::$statistics_retention in /home/myguest/web/myguest.click/public_html/themes/altum/views/partials/plan_features.php on line 82
[09-Mar-2024 12:17:48 UTC] PHP Warning:  Undefined property: stdClass::$statistics_retention in /home/myguest/web/myguest.click/public_html/themes/altum/views/partials/plan_features.php on line 83
[09-Mar-2024 12:17:48 UTC] PHP Warning:  Undefined property: stdClass::$statistics_retention in /home/myguest/web/myguest.click/public_html/themes/altum/views/partials/plan_features.php on line 83
[09-Mar-2024 12:17:48 UTC] PHP Warning:  Undefined property: stdClass::$qr_is_enabled in /home/myguest/web/myguest.click/public_html/themes/altum/views/partials/plan_features.php on line 102
[09-Mar-2024 12:17:48 UTC] PHP Warning:  Undefined property: stdClass::$qr_is_enabled in /home/myguest/web/myguest.click/public_html/themes/altum/views/partials/plan_features.php on line 103
[09-Mar-2024 12:40:23 UTC] PHP Warning:  Undefined property: stdClass::$color in /home/myguest/web/myguest.click/public_html/themes/altum/views/partials/plans.php on line 53
[09-Mar-2024 12:40:23 UTC] PHP Warning:  Undefined property: stdClass::$price in /home/myguest/web/myguest.click/public_html/themes/altum/views/partials/plans.php on line 62
[09-Mar-2024 12:40:23 UTC] PHP Warning:  Undefined property: stdClass::$description in /home/myguest/web/myguest.click/public_html/themes/altum/views/partials/plans.php on line 65
[09-Mar-2024 12:40:23 UTC] PHP Warning:  Undefined property: stdClass::$statistics_retention in /home/myguest/web/myguest.click/public_html/themes/altum/views/partials/plans_plan_content.php on line 91
[09-Mar-2024 12:40:23 UTC] PHP Warning:  Undefined property: stdClass::$statistics_retention in /home/myguest/web/myguest.click/public_html/themes/altum/views/partials/plans_plan_content.php on line 91
[09-Mar-2024 12:40:23 UTC] PHP Warning:  Undefined property: stdClass::$statistics_retention in /home/myguest/web/myguest.click/public_html/themes/altum/views/partials/plans_plan_content.php on line 94
[09-Mar-2024 12:40:23 UTC] PHP Warning:  Undefined property: stdClass::$qr_is_enabled in /home/myguest/web/myguest.click/public_html/themes/altum/views/partials/plans_plan_content.php on line 113
[09-Mar-2024 12:40:23 UTC] PHP Warning:  Undefined property: stdClass::$qr_is_enabled in /home/myguest/web/myguest.click/public_html/themes/altum/views/partials/plans_plan_content.php on line 118
[09-Mar-2024 12:40:38 UTC] PHP Warning:  Undefined property: stdClass::$qr_is_enabled in /home/myguest/web/myguest.click/public_html/themes/altum/views/partials/app_sub_menu.php on line 16
[09-Mar-2024 12:40:38 UTC] PHP Warning:  Undefined property: stdClass::$qr_is_enabled in /home/myguest/web/myguest.click/public_html/themes/altum/views/partials/app_sub_menu.php on line 17
[09-Mar-2024 12:40:44 UTC] PHP Warning:  Undefined property: stdClass::$qr_is_enabled in /home/myguest/web/myguest.click/public_html/themes/altum/views/partials/app_sub_menu.php on line 16
[09-Mar-2024 12:40:44 UTC] PHP Warning:  Undefined property: stdClass::$qr_is_enabled in /home/myguest/web/myguest.click/public_html/themes/altum/views/partials/app_sub_menu.php on line 17
[09-Mar-2024 12:40:46 UTC] PHP Warning:  Undefined property: stdClass::$qr_is_enabled in /home/myguest/web/myguest.click/public_html/themes/altum/views/partials/app_sub_menu.php on line 16
[09-Mar-2024 12:40:46 UTC] PHP Warning:  Undefined property: stdClass::$qr_is_enabled in /home/myguest/web/myguest.click/public_html/themes/altum/views/partials/app_sub_menu.php on line 17
[09-Mar-2024 12:40:46 UTC] PHP Warning:  Attempt to read property "on_premise_is_enabled" on null in /home/myguest/web/myguest.click/public_html/themes/altum/views/store-update/index.php on line 222
[09-Mar-2024 12:40:46 UTC] PHP Warning:  Attempt to read property "on_premise_minimum_value" on null in /home/myguest/web/myguest.click/public_html/themes/altum/views/store-update/index.php on line 233
[09-Mar-2024 12:40:46 UTC] PHP Warning:  Attempt to read property "takeaway_is_enabled" on null in /home/myguest/web/myguest.click/public_html/themes/altum/views/store-update/index.php on line 244
[09-Mar-2024 12:40:46 UTC] PHP Warning:  Attempt to read property "takeaway_minimum_value" on null in /home/myguest/web/myguest.click/public_html/themes/altum/views/store-update/index.php on line 255
[09-Mar-2024 12:40:46 UTC] PHP Warning:  Attempt to read property "delivery_is_enabled" on null in /home/myguest/web/myguest.click/public_html/themes/altum/views/store-update/index.php on line 266
[09-Mar-2024 12:40:46 UTC] PHP Warning:  Attempt to read property "delivery_minimum_value" on null in /home/myguest/web/myguest.click/public_html/themes/altum/views/store-update/index.php on line 277
[09-Mar-2024 12:40:46 UTC] PHP Warning:  Attempt to read property "delivery_cost" on null in /home/myguest/web/myguest.click/public_html/themes/altum/views/store-update/index.php on line 291
[09-Mar-2024 12:40:46 UTC] PHP Warning:  Attempt to read property "delivery_free_minimum_value" on null in /home/myguest/web/myguest.click/public_html/themes/altum/views/store-update/index.php on line 305
[09-Mar-2024 12:40:46 UTC] PHP Warning:  Attempt to read property "paypal_is_enabled" on null in /home/myguest/web/myguest.click/public_html/themes/altum/views/store-update/index.php on line 326
[09-Mar-2024 12:40:46 UTC] PHP Warning:  Attempt to read property "paypal_mode" on null in /home/myguest/web/myguest.click/public_html/themes/altum/views/store-update/index.php on line 333
[09-Mar-2024 12:40:46 UTC] PHP Warning:  Attempt to read property "paypal_mode" on null in /home/myguest/web/myguest.click/public_html/themes/altum/views/store-update/index.php on line 334
[09-Mar-2024 12:40:46 UTC] PHP Warning:  Attempt to read property "paypal_client_id" on null in /home/myguest/web/myguest.click/public_html/themes/altum/views/store-update/index.php on line 341
[09-Mar-2024 12:40:46 UTC] PHP Warning:  Attempt to read property "paypal_secret" on null in /home/myguest/web/myguest.click/public_html/themes/altum/views/store-update/index.php on line 346
[09-Mar-2024 12:40:46 UTC] PHP Warning:  Attempt to read property "stripe_is_enabled" on null in /home/myguest/web/myguest.click/public_html/themes/altum/views/store-update/index.php on line 376
[09-Mar-2024 12:40:46 UTC] PHP Warning:  Attempt to read property "stripe_publishable_key" on null in /home/myguest/web/myguest.click/public_html/themes/altum/views/store-update/index.php on line 382
[09-Mar-2024 12:40:46 UTC] PHP Warning:  Attempt to read property "stripe_secret_key" on null in /home/myguest/web/myguest.click/public_html/themes/altum/views/store-update/index.php on line 387
[09-Mar-2024 12:40:46 UTC] PHP Warning:  Attempt to read property "stripe_webhook_secret" on null in /home/myguest/web/myguest.click/public_html/themes/altum/views/store-update/index.php on line 392
[09-Mar-2024 12:40:46 UTC] PHP Warning:  Attempt to read property "mollie_is_enabled" on null in /home/myguest/web/myguest.click/public_html/themes/altum/views/store-update/index.php on line 426
[09-Mar-2024 12:40:46 UTC] PHP Warning:  Attempt to read property "mollie_api_key" on null in /home/myguest/web/myguest.click/public_html/themes/altum/views/store-update/index.php on line 432
[09-Mar-2024 12:40:46 UTC] PHP Warning:  Attempt to read property "offline_payment_is_enabled" on null in /home/myguest/web/myguest.click/public_html/themes/altum/views/store-update/index.php on line 456
[09-Mar-2024 12:40:46 UTC] PHP Warning:  Attempt to read property "invoice_is_enabled" on null in /home/myguest/web/myguest.click/public_html/themes/altum/views/store-update/index.php on line 470
[09-Mar-2024 12:40:46 UTC] PHP Warning:  Attempt to read property "invoice_is_enabled" on null in /home/myguest/web/myguest.click/public_html/themes/altum/views/store-update/index.php on line 471
[09-Mar-2024 12:40:46 UTC] PHP Warning:  Attempt to read property "invoice_nr_prefix" on null in /home/myguest/web/myguest.click/public_html/themes/altum/views/store-update/index.php on line 478
[09-Mar-2024 12:40:46 UTC] PHP Warning:  Attempt to read property "name" on null in /home/myguest/web/myguest.click/public_html/themes/altum/views/store-update/index.php on line 486
[09-Mar-2024 12:40:46 UTC] PHP Warning:  Attempt to read property "address" on null in /home/myguest/web/myguest.click/public_html/themes/altum/views/store-update/index.php on line 493
[09-Mar-2024 12:40:46 UTC] PHP Warning:  Attempt to read property "city" on null in /home/myguest/web/myguest.click/public_html/themes/altum/views/store-update/index.php on line 500
[09-Mar-2024 12:40:46 UTC] PHP Warning:  Attempt to read property "county" on null in /home/myguest/web/myguest.click/public_html/themes/altum/views/store-update/index.php on line 507
[09-Mar-2024 12:40:46 UTC] PHP Warning:  Attempt to read property "zip" on null in /home/myguest/web/myguest.click/public_html/themes/altum/views/store-update/index.php on line 514
[09-Mar-2024 12:40:46 UTC] PHP Warning:  Attempt to read property "country" on null in /home/myguest/web/myguest.click/public_html/themes/altum/views/store-update/index.php on line 523
[09-Mar-2024 12:40:46 UTC] PHP Warning:  Attempt to read property "country" on null in /home/myguest/web/myguest.click/public_html/themes/altum/views/store-update/index.php on line 523
[09-Mar-2024 12:40:46 UTC] PHP Warning:  Attempt to read property "country" on null in /home/myguest/web/myguest.click/public_html/themes/altum/views/store-update/index.php on line 523
[09-Mar-2024 12:40:46 UTC] PHP Warning:  Attempt to read property "country" on null in /home/myguest/web/myguest.click/public_html/themes/altum/views/store-update/index.php on line 523
[09-Mar-2024 12:40:46 UTC] PHP Warning:  Attempt to read property "country" on null in /home/myguest/web/myguest.click/public_html/themes/altum/views/store-update/index.php on line 523
[09-Mar-2024 12:40:46 UTC] PHP Warning:  Attempt to read property "country" on null in /home/myguest/web/myguest.click/public_html/themes/altum/views/store-update/index.php on line 523
[09-Mar-2024 12:40:46 UTC] PHP Warning:  Attempt to read property "country" on null in /home/myguest/web/myguest.click/public_html/themes/altum/views/store-update/index.php on line 523
[09-Mar-2024 12:40:46 UTC] PHP Warning:  Attempt to read property "country" on null in /home/myguest/web/myguest.click/public_html/themes/altum/views/store-update/index.php on line 523
[09-Mar-2024 12:40:46 UTC] PHP Warning:  Attempt to read property "country" on null in /home/myguest/web/myguest.click/public_html/themes/altum/views/store-update/index.php on line 523
[09-Mar-2024 12:40:46 UTC] PHP Warning:  Attempt to read property "country" on null in /home/myguest/web/myguest.click/public_html/themes/altum/views/store-update/index.php on line 523
[09-Mar-2024 12:40:46 UTC] PHP Warning:  Attempt to read property "country" on null in /home/myguest/web/myguest.click/public_html/themes/altum/views/store-update/index.php on line 523
[09-Mar-2024 12:40:46 UTC] PHP Warning:  Attempt to read property "country" on null in /home/myguest/web/myguest.click/public_html/themes/altum/views/store-update/index.php on line 523
[09-Mar-2024 12:40:46 UTC] PHP Warning:  Attempt to read property "country" on null in /home/myguest/web/myguest.click/public_html/themes/altum/views/store-update/index.php on line 523
[09-Mar-2024 12:40:46 UTC] PHP Warning:  Attempt to read property "country" on null in /home/myguest/web/myguest.click/public_html/themes/altum/views/store-update/index.php on line 523
[09-Mar-2024 12:40:46 UTC] PHP Warning:  Attempt to read property "country" on null in /home/myguest/web/myguest.click/public_html/themes/altum/views/store-update/index.php on line 523
[09-Mar-2024 12:40:46 UTC] PHP Warning:  Attempt to read property "country" on null in /home/myguest/web/myguest.click/public_html/themes/altum/views/store-update/index.php on line 523
[09-Mar-2024 12:40:46 UTC] PHP Warning:  Attempt to read property "country" on null in /home/myguest/web/myguest.click/public_html/themes/altum/views/store-update/index.php on line 523
[09-Mar-2024 12:40:46 UTC] PHP Warning:  Attempt to read property "country" on null in /home/myguest/web/myguest.click/public_html/themes/altum/views/store-update/index.php on line 523
[09-Mar-2024 12:40:46 UTC] PHP Warning:  Attempt to read property "country" on null in /home/myguest/web/myguest.click/public_html/themes/altum/views/store-update/index.php on line 523
[09-Mar-2024 12:40:46 UTC] PHP Warning:  Attempt to read property "country" on null in /home/myguest/web/myguest.click/public_html/themes/altum/views/store-update/index.php on line 523
[09-Mar-2024 12:40:46 UTC] PHP Warning:  Attempt to read property "country" on null in /home/myguest/web/myguest.click/public_html/themes/altum/views/store-update/index.php on line 523
[09-Mar-2024 12:40:46 UTC] PHP Warning:  Attempt to read property "country" on null in /home/myguest/web/myguest.click/public_html/themes/altum/views/store-update/index.php on line 523
[09-Mar-2024 12:40:46 UTC] PHP Warning:  Attempt to read property "country" on null in /home/myguest/web/myguest.click/public_html/themes/altum/views/store-update/index.php on line 523
[09-Mar-2024 12:40:46 UTC] PHP Warning:  Attempt to read property "country" on null in /home/myguest/web/myguest.click/public_html/themes/altum/views/store-update/index.php on line 523
[09-Mar-2024 12:40:46 UTC] PHP Warning:  Attempt to read property "country" on null in /home/myguest/web/myguest.click/public_html/themes/altum/views/store-update/index.php on line 523
[09-Mar-2024 12:40:46 UTC] PHP Warning:  Attempt to read property "country" on null in /home/myguest/web/myguest.click/public_html/themes/altum/views/store-update/index.php on line 523
[09-Mar-2024 12:40:46 UTC] PHP Warning:  Attempt to read property "country" on null in /home/myguest/web/myguest.click/public_html/themes/altum/views/store-update/index.php on line 523
[09-Mar-2024 12:40:46 UTC] PHP Warning:  Attempt to read property "country" on null in /home/myguest/web/myguest.click/public_html/themes/altum/views/store-update/index.php on line 523
[09-Mar-2024 12:40:46 UTC] PHP Warning:  Attempt to read property "country" on null in /home/myguest/web/myguest.click/public_html/themes/altum/views/store-update/index.php on line 523
[09-Mar-2024 12:40:46 UTC] PHP Warning:  Attempt to read property "country" on null in /home/myguest/web/myguest.click/public_html/themes/altum/views/store-update/index.php on line 523
[09-Mar-2024 12:40:46 UTC] PHP Warning:  Attempt to read property "country" on null in /home/myguest/web/myguest.click/public_html/themes/altum/views/store-update/index.php on line 523
[09-Mar-2024 12:40:46 UTC] PHP Warning:  Attempt to read property "country" on null in /home/myguest/web/myguest.click/public_html/themes/altum/views/store-update/index.php on line 523
[09-Mar-2024 12:40:46 UTC] PHP Warning:  Attempt to read property "country" on null in /home/myguest/web/myguest.click/public_html/themes/altum/views/store-update/index.php on line 523
[09-Mar-2024 12:40:46 UTC] PHP Warning:  Attempt to read property "country" on null in /home/myguest/web/myguest.click/public_html/themes/altum/views/store-update/index.php on line 523
[09-Mar-2024 12:40:46 UTC] PHP Warning:  Attempt to read property "country" on null in /home/myguest/web/myguest.click/public_html/themes/altum/views/store-update/index.php on line 523
[09-Mar-2024 12:40:46 UTC] PHP Warning:  Attempt to read property "country" on null in /home/myguest/web/myguest.click/public_html/themes/altum/views/store-update/index.php on line 523
[09-Mar-2024 12:40:46 UTC] PHP Warning:  Attempt to read property "country" on null in /home/myguest/web/myguest.click/public_html/themes/altum/views/store-update/index.php on line 523
[09-Mar-2024 12:40:46 UTC] PHP Warning:  Attempt to read property "country" on null in /home/myguest/web/myguest.click/public_html/themes/altum/views/store-update/index.php on line 523
[09-Mar-2024 12:40:46 UTC] PHP Warning:  Attempt to read property "country" on null in /home/myguest/web/myguest.click/public_html/themes/altum/views/store-update/index.php on line 523
[09-Mar-2024 12:40:46 UTC] PHP Warning:  Attempt to read property "country" on null in /home/myguest/web/myguest.click/public_html/themes/altum/views/store-update/index.php on line 523
[09-Mar-2024 12:40:46 UTC] PHP Warning:  Attempt to read property "country" on null in /home/myguest/web/myguest.click/public_html/themes/altum/views/store-update/index.php on line 523
[09-Mar-2024 12:40:46 UTC] PHP Warning:  Attempt to read property "country" on null in /home/myguest/web/myguest.click/public_html/themes/altum/views/store-update/index.php on line 523
[09-Mar-2024 12:40:46 UTC] PHP Warning:  Attempt to read property "country" on null in /home/myguest/web/myguest.click/public_html/themes/altum/views/store-update/index.php on line 523
[09-Mar-2024 12:40:46 UTC] PHP Warning:  Attempt to read property "country" on null in /home/myguest/web/myguest.click/public_html/themes/altum/views/store-update/index.php on line 523
[09-Mar-2024 12:40:46 UTC] PHP Warning:  Attempt to read property "country" on null in /home/myguest/web/myguest.click/public_html/themes/altum/views/store-update/index.php on line 523
[09-Mar-2024 12:40:46 UTC] PHP Warning:  Attempt to read property "country" on null in /home/myguest/web/myguest.click/public_html/themes/altum/views/store-update/index.php on line 523
[09-Mar-2024 12:40:46 UTC] PHP Warning:  Attempt to read property "country" on null in /home/myguest/web/myguest.click/public_html/themes/altum/views/store-update/index.php on line 523
[09-Mar-2024 12:40:46 UTC] PHP Warning:  Attempt to read property "country" on null in /home/myguest/web/myguest.click/public_html/themes/altum/views/store-update/index.php on line 523
[09-Mar-2024 12:40:46 UTC] PHP Warning:  Attempt to read property "country" on null in /home/myguest/web/myguest.click/public_html/themes/altum/views/store-update/index.php on line 523
[09-Mar-2024 12:40:46 UTC] PHP Warning:  Attempt to read property "country" on null in /home/myguest/web/myguest.click/public_html/themes/altum/views/store-update/index.php on line 523
[09-Mar-2024 12:40:46 UTC] PHP Warning:  Attempt to read property "country" on null in /home/myguest/web/myguest.click/public_html/themes/altum/views/store-update/index.php on line 523
[09-Mar-2024 12:40:46 UTC] PHP Warning:  Attempt to read property "country" on null in /home/myguest/web/myguest.click/public_html/themes/altum/views/store-update/index.php on line 523
[09-Mar-2024 12:40:46 UTC] PHP Warning:  Attempt to read property "country" on null in /home/myguest/web/myguest.click/public_html/themes/altum/views/store-update/index.php on line 523
[09-Mar-2024 12:40:46 UTC] PHP Warning:  Attempt to read property "country" on null in /home/myguest/web/myguest.click/public_html/themes/altum/views/store-update/index.php on line 523
[09-Mar-2024 12:40:46 UTC] PHP Warning:  Attempt to read property "country" on null in /home/myguest/web/myguest.click/public_html/themes/altum/views/store-update/index.php on line 523
[09-Mar-2024 12:40:46 UTC] PHP Warning:  Attempt to read property "country" on null in /home/myguest/web/myguest.click/public_html/themes/altum/views/store-update/index.php on line 523
[09-Mar-2024 12:40:46 UTC] PHP Warning:  Attempt to read property "country" on null in /home/myguest/web/myguest.click/public_html/themes/altum/views/store-update/index.php on line 523
[09-Mar-2024 12:40:46 UTC] PHP Warning:  Attempt to read property "country" on null in /home/myguest/web/myguest.click/public_html/themes/altum/views/store-update/index.php on line 523
[09-Mar-2024 12:40:46 UTC] PHP Warning:  Attempt to read property "country" on null in /home/myguest/web/myguest.click/public_html/themes/altum/views/store-update/index.php on line 523
[09-Mar-2024 12:40:46 UTC] PHP Warning:  Attempt to read property "country" on null in /home/myguest/web/myguest.click/public_html/themes/altum/views/store-update/index.php on line 523
[09-Mar-2024 12:40:46 UTC] PHP Warning:  Attempt to read property "country" on null in /home/myguest/web/myguest.click/public_html/themes/altum/views/store-update/index.php on line 523
[09-Mar-2024 12:40:46 UTC] PHP Warning:  Attempt to read property "country" on null in /home/myguest/web/myguest.click/public_html/themes/altum/views/store-update/index.php on line 523
[09-Mar-2024 12:40:46 UTC] PHP Warning:  Attempt to read property "country" on null in /home/myguest/web/myguest.click/public_html/themes/altum/views/store-update/index.php on line 523
[09-Mar-2024 12:40:46 UTC] PHP Warning:  Attempt to read property "country" on null in /home/myguest/web/myguest.click/public_html/themes/altum/views/store-update/index.php on line 523
[09-Mar-2024 12:40:46 UTC] PHP Warning:  Attempt to read property "country" on null in /home/myguest/web/myguest.click/public_html/themes/altum/views/store-update/index.php on line 523
[09-Mar-2024 12:40:46 UTC] PHP Warning:  Attempt to read property "country" on null in /home/myguest/web/myguest.click/public_html/themes/altum/views/store-update/index.php on line 523
[09-Mar-2024 12:40:46 UTC] PHP Warning:  Attempt to read property "country" on null in /home/myguest/web/myguest.click/public_html/themes/altum/views/store-update/index.php on line 523
[09-Mar-2024 12:40:46 UTC] PHP Warning:  Attempt to read property "country" on null in /home/myguest/web/myguest.click/public_html/themes/altum/views/store-update/index.php on line 523
[09-Mar-2024 12:40:46 UTC] PHP Warning:  Attempt to read property "country" on null in /home/myguest/web/myguest.click/public_html/themes/altum/views/store-update/index.php on line 523
[09-Mar-2024 12:40:46 UTC] PHP Warning:  Attempt to read property "country" on null in /home/myguest/web/myguest.click/public_html/themes/altum/views/store-update/index.php on line 523
[09-Mar-2024 12:40:46 UTC] PHP Warning:  Attempt to read property "country" on null in /home/myguest/web/myguest.click/public_html/themes/altum/views/store-update/index.php on line 523
[09-Mar-2024 12:40:46 UTC] PHP Warning:  Attempt to read property "country" on null in /home/myguest/web/myguest.click/public_html/themes/altum/views/store-update/index.php on line 523
[09-Mar-2024 12:40:46 UTC] PHP Warning:  Attempt to read property "country" on null in /home/myguest/web/myguest.click/public_html/themes/altum/views/store-update/index.php on line 523
[09-Mar-2024 12:40:46 UTC] PHP Warning:  Attempt to read property "country" on null in /home/myguest/web/myguest.click/public_html/themes/altum/views/store-update/index.php on line 523
[09-Mar-2024 12:40:46 UTC] PHP Warning:  Attempt to read property "country" on null in /home/myguest/web/myguest.click/public_html/themes/altum/views/store-update/index.php on line 523
[09-Mar-2024 12:40:46 UTC] PHP Warning:  Attempt to read property "country" on null in /home/myguest/web/myguest.click/public_html/themes/altum/views/store-update/index.php on line 523
[09-Mar-2024 12:40:46 UTC] PHP Warning:  Attempt to read property "country" on null in /home/myguest/web/myguest.click/public_html/themes/altum/views/store-update/index.php on line 523
[09-Mar-2024 12:40:46 UTC] PHP Warning:  Attempt to read property "country" on null in /home/myguest/web/myguest.click/public_html/themes/altum/views/store-update/index.php on line 523
[09-Mar-2024 12:40:46 UTC] PHP Warning:  Attempt to read property "country" on null in /home/myguest/web/myguest.click/public_html/themes/altum/views/store-update/index.php on line 523
[09-Mar-2024 12:40:46 UTC] PHP Warning:  Attempt to read property "country" on null in /home/myguest/web/myguest.click/public_html/themes/altum/views/store-update/index.php on line 523
[09-Mar-2024 12:40:46 UTC] PHP Warning:  Attempt to read property "country" on null in /home/myguest/web/myguest.click/public_html/themes/altum/views/store-update/index.php on line 523
[09-Mar-2024 12:40:46 UTC] PHP Warning:  Attempt to read property "country" on null in /home/myguest/web/myguest.click/public_html/themes/altum/views/store-update/index.php on line 523
[09-Mar-2024 12:40:46 UTC] PHP Warning:  Attempt to read property "country" on null in /home/myguest/web/myguest.click/public_html/themes/altum/views/store-update/index.php on line 523
[09-Mar-2024 12:40:46 UTC] PHP Warning:  Attempt to read property "country" on null in /home/myguest/web/myguest.click/public_html/themes/altum/views/store-update/index.php on line 523
[09-Mar-2024 12:40:46 UTC] PHP Warning:  Attempt to read property "country" on null in /home/myguest/web/myguest.click/public_html/themes/altum/views/store-update/index.php on line 523
[09-Mar-2024 12:40:46 UTC] PHP Warning:  Attempt to read property "country" on null in /home/myguest/web/myguest.click/public_html/themes/altum/views/store-update/index.php on line 523
[09-Mar-2024 12:40:46 UTC] PHP Warning:  Attempt to read property "country" on null in /home/myguest/web/myguest.click/public_html/themes/altum/views/store-update/index.php on line 523
[09-Mar-2024 12:40:46 UTC] PHP Warning:  Attempt to read property "country" on null in /home/myguest/web/myguest.click/public_html/themes/altum/views/store-update/index.php on line 523
[09-Mar-2024 12:40:46 UTC] PHP Warning:  Attempt to read property "country" on null in /home/myguest/web/myguest.click/public_html/themes/altum/views/store-update/index.php on line 523
[09-Mar-2024 12:40:46 UTC] PHP Warning:  Attempt to read property "country" on null in /home/myguest/web/myguest.click/public_html/themes/altum/views/store-update/index.php on line 523
[09-Mar-2024 12:40:46 UTC] PHP Warning:  Attempt to read property "country" on null in /home/myguest/web/myguest.click/public_html/themes/altum/views/store-update/index.php on line 523
[09-Mar-2024 12:40:46 UTC] PHP Warning:  Attempt to read property "country" on null in /home/myguest/web/myguest.click/public_html/themes/altum/views/store-update/index.php on line 523
[09-Mar-2024 12:40:46 UTC] PHP Warning:  Attempt to read property "country" on null in /home/myguest/web/myguest.click/public_html/themes/altum/views/store-update/index.php on line 523
[09-Mar-2024 12:40:46 UTC] PHP Warning:  Attempt to read property "country" on null in /home/myguest/web/myguest.click/public_html/themes/altum/views/store-update/index.php on line 523
[09-Mar-2024 12:40:46 UTC] PHP Warning:  Attempt to read property "country" on null in /home/myguest/web/myguest.click/public_html/themes/altum/views/store-update/index.php on line 523
[09-Mar-2024 12:40:46 UTC] PHP Warning:  Attempt to read property "country" on null in /home/myguest/web/myguest.click/public_html/themes/altum/views/store-update/index.php on line 523
[09-Mar-2024 12:40:46 UTC] PHP Warning:  Attempt to read property "country" on null in /home/myguest/web/myguest.click/public_html/themes/altum/views/store-update/index.php on line 523
[09-Mar-2024 12:40:46 UTC] PHP Warning:  Attempt to read property "country" on null in /home/myguest/web/myguest.click/public_html/themes/altum/views/store-update/index.php on line 523
[09-Mar-2024 12:40:46 UTC] PHP Warning:  Attempt to read property "country" on null in /home/myguest/web/myguest.click/public_html/themes/altum/views/store-update/index.php on line 523
[09-Mar-2024 12:40:46 UTC] PHP Warning:  Attempt to read property "country" on null in /home/myguest/web/myguest.click/public_html/themes/altum/views/store-update/index.php on line 523
[09-Mar-2024 12:40:46 UTC] PHP Warning:  Attempt to read property "country" on null in /home/myguest/web/myguest.click/public_html/themes/altum/views/store-update/index.php on line 523
[09-Mar-2024 12:40:46 UTC] PHP Warning:  Attempt to read property "country" on null in /home/myguest/web/myguest.click/public_html/themes/altum/views/store-update/index.php on line 523
[09-Mar-2024 12:40:46 UTC] PHP Warning:  Attempt to read property "country" on null in /home/myguest/web/myguest.click/public_html/themes/altum/views/store-update/index.php on line 523
[09-Mar-2024 12:40:46 UTC] PHP Warning:  Attempt to read property "country" on null in /home/myguest/web/myguest.click/public_html/themes/altum/views/store-update/index.php on line 523
[09-Mar-2024 12:40:46 UTC] PHP Warning:  Attempt to read property "country" on null in /home/myguest/web/myguest.click/public_html/themes/altum/views/store-update/index.php on line 523
[09-Mar-2024 12:40:46 UTC] PHP Warning:  Attempt to read property "country" on null in /home/myguest/web/myguest.click/public_html/themes/altum/views/store-update/index.php on line 523
[09-Mar-2024 12:40:46 UTC] PHP Warning:  Attempt to read property "country" on null in /home/myguest/web/myguest.click/public_html/themes/altum/views/store-update/index.php on line 523
[09-Mar-2024 12:40:46 UTC] PHP Warning:  Attempt to read property "country" on null in /home/myguest/web/myguest.click/public_html/themes/altum/views/store-update/index.php on line 523
[09-Mar-2024 12:40:46 UTC] PHP Warning:  Attempt to read property "country" on null in /home/myguest/web/myguest.click/public_html/themes/altum/views/store-update/index.php on line 523
[09-Mar-2024 12:40:46 UTC] PHP Warning:  Attempt to read property "country" on null in /home/myguest/web/myguest.click/public_html/themes/altum/views/store-update/index.php on line 523
[09-Mar-2024 12:40:46 UTC] PHP Warning:  Attempt to read property "country" on null in /home/myguest/web/myguest.click/public_html/themes/altum/views/store-update/index.php on line 523
[09-Mar-2024 12:40:46 UTC] PHP Warning:  Attempt to read property "country" on null in /home/myguest/web/myguest.click/public_html/themes/altum/views/store-update/index.php on line 523
[09-Mar-2024 12:40:46 UTC] PHP Warning:  Attempt to read property "country" on null in /home/myguest/web/myguest.click/public_html/themes/altum/views/store-update/index.php on line 523
[09-Mar-2024 12:40:46 UTC] PHP Warning:  Attempt to read property "country" on null in /home/myguest/web/myguest.click/public_html/themes/altum/views/store-update/index.php on line 523
[09-Mar-2024 12:40:46 UTC] PHP Warning:  Attempt to read property "country" on null in /home/myguest/web/myguest.click/public_html/themes/altum/views/store-update/index.php on line 523
[09-Mar-2024 12:40:46 UTC] PHP Warning:  Attempt to read property "country" on null in /home/myguest/web/myguest.click/public_html/themes/altum/views/store-update/index.php on line 523
[09-Mar-2024 12:40:46 UTC] PHP Warning:  Attempt to read property "country" on null in /home/myguest/web/myguest.click/public_html/themes/altum/views/store-update/index.php on line 523
[09-Mar-2024 12:40:46 UTC] PHP Warning:  Attempt to read property "country" on null in /home/myguest/web/myguest.click/public_html/themes/altum/views/store-update/index.php on line 523
[09-Mar-2024 12:40:46 UTC] PHP Warning:  Attempt to read property "country" on null in /home/myguest/web/myguest.click/public_html/themes/altum/views/store-update/index.php on line 523
[09-Mar-2024 12:40:46 UTC] PHP Warning:  Attempt to read property "country" on null in /home/myguest/web/myguest.click/public_html/themes/altum/views/store-update/index.php on line 523
[09-Mar-2024 12:40:46 UTC] PHP Warning:  Attempt to read property "country" on null in /home/myguest/web/myguest.click/public_html/themes/altum/views/store-update/index.php on line 523
[09-Mar-2024 12:40:46 UTC] PHP Warning:  Attempt to read property "country" on null in /home/myguest/web/myguest.click/public_html/themes/altum/views/store-update/index.php on line 523
[09-Mar-2024 12:40:46 UTC] PHP Warning:  Attempt to read property "country" on null in /home/myguest/web/myguest.click/public_html/themes/altum/views/store-update/index.php on line 523
[09-Mar-2024 12:40:46 UTC] PHP Warning:  Attempt to read property "country" on null in /home/myguest/web/myguest.click/public_html/themes/altum/views/store-update/index.php on line 523
[09-Mar-2024 12:40:46 UTC] PHP Warning:  Attempt to read property "country" on null in /home/myguest/web/myguest.click/public_html/themes/altum/views/store-update/index.php on line 523
[09-Mar-2024 12:40:46 UTC] PHP Warning:  Attempt to read property "country" on null in /home/myguest/web/myguest.click/public_html/themes/altum/views/store-update/index.php on line 523
[09-Mar-2024 12:40:46 UTC] PHP Warning:  Attempt to read property "country" on null in /home/myguest/web/myguest.click/public_html/themes/altum/views/store-update/index.php on line 523
[09-Mar-2024 12:40:46 UTC] PHP Warning:  Attempt to read property "country" on null in /home/myguest/web/myguest.click/public_html/themes/altum/views/store-update/index.php on line 523
[09-Mar-2024 12:40:46 UTC] PHP Warning:  Attempt to read property "country" on null in /home/myguest/web/myguest.click/public_html/themes/altum/views/store-update/index.php on line 523
[09-Mar-2024 12:40:46 UTC] PHP Warning:  Attempt to read property "country" on null in /home/myguest/web/myguest.click/public_html/themes/altum/views/store-update/index.php on line 523
[09-Mar-2024 12:40:46 UTC] PHP Warning:  Attempt to read property "country" on null in /home/myguest/web/myguest.click/public_html/themes/altum/views/store-update/index.php on line 523
[09-Mar-2024 12:40:46 UTC] PHP Warning:  Attempt to read property "country" on null in /home/myguest/web/myguest.click/public_html/themes/altum/views/store-update/index.php on line 523
[09-Mar-2024 12:40:46 UTC] PHP Warning:  Attempt to read property "country" on null in /home/myguest/web/myguest.click/public_html/themes/altum/views/store-update/index.php on line 523
[09-Mar-2024 12:40:46 UTC] PHP Warning:  Attempt to read property "country" on null in /home/myguest/web/myguest.click/public_html/themes/altum/views/store-update/index.php on line 523
[09-Mar-2024 12:40:46 UTC] PHP Warning:  Attempt to read property "country" on null in /home/myguest/web/myguest.click/public_html/themes/altum/views/store-update/index.php on line 523
[09-Mar-2024 12:40:46 UTC] PHP Warning:  Attempt to read property "country" on null in /home/myguest/web/myguest.click/public_html/themes/altum/views/store-update/index.php on line 523
[09-Mar-2024 12:40:46 UTC] PHP Warning:  Attempt to read property "country" on null in /home/myguest/web/myguest.click/public_html/themes/altum/views/store-update/index.php on line 523
[09-Mar-2024 12:40:46 UTC] PHP Warning:  Attempt to read property "country" on null in /home/myguest/web/myguest.click/public_html/themes/altum/views/store-update/index.php on line 523
[09-Mar-2024 12:40:46 UTC] PHP Warning:  Attempt to read property "country" on null in /home/myguest/web/myguest.click/public_html/themes/altum/views/store-update/index.php on line 523
[09-Mar-2024 12:40:46 UTC] PHP Warning:  Attempt to read property "country" on null in /home/myguest/web/myguest.click/public_html/themes/altum/views/store-update/index.php on line 523
[09-Mar-2024 12:40:46 UTC] PHP Warning:  Attempt to read property "country" on null in /home/myguest/web/myguest.click/public_html/themes/altum/views/store-update/index.php on line 523
[09-Mar-2024 12:40:46 UTC] PHP Warning:  Attempt to read property "country" on null in /home/myguest/web/myguest.click/public_html/themes/altum/views/store-update/index.php on line 523
[09-Mar-2024 12:40:46 UTC] PHP Warning:  Attempt to read property "country" on null in /home/myguest/web/myguest.click/public_html/themes/altum/views/store-update/index.php on line 523
[09-Mar-2024 12:40:46 UTC] PHP Warning:  Attempt to read property "country" on null in /home/myguest/web/myguest.click/public_html/themes/altum/views/store-update/index.php on line 523
[09-Mar-2024 12:40:46 UTC] PHP Warning:  Attempt to read property "country" on null in /home/myguest/web/myguest.click/public_html/themes/altum/views/store-update/index.php on line 523
[09-Mar-2024 12:40:46 UTC] PHP Warning:  Attempt to read property "country" on null in /home/myguest/web/myguest.click/public_html/themes/altum/views/store-update/index.php on line 523
[09-Mar-2024 12:40:46 UTC] PHP Warning:  Attempt to read property "country" on null in /home/myguest/web/myguest.click/public_html/themes/altum/views/store-update/index.php on line 523
[09-Mar-2024 12:40:46 UTC] PHP Warning:  Attempt to read property "country" on null in /home/myguest/web/myguest.click/public_html/themes/altum/views/store-update/index.php on line 523
[09-Mar-2024 12:40:46 UTC] PHP Warning:  Attempt to read property "country" on null in /home/myguest/web/myguest.click/public_html/themes/altum/views/store-update/index.php on line 523
[09-Mar-2024 12:40:46 UTC] PHP Warning:  Attempt to read property "country" on null in /home/myguest/web/myguest.click/public_html/themes/altum/views/store-update/index.php on line 523
[09-Mar-2024 12:40:46 UTC] PHP Warning:  Attempt to read property "country" on null in /home/myguest/web/myguest.click/public_html/themes/altum/views/store-update/index.php on line 523
[09-Mar-2024 12:40:46 UTC] PHP Warning:  Attempt to read property "country" on null in /home/myguest/web/myguest.click/public_html/themes/altum/views/store-update/index.php on line 523
[09-Mar-2024 12:40:46 UTC] PHP Warning:  Attempt to read property "country" on null in /home/myguest/web/myguest.click/public_html/themes/altum/views/store-update/index.php on line 523
[09-Mar-2024 12:40:46 UTC] PHP Warning:  Attempt to read property "country" on null in /home/myguest/web/myguest.click/public_html/themes/altum/views/store-update/index.php on line 523
[09-Mar-2024 12:40:46 UTC] PHP Warning:  Attempt to read property "country" on null in /home/myguest/web/myguest.click/public_html/themes/altum/views/store-update/index.php on line 523
[09-Mar-2024 12:40:46 UTC] PHP Warning:  Attempt to read property "country" on null in /home/myguest/web/myguest.click/public_html/themes/altum/views/store-update/index.php on line 523
[09-Mar-2024 12:40:46 UTC] PHP Warning:  Attempt to read property "country" on null in /home/myguest/web/myguest.click/public_html/themes/altum/views/store-update/index.php on line 523
[09-Mar-2024 12:40:46 UTC] PHP Warning:  Attempt to read property "country" on null in /home/myguest/web/myguest.click/public_html/themes/altum/views/store-update/index.php on line 523
[09-Mar-2024 12:40:46 UTC] PHP Warning:  Attempt to read property "country" on null in /home/myguest/web/myguest.click/public_html/themes/altum/views/store-update/index.php on line 523
[09-Mar-2024 12:40:46 UTC] PHP Warning:  Attempt to read property "country" on null in /home/myguest/web/myguest.click/public_html/themes/altum/views/store-update/index.php on line 523
[09-Mar-2024 12:40:46 UTC] PHP Warning:  Attempt to read property "country" on null in /home/myguest/web/myguest.click/public_html/themes/altum/views/store-update/index.php on line 523
[09-Mar-2024 12:40:46 UTC] PHP Warning:  Attempt to read property "country" on null in /home/myguest/web/myguest.click/public_html/themes/altum/views/store-update/index.php on line 523
[09-Mar-2024 12:40:46 UTC] PHP Warning:  Attempt to read property "country" on null in /home/myguest/web/myguest.click/public_html/themes/altum/views/store-update/index.php on line 523
[09-Mar-2024 12:40:46 UTC] PHP Warning:  Attempt to read property "country" on null in /home/myguest/web/myguest.click/public_html/themes/altum/views/store-update/index.php on line 523
[09-Mar-2024 12:40:46 UTC] PHP Warning:  Attempt to read property "country" on null in /home/myguest/web/myguest.click/public_html/themes/altum/views/store-update/index.php on line 523
[09-Mar-2024 12:40:46 UTC] PHP Warning:  Attempt to read property "country" on null in /home/myguest/web/myguest.click/public_html/themes/altum/views/store-update/index.php on line 523
[09-Mar-2024 12:40:46 UTC] PHP Warning:  Attempt to read property "country" on null in /home/myguest/web/myguest.click/public_html/themes/altum/views/store-update/index.php on line 523
[09-Mar-2024 12:40:46 UTC] PHP Warning:  Attempt to read property "country" on null in /home/myguest/web/myguest.click/public_html/themes/altum/views/store-update/index.php on line 523
[09-Mar-2024 12:40:46 UTC] PHP Warning:  Attempt to read property "country" on null in /home/myguest/web/myguest.click/public_html/themes/altum/views/store-update/index.php on line 523
[09-Mar-2024 12:40:46 UTC] PHP Warning:  Attempt to read property "country" on null in /home/myguest/web/myguest.click/public_html/themes/altum/views/store-update/index.php on line 523
[09-Mar-2024 12:40:46 UTC] PHP Warning:  Attempt to read property "country" on null in /home/myguest/web/myguest.click/public_html/themes/altum/views/store-update/index.php on line 523
[09-Mar-2024 12:40:46 UTC] PHP Warning:  Attempt to read property "country" on null in /home/myguest/web/myguest.click/public_html/themes/altum/views/store-update/index.php on line 523
[09-Mar-2024 12:40:46 UTC] PHP Warning:  Attempt to read property "country" on null in /home/myguest/web/myguest.click/public_html/themes/altum/views/store-update/index.php on line 523
[09-Mar-2024 12:40:46 UTC] PHP Warning:  Attempt to read property "country" on null in /home/myguest/web/myguest.click/public_html/themes/altum/views/store-update/index.php on line 523
[09-Mar-2024 12:40:46 UTC] PHP Warning:  Attempt to read property "country" on null in /home/myguest/web/myguest.click/public_html/themes/altum/views/store-update/index.php on line 523
[09-Mar-2024 12:40:46 UTC] PHP Warning:  Attempt to read property "country" on null in /home/myguest/web/myguest.click/public_html/themes/altum/views/store-update/index.php on line 523
[09-Mar-2024 12:40:46 UTC] PHP Warning:  Attempt to read property "country" on null in /home/myguest/web/myguest.click/public_html/themes/altum/views/store-update/index.php on line 523
[09-Mar-2024 12:40:46 UTC] PHP Warning:  Attempt to read property "country" on null in /home/myguest/web/myguest.click/public_html/themes/altum/views/store-update/index.php on line 523
[09-Mar-2024 12:40:46 UTC] PHP Warning:  Attempt to read property "country" on null in /home/myguest/web/myguest.click/public_html/themes/altum/views/store-update/index.php on line 523
[09-Mar-2024 12:40:46 UTC] PHP Warning:  Attempt to read property "country" on null in /home/myguest/web/myguest.click/public_html/themes/altum/views/store-update/index.php on line 523
[09-Mar-2024 12:40:46 UTC] PHP Warning:  Attempt to read property "country" on null in /home/myguest/web/myguest.click/public_html/themes/altum/views/store-update/index.php on line 523
[09-Mar-2024 12:40:46 UTC] PHP Warning:  Attempt to read property "country" on null in /home/myguest/web/myguest.click/public_html/themes/altum/views/store-update/index.php on line 523
[09-Mar-2024 12:40:46 UTC] PHP Warning:  Attempt to read property "country" on null in /home/myguest/web/myguest.click/public_html/themes/altum/views/store-update/index.php on line 523
[09-Mar-2024 12:40:46 UTC] PHP Warning:  Attempt to read property "country" on null in /home/myguest/web/myguest.click/public_html/themes/altum/views/store-update/index.php on line 523
[09-Mar-2024 12:40:46 UTC] PHP Warning:  Attempt to read property "country" on null in /home/myguest/web/myguest.click/public_html/themes/altum/views/store-update/index.php on line 523
[09-Mar-2024 12:40:46 UTC] PHP Warning:  Attempt to read property "country" on null in /home/myguest/web/myguest.click/public_html/themes/altum/views/store-update/index.php on line 523
[09-Mar-2024 12:40:46 UTC] PHP Warning:  Attempt to read property "country" on null in /home/myguest/web/myguest.click/public_html/themes/altum/views/store-update/index.php on line 523
[09-Mar-2024 12:40:46 UTC] PHP Warning:  Attempt to read property "country" on null in /home/myguest/web/myguest.click/public_html/themes/altum/views/store-update/index.php on line 523
[09-Mar-2024 12:40:46 UTC] PHP Warning:  Attempt to read property "country" on null in /home/myguest/web/myguest.click/public_html/themes/altum/views/store-update/index.php on line 523
[09-Mar-2024 12:40:46 UTC] PHP Warning:  Attempt to read property "country" on null in /home/myguest/web/myguest.click/public_html/themes/altum/views/store-update/index.php on line 523
[09-Mar-2024 12:40:46 UTC] PHP Warning:  Attempt to read property "country" on null in /home/myguest/web/myguest.click/public_html/themes/altum/views/store-update/index.php on line 523
[09-Mar-2024 12:40:46 UTC] PHP Warning:  Attempt to read property "country" on null in /home/myguest/web/myguest.click/public_html/themes/altum/views/store-update/index.php on line 523
[09-Mar-2024 12:40:46 UTC] PHP Warning:  Attempt to read property "country" on null in /home/myguest/web/myguest.click/public_html/themes/altum/views/store-update/index.php on line 523
[09-Mar-2024 12:40:46 UTC] PHP Warning:  Attempt to read property "country" on null in /home/myguest/web/myguest.click/public_html/themes/altum/views/store-update/index.php on line 523
[09-Mar-2024 12:40:46 UTC] PHP Warning:  Attempt to read property "country" on null in /home/myguest/web/myguest.click/public_html/themes/altum/views/store-update/index.php on line 523
[09-Mar-2024 12:40:46 UTC] PHP Warning:  Attempt to read property "country" on null in /home/myguest/web/myguest.click/public_html/themes/altum/views/store-update/index.php on line 523
[09-Mar-2024 12:40:46 UTC] PHP Warning:  Attempt to read property "country" on null in /home/myguest/web/myguest.click/public_html/themes/altum/views/store-update/index.php on line 523
[09-Mar-2024 12:40:46 UTC] PHP Warning:  Attempt to read property "country" on null in /home/myguest/web/myguest.click/public_html/themes/altum/views/store-update/index.php on line 523
[09-Mar-2024 12:40:46 UTC] PHP Warning:  Attempt to read property "country" on null in /home/myguest/web/myguest.click/public_html/themes/altum/views/store-update/index.php on line 523
[09-Mar-2024 12:40:46 UTC] PHP Warning:  Attempt to read property "country" on null in /home/myguest/web/myguest.click/public_html/themes/altum/views/store-update/index.php on line 523
[09-Mar-2024 12:40:46 UTC] PHP Warning:  Attempt to read property "country" on null in /home/myguest/web/myguest.click/public_html/themes/altum/views/store-update/index.php on line 523
[09-Mar-2024 12:40:46 UTC] PHP Warning:  Attempt to read property "country" on null in /home/myguest/web/myguest.click/public_html/themes/altum/views/store-update/index.php on line 523
[09-Mar-2024 12:40:46 UTC] PHP Warning:  Attempt to read property "country" on null in /home/myguest/web/myguest.click/public_html/themes/altum/views/store-update/index.php on line 523
[09-Mar-2024 12:40:46 UTC] PHP Warning:  Attempt to read property "country" on null in /home/myguest/web/myguest.click/public_html/themes/altum/views/store-update/index.php on line 523
[09-Mar-2024 12:40:46 UTC] PHP Warning:  Attempt to read property "country" on null in /home/myguest/web/myguest.click/public_html/themes/altum/views/store-update/index.php on line 523
[09-Mar-2024 12:40:46 UTC] PHP Warning:  Attempt to read property "country" on null in /home/myguest/web/myguest.click/public_html/themes/altum/views/store-update/index.php on line 523
[09-Mar-2024 12:40:46 UTC] PHP Warning:  Attempt to read property "country" on null in /home/myguest/web/myguest.click/public_html/themes/altum/views/store-update/index.php on line 523
[09-Mar-2024 12:40:46 UTC] PHP Warning:  Attempt to read property "country" on null in /home/myguest/web/myguest.click/public_html/themes/altum/views/store-update/index.php on line 523
[09-Mar-2024 12:40:46 UTC] PHP Warning:  Attempt to read property "country" on null in /home/myguest/web/myguest.click/public_html/themes/altum/views/store-update/index.php on line 523
[09-Mar-2024 12:40:46 UTC] PHP Warning:  Attempt to read property "country" on null in /home/myguest/web/myguest.click/public_html/themes/altum/views/store-update/index.php on line 523
[09-Mar-2024 12:40:46 UTC] PHP Warning:  Attempt to read property "country" on null in /home/myguest/web/myguest.click/public_html/themes/altum/views/store-update/index.php on line 523
[09-Mar-2024 12:40:46 UTC] PHP Warning:  Attempt to read property "country" on null in /home/myguest/web/myguest.click/public_html/themes/altum/views/store-update/index.php on line 523
[09-Mar-2024 12:40:46 UTC] PHP Warning:  Attempt to read property "country" on null in /home/myguest/web/myguest.click/public_html/themes/altum/views/store-update/index.php on line 523
[09-Mar-2024 12:40:46 UTC] PHP Warning:  Attempt to read property "country" on null in /home/myguest/web/myguest.click/public_html/themes/altum/views/store-update/index.php on line 523
[09-Mar-2024 12:40:46 UTC] PHP Warning:  Attempt to read property "country" on null in /home/myguest/web/myguest.click/public_html/themes/altum/views/store-update/index.php on line 523
[09-Mar-2024 12:40:46 UTC] PHP Warning:  Attempt to read property "country" on null in /home/myguest/web/myguest.click/public_html/themes/altum/views/store-update/index.php on line 523
[09-Mar-2024 12:40:46 UTC] PHP Warning:  Attempt to read property "country" on null in /home/myguest/web/myguest.click/public_html/themes/altum/views/store-update/index.php on line 523
[09-Mar-2024 12:40:46 UTC] PHP Warning:  Attempt to read property "country" on null in /home/myguest/web/myguest.click/public_html/themes/altum/views/store-update/index.php on line 523
[09-Mar-2024 12:40:46 UTC] PHP Warning:  Attempt to read property "country" on null in /home/myguest/web/myguest.click/public_html/themes/altum/views/store-update/index.php on line 523
[09-Mar-2024 12:40:46 UTC] PHP Warning:  Attempt to read property "country" on null in /home/myguest/web/myguest.click/public_html/themes/altum/views/store-update/index.php on line 523
[09-Mar-2024 12:40:46 UTC] PHP Warning:  Attempt to read property "country" on null in /home/myguest/web/myguest.click/public_html/themes/altum/views/store-update/index.php on line 523
[09-Mar-2024 12:40:46 UTC] PHP Warning:  Attempt to read property "country" on null in /home/myguest/web/myguest.click/public_html/themes/altum/views/store-update/index.php on line 523
[09-Mar-2024 12:40:46 UTC] PHP Warning:  Attempt to read property "country" on null in /home/myguest/web/myguest.click/public_html/themes/altum/views/store-update/index.php on line 523
[09-Mar-2024 12:40:46 UTC] PHP Warning:  Attempt to read property "country" on null in /home/myguest/web/myguest.click/public_html/themes/altum/views/store-update/index.php on line 523
[09-Mar-2024 12:40:46 UTC] PHP Warning:  Attempt to read property "country" on null in /home/myguest/web/myguest.click/public_html/themes/altum/views/store-update/index.php on line 523
[09-Mar-2024 12:40:46 UTC] PHP Warning:  Attempt to read property "country" on null in /home/myguest/web/myguest.click/public_html/themes/altum/views/store-update/index.php on line 523
[09-Mar-2024 12:40:46 UTC] PHP Warning:  Attempt to read property "country" on null in /home/myguest/web/myguest.click/public_html/themes/altum/views/store-update/index.php on line 523
[09-Mar-2024 12:40:46 UTC] PHP Warning:  Attempt to read property "country" on null in /home/myguest/web/myguest.click/public_html/themes/altum/views/store-update/index.php on line 523
[09-Mar-2024 12:40:46 UTC] PHP Warning:  Attempt to read property "country" on null in /home/myguest/web/myguest.click/public_html/themes/altum/views/store-update/index.php on line 523
[09-Mar-2024 12:40:46 UTC] PHP Warning:  Attempt to read property "country" on null in /home/myguest/web/myguest.click/public_html/themes/altum/views/store-update/index.php on line 523
[09-Mar-2024 12:40:46 UTC] PHP Warning:  Attempt to read property "country" on null in /home/myguest/web/myguest.click/public_html/themes/altum/views/store-update/index.php on line 523
[09-Mar-2024 12:40:46 UTC] PHP Warning:  Attempt to read property "country" on null in /home/myguest/web/myguest.click/public_html/themes/altum/views/store-update/index.php on line 523
[09-Mar-2024 12:40:46 UTC] PHP Warning:  Attempt to read property "country" on null in /home/myguest/web/myguest.click/public_html/themes/altum/views/store-update/index.php on line 523
[09-Mar-2024 12:40:46 UTC] PHP Warning:  Attempt to read property "country" on null in /home/myguest/web/myguest.click/public_html/themes/altum/views/store-update/index.php on line 523
[09-Mar-2024 12:40:46 UTC] PHP Warning:  Attempt to read property "country" on null in /home/myguest/web/myguest.click/public_html/themes/altum/views/store-update/index.php on line 523
[09-Mar-2024 12:40:46 UTC] PHP Warning:  Attempt to read property "country" on null in /home/myguest/web/myguest.click/public_html/themes/altum/views/store-update/index.php on line 523
[09-Mar-2024 12:40:46 UTC] PHP Warning:  Attempt to read property "country" on null in /home/myguest/web/myguest.click/public_html/themes/altum/views/store-update/index.php on line 523
[09-Mar-2024 12:40:46 UTC] PHP Warning:  Attempt to read property "country" on null in /home/myguest/web/myguest.click/public_html/themes/altum/views/store-update/index.php on line 523
[09-Mar-2024 12:40:46 UTC] PHP Warning:  Attempt to read property "country" on null in /home/myguest/web/myguest.click/public_html/themes/altum/views/store-update/index.php on line 523
[09-Mar-2024 12:40:46 UTC] PHP Warning:  Attempt to read property "country" on null in /home/myguest/web/myguest.click/public_html/themes/altum/views/store-update/index.php on line 523
[09-Mar-2024 12:40:46 UTC] PHP Warning:  Attempt to read property "country" on null in /home/myguest/web/myguest.click/public_html/themes/altum/views/store-update/index.php on line 523
[09-Mar-2024 12:40:46 UTC] PHP Warning:  Attempt to read property "country" on null in /home/myguest/web/myguest.click/public_html/themes/altum/views/store-update/index.php on line 523
[09-Mar-2024 12:40:46 UTC] PHP Warning:  Attempt to read property "country" on null in /home/myguest/web/myguest.click/public_html/themes/altum/views/store-update/index.php on line 523
[09-Mar-2024 12:40:46 UTC] PHP Warning:  Attempt to read property "country" on null in /home/myguest/web/myguest.click/public_html/themes/altum/views/store-update/index.php on line 523
[09-Mar-2024 12:40:46 UTC] PHP Warning:  Attempt to read property "country" on null in /home/myguest/web/myguest.click/public_html/themes/altum/views/store-update/index.php on line 523
[09-Mar-2024 12:40:46 UTC] PHP Warning:  Attempt to read property "country" on null in /home/myguest/web/myguest.click/public_html/themes/altum/views/store-update/index.php on line 523
[09-Mar-2024 12:40:46 UTC] PHP Warning:  Attempt to read property "country" on null in /home/myguest/web/myguest.click/public_html/themes/altum/views/store-update/index.php on line 523
[09-Mar-2024 12:40:46 UTC] PHP Warning:  Attempt to read property "country" on null in /home/myguest/web/myguest.click/public_html/themes/altum/views/store-update/index.php on line 523
[09-Mar-2024 12:40:46 UTC] PHP Warning:  Attempt to read property "country" on null in /home/myguest/web/myguest.click/public_html/themes/altum/views/store-update/index.php on line 523
[09-Mar-2024 12:40:46 UTC] PHP Warning:  Attempt to read property "country" on null in /home/myguest/web/myguest.click/public_html/themes/altum/views/store-update/index.php on line 523
[09-Mar-2024 12:40:46 UTC] PHP Warning:  Attempt to read property "country" on null in /home/myguest/web/myguest.click/public_html/themes/altum/views/store-update/index.php on line 523
[09-Mar-2024 12:40:46 UTC] PHP Warning:  Attempt to read property "country" on null in /home/myguest/web/myguest.click/public_html/themes/altum/views/store-update/index.php on line 523
[09-Mar-2024 12:40:46 UTC] PHP Warning:  Attempt to read property "email" on null in /home/myguest/web/myguest.click/public_html/themes/altum/views/store-update/index.php on line 532
[09-Mar-2024 12:40:46 UTC] PHP Warning:  Attempt to read property "phone" on null in /home/myguest/web/myguest.click/public_html/themes/altum/views/store-update/index.php on line 539
[09-Mar-2024 12:40:46 UTC] PHP Warning:  Attempt to read property "tax_type" on null in /home/myguest/web/myguest.click/public_html/themes/altum/views/store-update/index.php on line 546
[09-Mar-2024 12:40:46 UTC] PHP Warning:  Attempt to read property "tax_id" on null in /home/myguest/web/myguest.click/public_html/themes/altum/views/store-update/index.php on line 553
[09-Mar-2024 12:40:46 UTC] PHP Warning:  Attempt to read property "custom_key_one" on null in /home/myguest/web/myguest.click/public_html/themes/altum/views/store-update/index.php on line 560
[09-Mar-2024 12:40:46 UTC] PHP Warning:  Attempt to read property "custom_value_one" on null in /home/myguest/web/myguest.click/public_html/themes/altum/views/store-update/index.php on line 567
[09-Mar-2024 12:40:46 UTC] PHP Warning:  Attempt to read property "custom_key_two" on null in /home/myguest/web/myguest.click/public_html/themes/altum/views/store-update/index.php on line 574
[09-Mar-2024 12:40:46 UTC] PHP Warning:  Attempt to read property "custom_value_two" on null in /home/myguest/web/myguest.click/public_html/themes/altum/views/store-update/index.php on line 581
[09-Mar-2024 12:41:58 UTC] PHP Warning:  Undefined property: stdClass::$statistics_retention in /home/myguest/web/myguest.click/public_html/themes/altum/views/partials/plan_features.php on line 81
[09-Mar-2024 12:41:58 UTC] PHP Warning:  Undefined property: stdClass::$statistics_retention in /home/myguest/web/myguest.click/public_html/themes/altum/views/partials/plan_features.php on line 82
[09-Mar-2024 12:41:58 UTC] PHP Warning:  Undefined property: stdClass::$statistics_retention in /home/myguest/web/myguest.click/public_html/themes/altum/views/partials/plan_features.php on line 83
[09-Mar-2024 12:41:58 UTC] PHP Warning:  Undefined property: stdClass::$statistics_retention in /home/myguest/web/myguest.click/public_html/themes/altum/views/partials/plan_features.php on line 83
[09-Mar-2024 12:41:58 UTC] PHP Warning:  Undefined property: stdClass::$qr_is_enabled in /home/myguest/web/myguest.click/public_html/themes/altum/views/partials/plan_features.php on line 102
[09-Mar-2024 12:41:58 UTC] PHP Warning:  Undefined property: stdClass::$qr_is_enabled in /home/myguest/web/myguest.click/public_html/themes/altum/views/partials/plan_features.php on line 103
[09-Mar-2024 12:42:12 UTC] PHP Warning:  Undefined property: stdClass::$color in /home/myguest/web/myguest.click/public_html/themes/altum/views/partials/plans.php on line 53
[09-Mar-2024 12:42:12 UTC] PHP Warning:  Undefined property: stdClass::$price in /home/myguest/web/myguest.click/public_html/themes/altum/views/partials/plans.php on line 62
[09-Mar-2024 12:42:12 UTC] PHP Warning:  Undefined property: stdClass::$description in /home/myguest/web/myguest.click/public_html/themes/altum/views/partials/plans.php on line 65
[09-Mar-2024 12:42:12 UTC] PHP Warning:  Undefined property: stdClass::$statistics_retention in /home/myguest/web/myguest.click/public_html/themes/altum/views/partials/plans_plan_content.php on line 91
[09-Mar-2024 12:42:12 UTC] PHP Warning:  Undefined property: stdClass::$statistics_retention in /home/myguest/web/myguest.click/public_html/themes/altum/views/partials/plans_plan_content.php on line 91
[09-Mar-2024 12:42:12 UTC] PHP Warning:  Undefined property: stdClass::$statistics_retention in /home/myguest/web/myguest.click/public_html/themes/altum/views/partials/plans_plan_content.php on line 94
[09-Mar-2024 12:42:12 UTC] PHP Warning:  Undefined property: stdClass::$qr_is_enabled in /home/myguest/web/myguest.click/public_html/themes/altum/views/partials/plans_plan_content.php on line 113
[09-Mar-2024 12:42:12 UTC] PHP Warning:  Undefined property: stdClass::$qr_is_enabled in /home/myguest/web/myguest.click/public_html/themes/altum/views/partials/plans_plan_content.php on line 118
[09-Mar-2024 12:42:34 UTC] PHP Warning:  Undefined property: stdClass::$description in /home/myguest/web/myguest.click/public_html/themes/altum/views/admin/plan-update/index.php on line 45
[09-Mar-2024 12:42:34 UTC] PHP Warning:  Undefined property: stdClass::$price in /home/myguest/web/myguest.click/public_html/themes/altum/views/admin/plan-update/index.php on line 52
[09-Mar-2024 12:42:34 UTC] PHP Warning:  Undefined property: stdClass::$color in /home/myguest/web/myguest.click/public_html/themes/altum/views/admin/plan-update/index.php on line 141
[09-Mar-2024 12:42:34 UTC] PHP Warning:  Undefined property: stdClass::$statistics_retention in /home/myguest/web/myguest.click/public_html/themes/altum/views/admin/plan-update/index.php on line 229
[09-Mar-2024 12:42:34 UTC] PHP Warning:  Undefined property: stdClass::$qr_is_enabled in /home/myguest/web/myguest.click/public_html/themes/altum/views/admin/plan-update/index.php on line 267
[09-Mar-2024 12:43:25 UTC] PHP Warning:  Undefined array key "teams_limit" in /home/myguest/web/myguest.click/public_html/app/controllers/admin/AdminPlanUpdate.php on line 77
[09-Mar-2024 12:43:25 UTC] PHP Warning:  Undefined array key "team_members_limit" in /home/myguest/web/myguest.click/public_html/app/controllers/admin/AdminPlanUpdate.php on line 78
[09-Mar-2024 12:43:25 UTC] PHP Warning:  Undefined array key "affiliate_commission_percentage" in /home/myguest/web/myguest.click/public_html/app/controllers/admin/AdminPlanUpdate.php on line 93
[09-Mar-2024 16:18:06 UTC] PHP Warning:  Undefined property: stdClass::$proof_size_limit in /home/myguest/web/myguest.click/public_html/themes/altum/views/pay/index.php on line 239
