[04-Mar-2024 20:15:27 UTC] PHP Warning:  Undefined property: stdClass::$color in /home/myguest/web/myguest.click/public_html/themes/altum/views/partials/plans.php on line 53
[04-Mar-2024 20:15:27 UTC] PHP Warning:  Undefined property: stdClass::$price in /home/myguest/web/myguest.click/public_html/themes/altum/views/partials/plans.php on line 62
[04-Mar-2024 20:15:27 UTC] PHP Warning:  Undefined property: stdClass::$description in /home/myguest/web/myguest.click/public_html/themes/altum/views/partials/plans.php on line 65
[04-Mar-2024 20:15:27 UTC] PHP Warning:  Undefined property: stdClass::$statistics_retention in /home/myguest/web/myguest.click/public_html/themes/altum/views/partials/plans_plan_content.php on line 91
[04-Mar-2024 20:15:27 UTC] PHP Warning:  Undefined property: stdClass::$statistics_retention in /home/myguest/web/myguest.click/public_html/themes/altum/views/partials/plans_plan_content.php on line 91
[04-Mar-2024 20:15:27 UTC] PHP Warning:  Undefined property: stdClass::$statistics_retention in /home/myguest/web/myguest.click/public_html/themes/altum/views/partials/plans_plan_content.php on line 94
[04-Mar-2024 20:15:27 UTC] PHP Warning:  Undefined property: stdClass::$qr_is_enabled in /home/myguest/web/myguest.click/public_html/themes/altum/views/partials/plans_plan_content.php on line 113
[04-Mar-2024 20:15:27 UTC] PHP Warning:  Undefined property: stdClass::$qr_is_enabled in /home/myguest/web/myguest.click/public_html/themes/altum/views/partials/plans_plan_content.php on line 118
[04-Mar-2024 20:15:27 UTC] PHP Warning:  Undefined property: stdClass::$display_index_latest_blog_posts in /home/myguest/web/myguest.click/public_html/app/controllers/Index.php on line 38
[04-Mar-2024 20:15:27 UTC] PHP Warning:  Undefined property: stdClass::$example_url in /home/myguest/web/myguest.click/public_html/themes/altum/views/index/index.php on line 55
[04-Mar-2024 20:15:27 UTC] PHP Warning:  Undefined property: stdClass::$example_url in /home/myguest/web/myguest.click/public_html/themes/altum/views/index/index.php on line 307
[04-Mar-2024 20:17:46 UTC] PHP Warning:  Attempt to read property "type" on null in /home/myguest/web/myguest.click/public_html/themes/altum/views/account/index.php on line 101
[04-Mar-2024 20:17:46 UTC] PHP Warning:  Attempt to read property "type" on null in /home/myguest/web/myguest.click/public_html/themes/altum/views/account/index.php on line 102
[04-Mar-2024 20:17:46 UTC] PHP Warning:  Attempt to read property "type" on null in /home/myguest/web/myguest.click/public_html/themes/altum/views/account/index.php on line 108
[04-Mar-2024 20:17:46 UTC] PHP Warning:  Attempt to read property "type" on null in /home/myguest/web/myguest.click/public_html/themes/altum/views/account/index.php on line 109
[04-Mar-2024 20:17:46 UTC] PHP Warning:  Attempt to read property "name" on null in /home/myguest/web/myguest.click/public_html/themes/altum/views/account/index.php on line 120
[04-Mar-2024 20:17:46 UTC] PHP Warning:  Attempt to read property "address" on null in /home/myguest/web/myguest.click/public_html/themes/altum/views/account/index.php on line 127
[04-Mar-2024 20:17:46 UTC] PHP Warning:  Attempt to read property "city" on null in /home/myguest/web/myguest.click/public_html/themes/altum/views/account/index.php on line 134
[04-Mar-2024 20:17:46 UTC] PHP Warning:  Attempt to read property "county" on null in /home/myguest/web/myguest.click/public_html/themes/altum/views/account/index.php on line 141
[04-Mar-2024 20:17:46 UTC] PHP Warning:  Attempt to read property "zip" on null in /home/myguest/web/myguest.click/public_html/themes/altum/views/account/index.php on line 148
[04-Mar-2024 20:17:46 UTC] PHP Warning:  Attempt to read property "country" on null in /home/myguest/web/myguest.click/public_html/themes/altum/views/account/index.php on line 157
[04-Mar-2024 20:17:46 UTC] PHP Warning:  Attempt to read property "country" on null in /home/myguest/web/myguest.click/public_html/themes/altum/views/account/index.php on line 157
[04-Mar-2024 20:17:46 UTC] PHP Warning:  Attempt to read property "country" on null in /home/myguest/web/myguest.click/public_html/themes/altum/views/account/index.php on line 157
[04-Mar-2024 20:17:46 UTC] PHP Warning:  Attempt to read property "country" on null in /home/myguest/web/myguest.click/public_html/themes/altum/views/account/index.php on line 157
[04-Mar-2024 20:17:46 UTC] PHP Warning:  Attempt to read property "country" on null in /home/myguest/web/myguest.click/public_html/themes/altum/views/account/index.php on line 157
[04-Mar-2024 20:17:46 UTC] PHP Warning:  Attempt to read property "country" on null in /home/myguest/web/myguest.click/public_html/themes/altum/views/account/index.php on line 157
[04-Mar-2024 20:17:46 UTC] PHP Warning:  Attempt to read property "country" on null in /home/myguest/web/myguest.click/public_html/themes/altum/views/account/index.php on line 157
[04-Mar-2024 20:17:46 UTC] PHP Warning:  Attempt to read property "country" on null in /home/myguest/web/myguest.click/public_html/themes/altum/views/account/index.php on line 157
[04-Mar-2024 20:17:46 UTC] PHP Warning:  Attempt to read property "country" on null in /home/myguest/web/myguest.click/public_html/themes/altum/views/account/index.php on line 157
[04-Mar-2024 20:17:46 UTC] PHP Warning:  Attempt to read property "country" on null in /home/myguest/web/myguest.click/public_html/themes/altum/views/account/index.php on line 157
[04-Mar-2024 20:17:46 UTC] PHP Warning:  Attempt to read property "country" on null in /home/myguest/web/myguest.click/public_html/themes/altum/views/account/index.php on line 157
[04-Mar-2024 20:17:46 UTC] PHP Warning:  Attempt to read property "country" on null in /home/myguest/web/myguest.click/public_html/themes/altum/views/account/index.php on line 157
[04-Mar-2024 20:17:46 UTC] PHP Warning:  Attempt to read property "country" on null in /home/myguest/web/myguest.click/public_html/themes/altum/views/account/index.php on line 157
[04-Mar-2024 20:17:46 UTC] PHP Warning:  Attempt to read property "country" on null in /home/myguest/web/myguest.click/public_html/themes/altum/views/account/index.php on line 157
[04-Mar-2024 20:17:46 UTC] PHP Warning:  Attempt to read property "country" on null in /home/myguest/web/myguest.click/public_html/themes/altum/views/account/index.php on line 157
[04-Mar-2024 20:17:46 UTC] PHP Warning:  Attempt to read property "country" on null in /home/myguest/web/myguest.click/public_html/themes/altum/views/account/index.php on line 157
[04-Mar-2024 20:17:46 UTC] PHP Warning:  Attempt to read property "country" on null in /home/myguest/web/myguest.click/public_html/themes/altum/views/account/index.php on line 157
[04-Mar-2024 20:17:46 UTC] PHP Warning:  Attempt to read property "country" on null in /home/myguest/web/myguest.click/public_html/themes/altum/views/account/index.php on line 157
[04-Mar-2024 20:17:46 UTC] PHP Warning:  Attempt to read property "country" on null in /home/myguest/web/myguest.click/public_html/themes/altum/views/account/index.php on line 157
[04-Mar-2024 20:17:46 UTC] PHP Warning:  Attempt to read property "country" on null in /home/myguest/web/myguest.click/public_html/themes/altum/views/account/index.php on line 157
[04-Mar-2024 20:17:46 UTC] PHP Warning:  Attempt to read property "country" on null in /home/myguest/web/myguest.click/public_html/themes/altum/views/account/index.php on line 157
[04-Mar-2024 20:17:46 UTC] PHP Warning:  Attempt to read property "country" on null in /home/myguest/web/myguest.click/public_html/themes/altum/views/account/index.php on line 157
[04-Mar-2024 20:17:46 UTC] PHP Warning:  Attempt to read property "country" on null in /home/myguest/web/myguest.click/public_html/themes/altum/views/account/index.php on line 157
[04-Mar-2024 20:17:46 UTC] PHP Warning:  Attempt to read property "country" on null in /home/myguest/web/myguest.click/public_html/themes/altum/views/account/index.php on line 157
[04-Mar-2024 20:17:46 UTC] PHP Warning:  Attempt to read property "country" on null in /home/myguest/web/myguest.click/public_html/themes/altum/views/account/index.php on line 157
[04-Mar-2024 20:17:46 UTC] PHP Warning:  Attempt to read property "country" on null in /home/myguest/web/myguest.click/public_html/themes/altum/views/account/index.php on line 157
[04-Mar-2024 20:17:46 UTC] PHP Warning:  Attempt to read property "country" on null in /home/myguest/web/myguest.click/public_html/themes/altum/views/account/index.php on line 157
[04-Mar-2024 20:17:46 UTC] PHP Warning:  Attempt to read property "country" on null in /home/myguest/web/myguest.click/public_html/themes/altum/views/account/index.php on line 157
[04-Mar-2024 20:17:46 UTC] PHP Warning:  Attempt to read property "country" on null in /home/myguest/web/myguest.click/public_html/themes/altum/views/account/index.php on line 157
[04-Mar-2024 20:17:46 UTC] PHP Warning:  Attempt to read property "country" on null in /home/myguest/web/myguest.click/public_html/themes/altum/views/account/index.php on line 157
[04-Mar-2024 20:17:46 UTC] PHP Warning:  Attempt to read property "country" on null in /home/myguest/web/myguest.click/public_html/themes/altum/views/account/index.php on line 157
[04-Mar-2024 20:17:46 UTC] PHP Warning:  Attempt to read property "country" on null in /home/myguest/web/myguest.click/public_html/themes/altum/views/account/index.php on line 157
[04-Mar-2024 20:17:46 UTC] PHP Warning:  Attempt to read property "country" on null in /home/myguest/web/myguest.click/public_html/themes/altum/views/account/index.php on line 157
[04-Mar-2024 20:17:46 UTC] PHP Warning:  Attempt to read property "country" on null in /home/myguest/web/myguest.click/public_html/themes/altum/views/account/index.php on line 157
[04-Mar-2024 20:17:46 UTC] PHP Warning:  Attempt to read property "country" on null in /home/myguest/web/myguest.click/public_html/themes/altum/views/account/index.php on line 157
[04-Mar-2024 20:17:46 UTC] PHP Warning:  Attempt to read property "country" on null in /home/myguest/web/myguest.click/public_html/themes/altum/views/account/index.php on line 157
[04-Mar-2024 20:17:46 UTC] PHP Warning:  Attempt to read property "country" on null in /home/myguest/web/myguest.click/public_html/themes/altum/views/account/index.php on line 157
[04-Mar-2024 20:17:46 UTC] PHP Warning:  Attempt to read property "country" on null in /home/myguest/web/myguest.click/public_html/themes/altum/views/account/index.php on line 157
[04-Mar-2024 20:17:46 UTC] PHP Warning:  Attempt to read property "country" on null in /home/myguest/web/myguest.click/public_html/themes/altum/views/account/index.php on line 157
[04-Mar-2024 20:17:46 UTC] PHP Warning:  Attempt to read property "country" on null in /home/myguest/web/myguest.click/public_html/themes/altum/views/account/index.php on line 157
[04-Mar-2024 20:17:46 UTC] PHP Warning:  Attempt to read property "country" on null in /home/myguest/web/myguest.click/public_html/themes/altum/views/account/index.php on line 157
[04-Mar-2024 20:17:46 UTC] PHP Warning:  Attempt to read property "country" on null in /home/myguest/web/myguest.click/public_html/themes/altum/views/account/index.php on line 157
[04-Mar-2024 20:17:46 UTC] PHP Warning:  Attempt to read property "country" on null in /home/myguest/web/myguest.click/public_html/themes/altum/views/account/index.php on line 157
[04-Mar-2024 20:17:46 UTC] PHP Warning:  Attempt to read property "country" on null in /home/myguest/web/myguest.click/public_html/themes/altum/views/account/index.php on line 157
[04-Mar-2024 20:17:46 UTC] PHP Warning:  Attempt to read property "country" on null in /home/myguest/web/myguest.click/public_html/themes/altum/views/account/index.php on line 157
[04-Mar-2024 20:17:46 UTC] PHP Warning:  Attempt to read property "country" on null in /home/myguest/web/myguest.click/public_html/themes/altum/views/account/index.php on line 157
[04-Mar-2024 20:17:46 UTC] PHP Warning:  Attempt to read property "country" on null in /home/myguest/web/myguest.click/public_html/themes/altum/views/account/index.php on line 157
[04-Mar-2024 20:17:46 UTC] PHP Warning:  Attempt to read property "country" on null in /home/myguest/web/myguest.click/public_html/themes/altum/views/account/index.php on line 157
[04-Mar-2024 20:17:46 UTC] PHP Warning:  Attempt to read property "country" on null in /home/myguest/web/myguest.click/public_html/themes/altum/views/account/index.php on line 157
[04-Mar-2024 20:17:46 UTC] PHP Warning:  Attempt to read property "country" on null in /home/myguest/web/myguest.click/public_html/themes/altum/views/account/index.php on line 157
[04-Mar-2024 20:17:46 UTC] PHP Warning:  Attempt to read property "country" on null in /home/myguest/web/myguest.click/public_html/themes/altum/views/account/index.php on line 157
[04-Mar-2024 20:17:46 UTC] PHP Warning:  Attempt to read property "country" on null in /home/myguest/web/myguest.click/public_html/themes/altum/views/account/index.php on line 157
[04-Mar-2024 20:17:46 UTC] PHP Warning:  Attempt to read property "country" on null in /home/myguest/web/myguest.click/public_html/themes/altum/views/account/index.php on line 157
[04-Mar-2024 20:17:46 UTC] PHP Warning:  Attempt to read property "country" on null in /home/myguest/web/myguest.click/public_html/themes/altum/views/account/index.php on line 157
[04-Mar-2024 20:17:46 UTC] PHP Warning:  Attempt to read property "country" on null in /home/myguest/web/myguest.click/public_html/themes/altum/views/account/index.php on line 157
[04-Mar-2024 20:17:46 UTC] PHP Warning:  Attempt to read property "country" on null in /home/myguest/web/myguest.click/public_html/themes/altum/views/account/index.php on line 157
[04-Mar-2024 20:17:46 UTC] PHP Warning:  Attempt to read property "country" on null in /home/myguest/web/myguest.click/public_html/themes/altum/views/account/index.php on line 157
[04-Mar-2024 20:17:46 UTC] PHP Warning:  Attempt to read property "country" on null in /home/myguest/web/myguest.click/public_html/themes/altum/views/account/index.php on line 157
[04-Mar-2024 20:17:46 UTC] PHP Warning:  Attempt to read property "country" on null in /home/myguest/web/myguest.click/public_html/themes/altum/views/account/index.php on line 157
[04-Mar-2024 20:17:46 UTC] PHP Warning:  Attempt to read property "country" on null in /home/myguest/web/myguest.click/public_html/themes/altum/views/account/index.php on line 157
[04-Mar-2024 20:17:46 UTC] PHP Warning:  Attempt to read property "country" on null in /home/myguest/web/myguest.click/public_html/themes/altum/views/account/index.php on line 157
[04-Mar-2024 20:17:46 UTC] PHP Warning:  Attempt to read property "country" on null in /home/myguest/web/myguest.click/public_html/themes/altum/views/account/index.php on line 157
[04-Mar-2024 20:17:46 UTC] PHP Warning:  Attempt to read property "country" on null in /home/myguest/web/myguest.click/public_html/themes/altum/views/account/index.php on line 157
[04-Mar-2024 20:17:46 UTC] PHP Warning:  Attempt to read property "country" on null in /home/myguest/web/myguest.click/public_html/themes/altum/views/account/index.php on line 157
[04-Mar-2024 20:17:46 UTC] PHP Warning:  Attempt to read property "country" on null in /home/myguest/web/myguest.click/public_html/themes/altum/views/account/index.php on line 157
[04-Mar-2024 20:17:46 UTC] PHP Warning:  Attempt to read property "country" on null in /home/myguest/web/myguest.click/public_html/themes/altum/views/account/index.php on line 157
[04-Mar-2024 20:17:46 UTC] PHP Warning:  Attempt to read property "country" on null in /home/myguest/web/myguest.click/public_html/themes/altum/views/account/index.php on line 157
[04-Mar-2024 20:17:46 UTC] PHP Warning:  Attempt to read property "country" on null in /home/myguest/web/myguest.click/public_html/themes/altum/views/account/index.php on line 157
[04-Mar-2024 20:17:46 UTC] PHP Warning:  Attempt to read property "country" on null in /home/myguest/web/myguest.click/public_html/themes/altum/views/account/index.php on line 157
[04-Mar-2024 20:17:46 UTC] PHP Warning:  Attempt to read property "country" on null in /home/myguest/web/myguest.click/public_html/themes/altum/views/account/index.php on line 157
[04-Mar-2024 20:17:46 UTC] PHP Warning:  Attempt to read property "country" on null in /home/myguest/web/myguest.click/public_html/themes/altum/views/account/index.php on line 157
[04-Mar-2024 20:17:46 UTC] PHP Warning:  Attempt to read property "country" on null in /home/myguest/web/myguest.click/public_html/themes/altum/views/account/index.php on line 157
[04-Mar-2024 20:17:46 UTC] PHP Warning:  Attempt to read property "country" on null in /home/myguest/web/myguest.click/public_html/themes/altum/views/account/index.php on line 157
[04-Mar-2024 20:17:46 UTC] PHP Warning:  Attempt to read property "country" on null in /home/myguest/web/myguest.click/public_html/themes/altum/views/account/index.php on line 157
[04-Mar-2024 20:17:46 UTC] PHP Warning:  Attempt to read property "country" on null in /home/myguest/web/myguest.click/public_html/themes/altum/views/account/index.php on line 157
[04-Mar-2024 20:17:46 UTC] PHP Warning:  Attempt to read property "country" on null in /home/myguest/web/myguest.click/public_html/themes/altum/views/account/index.php on line 157
[04-Mar-2024 20:17:46 UTC] PHP Warning:  Attempt to read property "country" on null in /home/myguest/web/myguest.click/public_html/themes/altum/views/account/index.php on line 157
[04-Mar-2024 20:17:46 UTC] PHP Warning:  Attempt to read property "country" on null in /home/myguest/web/myguest.click/public_html/themes/altum/views/account/index.php on line 157
[04-Mar-2024 20:17:46 UTC] PHP Warning:  Attempt to read property "country" on null in /home/myguest/web/myguest.click/public_html/themes/altum/views/account/index.php on line 157
[04-Mar-2024 20:17:46 UTC] PHP Warning:  Attempt to read property "country" on null in /home/myguest/web/myguest.click/public_html/themes/altum/views/account/index.php on line 157
[04-Mar-2024 20:17:46 UTC] PHP Warning:  Attempt to read property "country" on null in /home/myguest/web/myguest.click/public_html/themes/altum/views/account/index.php on line 157
[04-Mar-2024 20:17:46 UTC] PHP Warning:  Attempt to read property "country" on null in /home/myguest/web/myguest.click/public_html/themes/altum/views/account/index.php on line 157
[04-Mar-2024 20:17:46 UTC] PHP Warning:  Attempt to read property "country" on null in /home/myguest/web/myguest.click/public_html/themes/altum/views/account/index.php on line 157
[04-Mar-2024 20:17:46 UTC] PHP Warning:  Attempt to read property "country" on null in /home/myguest/web/myguest.click/public_html/themes/altum/views/account/index.php on line 157
[04-Mar-2024 20:17:46 UTC] PHP Warning:  Attempt to read property "country" on null in /home/myguest/web/myguest.click/public_html/themes/altum/views/account/index.php on line 157
[04-Mar-2024 20:17:46 UTC] PHP Warning:  Attempt to read property "country" on null in /home/myguest/web/myguest.click/public_html/themes/altum/views/account/index.php on line 157
[04-Mar-2024 20:17:46 UTC] PHP Warning:  Attempt to read property "country" on null in /home/myguest/web/myguest.click/public_html/themes/altum/views/account/index.php on line 157
[04-Mar-2024 20:17:46 UTC] PHP Warning:  Attempt to read property "country" on null in /home/myguest/web/myguest.click/public_html/themes/altum/views/account/index.php on line 157
[04-Mar-2024 20:17:46 UTC] PHP Warning:  Attempt to read property "country" on null in /home/myguest/web/myguest.click/public_html/themes/altum/views/account/index.php on line 157
[04-Mar-2024 20:17:46 UTC] PHP Warning:  Attempt to read property "country" on null in /home/myguest/web/myguest.click/public_html/themes/altum/views/account/index.php on line 157
[04-Mar-2024 20:17:46 UTC] PHP Warning:  Attempt to read property "country" on null in /home/myguest/web/myguest.click/public_html/themes/altum/views/account/index.php on line 157
[04-Mar-2024 20:17:46 UTC] PHP Warning:  Attempt to read property "country" on null in /home/myguest/web/myguest.click/public_html/themes/altum/views/account/index.php on line 157
[04-Mar-2024 20:17:46 UTC] PHP Warning:  Attempt to read property "country" on null in /home/myguest/web/myguest.click/public_html/themes/altum/views/account/index.php on line 157
[04-Mar-2024 20:17:46 UTC] PHP Warning:  Attempt to read property "country" on null in /home/myguest/web/myguest.click/public_html/themes/altum/views/account/index.php on line 157
[04-Mar-2024 20:17:46 UTC] PHP Warning:  Attempt to read property "country" on null in /home/myguest/web/myguest.click/public_html/themes/altum/views/account/index.php on line 157
[04-Mar-2024 20:17:46 UTC] PHP Warning:  Attempt to read property "country" on null in /home/myguest/web/myguest.click/public_html/themes/altum/views/account/index.php on line 157
[04-Mar-2024 20:17:46 UTC] PHP Warning:  Attempt to read property "country" on null in /home/myguest/web/myguest.click/public_html/themes/altum/views/account/index.php on line 157
[04-Mar-2024 20:17:46 UTC] PHP Warning:  Attempt to read property "country" on null in /home/myguest/web/myguest.click/public_html/themes/altum/views/account/index.php on line 157
[04-Mar-2024 20:17:46 UTC] PHP Warning:  Attempt to read property "country" on null in /home/myguest/web/myguest.click/public_html/themes/altum/views/account/index.php on line 157
[04-Mar-2024 20:17:46 UTC] PHP Warning:  Attempt to read property "country" on null in /home/myguest/web/myguest.click/public_html/themes/altum/views/account/index.php on line 157
[04-Mar-2024 20:17:46 UTC] PHP Warning:  Attempt to read property "country" on null in /home/myguest/web/myguest.click/public_html/themes/altum/views/account/index.php on line 157
[04-Mar-2024 20:17:46 UTC] PHP Warning:  Attempt to read property "country" on null in /home/myguest/web/myguest.click/public_html/themes/altum/views/account/index.php on line 157
[04-Mar-2024 20:17:46 UTC] PHP Warning:  Attempt to read property "country" on null in /home/myguest/web/myguest.click/public_html/themes/altum/views/account/index.php on line 157
[04-Mar-2024 20:17:46 UTC] PHP Warning:  Attempt to read property "country" on null in /home/myguest/web/myguest.click/public_html/themes/altum/views/account/index.php on line 157
[04-Mar-2024 20:17:46 UTC] PHP Warning:  Attempt to read property "country" on null in /home/myguest/web/myguest.click/public_html/themes/altum/views/account/index.php on line 157
[04-Mar-2024 20:17:46 UTC] PHP Warning:  Attempt to read property "country" on null in /home/myguest/web/myguest.click/public_html/themes/altum/views/account/index.php on line 157
[04-Mar-2024 20:17:46 UTC] PHP Warning:  Attempt to read property "country" on null in /home/myguest/web/myguest.click/public_html/themes/altum/views/account/index.php on line 157
[04-Mar-2024 20:17:46 UTC] PHP Warning:  Attempt to read property "country" on null in /home/myguest/web/myguest.click/public_html/themes/altum/views/account/index.php on line 157
[04-Mar-2024 20:17:46 UTC] PHP Warning:  Attempt to read property "country" on null in /home/myguest/web/myguest.click/public_html/themes/altum/views/account/index.php on line 157
[04-Mar-2024 20:17:46 UTC] PHP Warning:  Attempt to read property "country" on null in /home/myguest/web/myguest.click/public_html/themes/altum/views/account/index.php on line 157
[04-Mar-2024 20:17:46 UTC] PHP Warning:  Attempt to read property "country" on null in /home/myguest/web/myguest.click/public_html/themes/altum/views/account/index.php on line 157
[04-Mar-2024 20:17:46 UTC] PHP Warning:  Attempt to read property "country" on null in /home/myguest/web/myguest.click/public_html/themes/altum/views/account/index.php on line 157
[04-Mar-2024 20:17:46 UTC] PHP Warning:  Attempt to read property "country" on null in /home/myguest/web/myguest.click/public_html/themes/altum/views/account/index.php on line 157
[04-Mar-2024 20:17:46 UTC] PHP Warning:  Attempt to read property "country" on null in /home/myguest/web/myguest.click/public_html/themes/altum/views/account/index.php on line 157
[04-Mar-2024 20:17:46 UTC] PHP Warning:  Attempt to read property "country" on null in /home/myguest/web/myguest.click/public_html/themes/altum/views/account/index.php on line 157
[04-Mar-2024 20:17:46 UTC] PHP Warning:  Attempt to read property "country" on null in /home/myguest/web/myguest.click/public_html/themes/altum/views/account/index.php on line 157
[04-Mar-2024 20:17:46 UTC] PHP Warning:  Attempt to read property "country" on null in /home/myguest/web/myguest.click/public_html/themes/altum/views/account/index.php on line 157
[04-Mar-2024 20:17:46 UTC] PHP Warning:  Attempt to read property "country" on null in /home/myguest/web/myguest.click/public_html/themes/altum/views/account/index.php on line 157
[04-Mar-2024 20:17:46 UTC] PHP Warning:  Attempt to read property "country" on null in /home/myguest/web/myguest.click/public_html/themes/altum/views/account/index.php on line 157
[04-Mar-2024 20:17:46 UTC] PHP Warning:  Attempt to read property "country" on null in /home/myguest/web/myguest.click/public_html/themes/altum/views/account/index.php on line 157
[04-Mar-2024 20:17:46 UTC] PHP Warning:  Attempt to read property "country" on null in /home/myguest/web/myguest.click/public_html/themes/altum/views/account/index.php on line 157
[04-Mar-2024 20:17:46 UTC] PHP Warning:  Attempt to read property "country" on null in /home/myguest/web/myguest.click/public_html/themes/altum/views/account/index.php on line 157
[04-Mar-2024 20:17:46 UTC] PHP Warning:  Attempt to read property "country" on null in /home/myguest/web/myguest.click/public_html/themes/altum/views/account/index.php on line 157
[04-Mar-2024 20:17:46 UTC] PHP Warning:  Attempt to read property "country" on null in /home/myguest/web/myguest.click/public_html/themes/altum/views/account/index.php on line 157
[04-Mar-2024 20:17:46 UTC] PHP Warning:  Attempt to read property "country" on null in /home/myguest/web/myguest.click/public_html/themes/altum/views/account/index.php on line 157
[04-Mar-2024 20:17:46 UTC] PHP Warning:  Attempt to read property "country" on null in /home/myguest/web/myguest.click/public_html/themes/altum/views/account/index.php on line 157
[04-Mar-2024 20:17:46 UTC] PHP Warning:  Attempt to read property "country" on null in /home/myguest/web/myguest.click/public_html/themes/altum/views/account/index.php on line 157
[04-Mar-2024 20:17:46 UTC] PHP Warning:  Attempt to read property "country" on null in /home/myguest/web/myguest.click/public_html/themes/altum/views/account/index.php on line 157
[04-Mar-2024 20:17:46 UTC] PHP Warning:  Attempt to read property "country" on null in /home/myguest/web/myguest.click/public_html/themes/altum/views/account/index.php on line 157
[04-Mar-2024 20:17:46 UTC] PHP Warning:  Attempt to read property "country" on null in /home/myguest/web/myguest.click/public_html/themes/altum/views/account/index.php on line 157
[04-Mar-2024 20:17:46 UTC] PHP Warning:  Attempt to read property "country" on null in /home/myguest/web/myguest.click/public_html/themes/altum/views/account/index.php on line 157
[04-Mar-2024 20:17:46 UTC] PHP Warning:  Attempt to read property "country" on null in /home/myguest/web/myguest.click/public_html/themes/altum/views/account/index.php on line 157
[04-Mar-2024 20:17:46 UTC] PHP Warning:  Attempt to read property "country" on null in /home/myguest/web/myguest.click/public_html/themes/altum/views/account/index.php on line 157
[04-Mar-2024 20:17:46 UTC] PHP Warning:  Attempt to read property "country" on null in /home/myguest/web/myguest.click/public_html/themes/altum/views/account/index.php on line 157
[04-Mar-2024 20:17:46 UTC] PHP Warning:  Attempt to read property "country" on null in /home/myguest/web/myguest.click/public_html/themes/altum/views/account/index.php on line 157
[04-Mar-2024 20:17:46 UTC] PHP Warning:  Attempt to read property "country" on null in /home/myguest/web/myguest.click/public_html/themes/altum/views/account/index.php on line 157
[04-Mar-2024 20:17:46 UTC] PHP Warning:  Attempt to read property "country" on null in /home/myguest/web/myguest.click/public_html/themes/altum/views/account/index.php on line 157
[04-Mar-2024 20:17:46 UTC] PHP Warning:  Attempt to read property "country" on null in /home/myguest/web/myguest.click/public_html/themes/altum/views/account/index.php on line 157
[04-Mar-2024 20:17:46 UTC] PHP Warning:  Attempt to read property "country" on null in /home/myguest/web/myguest.click/public_html/themes/altum/views/account/index.php on line 157
[04-Mar-2024 20:17:46 UTC] PHP Warning:  Attempt to read property "country" on null in /home/myguest/web/myguest.click/public_html/themes/altum/views/account/index.php on line 157
[04-Mar-2024 20:17:46 UTC] PHP Warning:  Attempt to read property "country" on null in /home/myguest/web/myguest.click/public_html/themes/altum/views/account/index.php on line 157
[04-Mar-2024 20:17:46 UTC] PHP Warning:  Attempt to read property "country" on null in /home/myguest/web/myguest.click/public_html/themes/altum/views/account/index.php on line 157
[04-Mar-2024 20:17:46 UTC] PHP Warning:  Attempt to read property "country" on null in /home/myguest/web/myguest.click/public_html/themes/altum/views/account/index.php on line 157
[04-Mar-2024 20:17:46 UTC] PHP Warning:  Attempt to read property "country" on null in /home/myguest/web/myguest.click/public_html/themes/altum/views/account/index.php on line 157
[04-Mar-2024 20:17:46 UTC] PHP Warning:  Attempt to read property "country" on null in /home/myguest/web/myguest.click/public_html/themes/altum/views/account/index.php on line 157
[04-Mar-2024 20:17:46 UTC] PHP Warning:  Attempt to read property "country" on null in /home/myguest/web/myguest.click/public_html/themes/altum/views/account/index.php on line 157
[04-Mar-2024 20:17:46 UTC] PHP Warning:  Attempt to read property "country" on null in /home/myguest/web/myguest.click/public_html/themes/altum/views/account/index.php on line 157
[04-Mar-2024 20:17:46 UTC] PHP Warning:  Attempt to read property "country" on null in /home/myguest/web/myguest.click/public_html/themes/altum/views/account/index.php on line 157
[04-Mar-2024 20:17:46 UTC] PHP Warning:  Attempt to read property "country" on null in /home/myguest/web/myguest.click/public_html/themes/altum/views/account/index.php on line 157
[04-Mar-2024 20:17:46 UTC] PHP Warning:  Attempt to read property "country" on null in /home/myguest/web/myguest.click/public_html/themes/altum/views/account/index.php on line 157
[04-Mar-2024 20:17:46 UTC] PHP Warning:  Attempt to read property "country" on null in /home/myguest/web/myguest.click/public_html/themes/altum/views/account/index.php on line 157
[04-Mar-2024 20:17:46 UTC] PHP Warning:  Attempt to read property "country" on null in /home/myguest/web/myguest.click/public_html/themes/altum/views/account/index.php on line 157
[04-Mar-2024 20:17:46 UTC] PHP Warning:  Attempt to read property "country" on null in /home/myguest/web/myguest.click/public_html/themes/altum/views/account/index.php on line 157
[04-Mar-2024 20:17:46 UTC] PHP Warning:  Attempt to read property "country" on null in /home/myguest/web/myguest.click/public_html/themes/altum/views/account/index.php on line 157
[04-Mar-2024 20:17:46 UTC] PHP Warning:  Attempt to read property "country" on null in /home/myguest/web/myguest.click/public_html/themes/altum/views/account/index.php on line 157
[04-Mar-2024 20:17:46 UTC] PHP Warning:  Attempt to read property "country" on null in /home/myguest/web/myguest.click/public_html/themes/altum/views/account/index.php on line 157
[04-Mar-2024 20:17:46 UTC] PHP Warning:  Attempt to read property "country" on null in /home/myguest/web/myguest.click/public_html/themes/altum/views/account/index.php on line 157
[04-Mar-2024 20:17:46 UTC] PHP Warning:  Attempt to read property "country" on null in /home/myguest/web/myguest.click/public_html/themes/altum/views/account/index.php on line 157
[04-Mar-2024 20:17:46 UTC] PHP Warning:  Attempt to read property "country" on null in /home/myguest/web/myguest.click/public_html/themes/altum/views/account/index.php on line 157
[04-Mar-2024 20:17:46 UTC] PHP Warning:  Attempt to read property "country" on null in /home/myguest/web/myguest.click/public_html/themes/altum/views/account/index.php on line 157
[04-Mar-2024 20:17:46 UTC] PHP Warning:  Attempt to read property "country" on null in /home/myguest/web/myguest.click/public_html/themes/altum/views/account/index.php on line 157
[04-Mar-2024 20:17:46 UTC] PHP Warning:  Attempt to read property "country" on null in /home/myguest/web/myguest.click/public_html/themes/altum/views/account/index.php on line 157
[04-Mar-2024 20:17:46 UTC] PHP Warning:  Attempt to read property "country" on null in /home/myguest/web/myguest.click/public_html/themes/altum/views/account/index.php on line 157
[04-Mar-2024 20:17:46 UTC] PHP Warning:  Attempt to read property "country" on null in /home/myguest/web/myguest.click/public_html/themes/altum/views/account/index.php on line 157
[04-Mar-2024 20:17:46 UTC] PHP Warning:  Attempt to read property "country" on null in /home/myguest/web/myguest.click/public_html/themes/altum/views/account/index.php on line 157
[04-Mar-2024 20:17:46 UTC] PHP Warning:  Attempt to read property "country" on null in /home/myguest/web/myguest.click/public_html/themes/altum/views/account/index.php on line 157
[04-Mar-2024 20:17:46 UTC] PHP Warning:  Attempt to read property "country" on null in /home/myguest/web/myguest.click/public_html/themes/altum/views/account/index.php on line 157
[04-Mar-2024 20:17:46 UTC] PHP Warning:  Attempt to read property "country" on null in /home/myguest/web/myguest.click/public_html/themes/altum/views/account/index.php on line 157
[04-Mar-2024 20:17:46 UTC] PHP Warning:  Attempt to read property "country" on null in /home/myguest/web/myguest.click/public_html/themes/altum/views/account/index.php on line 157
[04-Mar-2024 20:17:46 UTC] PHP Warning:  Attempt to read property "country" on null in /home/myguest/web/myguest.click/public_html/themes/altum/views/account/index.php on line 157
[04-Mar-2024 20:17:46 UTC] PHP Warning:  Attempt to read property "country" on null in /home/myguest/web/myguest.click/public_html/themes/altum/views/account/index.php on line 157
[04-Mar-2024 20:17:46 UTC] PHP Warning:  Attempt to read property "country" on null in /home/myguest/web/myguest.click/public_html/themes/altum/views/account/index.php on line 157
[04-Mar-2024 20:17:46 UTC] PHP Warning:  Attempt to read property "country" on null in /home/myguest/web/myguest.click/public_html/themes/altum/views/account/index.php on line 157
[04-Mar-2024 20:17:46 UTC] PHP Warning:  Attempt to read property "country" on null in /home/myguest/web/myguest.click/public_html/themes/altum/views/account/index.php on line 157
[04-Mar-2024 20:17:46 UTC] PHP Warning:  Attempt to read property "country" on null in /home/myguest/web/myguest.click/public_html/themes/altum/views/account/index.php on line 157
[04-Mar-2024 20:17:46 UTC] PHP Warning:  Attempt to read property "country" on null in /home/myguest/web/myguest.click/public_html/themes/altum/views/account/index.php on line 157
[04-Mar-2024 20:17:46 UTC] PHP Warning:  Attempt to read property "country" on null in /home/myguest/web/myguest.click/public_html/themes/altum/views/account/index.php on line 157
[04-Mar-2024 20:17:46 UTC] PHP Warning:  Attempt to read property "country" on null in /home/myguest/web/myguest.click/public_html/themes/altum/views/account/index.php on line 157
[04-Mar-2024 20:17:46 UTC] PHP Warning:  Attempt to read property "country" on null in /home/myguest/web/myguest.click/public_html/themes/altum/views/account/index.php on line 157
[04-Mar-2024 20:17:46 UTC] PHP Warning:  Attempt to read property "country" on null in /home/myguest/web/myguest.click/public_html/themes/altum/views/account/index.php on line 157
[04-Mar-2024 20:17:46 UTC] PHP Warning:  Attempt to read property "country" on null in /home/myguest/web/myguest.click/public_html/themes/altum/views/account/index.php on line 157
[04-Mar-2024 20:17:46 UTC] PHP Warning:  Attempt to read property "country" on null in /home/myguest/web/myguest.click/public_html/themes/altum/views/account/index.php on line 157
[04-Mar-2024 20:17:46 UTC] PHP Warning:  Attempt to read property "country" on null in /home/myguest/web/myguest.click/public_html/themes/altum/views/account/index.php on line 157
[04-Mar-2024 20:17:46 UTC] PHP Warning:  Attempt to read property "country" on null in /home/myguest/web/myguest.click/public_html/themes/altum/views/account/index.php on line 157
[04-Mar-2024 20:17:46 UTC] PHP Warning:  Attempt to read property "country" on null in /home/myguest/web/myguest.click/public_html/themes/altum/views/account/index.php on line 157
[04-Mar-2024 20:17:46 UTC] PHP Warning:  Attempt to read property "country" on null in /home/myguest/web/myguest.click/public_html/themes/altum/views/account/index.php on line 157
[04-Mar-2024 20:17:46 UTC] PHP Warning:  Attempt to read property "country" on null in /home/myguest/web/myguest.click/public_html/themes/altum/views/account/index.php on line 157
[04-Mar-2024 20:17:46 UTC] PHP Warning:  Attempt to read property "country" on null in /home/myguest/web/myguest.click/public_html/themes/altum/views/account/index.php on line 157
[04-Mar-2024 20:17:46 UTC] PHP Warning:  Attempt to read property "country" on null in /home/myguest/web/myguest.click/public_html/themes/altum/views/account/index.php on line 157
[04-Mar-2024 20:17:46 UTC] PHP Warning:  Attempt to read property "country" on null in /home/myguest/web/myguest.click/public_html/themes/altum/views/account/index.php on line 157
[04-Mar-2024 20:17:46 UTC] PHP Warning:  Attempt to read property "country" on null in /home/myguest/web/myguest.click/public_html/themes/altum/views/account/index.php on line 157
[04-Mar-2024 20:17:46 UTC] PHP Warning:  Attempt to read property "country" on null in /home/myguest/web/myguest.click/public_html/themes/altum/views/account/index.php on line 157
[04-Mar-2024 20:17:46 UTC] PHP Warning:  Attempt to read property "country" on null in /home/myguest/web/myguest.click/public_html/themes/altum/views/account/index.php on line 157
[04-Mar-2024 20:17:46 UTC] PHP Warning:  Attempt to read property "country" on null in /home/myguest/web/myguest.click/public_html/themes/altum/views/account/index.php on line 157
[04-Mar-2024 20:17:46 UTC] PHP Warning:  Attempt to read property "country" on null in /home/myguest/web/myguest.click/public_html/themes/altum/views/account/index.php on line 157
[04-Mar-2024 20:17:46 UTC] PHP Warning:  Attempt to read property "country" on null in /home/myguest/web/myguest.click/public_html/themes/altum/views/account/index.php on line 157
[04-Mar-2024 20:17:46 UTC] PHP Warning:  Attempt to read property "country" on null in /home/myguest/web/myguest.click/public_html/themes/altum/views/account/index.php on line 157
[04-Mar-2024 20:17:46 UTC] PHP Warning:  Attempt to read property "country" on null in /home/myguest/web/myguest.click/public_html/themes/altum/views/account/index.php on line 157
[04-Mar-2024 20:17:46 UTC] PHP Warning:  Attempt to read property "country" on null in /home/myguest/web/myguest.click/public_html/themes/altum/views/account/index.php on line 157
[04-Mar-2024 20:17:46 UTC] PHP Warning:  Attempt to read property "country" on null in /home/myguest/web/myguest.click/public_html/themes/altum/views/account/index.php on line 157
[04-Mar-2024 20:17:46 UTC] PHP Warning:  Attempt to read property "country" on null in /home/myguest/web/myguest.click/public_html/themes/altum/views/account/index.php on line 157
[04-Mar-2024 20:17:46 UTC] PHP Warning:  Attempt to read property "country" on null in /home/myguest/web/myguest.click/public_html/themes/altum/views/account/index.php on line 157
[04-Mar-2024 20:17:46 UTC] PHP Warning:  Attempt to read property "country" on null in /home/myguest/web/myguest.click/public_html/themes/altum/views/account/index.php on line 157
[04-Mar-2024 20:17:46 UTC] PHP Warning:  Attempt to read property "country" on null in /home/myguest/web/myguest.click/public_html/themes/altum/views/account/index.php on line 157
[04-Mar-2024 20:17:46 UTC] PHP Warning:  Attempt to read property "country" on null in /home/myguest/web/myguest.click/public_html/themes/altum/views/account/index.php on line 157
[04-Mar-2024 20:17:46 UTC] PHP Warning:  Attempt to read property "country" on null in /home/myguest/web/myguest.click/public_html/themes/altum/views/account/index.php on line 157
[04-Mar-2024 20:17:46 UTC] PHP Warning:  Attempt to read property "country" on null in /home/myguest/web/myguest.click/public_html/themes/altum/views/account/index.php on line 157
[04-Mar-2024 20:17:46 UTC] PHP Warning:  Attempt to read property "country" on null in /home/myguest/web/myguest.click/public_html/themes/altum/views/account/index.php on line 157
[04-Mar-2024 20:17:46 UTC] PHP Warning:  Attempt to read property "country" on null in /home/myguest/web/myguest.click/public_html/themes/altum/views/account/index.php on line 157
[04-Mar-2024 20:17:46 UTC] PHP Warning:  Attempt to read property "country" on null in /home/myguest/web/myguest.click/public_html/themes/altum/views/account/index.php on line 157
[04-Mar-2024 20:17:46 UTC] PHP Warning:  Attempt to read property "country" on null in /home/myguest/web/myguest.click/public_html/themes/altum/views/account/index.php on line 157
[04-Mar-2024 20:17:46 UTC] PHP Warning:  Attempt to read property "country" on null in /home/myguest/web/myguest.click/public_html/themes/altum/views/account/index.php on line 157
[04-Mar-2024 20:17:46 UTC] PHP Warning:  Attempt to read property "country" on null in /home/myguest/web/myguest.click/public_html/themes/altum/views/account/index.php on line 157
[04-Mar-2024 20:17:46 UTC] PHP Warning:  Attempt to read property "country" on null in /home/myguest/web/myguest.click/public_html/themes/altum/views/account/index.php on line 157
[04-Mar-2024 20:17:46 UTC] PHP Warning:  Attempt to read property "country" on null in /home/myguest/web/myguest.click/public_html/themes/altum/views/account/index.php on line 157
[04-Mar-2024 20:17:46 UTC] PHP Warning:  Attempt to read property "country" on null in /home/myguest/web/myguest.click/public_html/themes/altum/views/account/index.php on line 157
[04-Mar-2024 20:17:46 UTC] PHP Warning:  Attempt to read property "country" on null in /home/myguest/web/myguest.click/public_html/themes/altum/views/account/index.php on line 157
[04-Mar-2024 20:17:46 UTC] PHP Warning:  Attempt to read property "country" on null in /home/myguest/web/myguest.click/public_html/themes/altum/views/account/index.php on line 157
[04-Mar-2024 20:17:46 UTC] PHP Warning:  Attempt to read property "country" on null in /home/myguest/web/myguest.click/public_html/themes/altum/views/account/index.php on line 157
[04-Mar-2024 20:17:46 UTC] PHP Warning:  Attempt to read property "country" on null in /home/myguest/web/myguest.click/public_html/themes/altum/views/account/index.php on line 157
[04-Mar-2024 20:17:46 UTC] PHP Warning:  Attempt to read property "country" on null in /home/myguest/web/myguest.click/public_html/themes/altum/views/account/index.php on line 157
[04-Mar-2024 20:17:46 UTC] PHP Warning:  Attempt to read property "country" on null in /home/myguest/web/myguest.click/public_html/themes/altum/views/account/index.php on line 157
[04-Mar-2024 20:17:46 UTC] PHP Warning:  Attempt to read property "country" on null in /home/myguest/web/myguest.click/public_html/themes/altum/views/account/index.php on line 157
[04-Mar-2024 20:17:46 UTC] PHP Warning:  Attempt to read property "country" on null in /home/myguest/web/myguest.click/public_html/themes/altum/views/account/index.php on line 157
[04-Mar-2024 20:17:46 UTC] PHP Warning:  Attempt to read property "country" on null in /home/myguest/web/myguest.click/public_html/themes/altum/views/account/index.php on line 157
[04-Mar-2024 20:17:46 UTC] PHP Warning:  Attempt to read property "country" on null in /home/myguest/web/myguest.click/public_html/themes/altum/views/account/index.php on line 157
[04-Mar-2024 20:17:46 UTC] PHP Warning:  Attempt to read property "country" on null in /home/myguest/web/myguest.click/public_html/themes/altum/views/account/index.php on line 157
[04-Mar-2024 20:17:46 UTC] PHP Warning:  Attempt to read property "country" on null in /home/myguest/web/myguest.click/public_html/themes/altum/views/account/index.php on line 157
[04-Mar-2024 20:17:46 UTC] PHP Warning:  Attempt to read property "country" on null in /home/myguest/web/myguest.click/public_html/themes/altum/views/account/index.php on line 157
[04-Mar-2024 20:17:46 UTC] PHP Warning:  Attempt to read property "country" on null in /home/myguest/web/myguest.click/public_html/themes/altum/views/account/index.php on line 157
[04-Mar-2024 20:17:46 UTC] PHP Warning:  Attempt to read property "country" on null in /home/myguest/web/myguest.click/public_html/themes/altum/views/account/index.php on line 157
[04-Mar-2024 20:17:46 UTC] PHP Warning:  Attempt to read property "country" on null in /home/myguest/web/myguest.click/public_html/themes/altum/views/account/index.php on line 157
[04-Mar-2024 20:17:46 UTC] PHP Warning:  Attempt to read property "country" on null in /home/myguest/web/myguest.click/public_html/themes/altum/views/account/index.php on line 157
[04-Mar-2024 20:17:46 UTC] PHP Warning:  Attempt to read property "country" on null in /home/myguest/web/myguest.click/public_html/themes/altum/views/account/index.php on line 157
[04-Mar-2024 20:17:46 UTC] PHP Warning:  Attempt to read property "country" on null in /home/myguest/web/myguest.click/public_html/themes/altum/views/account/index.php on line 157
[04-Mar-2024 20:17:46 UTC] PHP Warning:  Attempt to read property "country" on null in /home/myguest/web/myguest.click/public_html/themes/altum/views/account/index.php on line 157
[04-Mar-2024 20:17:46 UTC] PHP Warning:  Attempt to read property "country" on null in /home/myguest/web/myguest.click/public_html/themes/altum/views/account/index.php on line 157
[04-Mar-2024 20:17:46 UTC] PHP Warning:  Attempt to read property "country" on null in /home/myguest/web/myguest.click/public_html/themes/altum/views/account/index.php on line 157
[04-Mar-2024 20:17:46 UTC] PHP Warning:  Attempt to read property "country" on null in /home/myguest/web/myguest.click/public_html/themes/altum/views/account/index.php on line 157
[04-Mar-2024 20:17:46 UTC] PHP Warning:  Attempt to read property "country" on null in /home/myguest/web/myguest.click/public_html/themes/altum/views/account/index.php on line 157
[04-Mar-2024 20:17:46 UTC] PHP Warning:  Attempt to read property "country" on null in /home/myguest/web/myguest.click/public_html/themes/altum/views/account/index.php on line 157
[04-Mar-2024 20:17:46 UTC] PHP Warning:  Attempt to read property "country" on null in /home/myguest/web/myguest.click/public_html/themes/altum/views/account/index.php on line 157
[04-Mar-2024 20:17:46 UTC] PHP Warning:  Attempt to read property "country" on null in /home/myguest/web/myguest.click/public_html/themes/altum/views/account/index.php on line 157
[04-Mar-2024 20:17:46 UTC] PHP Warning:  Attempt to read property "country" on null in /home/myguest/web/myguest.click/public_html/themes/altum/views/account/index.php on line 157
[04-Mar-2024 20:17:46 UTC] PHP Warning:  Attempt to read property "country" on null in /home/myguest/web/myguest.click/public_html/themes/altum/views/account/index.php on line 157
[04-Mar-2024 20:17:46 UTC] PHP Warning:  Attempt to read property "country" on null in /home/myguest/web/myguest.click/public_html/themes/altum/views/account/index.php on line 157
[04-Mar-2024 20:17:46 UTC] PHP Warning:  Attempt to read property "country" on null in /home/myguest/web/myguest.click/public_html/themes/altum/views/account/index.php on line 157
[04-Mar-2024 20:17:46 UTC] PHP Warning:  Attempt to read property "country" on null in /home/myguest/web/myguest.click/public_html/themes/altum/views/account/index.php on line 157
[04-Mar-2024 20:17:46 UTC] PHP Warning:  Attempt to read property "country" on null in /home/myguest/web/myguest.click/public_html/themes/altum/views/account/index.php on line 157
[04-Mar-2024 20:17:46 UTC] PHP Warning:  Attempt to read property "country" on null in /home/myguest/web/myguest.click/public_html/themes/altum/views/account/index.php on line 157
[04-Mar-2024 20:17:46 UTC] PHP Warning:  Attempt to read property "country" on null in /home/myguest/web/myguest.click/public_html/themes/altum/views/account/index.php on line 157
[04-Mar-2024 20:17:46 UTC] PHP Warning:  Attempt to read property "country" on null in /home/myguest/web/myguest.click/public_html/themes/altum/views/account/index.php on line 157
[04-Mar-2024 20:17:46 UTC] PHP Warning:  Attempt to read property "phone" on null in /home/myguest/web/myguest.click/public_html/themes/altum/views/account/index.php on line 166
[04-Mar-2024 20:17:46 UTC] PHP Warning:  Attempt to read property "tax_id" on null in /home/myguest/web/myguest.click/public_html/themes/altum/views/account/index.php on line 173
[04-Mar-2024 20:17:46 UTC] PHP Warning:  Attempt to read property "notes" on null in /home/myguest/web/myguest.click/public_html/themes/altum/views/account/index.php on line 183
[04-Mar-2024 20:20:16 UTC] PHP Warning:  Undefined property: stdClass::$display_index_latest_blog_posts in /home/myguest/web/myguest.click/public_html/themes/altum/views/admin/settings/partials/main.php on line 118
[04-Mar-2024 20:21:49 UTC] PHP Warning:  Undefined property: stdClass::$display_index_latest_blog_posts in /home/myguest/web/myguest.click/public_html/themes/altum/views/admin/settings/partials/main.php on line 118
[04-Mar-2024 20:21:53 UTC] PHP Warning:  Undefined property: stdClass::$color in /home/myguest/web/myguest.click/public_html/themes/altum/views/partials/plans.php on line 53
[04-Mar-2024 20:21:53 UTC] PHP Warning:  Undefined property: stdClass::$price in /home/myguest/web/myguest.click/public_html/themes/altum/views/partials/plans.php on line 62
[04-Mar-2024 20:21:53 UTC] PHP Warning:  Undefined property: stdClass::$description in /home/myguest/web/myguest.click/public_html/themes/altum/views/partials/plans.php on line 65
[04-Mar-2024 20:21:53 UTC] PHP Warning:  Undefined property: stdClass::$statistics_retention in /home/myguest/web/myguest.click/public_html/themes/altum/views/partials/plans_plan_content.php on line 91
[04-Mar-2024 20:21:53 UTC] PHP Warning:  Undefined property: stdClass::$statistics_retention in /home/myguest/web/myguest.click/public_html/themes/altum/views/partials/plans_plan_content.php on line 91
[04-Mar-2024 20:21:53 UTC] PHP Warning:  Undefined property: stdClass::$statistics_retention in /home/myguest/web/myguest.click/public_html/themes/altum/views/partials/plans_plan_content.php on line 94
[04-Mar-2024 20:21:53 UTC] PHP Warning:  Undefined property: stdClass::$qr_is_enabled in /home/myguest/web/myguest.click/public_html/themes/altum/views/partials/plans_plan_content.php on line 113
[04-Mar-2024 20:21:53 UTC] PHP Warning:  Undefined property: stdClass::$qr_is_enabled in /home/myguest/web/myguest.click/public_html/themes/altum/views/partials/plans_plan_content.php on line 118
[04-Mar-2024 20:21:53 UTC] PHP Warning:  Undefined property: stdClass::$example_url in /home/myguest/web/myguest.click/public_html/themes/altum/views/index/index.php on line 55
[04-Mar-2024 20:21:53 UTC] PHP Warning:  Undefined property: stdClass::$example_url in /home/myguest/web/myguest.click/public_html/themes/altum/views/index/index.php on line 307
[04-Mar-2024 20:22:10 UTC] PHP Warning:  Undefined property: stdClass::$register_social_login_require_password in /home/myguest/web/myguest.click/public_html/themes/altum/views/admin/settings/partials/users.php on line 17
[04-Mar-2024 20:22:33 UTC] PHP Warning:  Undefined property: stdClass::$register_social_login_require_password in /home/myguest/web/myguest.click/public_html/themes/altum/views/admin/settings/partials/users.php on line 17
[04-Mar-2024 20:22:36 UTC] PHP Warning:  Undefined property: stdClass::$blog_search_widget_is_enabled in /home/myguest/web/myguest.click/public_html/themes/altum/views/admin/settings/partials/content.php on line 20
[04-Mar-2024 20:22:39 UTC] PHP Warning:  Undefined property: stdClass::$example_url in /home/myguest/web/myguest.click/public_html/themes/altum/views/admin/settings/partials/stores.php on line 12
[04-Mar-2024 20:22:39 UTC] PHP Warning:  Undefined property: stdClass::$branding in /home/myguest/web/myguest.click/public_html/themes/altum/views/admin/settings/partials/stores.php on line 18
[04-Mar-2024 20:22:39 UTC] PHP Warning:  Undefined property: stdClass::$domains_custom_main_ip in /home/myguest/web/myguest.click/public_html/themes/altum/views/admin/settings/partials/stores.php on line 43
[04-Mar-2024 20:22:39 UTC] PHP Warning:  Undefined property: stdClass::$opengraph_size_limit in /home/myguest/web/myguest.click/public_html/themes/altum/views/admin/settings/partials/stores.php on line 61
[04-Mar-2024 20:23:53 UTC] PHP Warning:  Undefined property: stdClass::$example_url in /home/myguest/web/myguest.click/public_html/themes/altum/views/admin/settings/partials/stores.php on line 12
[04-Mar-2024 20:23:53 UTC] PHP Warning:  Undefined property: stdClass::$branding in /home/myguest/web/myguest.click/public_html/themes/altum/views/admin/settings/partials/stores.php on line 18
[04-Mar-2024 20:23:53 UTC] PHP Warning:  Undefined property: stdClass::$domains_custom_main_ip in /home/myguest/web/myguest.click/public_html/themes/altum/views/admin/settings/partials/stores.php on line 43
[04-Mar-2024 20:23:53 UTC] PHP Warning:  Undefined property: stdClass::$opengraph_size_limit in /home/myguest/web/myguest.click/public_html/themes/altum/views/admin/settings/partials/stores.php on line 61
[04-Mar-2024 20:25:18 UTC] PHP Warning:  Undefined property: stdClass::$brand_name in /home/myguest/web/myguest.click/public_html/themes/altum/views/admin/settings/partials/business.php on line 8
[04-Mar-2024 20:25:18 UTC] PHP Warning:  Undefined property: stdClass::$invoice_nr_prefix in /home/myguest/web/myguest.click/public_html/themes/altum/views/admin/settings/partials/business.php on line 13
[04-Mar-2024 20:26:48 UTC] PHP Warning:  Undefined property: stdClass::$pwa in /home/myguest/web/myguest.click/public_html/themes/altum/views/admin/settings/partials/pwa.php on line 42
[04-Mar-2024 20:26:48 UTC] PHP Warning:  Attempt to read property "theme_color" on null in /home/myguest/web/myguest.click/public_html/themes/altum/views/admin/settings/partials/pwa.php on line 42
[04-Mar-2024 20:26:48 UTC] PHP Warning:  Undefined property: stdClass::$pwa in /home/myguest/web/myguest.click/public_html/themes/altum/views/admin/settings/partials/pwa.php on line 47
[04-Mar-2024 20:26:48 UTC] PHP Warning:  Attempt to read property "app_icon" on null in /home/myguest/web/myguest.click/public_html/themes/altum/views/admin/settings/partials/pwa.php on line 47
[04-Mar-2024 20:26:48 UTC] PHP Warning:  Undefined property: stdClass::$pwa in /home/myguest/web/myguest.click/public_html/themes/altum/views/admin/settings/partials/pwa.php on line 54
[04-Mar-2024 20:26:48 UTC] PHP Warning:  Attempt to read property "app_icon_maskable" on null in /home/myguest/web/myguest.click/public_html/themes/altum/views/admin/settings/partials/pwa.php on line 54
[04-Mar-2024 20:26:48 UTC] PHP Warning:  Undefined property: stdClass::$pwa in /home/myguest/web/myguest.click/public_html/themes/altum/views/admin/settings/partials/pwa.php on line 70
[04-Mar-2024 20:26:48 UTC] PHP Warning:  Attempt to read property "mobile_screenshot_1" on null in /home/myguest/web/myguest.click/public_html/themes/altum/views/admin/settings/partials/pwa.php on line 70
[04-Mar-2024 20:26:48 UTC] PHP Warning:  Undefined property: stdClass::$pwa in /home/myguest/web/myguest.click/public_html/themes/altum/views/admin/settings/partials/pwa.php on line 70
[04-Mar-2024 20:26:48 UTC] PHP Warning:  Attempt to read property "mobile_screenshot_2" on null in /home/myguest/web/myguest.click/public_html/themes/altum/views/admin/settings/partials/pwa.php on line 70
[04-Mar-2024 20:26:48 UTC] PHP Warning:  Undefined property: stdClass::$pwa in /home/myguest/web/myguest.click/public_html/themes/altum/views/admin/settings/partials/pwa.php on line 70
[04-Mar-2024 20:26:48 UTC] PHP Warning:  Attempt to read property "mobile_screenshot_3" on null in /home/myguest/web/myguest.click/public_html/themes/altum/views/admin/settings/partials/pwa.php on line 70
[04-Mar-2024 20:26:48 UTC] PHP Warning:  Undefined property: stdClass::$pwa in /home/myguest/web/myguest.click/public_html/themes/altum/views/admin/settings/partials/pwa.php on line 70
[04-Mar-2024 20:26:48 UTC] PHP Warning:  Attempt to read property "mobile_screenshot_4" on null in /home/myguest/web/myguest.click/public_html/themes/altum/views/admin/settings/partials/pwa.php on line 70
[04-Mar-2024 20:26:48 UTC] PHP Warning:  Undefined property: stdClass::$pwa in /home/myguest/web/myguest.click/public_html/themes/altum/views/admin/settings/partials/pwa.php on line 70
[04-Mar-2024 20:26:48 UTC] PHP Warning:  Attempt to read property "mobile_screenshot_5" on null in /home/myguest/web/myguest.click/public_html/themes/altum/views/admin/settings/partials/pwa.php on line 70
[04-Mar-2024 20:26:48 UTC] PHP Warning:  Undefined property: stdClass::$pwa in /home/myguest/web/myguest.click/public_html/themes/altum/views/admin/settings/partials/pwa.php on line 70
[04-Mar-2024 20:26:48 UTC] PHP Warning:  Attempt to read property "mobile_screenshot_6" on null in /home/myguest/web/myguest.click/public_html/themes/altum/views/admin/settings/partials/pwa.php on line 70
[04-Mar-2024 20:26:48 UTC] PHP Warning:  Undefined property: stdClass::$pwa in /home/myguest/web/myguest.click/public_html/themes/altum/views/admin/settings/partials/pwa.php on line 87
[04-Mar-2024 20:26:48 UTC] PHP Warning:  Attempt to read property "desktop_screenshot_1" on null in /home/myguest/web/myguest.click/public_html/themes/altum/views/admin/settings/partials/pwa.php on line 87
[04-Mar-2024 20:26:48 UTC] PHP Warning:  Undefined property: stdClass::$pwa in /home/myguest/web/myguest.click/public_html/themes/altum/views/admin/settings/partials/pwa.php on line 87
[04-Mar-2024 20:26:48 UTC] PHP Warning:  Attempt to read property "desktop_screenshot_2" on null in /home/myguest/web/myguest.click/public_html/themes/altum/views/admin/settings/partials/pwa.php on line 87
[04-Mar-2024 20:26:48 UTC] PHP Warning:  Undefined property: stdClass::$pwa in /home/myguest/web/myguest.click/public_html/themes/altum/views/admin/settings/partials/pwa.php on line 87
[04-Mar-2024 20:26:48 UTC] PHP Warning:  Attempt to read property "desktop_screenshot_3" on null in /home/myguest/web/myguest.click/public_html/themes/altum/views/admin/settings/partials/pwa.php on line 87
[04-Mar-2024 20:26:48 UTC] PHP Warning:  Undefined property: stdClass::$pwa in /home/myguest/web/myguest.click/public_html/themes/altum/views/admin/settings/partials/pwa.php on line 87
[04-Mar-2024 20:26:48 UTC] PHP Warning:  Attempt to read property "desktop_screenshot_4" on null in /home/myguest/web/myguest.click/public_html/themes/altum/views/admin/settings/partials/pwa.php on line 87
[04-Mar-2024 20:26:48 UTC] PHP Warning:  Undefined property: stdClass::$pwa in /home/myguest/web/myguest.click/public_html/themes/altum/views/admin/settings/partials/pwa.php on line 87
[04-Mar-2024 20:26:48 UTC] PHP Warning:  Attempt to read property "desktop_screenshot_5" on null in /home/myguest/web/myguest.click/public_html/themes/altum/views/admin/settings/partials/pwa.php on line 87
[04-Mar-2024 20:26:48 UTC] PHP Warning:  Undefined property: stdClass::$pwa in /home/myguest/web/myguest.click/public_html/themes/altum/views/admin/settings/partials/pwa.php on line 87
[04-Mar-2024 20:26:48 UTC] PHP Warning:  Attempt to read property "desktop_screenshot_6" on null in /home/myguest/web/myguest.click/public_html/themes/altum/views/admin/settings/partials/pwa.php on line 87
[04-Mar-2024 20:26:48 UTC] PHP Warning:  Undefined property: stdClass::$pwa in /home/myguest/web/myguest.click/public_html/themes/altum/views/admin/settings/partials/pwa.php on line 87
[04-Mar-2024 20:26:48 UTC] PHP Warning:  Attempt to read property "desktop_screenshot_7" on null in /home/myguest/web/myguest.click/public_html/themes/altum/views/admin/settings/partials/pwa.php on line 87
[04-Mar-2024 20:26:48 UTC] PHP Warning:  Undefined property: stdClass::$pwa in /home/myguest/web/myguest.click/public_html/themes/altum/views/admin/settings/partials/pwa.php on line 87
[04-Mar-2024 20:26:48 UTC] PHP Warning:  Attempt to read property "desktop_screenshot_8" on null in /home/myguest/web/myguest.click/public_html/themes/altum/views/admin/settings/partials/pwa.php on line 87
[04-Mar-2024 20:26:48 UTC] PHP Warning:  Undefined property: stdClass::$pwa in /home/myguest/web/myguest.click/public_html/themes/altum/views/admin/settings/partials/pwa.php on line 116
[04-Mar-2024 20:26:48 UTC] PHP Warning:  Attempt to read property "shortcut_icon_1" on null in /home/myguest/web/myguest.click/public_html/themes/altum/views/admin/settings/partials/pwa.php on line 116
[04-Mar-2024 20:26:48 UTC] PHP Warning:  Undefined property: stdClass::$pwa in /home/myguest/web/myguest.click/public_html/themes/altum/views/admin/settings/partials/pwa.php on line 116
[04-Mar-2024 20:26:48 UTC] PHP Warning:  Attempt to read property "shortcut_icon_2" on null in /home/myguest/web/myguest.click/public_html/themes/altum/views/admin/settings/partials/pwa.php on line 116
[04-Mar-2024 20:26:48 UTC] PHP Warning:  Undefined property: stdClass::$pwa in /home/myguest/web/myguest.click/public_html/themes/altum/views/admin/settings/partials/pwa.php on line 116
[04-Mar-2024 20:26:48 UTC] PHP Warning:  Attempt to read property "shortcut_icon_3" on null in /home/myguest/web/myguest.click/public_html/themes/altum/views/admin/settings/partials/pwa.php on line 116
[04-Mar-2024 20:27:18 UTC] PHP Warning:  Undefined property: stdClass::$reset_date in /home/myguest/web/myguest.click/public_html/app/controllers/Cron.php on line 71
[04-Mar-2024 23:31:36 UTC] PHP Warning:  Undefined property: stdClass::$color in /home/myguest/web/myguest.click/public_html/themes/altum/views/partials/plans.php on line 53
[04-Mar-2024 23:31:36 UTC] PHP Warning:  Undefined property: stdClass::$price in /home/myguest/web/myguest.click/public_html/themes/altum/views/partials/plans.php on line 62
[04-Mar-2024 23:31:36 UTC] PHP Warning:  Undefined property: stdClass::$description in /home/myguest/web/myguest.click/public_html/themes/altum/views/partials/plans.php on line 65
[04-Mar-2024 23:31:36 UTC] PHP Warning:  Undefined property: stdClass::$statistics_retention in /home/myguest/web/myguest.click/public_html/themes/altum/views/partials/plans_plan_content.php on line 91
[04-Mar-2024 23:31:36 UTC] PHP Warning:  Undefined property: stdClass::$statistics_retention in /home/myguest/web/myguest.click/public_html/themes/altum/views/partials/plans_plan_content.php on line 91
[04-Mar-2024 23:31:36 UTC] PHP Warning:  Undefined property: stdClass::$statistics_retention in /home/myguest/web/myguest.click/public_html/themes/altum/views/partials/plans_plan_content.php on line 94
[04-Mar-2024 23:31:36 UTC] PHP Warning:  Undefined property: stdClass::$qr_is_enabled in /home/myguest/web/myguest.click/public_html/themes/altum/views/partials/plans_plan_content.php on line 113
[04-Mar-2024 23:31:36 UTC] PHP Warning:  Undefined property: stdClass::$qr_is_enabled in /home/myguest/web/myguest.click/public_html/themes/altum/views/partials/plans_plan_content.php on line 118
