[11-Mar-2024 13:19:01 UTC] PHP Warning:  mysqli::__construct(): (HY000/1045): Access denied for user 'myguest_click'@'localhost' (using password: YES) in /home/myguest/web/myguest.click/public_html/app/core/Database.php on line 24
[11-Mar-2024 13:20:01 UTC] PHP Warning:  mysqli::__construct(): (HY000/1045): Access denied for user 'myguest_click'@'localhost' (using password: YES) in /home/myguest/web/myguest.click/public_html/app/core/Database.php on line 24
[11-Mar-2024 13:22:21 UTC] PHP Warning:  Attempt to read property "on_premise_is_enabled" on null in /home/myguest/web/myguest.click/public_html/themes/altum/views/store-update/index.php on line 222
[11-Mar-2024 13:22:21 UTC] PHP Warning:  Attempt to read property "on_premise_minimum_value" on null in /home/myguest/web/myguest.click/public_html/themes/altum/views/store-update/index.php on line 233
[11-Mar-2024 13:22:21 UTC] PHP Warning:  Attempt to read property "takeaway_is_enabled" on null in /home/myguest/web/myguest.click/public_html/themes/altum/views/store-update/index.php on line 244
[11-Mar-2024 13:22:21 UTC] PHP Warning:  Attempt to read property "takeaway_minimum_value" on null in /home/myguest/web/myguest.click/public_html/themes/altum/views/store-update/index.php on line 255
[11-Mar-2024 13:22:21 UTC] PHP Warning:  Attempt to read property "delivery_is_enabled" on null in /home/myguest/web/myguest.click/public_html/themes/altum/views/store-update/index.php on line 266
[11-Mar-2024 13:22:21 UTC] PHP Warning:  Attempt to read property "delivery_minimum_value" on null in /home/myguest/web/myguest.click/public_html/themes/altum/views/store-update/index.php on line 277
[11-Mar-2024 13:22:21 UTC] PHP Warning:  Attempt to read property "delivery_cost" on null in /home/myguest/web/myguest.click/public_html/themes/altum/views/store-update/index.php on line 291
[11-Mar-2024 13:22:21 UTC] PHP Warning:  Attempt to read property "delivery_free_minimum_value" on null in /home/myguest/web/myguest.click/public_html/themes/altum/views/store-update/index.php on line 305
[11-Mar-2024 13:22:21 UTC] PHP Warning:  Attempt to read property "paypal_is_enabled" on null in /home/myguest/web/myguest.click/public_html/themes/altum/views/store-update/index.php on line 326
[11-Mar-2024 13:22:21 UTC] PHP Warning:  Attempt to read property "paypal_mode" on null in /home/myguest/web/myguest.click/public_html/themes/altum/views/store-update/index.php on line 333
[11-Mar-2024 13:22:21 UTC] PHP Warning:  Attempt to read property "paypal_mode" on null in /home/myguest/web/myguest.click/public_html/themes/altum/views/store-update/index.php on line 334
[11-Mar-2024 13:22:21 UTC] PHP Warning:  Attempt to read property "paypal_client_id" on null in /home/myguest/web/myguest.click/public_html/themes/altum/views/store-update/index.php on line 341
[11-Mar-2024 13:22:21 UTC] PHP Warning:  Attempt to read property "paypal_secret" on null in /home/myguest/web/myguest.click/public_html/themes/altum/views/store-update/index.php on line 346
[11-Mar-2024 13:22:21 UTC] PHP Warning:  Attempt to read property "stripe_is_enabled" on null in /home/myguest/web/myguest.click/public_html/themes/altum/views/store-update/index.php on line 376
[11-Mar-2024 13:22:21 UTC] PHP Warning:  Attempt to read property "stripe_publishable_key" on null in /home/myguest/web/myguest.click/public_html/themes/altum/views/store-update/index.php on line 382
[11-Mar-2024 13:22:21 UTC] PHP Warning:  Attempt to read property "stripe_secret_key" on null in /home/myguest/web/myguest.click/public_html/themes/altum/views/store-update/index.php on line 387
[11-Mar-2024 13:22:21 UTC] PHP Warning:  Attempt to read property "stripe_webhook_secret" on null in /home/myguest/web/myguest.click/public_html/themes/altum/views/store-update/index.php on line 392
[11-Mar-2024 13:22:21 UTC] PHP Warning:  Attempt to read property "mollie_is_enabled" on null in /home/myguest/web/myguest.click/public_html/themes/altum/views/store-update/index.php on line 426
[11-Mar-2024 13:22:21 UTC] PHP Warning:  Attempt to read property "mollie_api_key" on null in /home/myguest/web/myguest.click/public_html/themes/altum/views/store-update/index.php on line 432
[11-Mar-2024 13:22:21 UTC] PHP Warning:  Attempt to read property "offline_payment_is_enabled" on null in /home/myguest/web/myguest.click/public_html/themes/altum/views/store-update/index.php on line 456
[11-Mar-2024 13:22:21 UTC] PHP Warning:  Attempt to read property "invoice_is_enabled" on null in /home/myguest/web/myguest.click/public_html/themes/altum/views/store-update/index.php on line 470
[11-Mar-2024 13:22:21 UTC] PHP Warning:  Attempt to read property "invoice_is_enabled" on null in /home/myguest/web/myguest.click/public_html/themes/altum/views/store-update/index.php on line 471
[11-Mar-2024 13:22:21 UTC] PHP Warning:  Attempt to read property "invoice_nr_prefix" on null in /home/myguest/web/myguest.click/public_html/themes/altum/views/store-update/index.php on line 478
[11-Mar-2024 13:22:21 UTC] PHP Warning:  Attempt to read property "name" on null in /home/myguest/web/myguest.click/public_html/themes/altum/views/store-update/index.php on line 486
[11-Mar-2024 13:22:21 UTC] PHP Warning:  Attempt to read property "address" on null in /home/myguest/web/myguest.click/public_html/themes/altum/views/store-update/index.php on line 493
[11-Mar-2024 13:22:21 UTC] PHP Warning:  Attempt to read property "city" on null in /home/myguest/web/myguest.click/public_html/themes/altum/views/store-update/index.php on line 500
[11-Mar-2024 13:22:21 UTC] PHP Warning:  Attempt to read property "county" on null in /home/myguest/web/myguest.click/public_html/themes/altum/views/store-update/index.php on line 507
[11-Mar-2024 13:22:21 UTC] PHP Warning:  Attempt to read property "zip" on null in /home/myguest/web/myguest.click/public_html/themes/altum/views/store-update/index.php on line 514
[11-Mar-2024 13:22:21 UTC] PHP Warning:  Attempt to read property "country" on null in /home/myguest/web/myguest.click/public_html/themes/altum/views/store-update/index.php on line 523
[11-Mar-2024 13:22:21 UTC] PHP Warning:  Attempt to read property "country" on null in /home/myguest/web/myguest.click/public_html/themes/altum/views/store-update/index.php on line 523
[11-Mar-2024 13:22:21 UTC] PHP Warning:  Attempt to read property "country" on null in /home/myguest/web/myguest.click/public_html/themes/altum/views/store-update/index.php on line 523
[11-Mar-2024 13:22:21 UTC] PHP Warning:  Attempt to read property "country" on null in /home/myguest/web/myguest.click/public_html/themes/altum/views/store-update/index.php on line 523
[11-Mar-2024 13:22:21 UTC] PHP Warning:  Attempt to read property "country" on null in /home/myguest/web/myguest.click/public_html/themes/altum/views/store-update/index.php on line 523
[11-Mar-2024 13:22:21 UTC] PHP Warning:  Attempt to read property "country" on null in /home/myguest/web/myguest.click/public_html/themes/altum/views/store-update/index.php on line 523
[11-Mar-2024 13:22:21 UTC] PHP Warning:  Attempt to read property "country" on null in /home/myguest/web/myguest.click/public_html/themes/altum/views/store-update/index.php on line 523
[11-Mar-2024 13:22:21 UTC] PHP Warning:  Attempt to read property "country" on null in /home/myguest/web/myguest.click/public_html/themes/altum/views/store-update/index.php on line 523
[11-Mar-2024 13:22:21 UTC] PHP Warning:  Attempt to read property "country" on null in /home/myguest/web/myguest.click/public_html/themes/altum/views/store-update/index.php on line 523
[11-Mar-2024 13:22:21 UTC] PHP Warning:  Attempt to read property "country" on null in /home/myguest/web/myguest.click/public_html/themes/altum/views/store-update/index.php on line 523
[11-Mar-2024 13:22:21 UTC] PHP Warning:  Attempt to read property "country" on null in /home/myguest/web/myguest.click/public_html/themes/altum/views/store-update/index.php on line 523
[11-Mar-2024 13:22:21 UTC] PHP Warning:  Attempt to read property "country" on null in /home/myguest/web/myguest.click/public_html/themes/altum/views/store-update/index.php on line 523
[11-Mar-2024 13:22:21 UTC] PHP Warning:  Attempt to read property "country" on null in /home/myguest/web/myguest.click/public_html/themes/altum/views/store-update/index.php on line 523
[11-Mar-2024 13:22:21 UTC] PHP Warning:  Attempt to read property "country" on null in /home/myguest/web/myguest.click/public_html/themes/altum/views/store-update/index.php on line 523
[11-Mar-2024 13:22:21 UTC] PHP Warning:  Attempt to read property "country" on null in /home/myguest/web/myguest.click/public_html/themes/altum/views/store-update/index.php on line 523
[11-Mar-2024 13:22:21 UTC] PHP Warning:  Attempt to read property "country" on null in /home/myguest/web/myguest.click/public_html/themes/altum/views/store-update/index.php on line 523
[11-Mar-2024 13:22:21 UTC] PHP Warning:  Attempt to read property "country" on null in /home/myguest/web/myguest.click/public_html/themes/altum/views/store-update/index.php on line 523
[11-Mar-2024 13:22:21 UTC] PHP Warning:  Attempt to read property "country" on null in /home/myguest/web/myguest.click/public_html/themes/altum/views/store-update/index.php on line 523
[11-Mar-2024 13:22:21 UTC] PHP Warning:  Attempt to read property "country" on null in /home/myguest/web/myguest.click/public_html/themes/altum/views/store-update/index.php on line 523
[11-Mar-2024 13:22:21 UTC] PHP Warning:  Attempt to read property "country" on null in /home/myguest/web/myguest.click/public_html/themes/altum/views/store-update/index.php on line 523
[11-Mar-2024 13:22:21 UTC] PHP Warning:  Attempt to read property "country" on null in /home/myguest/web/myguest.click/public_html/themes/altum/views/store-update/index.php on line 523
[11-Mar-2024 13:22:21 UTC] PHP Warning:  Attempt to read property "country" on null in /home/myguest/web/myguest.click/public_html/themes/altum/views/store-update/index.php on line 523
[11-Mar-2024 13:22:21 UTC] PHP Warning:  Attempt to read property "country" on null in /home/myguest/web/myguest.click/public_html/themes/altum/views/store-update/index.php on line 523
[11-Mar-2024 13:22:21 UTC] PHP Warning:  Attempt to read property "country" on null in /home/myguest/web/myguest.click/public_html/themes/altum/views/store-update/index.php on line 523
[11-Mar-2024 13:22:21 UTC] PHP Warning:  Attempt to read property "country" on null in /home/myguest/web/myguest.click/public_html/themes/altum/views/store-update/index.php on line 523
[11-Mar-2024 13:22:21 UTC] PHP Warning:  Attempt to read property "country" on null in /home/myguest/web/myguest.click/public_html/themes/altum/views/store-update/index.php on line 523
[11-Mar-2024 13:22:21 UTC] PHP Warning:  Attempt to read property "country" on null in /home/myguest/web/myguest.click/public_html/themes/altum/views/store-update/index.php on line 523
[11-Mar-2024 13:22:21 UTC] PHP Warning:  Attempt to read property "country" on null in /home/myguest/web/myguest.click/public_html/themes/altum/views/store-update/index.php on line 523
[11-Mar-2024 13:22:21 UTC] PHP Warning:  Attempt to read property "country" on null in /home/myguest/web/myguest.click/public_html/themes/altum/views/store-update/index.php on line 523
[11-Mar-2024 13:22:21 UTC] PHP Warning:  Attempt to read property "country" on null in /home/myguest/web/myguest.click/public_html/themes/altum/views/store-update/index.php on line 523
[11-Mar-2024 13:22:21 UTC] PHP Warning:  Attempt to read property "country" on null in /home/myguest/web/myguest.click/public_html/themes/altum/views/store-update/index.php on line 523
[11-Mar-2024 13:22:21 UTC] PHP Warning:  Attempt to read property "country" on null in /home/myguest/web/myguest.click/public_html/themes/altum/views/store-update/index.php on line 523
[11-Mar-2024 13:22:21 UTC] PHP Warning:  Attempt to read property "country" on null in /home/myguest/web/myguest.click/public_html/themes/altum/views/store-update/index.php on line 523
[11-Mar-2024 13:22:21 UTC] PHP Warning:  Attempt to read property "country" on null in /home/myguest/web/myguest.click/public_html/themes/altum/views/store-update/index.php on line 523
[11-Mar-2024 13:22:21 UTC] PHP Warning:  Attempt to read property "country" on null in /home/myguest/web/myguest.click/public_html/themes/altum/views/store-update/index.php on line 523
[11-Mar-2024 13:22:21 UTC] PHP Warning:  Attempt to read property "country" on null in /home/myguest/web/myguest.click/public_html/themes/altum/views/store-update/index.php on line 523
[11-Mar-2024 13:22:21 UTC] PHP Warning:  Attempt to read property "country" on null in /home/myguest/web/myguest.click/public_html/themes/altum/views/store-update/index.php on line 523
[11-Mar-2024 13:22:21 UTC] PHP Warning:  Attempt to read property "country" on null in /home/myguest/web/myguest.click/public_html/themes/altum/views/store-update/index.php on line 523
[11-Mar-2024 13:22:21 UTC] PHP Warning:  Attempt to read property "country" on null in /home/myguest/web/myguest.click/public_html/themes/altum/views/store-update/index.php on line 523
[11-Mar-2024 13:22:21 UTC] PHP Warning:  Attempt to read property "country" on null in /home/myguest/web/myguest.click/public_html/themes/altum/views/store-update/index.php on line 523
[11-Mar-2024 13:22:21 UTC] PHP Warning:  Attempt to read property "country" on null in /home/myguest/web/myguest.click/public_html/themes/altum/views/store-update/index.php on line 523
[11-Mar-2024 13:22:21 UTC] PHP Warning:  Attempt to read property "country" on null in /home/myguest/web/myguest.click/public_html/themes/altum/views/store-update/index.php on line 523
[11-Mar-2024 13:22:21 UTC] PHP Warning:  Attempt to read property "country" on null in /home/myguest/web/myguest.click/public_html/themes/altum/views/store-update/index.php on line 523
[11-Mar-2024 13:22:21 UTC] PHP Warning:  Attempt to read property "country" on null in /home/myguest/web/myguest.click/public_html/themes/altum/views/store-update/index.php on line 523
[11-Mar-2024 13:22:21 UTC] PHP Warning:  Attempt to read property "country" on null in /home/myguest/web/myguest.click/public_html/themes/altum/views/store-update/index.php on line 523
[11-Mar-2024 13:22:21 UTC] PHP Warning:  Attempt to read property "country" on null in /home/myguest/web/myguest.click/public_html/themes/altum/views/store-update/index.php on line 523
[11-Mar-2024 13:22:21 UTC] PHP Warning:  Attempt to read property "country" on null in /home/myguest/web/myguest.click/public_html/themes/altum/views/store-update/index.php on line 523
[11-Mar-2024 13:22:21 UTC] PHP Warning:  Attempt to read property "country" on null in /home/myguest/web/myguest.click/public_html/themes/altum/views/store-update/index.php on line 523
[11-Mar-2024 13:22:21 UTC] PHP Warning:  Attempt to read property "country" on null in /home/myguest/web/myguest.click/public_html/themes/altum/views/store-update/index.php on line 523
[11-Mar-2024 13:22:21 UTC] PHP Warning:  Attempt to read property "country" on null in /home/myguest/web/myguest.click/public_html/themes/altum/views/store-update/index.php on line 523
[11-Mar-2024 13:22:21 UTC] PHP Warning:  Attempt to read property "country" on null in /home/myguest/web/myguest.click/public_html/themes/altum/views/store-update/index.php on line 523
[11-Mar-2024 13:22:21 UTC] PHP Warning:  Attempt to read property "country" on null in /home/myguest/web/myguest.click/public_html/themes/altum/views/store-update/index.php on line 523
[11-Mar-2024 13:22:21 UTC] PHP Warning:  Attempt to read property "country" on null in /home/myguest/web/myguest.click/public_html/themes/altum/views/store-update/index.php on line 523
[11-Mar-2024 13:22:21 UTC] PHP Warning:  Attempt to read property "country" on null in /home/myguest/web/myguest.click/public_html/themes/altum/views/store-update/index.php on line 523
[11-Mar-2024 13:22:21 UTC] PHP Warning:  Attempt to read property "country" on null in /home/myguest/web/myguest.click/public_html/themes/altum/views/store-update/index.php on line 523
[11-Mar-2024 13:22:21 UTC] PHP Warning:  Attempt to read property "country" on null in /home/myguest/web/myguest.click/public_html/themes/altum/views/store-update/index.php on line 523
[11-Mar-2024 13:22:21 UTC] PHP Warning:  Attempt to read property "country" on null in /home/myguest/web/myguest.click/public_html/themes/altum/views/store-update/index.php on line 523
[11-Mar-2024 13:22:21 UTC] PHP Warning:  Attempt to read property "country" on null in /home/myguest/web/myguest.click/public_html/themes/altum/views/store-update/index.php on line 523
[11-Mar-2024 13:22:21 UTC] PHP Warning:  Attempt to read property "country" on null in /home/myguest/web/myguest.click/public_html/themes/altum/views/store-update/index.php on line 523
[11-Mar-2024 13:22:21 UTC] PHP Warning:  Attempt to read property "country" on null in /home/myguest/web/myguest.click/public_html/themes/altum/views/store-update/index.php on line 523
[11-Mar-2024 13:22:21 UTC] PHP Warning:  Attempt to read property "country" on null in /home/myguest/web/myguest.click/public_html/themes/altum/views/store-update/index.php on line 523
[11-Mar-2024 13:22:21 UTC] PHP Warning:  Attempt to read property "country" on null in /home/myguest/web/myguest.click/public_html/themes/altum/views/store-update/index.php on line 523
[11-Mar-2024 13:22:21 UTC] PHP Warning:  Attempt to read property "country" on null in /home/myguest/web/myguest.click/public_html/themes/altum/views/store-update/index.php on line 523
[11-Mar-2024 13:22:21 UTC] PHP Warning:  Attempt to read property "country" on null in /home/myguest/web/myguest.click/public_html/themes/altum/views/store-update/index.php on line 523
[11-Mar-2024 13:22:21 UTC] PHP Warning:  Attempt to read property "country" on null in /home/myguest/web/myguest.click/public_html/themes/altum/views/store-update/index.php on line 523
[11-Mar-2024 13:22:21 UTC] PHP Warning:  Attempt to read property "country" on null in /home/myguest/web/myguest.click/public_html/themes/altum/views/store-update/index.php on line 523
[11-Mar-2024 13:22:21 UTC] PHP Warning:  Attempt to read property "country" on null in /home/myguest/web/myguest.click/public_html/themes/altum/views/store-update/index.php on line 523
[11-Mar-2024 13:22:21 UTC] PHP Warning:  Attempt to read property "country" on null in /home/myguest/web/myguest.click/public_html/themes/altum/views/store-update/index.php on line 523
[11-Mar-2024 13:22:21 UTC] PHP Warning:  Attempt to read property "country" on null in /home/myguest/web/myguest.click/public_html/themes/altum/views/store-update/index.php on line 523
[11-Mar-2024 13:22:21 UTC] PHP Warning:  Attempt to read property "country" on null in /home/myguest/web/myguest.click/public_html/themes/altum/views/store-update/index.php on line 523
[11-Mar-2024 13:22:21 UTC] PHP Warning:  Attempt to read property "country" on null in /home/myguest/web/myguest.click/public_html/themes/altum/views/store-update/index.php on line 523
[11-Mar-2024 13:22:21 UTC] PHP Warning:  Attempt to read property "country" on null in /home/myguest/web/myguest.click/public_html/themes/altum/views/store-update/index.php on line 523
[11-Mar-2024 13:22:21 UTC] PHP Warning:  Attempt to read property "country" on null in /home/myguest/web/myguest.click/public_html/themes/altum/views/store-update/index.php on line 523
[11-Mar-2024 13:22:21 UTC] PHP Warning:  Attempt to read property "country" on null in /home/myguest/web/myguest.click/public_html/themes/altum/views/store-update/index.php on line 523
[11-Mar-2024 13:22:21 UTC] PHP Warning:  Attempt to read property "country" on null in /home/myguest/web/myguest.click/public_html/themes/altum/views/store-update/index.php on line 523
[11-Mar-2024 13:22:21 UTC] PHP Warning:  Attempt to read property "country" on null in /home/myguest/web/myguest.click/public_html/themes/altum/views/store-update/index.php on line 523
[11-Mar-2024 13:22:21 UTC] PHP Warning:  Attempt to read property "country" on null in /home/myguest/web/myguest.click/public_html/themes/altum/views/store-update/index.php on line 523
[11-Mar-2024 13:22:21 UTC] PHP Warning:  Attempt to read property "country" on null in /home/myguest/web/myguest.click/public_html/themes/altum/views/store-update/index.php on line 523
[11-Mar-2024 13:22:21 UTC] PHP Warning:  Attempt to read property "country" on null in /home/myguest/web/myguest.click/public_html/themes/altum/views/store-update/index.php on line 523
[11-Mar-2024 13:22:21 UTC] PHP Warning:  Attempt to read property "country" on null in /home/myguest/web/myguest.click/public_html/themes/altum/views/store-update/index.php on line 523
[11-Mar-2024 13:22:21 UTC] PHP Warning:  Attempt to read property "country" on null in /home/myguest/web/myguest.click/public_html/themes/altum/views/store-update/index.php on line 523
[11-Mar-2024 13:22:21 UTC] PHP Warning:  Attempt to read property "country" on null in /home/myguest/web/myguest.click/public_html/themes/altum/views/store-update/index.php on line 523
[11-Mar-2024 13:22:21 UTC] PHP Warning:  Attempt to read property "country" on null in /home/myguest/web/myguest.click/public_html/themes/altum/views/store-update/index.php on line 523
[11-Mar-2024 13:22:21 UTC] PHP Warning:  Attempt to read property "country" on null in /home/myguest/web/myguest.click/public_html/themes/altum/views/store-update/index.php on line 523
[11-Mar-2024 13:22:21 UTC] PHP Warning:  Attempt to read property "country" on null in /home/myguest/web/myguest.click/public_html/themes/altum/views/store-update/index.php on line 523
[11-Mar-2024 13:22:21 UTC] PHP Warning:  Attempt to read property "country" on null in /home/myguest/web/myguest.click/public_html/themes/altum/views/store-update/index.php on line 523
[11-Mar-2024 13:22:21 UTC] PHP Warning:  Attempt to read property "country" on null in /home/myguest/web/myguest.click/public_html/themes/altum/views/store-update/index.php on line 523
[11-Mar-2024 13:22:21 UTC] PHP Warning:  Attempt to read property "country" on null in /home/myguest/web/myguest.click/public_html/themes/altum/views/store-update/index.php on line 523
[11-Mar-2024 13:22:21 UTC] PHP Warning:  Attempt to read property "country" on null in /home/myguest/web/myguest.click/public_html/themes/altum/views/store-update/index.php on line 523
[11-Mar-2024 13:22:21 UTC] PHP Warning:  Attempt to read property "country" on null in /home/myguest/web/myguest.click/public_html/themes/altum/views/store-update/index.php on line 523
[11-Mar-2024 13:22:21 UTC] PHP Warning:  Attempt to read property "country" on null in /home/myguest/web/myguest.click/public_html/themes/altum/views/store-update/index.php on line 523
[11-Mar-2024 13:22:21 UTC] PHP Warning:  Attempt to read property "country" on null in /home/myguest/web/myguest.click/public_html/themes/altum/views/store-update/index.php on line 523
[11-Mar-2024 13:22:21 UTC] PHP Warning:  Attempt to read property "country" on null in /home/myguest/web/myguest.click/public_html/themes/altum/views/store-update/index.php on line 523
[11-Mar-2024 13:22:21 UTC] PHP Warning:  Attempt to read property "country" on null in /home/myguest/web/myguest.click/public_html/themes/altum/views/store-update/index.php on line 523
[11-Mar-2024 13:22:21 UTC] PHP Warning:  Attempt to read property "country" on null in /home/myguest/web/myguest.click/public_html/themes/altum/views/store-update/index.php on line 523
[11-Mar-2024 13:22:21 UTC] PHP Warning:  Attempt to read property "country" on null in /home/myguest/web/myguest.click/public_html/themes/altum/views/store-update/index.php on line 523
[11-Mar-2024 13:22:21 UTC] PHP Warning:  Attempt to read property "country" on null in /home/myguest/web/myguest.click/public_html/themes/altum/views/store-update/index.php on line 523
[11-Mar-2024 13:22:21 UTC] PHP Warning:  Attempt to read property "country" on null in /home/myguest/web/myguest.click/public_html/themes/altum/views/store-update/index.php on line 523
[11-Mar-2024 13:22:21 UTC] PHP Warning:  Attempt to read property "country" on null in /home/myguest/web/myguest.click/public_html/themes/altum/views/store-update/index.php on line 523
[11-Mar-2024 13:22:21 UTC] PHP Warning:  Attempt to read property "country" on null in /home/myguest/web/myguest.click/public_html/themes/altum/views/store-update/index.php on line 523
[11-Mar-2024 13:22:21 UTC] PHP Warning:  Attempt to read property "country" on null in /home/myguest/web/myguest.click/public_html/themes/altum/views/store-update/index.php on line 523
[11-Mar-2024 13:22:21 UTC] PHP Warning:  Attempt to read property "country" on null in /home/myguest/web/myguest.click/public_html/themes/altum/views/store-update/index.php on line 523
[11-Mar-2024 13:22:21 UTC] PHP Warning:  Attempt to read property "country" on null in /home/myguest/web/myguest.click/public_html/themes/altum/views/store-update/index.php on line 523
[11-Mar-2024 13:22:21 UTC] PHP Warning:  Attempt to read property "country" on null in /home/myguest/web/myguest.click/public_html/themes/altum/views/store-update/index.php on line 523
[11-Mar-2024 13:22:21 UTC] PHP Warning:  Attempt to read property "country" on null in /home/myguest/web/myguest.click/public_html/themes/altum/views/store-update/index.php on line 523
[11-Mar-2024 13:22:21 UTC] PHP Warning:  Attempt to read property "country" on null in /home/myguest/web/myguest.click/public_html/themes/altum/views/store-update/index.php on line 523
[11-Mar-2024 13:22:21 UTC] PHP Warning:  Attempt to read property "country" on null in /home/myguest/web/myguest.click/public_html/themes/altum/views/store-update/index.php on line 523
[11-Mar-2024 13:22:21 UTC] PHP Warning:  Attempt to read property "country" on null in /home/myguest/web/myguest.click/public_html/themes/altum/views/store-update/index.php on line 523
[11-Mar-2024 13:22:21 UTC] PHP Warning:  Attempt to read property "country" on null in /home/myguest/web/myguest.click/public_html/themes/altum/views/store-update/index.php on line 523
[11-Mar-2024 13:22:21 UTC] PHP Warning:  Attempt to read property "country" on null in /home/myguest/web/myguest.click/public_html/themes/altum/views/store-update/index.php on line 523
[11-Mar-2024 13:22:21 UTC] PHP Warning:  Attempt to read property "country" on null in /home/myguest/web/myguest.click/public_html/themes/altum/views/store-update/index.php on line 523
[11-Mar-2024 13:22:21 UTC] PHP Warning:  Attempt to read property "country" on null in /home/myguest/web/myguest.click/public_html/themes/altum/views/store-update/index.php on line 523
[11-Mar-2024 13:22:21 UTC] PHP Warning:  Attempt to read property "country" on null in /home/myguest/web/myguest.click/public_html/themes/altum/views/store-update/index.php on line 523
[11-Mar-2024 13:22:21 UTC] PHP Warning:  Attempt to read property "country" on null in /home/myguest/web/myguest.click/public_html/themes/altum/views/store-update/index.php on line 523
[11-Mar-2024 13:22:21 UTC] PHP Warning:  Attempt to read property "country" on null in /home/myguest/web/myguest.click/public_html/themes/altum/views/store-update/index.php on line 523
[11-Mar-2024 13:22:21 UTC] PHP Warning:  Attempt to read property "country" on null in /home/myguest/web/myguest.click/public_html/themes/altum/views/store-update/index.php on line 523
[11-Mar-2024 13:22:21 UTC] PHP Warning:  Attempt to read property "country" on null in /home/myguest/web/myguest.click/public_html/themes/altum/views/store-update/index.php on line 523
[11-Mar-2024 13:22:21 UTC] PHP Warning:  Attempt to read property "country" on null in /home/myguest/web/myguest.click/public_html/themes/altum/views/store-update/index.php on line 523
[11-Mar-2024 13:22:21 UTC] PHP Warning:  Attempt to read property "country" on null in /home/myguest/web/myguest.click/public_html/themes/altum/views/store-update/index.php on line 523
[11-Mar-2024 13:22:21 UTC] PHP Warning:  Attempt to read property "country" on null in /home/myguest/web/myguest.click/public_html/themes/altum/views/store-update/index.php on line 523
[11-Mar-2024 13:22:21 UTC] PHP Warning:  Attempt to read property "country" on null in /home/myguest/web/myguest.click/public_html/themes/altum/views/store-update/index.php on line 523
[11-Mar-2024 13:22:21 UTC] PHP Warning:  Attempt to read property "country" on null in /home/myguest/web/myguest.click/public_html/themes/altum/views/store-update/index.php on line 523
[11-Mar-2024 13:22:21 UTC] PHP Warning:  Attempt to read property "country" on null in /home/myguest/web/myguest.click/public_html/themes/altum/views/store-update/index.php on line 523
[11-Mar-2024 13:22:21 UTC] PHP Warning:  Attempt to read property "country" on null in /home/myguest/web/myguest.click/public_html/themes/altum/views/store-update/index.php on line 523
[11-Mar-2024 13:22:21 UTC] PHP Warning:  Attempt to read property "country" on null in /home/myguest/web/myguest.click/public_html/themes/altum/views/store-update/index.php on line 523
[11-Mar-2024 13:22:21 UTC] PHP Warning:  Attempt to read property "country" on null in /home/myguest/web/myguest.click/public_html/themes/altum/views/store-update/index.php on line 523
[11-Mar-2024 13:22:21 UTC] PHP Warning:  Attempt to read property "country" on null in /home/myguest/web/myguest.click/public_html/themes/altum/views/store-update/index.php on line 523
[11-Mar-2024 13:22:21 UTC] PHP Warning:  Attempt to read property "country" on null in /home/myguest/web/myguest.click/public_html/themes/altum/views/store-update/index.php on line 523
[11-Mar-2024 13:22:21 UTC] PHP Warning:  Attempt to read property "country" on null in /home/myguest/web/myguest.click/public_html/themes/altum/views/store-update/index.php on line 523
[11-Mar-2024 13:22:21 UTC] PHP Warning:  Attempt to read property "country" on null in /home/myguest/web/myguest.click/public_html/themes/altum/views/store-update/index.php on line 523
[11-Mar-2024 13:22:21 UTC] PHP Warning:  Attempt to read property "country" on null in /home/myguest/web/myguest.click/public_html/themes/altum/views/store-update/index.php on line 523
[11-Mar-2024 13:22:21 UTC] PHP Warning:  Attempt to read property "country" on null in /home/myguest/web/myguest.click/public_html/themes/altum/views/store-update/index.php on line 523
[11-Mar-2024 13:22:21 UTC] PHP Warning:  Attempt to read property "country" on null in /home/myguest/web/myguest.click/public_html/themes/altum/views/store-update/index.php on line 523
[11-Mar-2024 13:22:21 UTC] PHP Warning:  Attempt to read property "country" on null in /home/myguest/web/myguest.click/public_html/themes/altum/views/store-update/index.php on line 523
[11-Mar-2024 13:22:21 UTC] PHP Warning:  Attempt to read property "country" on null in /home/myguest/web/myguest.click/public_html/themes/altum/views/store-update/index.php on line 523
[11-Mar-2024 13:22:21 UTC] PHP Warning:  Attempt to read property "country" on null in /home/myguest/web/myguest.click/public_html/themes/altum/views/store-update/index.php on line 523
[11-Mar-2024 13:22:21 UTC] PHP Warning:  Attempt to read property "country" on null in /home/myguest/web/myguest.click/public_html/themes/altum/views/store-update/index.php on line 523
[11-Mar-2024 13:22:21 UTC] PHP Warning:  Attempt to read property "country" on null in /home/myguest/web/myguest.click/public_html/themes/altum/views/store-update/index.php on line 523
[11-Mar-2024 13:22:21 UTC] PHP Warning:  Attempt to read property "country" on null in /home/myguest/web/myguest.click/public_html/themes/altum/views/store-update/index.php on line 523
[11-Mar-2024 13:22:21 UTC] PHP Warning:  Attempt to read property "country" on null in /home/myguest/web/myguest.click/public_html/themes/altum/views/store-update/index.php on line 523
[11-Mar-2024 13:22:21 UTC] PHP Warning:  Attempt to read property "country" on null in /home/myguest/web/myguest.click/public_html/themes/altum/views/store-update/index.php on line 523
[11-Mar-2024 13:22:21 UTC] PHP Warning:  Attempt to read property "country" on null in /home/myguest/web/myguest.click/public_html/themes/altum/views/store-update/index.php on line 523
[11-Mar-2024 13:22:21 UTC] PHP Warning:  Attempt to read property "country" on null in /home/myguest/web/myguest.click/public_html/themes/altum/views/store-update/index.php on line 523
[11-Mar-2024 13:22:21 UTC] PHP Warning:  Attempt to read property "country" on null in /home/myguest/web/myguest.click/public_html/themes/altum/views/store-update/index.php on line 523
[11-Mar-2024 13:22:21 UTC] PHP Warning:  Attempt to read property "country" on null in /home/myguest/web/myguest.click/public_html/themes/altum/views/store-update/index.php on line 523
[11-Mar-2024 13:22:21 UTC] PHP Warning:  Attempt to read property "country" on null in /home/myguest/web/myguest.click/public_html/themes/altum/views/store-update/index.php on line 523
[11-Mar-2024 13:22:21 UTC] PHP Warning:  Attempt to read property "country" on null in /home/myguest/web/myguest.click/public_html/themes/altum/views/store-update/index.php on line 523
[11-Mar-2024 13:22:21 UTC] PHP Warning:  Attempt to read property "country" on null in /home/myguest/web/myguest.click/public_html/themes/altum/views/store-update/index.php on line 523
[11-Mar-2024 13:22:21 UTC] PHP Warning:  Attempt to read property "country" on null in /home/myguest/web/myguest.click/public_html/themes/altum/views/store-update/index.php on line 523
[11-Mar-2024 13:22:21 UTC] PHP Warning:  Attempt to read property "country" on null in /home/myguest/web/myguest.click/public_html/themes/altum/views/store-update/index.php on line 523
[11-Mar-2024 13:22:21 UTC] PHP Warning:  Attempt to read property "country" on null in /home/myguest/web/myguest.click/public_html/themes/altum/views/store-update/index.php on line 523
[11-Mar-2024 13:22:21 UTC] PHP Warning:  Attempt to read property "country" on null in /home/myguest/web/myguest.click/public_html/themes/altum/views/store-update/index.php on line 523
[11-Mar-2024 13:22:21 UTC] PHP Warning:  Attempt to read property "country" on null in /home/myguest/web/myguest.click/public_html/themes/altum/views/store-update/index.php on line 523
[11-Mar-2024 13:22:21 UTC] PHP Warning:  Attempt to read property "country" on null in /home/myguest/web/myguest.click/public_html/themes/altum/views/store-update/index.php on line 523
[11-Mar-2024 13:22:21 UTC] PHP Warning:  Attempt to read property "country" on null in /home/myguest/web/myguest.click/public_html/themes/altum/views/store-update/index.php on line 523
[11-Mar-2024 13:22:21 UTC] PHP Warning:  Attempt to read property "country" on null in /home/myguest/web/myguest.click/public_html/themes/altum/views/store-update/index.php on line 523
[11-Mar-2024 13:22:21 UTC] PHP Warning:  Attempt to read property "country" on null in /home/myguest/web/myguest.click/public_html/themes/altum/views/store-update/index.php on line 523
[11-Mar-2024 13:22:21 UTC] PHP Warning:  Attempt to read property "country" on null in /home/myguest/web/myguest.click/public_html/themes/altum/views/store-update/index.php on line 523
[11-Mar-2024 13:22:21 UTC] PHP Warning:  Attempt to read property "country" on null in /home/myguest/web/myguest.click/public_html/themes/altum/views/store-update/index.php on line 523
[11-Mar-2024 13:22:21 UTC] PHP Warning:  Attempt to read property "country" on null in /home/myguest/web/myguest.click/public_html/themes/altum/views/store-update/index.php on line 523
[11-Mar-2024 13:22:21 UTC] PHP Warning:  Attempt to read property "country" on null in /home/myguest/web/myguest.click/public_html/themes/altum/views/store-update/index.php on line 523
[11-Mar-2024 13:22:21 UTC] PHP Warning:  Attempt to read property "country" on null in /home/myguest/web/myguest.click/public_html/themes/altum/views/store-update/index.php on line 523
[11-Mar-2024 13:22:21 UTC] PHP Warning:  Attempt to read property "country" on null in /home/myguest/web/myguest.click/public_html/themes/altum/views/store-update/index.php on line 523
[11-Mar-2024 13:22:21 UTC] PHP Warning:  Attempt to read property "country" on null in /home/myguest/web/myguest.click/public_html/themes/altum/views/store-update/index.php on line 523
[11-Mar-2024 13:22:21 UTC] PHP Warning:  Attempt to read property "country" on null in /home/myguest/web/myguest.click/public_html/themes/altum/views/store-update/index.php on line 523
[11-Mar-2024 13:22:21 UTC] PHP Warning:  Attempt to read property "country" on null in /home/myguest/web/myguest.click/public_html/themes/altum/views/store-update/index.php on line 523
[11-Mar-2024 13:22:21 UTC] PHP Warning:  Attempt to read property "country" on null in /home/myguest/web/myguest.click/public_html/themes/altum/views/store-update/index.php on line 523
[11-Mar-2024 13:22:21 UTC] PHP Warning:  Attempt to read property "country" on null in /home/myguest/web/myguest.click/public_html/themes/altum/views/store-update/index.php on line 523
[11-Mar-2024 13:22:21 UTC] PHP Warning:  Attempt to read property "country" on null in /home/myguest/web/myguest.click/public_html/themes/altum/views/store-update/index.php on line 523
[11-Mar-2024 13:22:21 UTC] PHP Warning:  Attempt to read property "country" on null in /home/myguest/web/myguest.click/public_html/themes/altum/views/store-update/index.php on line 523
[11-Mar-2024 13:22:21 UTC] PHP Warning:  Attempt to read property "country" on null in /home/myguest/web/myguest.click/public_html/themes/altum/views/store-update/index.php on line 523
[11-Mar-2024 13:22:21 UTC] PHP Warning:  Attempt to read property "country" on null in /home/myguest/web/myguest.click/public_html/themes/altum/views/store-update/index.php on line 523
[11-Mar-2024 13:22:21 UTC] PHP Warning:  Attempt to read property "country" on null in /home/myguest/web/myguest.click/public_html/themes/altum/views/store-update/index.php on line 523
[11-Mar-2024 13:22:21 UTC] PHP Warning:  Attempt to read property "country" on null in /home/myguest/web/myguest.click/public_html/themes/altum/views/store-update/index.php on line 523
[11-Mar-2024 13:22:21 UTC] PHP Warning:  Attempt to read property "country" on null in /home/myguest/web/myguest.click/public_html/themes/altum/views/store-update/index.php on line 523
[11-Mar-2024 13:22:21 UTC] PHP Warning:  Attempt to read property "country" on null in /home/myguest/web/myguest.click/public_html/themes/altum/views/store-update/index.php on line 523
[11-Mar-2024 13:22:21 UTC] PHP Warning:  Attempt to read property "country" on null in /home/myguest/web/myguest.click/public_html/themes/altum/views/store-update/index.php on line 523
[11-Mar-2024 13:22:21 UTC] PHP Warning:  Attempt to read property "country" on null in /home/myguest/web/myguest.click/public_html/themes/altum/views/store-update/index.php on line 523
[11-Mar-2024 13:22:21 UTC] PHP Warning:  Attempt to read property "country" on null in /home/myguest/web/myguest.click/public_html/themes/altum/views/store-update/index.php on line 523
[11-Mar-2024 13:22:21 UTC] PHP Warning:  Attempt to read property "country" on null in /home/myguest/web/myguest.click/public_html/themes/altum/views/store-update/index.php on line 523
[11-Mar-2024 13:22:21 UTC] PHP Warning:  Attempt to read property "country" on null in /home/myguest/web/myguest.click/public_html/themes/altum/views/store-update/index.php on line 523
[11-Mar-2024 13:22:21 UTC] PHP Warning:  Attempt to read property "country" on null in /home/myguest/web/myguest.click/public_html/themes/altum/views/store-update/index.php on line 523
[11-Mar-2024 13:22:21 UTC] PHP Warning:  Attempt to read property "country" on null in /home/myguest/web/myguest.click/public_html/themes/altum/views/store-update/index.php on line 523
[11-Mar-2024 13:22:21 UTC] PHP Warning:  Attempt to read property "country" on null in /home/myguest/web/myguest.click/public_html/themes/altum/views/store-update/index.php on line 523
[11-Mar-2024 13:22:21 UTC] PHP Warning:  Attempt to read property "country" on null in /home/myguest/web/myguest.click/public_html/themes/altum/views/store-update/index.php on line 523
[11-Mar-2024 13:22:21 UTC] PHP Warning:  Attempt to read property "country" on null in /home/myguest/web/myguest.click/public_html/themes/altum/views/store-update/index.php on line 523
[11-Mar-2024 13:22:21 UTC] PHP Warning:  Attempt to read property "country" on null in /home/myguest/web/myguest.click/public_html/themes/altum/views/store-update/index.php on line 523
[11-Mar-2024 13:22:21 UTC] PHP Warning:  Attempt to read property "country" on null in /home/myguest/web/myguest.click/public_html/themes/altum/views/store-update/index.php on line 523
[11-Mar-2024 13:22:21 UTC] PHP Warning:  Attempt to read property "country" on null in /home/myguest/web/myguest.click/public_html/themes/altum/views/store-update/index.php on line 523
[11-Mar-2024 13:22:21 UTC] PHP Warning:  Attempt to read property "country" on null in /home/myguest/web/myguest.click/public_html/themes/altum/views/store-update/index.php on line 523
[11-Mar-2024 13:22:21 UTC] PHP Warning:  Attempt to read property "country" on null in /home/myguest/web/myguest.click/public_html/themes/altum/views/store-update/index.php on line 523
[11-Mar-2024 13:22:21 UTC] PHP Warning:  Attempt to read property "country" on null in /home/myguest/web/myguest.click/public_html/themes/altum/views/store-update/index.php on line 523
[11-Mar-2024 13:22:21 UTC] PHP Warning:  Attempt to read property "country" on null in /home/myguest/web/myguest.click/public_html/themes/altum/views/store-update/index.php on line 523
[11-Mar-2024 13:22:21 UTC] PHP Warning:  Attempt to read property "country" on null in /home/myguest/web/myguest.click/public_html/themes/altum/views/store-update/index.php on line 523
[11-Mar-2024 13:22:21 UTC] PHP Warning:  Attempt to read property "country" on null in /home/myguest/web/myguest.click/public_html/themes/altum/views/store-update/index.php on line 523
[11-Mar-2024 13:22:21 UTC] PHP Warning:  Attempt to read property "country" on null in /home/myguest/web/myguest.click/public_html/themes/altum/views/store-update/index.php on line 523
[11-Mar-2024 13:22:21 UTC] PHP Warning:  Attempt to read property "country" on null in /home/myguest/web/myguest.click/public_html/themes/altum/views/store-update/index.php on line 523
[11-Mar-2024 13:22:21 UTC] PHP Warning:  Attempt to read property "country" on null in /home/myguest/web/myguest.click/public_html/themes/altum/views/store-update/index.php on line 523
[11-Mar-2024 13:22:21 UTC] PHP Warning:  Attempt to read property "country" on null in /home/myguest/web/myguest.click/public_html/themes/altum/views/store-update/index.php on line 523
[11-Mar-2024 13:22:21 UTC] PHP Warning:  Attempt to read property "country" on null in /home/myguest/web/myguest.click/public_html/themes/altum/views/store-update/index.php on line 523
[11-Mar-2024 13:22:21 UTC] PHP Warning:  Attempt to read property "country" on null in /home/myguest/web/myguest.click/public_html/themes/altum/views/store-update/index.php on line 523
[11-Mar-2024 13:22:21 UTC] PHP Warning:  Attempt to read property "country" on null in /home/myguest/web/myguest.click/public_html/themes/altum/views/store-update/index.php on line 523
[11-Mar-2024 13:22:21 UTC] PHP Warning:  Attempt to read property "country" on null in /home/myguest/web/myguest.click/public_html/themes/altum/views/store-update/index.php on line 523
[11-Mar-2024 13:22:21 UTC] PHP Warning:  Attempt to read property "country" on null in /home/myguest/web/myguest.click/public_html/themes/altum/views/store-update/index.php on line 523
[11-Mar-2024 13:22:21 UTC] PHP Warning:  Attempt to read property "country" on null in /home/myguest/web/myguest.click/public_html/themes/altum/views/store-update/index.php on line 523
[11-Mar-2024 13:22:21 UTC] PHP Warning:  Attempt to read property "country" on null in /home/myguest/web/myguest.click/public_html/themes/altum/views/store-update/index.php on line 523
[11-Mar-2024 13:22:21 UTC] PHP Warning:  Attempt to read property "country" on null in /home/myguest/web/myguest.click/public_html/themes/altum/views/store-update/index.php on line 523
[11-Mar-2024 13:22:21 UTC] PHP Warning:  Attempt to read property "country" on null in /home/myguest/web/myguest.click/public_html/themes/altum/views/store-update/index.php on line 523
[11-Mar-2024 13:22:21 UTC] PHP Warning:  Attempt to read property "country" on null in /home/myguest/web/myguest.click/public_html/themes/altum/views/store-update/index.php on line 523
[11-Mar-2024 13:22:21 UTC] PHP Warning:  Attempt to read property "country" on null in /home/myguest/web/myguest.click/public_html/themes/altum/views/store-update/index.php on line 523
[11-Mar-2024 13:22:21 UTC] PHP Warning:  Attempt to read property "country" on null in /home/myguest/web/myguest.click/public_html/themes/altum/views/store-update/index.php on line 523
[11-Mar-2024 13:22:21 UTC] PHP Warning:  Attempt to read property "country" on null in /home/myguest/web/myguest.click/public_html/themes/altum/views/store-update/index.php on line 523
[11-Mar-2024 13:22:21 UTC] PHP Warning:  Attempt to read property "country" on null in /home/myguest/web/myguest.click/public_html/themes/altum/views/store-update/index.php on line 523
[11-Mar-2024 13:22:21 UTC] PHP Warning:  Attempt to read property "country" on null in /home/myguest/web/myguest.click/public_html/themes/altum/views/store-update/index.php on line 523
[11-Mar-2024 13:22:21 UTC] PHP Warning:  Attempt to read property "country" on null in /home/myguest/web/myguest.click/public_html/themes/altum/views/store-update/index.php on line 523
[11-Mar-2024 13:22:21 UTC] PHP Warning:  Attempt to read property "country" on null in /home/myguest/web/myguest.click/public_html/themes/altum/views/store-update/index.php on line 523
[11-Mar-2024 13:22:21 UTC] PHP Warning:  Attempt to read property "country" on null in /home/myguest/web/myguest.click/public_html/themes/altum/views/store-update/index.php on line 523
[11-Mar-2024 13:22:21 UTC] PHP Warning:  Attempt to read property "country" on null in /home/myguest/web/myguest.click/public_html/themes/altum/views/store-update/index.php on line 523
[11-Mar-2024 13:22:21 UTC] PHP Warning:  Attempt to read property "country" on null in /home/myguest/web/myguest.click/public_html/themes/altum/views/store-update/index.php on line 523
[11-Mar-2024 13:22:21 UTC] PHP Warning:  Attempt to read property "country" on null in /home/myguest/web/myguest.click/public_html/themes/altum/views/store-update/index.php on line 523
[11-Mar-2024 13:22:21 UTC] PHP Warning:  Attempt to read property "country" on null in /home/myguest/web/myguest.click/public_html/themes/altum/views/store-update/index.php on line 523
[11-Mar-2024 13:22:21 UTC] PHP Warning:  Attempt to read property "country" on null in /home/myguest/web/myguest.click/public_html/themes/altum/views/store-update/index.php on line 523
[11-Mar-2024 13:22:21 UTC] PHP Warning:  Attempt to read property "country" on null in /home/myguest/web/myguest.click/public_html/themes/altum/views/store-update/index.php on line 523
[11-Mar-2024 13:22:21 UTC] PHP Warning:  Attempt to read property "country" on null in /home/myguest/web/myguest.click/public_html/themes/altum/views/store-update/index.php on line 523
[11-Mar-2024 13:22:21 UTC] PHP Warning:  Attempt to read property "country" on null in /home/myguest/web/myguest.click/public_html/themes/altum/views/store-update/index.php on line 523
[11-Mar-2024 13:22:21 UTC] PHP Warning:  Attempt to read property "country" on null in /home/myguest/web/myguest.click/public_html/themes/altum/views/store-update/index.php on line 523
[11-Mar-2024 13:22:21 UTC] PHP Warning:  Attempt to read property "country" on null in /home/myguest/web/myguest.click/public_html/themes/altum/views/store-update/index.php on line 523
[11-Mar-2024 13:22:21 UTC] PHP Warning:  Attempt to read property "country" on null in /home/myguest/web/myguest.click/public_html/themes/altum/views/store-update/index.php on line 523
[11-Mar-2024 13:22:21 UTC] PHP Warning:  Attempt to read property "country" on null in /home/myguest/web/myguest.click/public_html/themes/altum/views/store-update/index.php on line 523
[11-Mar-2024 13:22:21 UTC] PHP Warning:  Attempt to read property "country" on null in /home/myguest/web/myguest.click/public_html/themes/altum/views/store-update/index.php on line 523
[11-Mar-2024 13:22:21 UTC] PHP Warning:  Attempt to read property "country" on null in /home/myguest/web/myguest.click/public_html/themes/altum/views/store-update/index.php on line 523
[11-Mar-2024 13:22:21 UTC] PHP Warning:  Attempt to read property "country" on null in /home/myguest/web/myguest.click/public_html/themes/altum/views/store-update/index.php on line 523
[11-Mar-2024 13:22:21 UTC] PHP Warning:  Attempt to read property "country" on null in /home/myguest/web/myguest.click/public_html/themes/altum/views/store-update/index.php on line 523
[11-Mar-2024 13:22:21 UTC] PHP Warning:  Attempt to read property "country" on null in /home/myguest/web/myguest.click/public_html/themes/altum/views/store-update/index.php on line 523
[11-Mar-2024 13:22:21 UTC] PHP Warning:  Attempt to read property "country" on null in /home/myguest/web/myguest.click/public_html/themes/altum/views/store-update/index.php on line 523
[11-Mar-2024 13:22:21 UTC] PHP Warning:  Attempt to read property "country" on null in /home/myguest/web/myguest.click/public_html/themes/altum/views/store-update/index.php on line 523
[11-Mar-2024 13:22:21 UTC] PHP Warning:  Attempt to read property "country" on null in /home/myguest/web/myguest.click/public_html/themes/altum/views/store-update/index.php on line 523
[11-Mar-2024 13:22:21 UTC] PHP Warning:  Attempt to read property "country" on null in /home/myguest/web/myguest.click/public_html/themes/altum/views/store-update/index.php on line 523
[11-Mar-2024 13:22:21 UTC] PHP Warning:  Attempt to read property "country" on null in /home/myguest/web/myguest.click/public_html/themes/altum/views/store-update/index.php on line 523
[11-Mar-2024 13:22:21 UTC] PHP Warning:  Attempt to read property "country" on null in /home/myguest/web/myguest.click/public_html/themes/altum/views/store-update/index.php on line 523
[11-Mar-2024 13:22:21 UTC] PHP Warning:  Attempt to read property "country" on null in /home/myguest/web/myguest.click/public_html/themes/altum/views/store-update/index.php on line 523
[11-Mar-2024 13:22:21 UTC] PHP Warning:  Attempt to read property "country" on null in /home/myguest/web/myguest.click/public_html/themes/altum/views/store-update/index.php on line 523
[11-Mar-2024 13:22:21 UTC] PHP Warning:  Attempt to read property "country" on null in /home/myguest/web/myguest.click/public_html/themes/altum/views/store-update/index.php on line 523
[11-Mar-2024 13:22:21 UTC] PHP Warning:  Attempt to read property "country" on null in /home/myguest/web/myguest.click/public_html/themes/altum/views/store-update/index.php on line 523
[11-Mar-2024 13:22:21 UTC] PHP Warning:  Attempt to read property "country" on null in /home/myguest/web/myguest.click/public_html/themes/altum/views/store-update/index.php on line 523
[11-Mar-2024 13:22:21 UTC] PHP Warning:  Attempt to read property "country" on null in /home/myguest/web/myguest.click/public_html/themes/altum/views/store-update/index.php on line 523
[11-Mar-2024 13:22:21 UTC] PHP Warning:  Attempt to read property "country" on null in /home/myguest/web/myguest.click/public_html/themes/altum/views/store-update/index.php on line 523
[11-Mar-2024 13:22:21 UTC] PHP Warning:  Attempt to read property "country" on null in /home/myguest/web/myguest.click/public_html/themes/altum/views/store-update/index.php on line 523
[11-Mar-2024 13:22:21 UTC] PHP Warning:  Attempt to read property "country" on null in /home/myguest/web/myguest.click/public_html/themes/altum/views/store-update/index.php on line 523
[11-Mar-2024 13:22:21 UTC] PHP Warning:  Attempt to read property "country" on null in /home/myguest/web/myguest.click/public_html/themes/altum/views/store-update/index.php on line 523
[11-Mar-2024 13:22:21 UTC] PHP Warning:  Attempt to read property "country" on null in /home/myguest/web/myguest.click/public_html/themes/altum/views/store-update/index.php on line 523
[11-Mar-2024 13:22:21 UTC] PHP Warning:  Attempt to read property "country" on null in /home/myguest/web/myguest.click/public_html/themes/altum/views/store-update/index.php on line 523
[11-Mar-2024 13:22:21 UTC] PHP Warning:  Attempt to read property "email" on null in /home/myguest/web/myguest.click/public_html/themes/altum/views/store-update/index.php on line 532
[11-Mar-2024 13:22:21 UTC] PHP Warning:  Attempt to read property "phone" on null in /home/myguest/web/myguest.click/public_html/themes/altum/views/store-update/index.php on line 539
[11-Mar-2024 13:22:21 UTC] PHP Warning:  Attempt to read property "tax_type" on null in /home/myguest/web/myguest.click/public_html/themes/altum/views/store-update/index.php on line 546
[11-Mar-2024 13:22:21 UTC] PHP Warning:  Attempt to read property "tax_id" on null in /home/myguest/web/myguest.click/public_html/themes/altum/views/store-update/index.php on line 553
[11-Mar-2024 13:22:21 UTC] PHP Warning:  Attempt to read property "custom_key_one" on null in /home/myguest/web/myguest.click/public_html/themes/altum/views/store-update/index.php on line 560
[11-Mar-2024 13:22:21 UTC] PHP Warning:  Attempt to read property "custom_value_one" on null in /home/myguest/web/myguest.click/public_html/themes/altum/views/store-update/index.php on line 567
[11-Mar-2024 13:22:21 UTC] PHP Warning:  Attempt to read property "custom_key_two" on null in /home/myguest/web/myguest.click/public_html/themes/altum/views/store-update/index.php on line 574
[11-Mar-2024 13:22:21 UTC] PHP Warning:  Attempt to read property "custom_value_two" on null in /home/myguest/web/myguest.click/public_html/themes/altum/views/store-update/index.php on line 581
