[06-Mar-2024 01:42:58 UTC] PHP Warning:  Undefined property: stdClass::$color in /home/myguest/web/myguest.click/public_html/themes/altum/views/partials/plans.php on line 53
[06-Mar-2024 01:42:58 UTC] PHP Warning:  Undefined property: stdClass::$price in /home/myguest/web/myguest.click/public_html/themes/altum/views/partials/plans.php on line 62
[06-Mar-2024 01:42:58 UTC] PHP Warning:  Undefined property: stdClass::$description in /home/myguest/web/myguest.click/public_html/themes/altum/views/partials/plans.php on line 65
[06-Mar-2024 01:42:58 UTC] PHP Warning:  Undefined property: stdClass::$statistics_retention in /home/myguest/web/myguest.click/public_html/themes/altum/views/partials/plans_plan_content.php on line 91
[06-Mar-2024 01:42:58 UTC] PHP Warning:  Undefined property: stdClass::$statistics_retention in /home/myguest/web/myguest.click/public_html/themes/altum/views/partials/plans_plan_content.php on line 91
[06-Mar-2024 01:42:58 UTC] PHP Warning:  Undefined property: stdClass::$statistics_retention in /home/myguest/web/myguest.click/public_html/themes/altum/views/partials/plans_plan_content.php on line 94
[06-Mar-2024 01:42:58 UTC] PHP Warning:  Undefined property: stdClass::$qr_is_enabled in /home/myguest/web/myguest.click/public_html/themes/altum/views/partials/plans_plan_content.php on line 113
[06-Mar-2024 01:42:58 UTC] PHP Warning:  Undefined property: stdClass::$qr_is_enabled in /home/myguest/web/myguest.click/public_html/themes/altum/views/partials/plans_plan_content.php on line 118
[06-Mar-2024 02:14:57 UTC] PHP Warning:  Undefined property: stdClass::$color in /home/myguest/web/myguest.click/public_html/themes/altum/views/partials/plans.php on line 53
[06-Mar-2024 02:14:57 UTC] PHP Warning:  Undefined property: stdClass::$price in /home/myguest/web/myguest.click/public_html/themes/altum/views/partials/plans.php on line 62
[06-Mar-2024 02:14:57 UTC] PHP Warning:  Undefined property: stdClass::$description in /home/myguest/web/myguest.click/public_html/themes/altum/views/partials/plans.php on line 65
[06-Mar-2024 02:14:57 UTC] PHP Warning:  Undefined property: stdClass::$statistics_retention in /home/myguest/web/myguest.click/public_html/themes/altum/views/partials/plans_plan_content.php on line 91
[06-Mar-2024 02:14:57 UTC] PHP Warning:  Undefined property: stdClass::$statistics_retention in /home/myguest/web/myguest.click/public_html/themes/altum/views/partials/plans_plan_content.php on line 91
[06-Mar-2024 02:14:57 UTC] PHP Warning:  Undefined property: stdClass::$statistics_retention in /home/myguest/web/myguest.click/public_html/themes/altum/views/partials/plans_plan_content.php on line 94
[06-Mar-2024 02:14:57 UTC] PHP Warning:  Undefined property: stdClass::$qr_is_enabled in /home/myguest/web/myguest.click/public_html/themes/altum/views/partials/plans_plan_content.php on line 113
[06-Mar-2024 02:14:57 UTC] PHP Warning:  Undefined property: stdClass::$qr_is_enabled in /home/myguest/web/myguest.click/public_html/themes/altum/views/partials/plans_plan_content.php on line 118
[06-Mar-2024 04:30:46 UTC] PHP Warning:  Undefined property: stdClass::$color in /home/myguest/web/myguest.click/public_html/themes/altum/views/partials/plans.php on line 53
[06-Mar-2024 04:30:46 UTC] PHP Warning:  Undefined property: stdClass::$price in /home/myguest/web/myguest.click/public_html/themes/altum/views/partials/plans.php on line 62
[06-Mar-2024 04:30:46 UTC] PHP Warning:  Undefined property: stdClass::$description in /home/myguest/web/myguest.click/public_html/themes/altum/views/partials/plans.php on line 65
[06-Mar-2024 04:30:46 UTC] PHP Warning:  Undefined property: stdClass::$statistics_retention in /home/myguest/web/myguest.click/public_html/themes/altum/views/partials/plans_plan_content.php on line 91
[06-Mar-2024 04:30:46 UTC] PHP Warning:  Undefined property: stdClass::$statistics_retention in /home/myguest/web/myguest.click/public_html/themes/altum/views/partials/plans_plan_content.php on line 91
[06-Mar-2024 04:30:46 UTC] PHP Warning:  Undefined property: stdClass::$statistics_retention in /home/myguest/web/myguest.click/public_html/themes/altum/views/partials/plans_plan_content.php on line 94
[06-Mar-2024 04:30:46 UTC] PHP Warning:  Undefined property: stdClass::$qr_is_enabled in /home/myguest/web/myguest.click/public_html/themes/altum/views/partials/plans_plan_content.php on line 113
[06-Mar-2024 04:30:46 UTC] PHP Warning:  Undefined property: stdClass::$qr_is_enabled in /home/myguest/web/myguest.click/public_html/themes/altum/views/partials/plans_plan_content.php on line 118
[06-Mar-2024 04:38:26 UTC] PHP Warning:  Undefined property: stdClass::$color in /home/myguest/web/myguest.click/public_html/themes/altum/views/partials/plans.php on line 53
[06-Mar-2024 04:38:26 UTC] PHP Warning:  Undefined property: stdClass::$price in /home/myguest/web/myguest.click/public_html/themes/altum/views/partials/plans.php on line 62
[06-Mar-2024 04:38:26 UTC] PHP Warning:  Undefined property: stdClass::$description in /home/myguest/web/myguest.click/public_html/themes/altum/views/partials/plans.php on line 65
[06-Mar-2024 04:38:26 UTC] PHP Warning:  Undefined property: stdClass::$statistics_retention in /home/myguest/web/myguest.click/public_html/themes/altum/views/partials/plans_plan_content.php on line 91
[06-Mar-2024 04:38:26 UTC] PHP Warning:  Undefined property: stdClass::$statistics_retention in /home/myguest/web/myguest.click/public_html/themes/altum/views/partials/plans_plan_content.php on line 91
[06-Mar-2024 04:38:26 UTC] PHP Warning:  Undefined property: stdClass::$statistics_retention in /home/myguest/web/myguest.click/public_html/themes/altum/views/partials/plans_plan_content.php on line 94
[06-Mar-2024 04:38:26 UTC] PHP Warning:  Undefined property: stdClass::$qr_is_enabled in /home/myguest/web/myguest.click/public_html/themes/altum/views/partials/plans_plan_content.php on line 113
[06-Mar-2024 04:38:26 UTC] PHP Warning:  Undefined property: stdClass::$qr_is_enabled in /home/myguest/web/myguest.click/public_html/themes/altum/views/partials/plans_plan_content.php on line 118
[06-Mar-2024 04:50:25 UTC] PHP Warning:  Undefined property: stdClass::$color in /home/myguest/web/myguest.click/public_html/themes/altum/views/partials/plans.php on line 53
[06-Mar-2024 04:50:25 UTC] PHP Warning:  Undefined property: stdClass::$price in /home/myguest/web/myguest.click/public_html/themes/altum/views/partials/plans.php on line 62
[06-Mar-2024 04:50:25 UTC] PHP Warning:  Undefined property: stdClass::$description in /home/myguest/web/myguest.click/public_html/themes/altum/views/partials/plans.php on line 65
[06-Mar-2024 04:50:25 UTC] PHP Warning:  Undefined property: stdClass::$statistics_retention in /home/myguest/web/myguest.click/public_html/themes/altum/views/partials/plans_plan_content.php on line 91
[06-Mar-2024 04:50:25 UTC] PHP Warning:  Undefined property: stdClass::$statistics_retention in /home/myguest/web/myguest.click/public_html/themes/altum/views/partials/plans_plan_content.php on line 91
[06-Mar-2024 04:50:25 UTC] PHP Warning:  Undefined property: stdClass::$statistics_retention in /home/myguest/web/myguest.click/public_html/themes/altum/views/partials/plans_plan_content.php on line 94
[06-Mar-2024 04:50:25 UTC] PHP Warning:  Undefined property: stdClass::$qr_is_enabled in /home/myguest/web/myguest.click/public_html/themes/altum/views/partials/plans_plan_content.php on line 113
[06-Mar-2024 04:50:25 UTC] PHP Warning:  Undefined property: stdClass::$qr_is_enabled in /home/myguest/web/myguest.click/public_html/themes/altum/views/partials/plans_plan_content.php on line 118
[06-Mar-2024 12:12:32 UTC] PHP Warning:  Undefined property: stdClass::$color in /home/myguest/web/myguest.click/public_html/themes/altum/views/partials/plans.php on line 53
[06-Mar-2024 12:12:32 UTC] PHP Warning:  Undefined property: stdClass::$price in /home/myguest/web/myguest.click/public_html/themes/altum/views/partials/plans.php on line 62
[06-Mar-2024 12:12:32 UTC] PHP Warning:  Undefined property: stdClass::$description in /home/myguest/web/myguest.click/public_html/themes/altum/views/partials/plans.php on line 65
[06-Mar-2024 12:12:32 UTC] PHP Warning:  Undefined property: stdClass::$statistics_retention in /home/myguest/web/myguest.click/public_html/themes/altum/views/partials/plans_plan_content.php on line 91
[06-Mar-2024 12:12:32 UTC] PHP Warning:  Undefined property: stdClass::$statistics_retention in /home/myguest/web/myguest.click/public_html/themes/altum/views/partials/plans_plan_content.php on line 91
[06-Mar-2024 12:12:32 UTC] PHP Warning:  Undefined property: stdClass::$statistics_retention in /home/myguest/web/myguest.click/public_html/themes/altum/views/partials/plans_plan_content.php on line 94
[06-Mar-2024 12:12:32 UTC] PHP Warning:  Undefined property: stdClass::$qr_is_enabled in /home/myguest/web/myguest.click/public_html/themes/altum/views/partials/plans_plan_content.php on line 113
[06-Mar-2024 12:12:32 UTC] PHP Warning:  Undefined property: stdClass::$qr_is_enabled in /home/myguest/web/myguest.click/public_html/themes/altum/views/partials/plans_plan_content.php on line 118
[06-Mar-2024 12:12:35 UTC] PHP Warning:  Undefined property: stdClass::$color in /home/myguest/web/myguest.click/public_html/themes/altum/views/partials/plans.php on line 53
[06-Mar-2024 12:12:35 UTC] PHP Warning:  Undefined property: stdClass::$price in /home/myguest/web/myguest.click/public_html/themes/altum/views/partials/plans.php on line 62
[06-Mar-2024 12:12:35 UTC] PHP Warning:  Undefined property: stdClass::$description in /home/myguest/web/myguest.click/public_html/themes/altum/views/partials/plans.php on line 65
[06-Mar-2024 12:12:35 UTC] PHP Warning:  Undefined property: stdClass::$statistics_retention in /home/myguest/web/myguest.click/public_html/themes/altum/views/partials/plans_plan_content.php on line 91
[06-Mar-2024 12:12:35 UTC] PHP Warning:  Undefined property: stdClass::$statistics_retention in /home/myguest/web/myguest.click/public_html/themes/altum/views/partials/plans_plan_content.php on line 91
[06-Mar-2024 12:12:35 UTC] PHP Warning:  Undefined property: stdClass::$statistics_retention in /home/myguest/web/myguest.click/public_html/themes/altum/views/partials/plans_plan_content.php on line 94
[06-Mar-2024 12:12:35 UTC] PHP Warning:  Undefined property: stdClass::$qr_is_enabled in /home/myguest/web/myguest.click/public_html/themes/altum/views/partials/plans_plan_content.php on line 113
[06-Mar-2024 12:12:35 UTC] PHP Warning:  Undefined property: stdClass::$qr_is_enabled in /home/myguest/web/myguest.click/public_html/themes/altum/views/partials/plans_plan_content.php on line 118
[06-Mar-2024 12:13:07 UTC] PHP Warning:  Undefined property: stdClass::$color in /home/myguest/web/myguest.click/public_html/themes/altum/views/partials/plans.php on line 53
[06-Mar-2024 12:13:07 UTC] PHP Warning:  Undefined property: stdClass::$price in /home/myguest/web/myguest.click/public_html/themes/altum/views/partials/plans.php on line 62
[06-Mar-2024 12:13:07 UTC] PHP Warning:  Undefined property: stdClass::$description in /home/myguest/web/myguest.click/public_html/themes/altum/views/partials/plans.php on line 65
[06-Mar-2024 12:13:07 UTC] PHP Warning:  Undefined property: stdClass::$statistics_retention in /home/myguest/web/myguest.click/public_html/themes/altum/views/partials/plans_plan_content.php on line 91
[06-Mar-2024 12:13:07 UTC] PHP Warning:  Undefined property: stdClass::$statistics_retention in /home/myguest/web/myguest.click/public_html/themes/altum/views/partials/plans_plan_content.php on line 91
[06-Mar-2024 12:13:07 UTC] PHP Warning:  Undefined property: stdClass::$statistics_retention in /home/myguest/web/myguest.click/public_html/themes/altum/views/partials/plans_plan_content.php on line 94
[06-Mar-2024 12:13:07 UTC] PHP Warning:  Undefined property: stdClass::$qr_is_enabled in /home/myguest/web/myguest.click/public_html/themes/altum/views/partials/plans_plan_content.php on line 113
[06-Mar-2024 12:13:07 UTC] PHP Warning:  Undefined property: stdClass::$qr_is_enabled in /home/myguest/web/myguest.click/public_html/themes/altum/views/partials/plans_plan_content.php on line 118
[06-Mar-2024 12:13:20 UTC] PHP Warning:  Undefined property: stdClass::$color in /home/myguest/web/myguest.click/public_html/themes/altum/views/partials/plans.php on line 53
[06-Mar-2024 12:13:20 UTC] PHP Warning:  Undefined property: stdClass::$price in /home/myguest/web/myguest.click/public_html/themes/altum/views/partials/plans.php on line 62
[06-Mar-2024 12:13:20 UTC] PHP Warning:  Undefined property: stdClass::$description in /home/myguest/web/myguest.click/public_html/themes/altum/views/partials/plans.php on line 65
[06-Mar-2024 12:13:20 UTC] PHP Warning:  Undefined property: stdClass::$statistics_retention in /home/myguest/web/myguest.click/public_html/themes/altum/views/partials/plans_plan_content.php on line 91
[06-Mar-2024 12:13:20 UTC] PHP Warning:  Undefined property: stdClass::$statistics_retention in /home/myguest/web/myguest.click/public_html/themes/altum/views/partials/plans_plan_content.php on line 91
[06-Mar-2024 12:13:20 UTC] PHP Warning:  Undefined property: stdClass::$statistics_retention in /home/myguest/web/myguest.click/public_html/themes/altum/views/partials/plans_plan_content.php on line 94
[06-Mar-2024 12:13:20 UTC] PHP Warning:  Undefined property: stdClass::$qr_is_enabled in /home/myguest/web/myguest.click/public_html/themes/altum/views/partials/plans_plan_content.php on line 113
[06-Mar-2024 12:13:20 UTC] PHP Warning:  Undefined property: stdClass::$qr_is_enabled in /home/myguest/web/myguest.click/public_html/themes/altum/views/partials/plans_plan_content.php on line 118
[06-Mar-2024 12:13:56 UTC] PHP Warning:  Undefined property: stdClass::$color in /home/myguest/web/myguest.click/public_html/themes/altum/views/partials/plans.php on line 53
[06-Mar-2024 12:13:56 UTC] PHP Warning:  Undefined property: stdClass::$price in /home/myguest/web/myguest.click/public_html/themes/altum/views/partials/plans.php on line 62
[06-Mar-2024 12:13:56 UTC] PHP Warning:  Undefined property: stdClass::$description in /home/myguest/web/myguest.click/public_html/themes/altum/views/partials/plans.php on line 65
[06-Mar-2024 12:13:56 UTC] PHP Warning:  Undefined property: stdClass::$statistics_retention in /home/myguest/web/myguest.click/public_html/themes/altum/views/partials/plans_plan_content.php on line 91
[06-Mar-2024 12:13:56 UTC] PHP Warning:  Undefined property: stdClass::$statistics_retention in /home/myguest/web/myguest.click/public_html/themes/altum/views/partials/plans_plan_content.php on line 91
[06-Mar-2024 12:13:56 UTC] PHP Warning:  Undefined property: stdClass::$statistics_retention in /home/myguest/web/myguest.click/public_html/themes/altum/views/partials/plans_plan_content.php on line 94
[06-Mar-2024 12:13:56 UTC] PHP Warning:  Undefined property: stdClass::$qr_is_enabled in /home/myguest/web/myguest.click/public_html/themes/altum/views/partials/plans_plan_content.php on line 113
[06-Mar-2024 12:13:56 UTC] PHP Warning:  Undefined property: stdClass::$qr_is_enabled in /home/myguest/web/myguest.click/public_html/themes/altum/views/partials/plans_plan_content.php on line 118
[06-Mar-2024 12:14:09 UTC] PHP Warning:  Undefined property: stdClass::$color in /home/myguest/web/myguest.click/public_html/themes/altum/views/partials/plans.php on line 53
[06-Mar-2024 12:14:09 UTC] PHP Warning:  Undefined property: stdClass::$price in /home/myguest/web/myguest.click/public_html/themes/altum/views/partials/plans.php on line 62
[06-Mar-2024 12:14:09 UTC] PHP Warning:  Undefined property: stdClass::$description in /home/myguest/web/myguest.click/public_html/themes/altum/views/partials/plans.php on line 65
[06-Mar-2024 12:14:09 UTC] PHP Warning:  Undefined property: stdClass::$statistics_retention in /home/myguest/web/myguest.click/public_html/themes/altum/views/partials/plans_plan_content.php on line 91
[06-Mar-2024 12:14:09 UTC] PHP Warning:  Undefined property: stdClass::$statistics_retention in /home/myguest/web/myguest.click/public_html/themes/altum/views/partials/plans_plan_content.php on line 91
[06-Mar-2024 12:14:09 UTC] PHP Warning:  Undefined property: stdClass::$statistics_retention in /home/myguest/web/myguest.click/public_html/themes/altum/views/partials/plans_plan_content.php on line 94
[06-Mar-2024 12:14:09 UTC] PHP Warning:  Undefined property: stdClass::$qr_is_enabled in /home/myguest/web/myguest.click/public_html/themes/altum/views/partials/plans_plan_content.php on line 113
[06-Mar-2024 12:14:09 UTC] PHP Warning:  Undefined property: stdClass::$qr_is_enabled in /home/myguest/web/myguest.click/public_html/themes/altum/views/partials/plans_plan_content.php on line 118
[06-Mar-2024 12:14:11 UTC] PHP Warning:  Undefined property: stdClass::$color in /home/myguest/web/myguest.click/public_html/themes/altum/views/partials/plans.php on line 53
[06-Mar-2024 12:14:11 UTC] PHP Warning:  Undefined property: stdClass::$price in /home/myguest/web/myguest.click/public_html/themes/altum/views/partials/plans.php on line 62
[06-Mar-2024 12:14:11 UTC] PHP Warning:  Undefined property: stdClass::$description in /home/myguest/web/myguest.click/public_html/themes/altum/views/partials/plans.php on line 65
[06-Mar-2024 12:14:11 UTC] PHP Warning:  Undefined property: stdClass::$statistics_retention in /home/myguest/web/myguest.click/public_html/themes/altum/views/partials/plans_plan_content.php on line 91
[06-Mar-2024 12:14:11 UTC] PHP Warning:  Undefined property: stdClass::$statistics_retention in /home/myguest/web/myguest.click/public_html/themes/altum/views/partials/plans_plan_content.php on line 91
[06-Mar-2024 12:14:11 UTC] PHP Warning:  Undefined property: stdClass::$statistics_retention in /home/myguest/web/myguest.click/public_html/themes/altum/views/partials/plans_plan_content.php on line 94
[06-Mar-2024 12:14:11 UTC] PHP Warning:  Undefined property: stdClass::$qr_is_enabled in /home/myguest/web/myguest.click/public_html/themes/altum/views/partials/plans_plan_content.php on line 113
[06-Mar-2024 12:14:11 UTC] PHP Warning:  Undefined property: stdClass::$qr_is_enabled in /home/myguest/web/myguest.click/public_html/themes/altum/views/partials/plans_plan_content.php on line 118
[06-Mar-2024 12:14:21 UTC] PHP Warning:  Undefined property: stdClass::$color in /home/myguest/web/myguest.click/public_html/themes/altum/views/partials/plans.php on line 53
[06-Mar-2024 12:14:21 UTC] PHP Warning:  Undefined property: stdClass::$price in /home/myguest/web/myguest.click/public_html/themes/altum/views/partials/plans.php on line 62
[06-Mar-2024 12:14:21 UTC] PHP Warning:  Undefined property: stdClass::$description in /home/myguest/web/myguest.click/public_html/themes/altum/views/partials/plans.php on line 65
[06-Mar-2024 12:14:21 UTC] PHP Warning:  Undefined property: stdClass::$statistics_retention in /home/myguest/web/myguest.click/public_html/themes/altum/views/partials/plans_plan_content.php on line 91
[06-Mar-2024 12:14:21 UTC] PHP Warning:  Undefined property: stdClass::$statistics_retention in /home/myguest/web/myguest.click/public_html/themes/altum/views/partials/plans_plan_content.php on line 91
[06-Mar-2024 12:14:21 UTC] PHP Warning:  Undefined property: stdClass::$statistics_retention in /home/myguest/web/myguest.click/public_html/themes/altum/views/partials/plans_plan_content.php on line 94
[06-Mar-2024 12:14:21 UTC] PHP Warning:  Undefined property: stdClass::$qr_is_enabled in /home/myguest/web/myguest.click/public_html/themes/altum/views/partials/plans_plan_content.php on line 113
[06-Mar-2024 12:14:21 UTC] PHP Warning:  Undefined property: stdClass::$qr_is_enabled in /home/myguest/web/myguest.click/public_html/themes/altum/views/partials/plans_plan_content.php on line 118
[06-Mar-2024 12:14:26 UTC] PHP Warning:  Undefined property: stdClass::$color in /home/myguest/web/myguest.click/public_html/themes/altum/views/partials/plans.php on line 53
[06-Mar-2024 12:14:26 UTC] PHP Warning:  Undefined property: stdClass::$price in /home/myguest/web/myguest.click/public_html/themes/altum/views/partials/plans.php on line 62
[06-Mar-2024 12:14:26 UTC] PHP Warning:  Undefined property: stdClass::$description in /home/myguest/web/myguest.click/public_html/themes/altum/views/partials/plans.php on line 65
[06-Mar-2024 12:14:26 UTC] PHP Warning:  Undefined property: stdClass::$statistics_retention in /home/myguest/web/myguest.click/public_html/themes/altum/views/partials/plans_plan_content.php on line 91
[06-Mar-2024 12:14:26 UTC] PHP Warning:  Undefined property: stdClass::$statistics_retention in /home/myguest/web/myguest.click/public_html/themes/altum/views/partials/plans_plan_content.php on line 91
[06-Mar-2024 12:14:26 UTC] PHP Warning:  Undefined property: stdClass::$statistics_retention in /home/myguest/web/myguest.click/public_html/themes/altum/views/partials/plans_plan_content.php on line 94
[06-Mar-2024 12:14:26 UTC] PHP Warning:  Undefined property: stdClass::$qr_is_enabled in /home/myguest/web/myguest.click/public_html/themes/altum/views/partials/plans_plan_content.php on line 113
[06-Mar-2024 12:14:26 UTC] PHP Warning:  Undefined property: stdClass::$qr_is_enabled in /home/myguest/web/myguest.click/public_html/themes/altum/views/partials/plans_plan_content.php on line 118
[06-Mar-2024 12:15:51 UTC] PHP Warning:  Undefined property: stdClass::$color in /home/myguest/web/myguest.click/public_html/themes/altum/views/partials/plans.php on line 53
[06-Mar-2024 12:15:51 UTC] PHP Warning:  Undefined property: stdClass::$price in /home/myguest/web/myguest.click/public_html/themes/altum/views/partials/plans.php on line 62
[06-Mar-2024 12:15:51 UTC] PHP Warning:  Undefined property: stdClass::$description in /home/myguest/web/myguest.click/public_html/themes/altum/views/partials/plans.php on line 65
[06-Mar-2024 12:15:51 UTC] PHP Warning:  Undefined property: stdClass::$statistics_retention in /home/myguest/web/myguest.click/public_html/themes/altum/views/partials/plans_plan_content.php on line 91
[06-Mar-2024 12:15:51 UTC] PHP Warning:  Undefined property: stdClass::$statistics_retention in /home/myguest/web/myguest.click/public_html/themes/altum/views/partials/plans_plan_content.php on line 91
[06-Mar-2024 12:15:51 UTC] PHP Warning:  Undefined property: stdClass::$statistics_retention in /home/myguest/web/myguest.click/public_html/themes/altum/views/partials/plans_plan_content.php on line 94
[06-Mar-2024 12:15:51 UTC] PHP Warning:  Undefined property: stdClass::$qr_is_enabled in /home/myguest/web/myguest.click/public_html/themes/altum/views/partials/plans_plan_content.php on line 113
[06-Mar-2024 12:15:51 UTC] PHP Warning:  Undefined property: stdClass::$qr_is_enabled in /home/myguest/web/myguest.click/public_html/themes/altum/views/partials/plans_plan_content.php on line 118
[06-Mar-2024 12:16:11 UTC] PHP Warning:  Undefined property: stdClass::$color in /home/myguest/web/myguest.click/public_html/themes/altum/views/partials/plans.php on line 53
[06-Mar-2024 12:16:11 UTC] PHP Warning:  Undefined property: stdClass::$price in /home/myguest/web/myguest.click/public_html/themes/altum/views/partials/plans.php on line 62
[06-Mar-2024 12:16:11 UTC] PHP Warning:  Undefined property: stdClass::$description in /home/myguest/web/myguest.click/public_html/themes/altum/views/partials/plans.php on line 65
[06-Mar-2024 12:16:11 UTC] PHP Warning:  Undefined property: stdClass::$statistics_retention in /home/myguest/web/myguest.click/public_html/themes/altum/views/partials/plans_plan_content.php on line 91
[06-Mar-2024 12:16:11 UTC] PHP Warning:  Undefined property: stdClass::$statistics_retention in /home/myguest/web/myguest.click/public_html/themes/altum/views/partials/plans_plan_content.php on line 91
[06-Mar-2024 12:16:11 UTC] PHP Warning:  Undefined property: stdClass::$statistics_retention in /home/myguest/web/myguest.click/public_html/themes/altum/views/partials/plans_plan_content.php on line 94
[06-Mar-2024 12:16:11 UTC] PHP Warning:  Undefined property: stdClass::$qr_is_enabled in /home/myguest/web/myguest.click/public_html/themes/altum/views/partials/plans_plan_content.php on line 113
[06-Mar-2024 12:16:11 UTC] PHP Warning:  Undefined property: stdClass::$qr_is_enabled in /home/myguest/web/myguest.click/public_html/themes/altum/views/partials/plans_plan_content.php on line 118
[06-Mar-2024 12:19:21 UTC] PHP Warning:  Undefined property: stdClass::$color in /home/myguest/web/myguest.click/public_html/themes/altum/views/partials/plans.php on line 53
[06-Mar-2024 12:19:21 UTC] PHP Warning:  Undefined property: stdClass::$price in /home/myguest/web/myguest.click/public_html/themes/altum/views/partials/plans.php on line 62
[06-Mar-2024 12:19:21 UTC] PHP Warning:  Undefined property: stdClass::$description in /home/myguest/web/myguest.click/public_html/themes/altum/views/partials/plans.php on line 65
[06-Mar-2024 12:19:21 UTC] PHP Warning:  Undefined property: stdClass::$statistics_retention in /home/myguest/web/myguest.click/public_html/themes/altum/views/partials/plans_plan_content.php on line 91
[06-Mar-2024 12:19:21 UTC] PHP Warning:  Undefined property: stdClass::$statistics_retention in /home/myguest/web/myguest.click/public_html/themes/altum/views/partials/plans_plan_content.php on line 91
[06-Mar-2024 12:19:21 UTC] PHP Warning:  Undefined property: stdClass::$statistics_retention in /home/myguest/web/myguest.click/public_html/themes/altum/views/partials/plans_plan_content.php on line 94
[06-Mar-2024 12:19:21 UTC] PHP Warning:  Undefined property: stdClass::$qr_is_enabled in /home/myguest/web/myguest.click/public_html/themes/altum/views/partials/plans_plan_content.php on line 113
[06-Mar-2024 12:19:21 UTC] PHP Warning:  Undefined property: stdClass::$qr_is_enabled in /home/myguest/web/myguest.click/public_html/themes/altum/views/partials/plans_plan_content.php on line 118
[06-Mar-2024 12:36:00 UTC] PHP Warning:  Undefined property: stdClass::$color in /home/myguest/web/myguest.click/public_html/themes/altum/views/partials/plans.php on line 53
[06-Mar-2024 12:36:00 UTC] PHP Warning:  Undefined property: stdClass::$price in /home/myguest/web/myguest.click/public_html/themes/altum/views/partials/plans.php on line 62
[06-Mar-2024 12:36:00 UTC] PHP Warning:  Undefined property: stdClass::$description in /home/myguest/web/myguest.click/public_html/themes/altum/views/partials/plans.php on line 65
[06-Mar-2024 12:36:00 UTC] PHP Warning:  Undefined property: stdClass::$statistics_retention in /home/myguest/web/myguest.click/public_html/themes/altum/views/partials/plans_plan_content.php on line 91
[06-Mar-2024 12:36:00 UTC] PHP Warning:  Undefined property: stdClass::$statistics_retention in /home/myguest/web/myguest.click/public_html/themes/altum/views/partials/plans_plan_content.php on line 91
[06-Mar-2024 12:36:00 UTC] PHP Warning:  Undefined property: stdClass::$statistics_retention in /home/myguest/web/myguest.click/public_html/themes/altum/views/partials/plans_plan_content.php on line 94
[06-Mar-2024 12:36:00 UTC] PHP Warning:  Undefined property: stdClass::$qr_is_enabled in /home/myguest/web/myguest.click/public_html/themes/altum/views/partials/plans_plan_content.php on line 113
[06-Mar-2024 12:36:00 UTC] PHP Warning:  Undefined property: stdClass::$qr_is_enabled in /home/myguest/web/myguest.click/public_html/themes/altum/views/partials/plans_plan_content.php on line 118
[06-Mar-2024 13:11:28 UTC] PHP Warning:  Undefined array key "paypal_is_enabled" in /home/myguest/web/myguest.click/public_html/app/controllers/StoreUpdate.php on line 72
[06-Mar-2024 13:11:28 UTC] PHP Warning:  Undefined array key "stripe_is_enabled" in /home/myguest/web/myguest.click/public_html/app/controllers/StoreUpdate.php on line 76
[06-Mar-2024 13:11:28 UTC] PHP Warning:  Undefined array key "mollie_is_enabled" in /home/myguest/web/myguest.click/public_html/app/controllers/StoreUpdate.php on line 80
[06-Mar-2024 13:11:28 UTC] PHP Warning:  Undefined array key "offline_payment_is_enabled" in /home/myguest/web/myguest.click/public_html/app/controllers/StoreUpdate.php on line 82
[06-Mar-2024 13:33:32 UTC] PHP Warning:  Undefined property: stdClass::$color in /home/myguest/web/myguest.click/public_html/themes/altum/views/partials/plans.php on line 53
[06-Mar-2024 13:33:32 UTC] PHP Warning:  Undefined property: stdClass::$price in /home/myguest/web/myguest.click/public_html/themes/altum/views/partials/plans.php on line 62
[06-Mar-2024 13:33:32 UTC] PHP Warning:  Undefined property: stdClass::$description in /home/myguest/web/myguest.click/public_html/themes/altum/views/partials/plans.php on line 65
[06-Mar-2024 13:33:32 UTC] PHP Warning:  Undefined property: stdClass::$statistics_retention in /home/myguest/web/myguest.click/public_html/themes/altum/views/partials/plans_plan_content.php on line 91
[06-Mar-2024 13:33:32 UTC] PHP Warning:  Undefined property: stdClass::$statistics_retention in /home/myguest/web/myguest.click/public_html/themes/altum/views/partials/plans_plan_content.php on line 91
[06-Mar-2024 13:33:32 UTC] PHP Warning:  Undefined property: stdClass::$statistics_retention in /home/myguest/web/myguest.click/public_html/themes/altum/views/partials/plans_plan_content.php on line 94
[06-Mar-2024 13:33:32 UTC] PHP Warning:  Undefined property: stdClass::$qr_is_enabled in /home/myguest/web/myguest.click/public_html/themes/altum/views/partials/plans_plan_content.php on line 113
[06-Mar-2024 13:33:32 UTC] PHP Warning:  Undefined property: stdClass::$qr_is_enabled in /home/myguest/web/myguest.click/public_html/themes/altum/views/partials/plans_plan_content.php on line 118
[06-Mar-2024 13:34:39 UTC] PHP Warning:  Undefined property: stdClass::$color in /home/myguest/web/myguest.click/public_html/themes/altum/views/partials/plans.php on line 53
[06-Mar-2024 13:34:39 UTC] PHP Warning:  Undefined property: stdClass::$price in /home/myguest/web/myguest.click/public_html/themes/altum/views/partials/plans.php on line 62
[06-Mar-2024 13:34:39 UTC] PHP Warning:  Undefined property: stdClass::$description in /home/myguest/web/myguest.click/public_html/themes/altum/views/partials/plans.php on line 65
[06-Mar-2024 13:34:39 UTC] PHP Warning:  Undefined property: stdClass::$statistics_retention in /home/myguest/web/myguest.click/public_html/themes/altum/views/partials/plans_plan_content.php on line 91
[06-Mar-2024 13:34:39 UTC] PHP Warning:  Undefined property: stdClass::$statistics_retention in /home/myguest/web/myguest.click/public_html/themes/altum/views/partials/plans_plan_content.php on line 91
[06-Mar-2024 13:34:39 UTC] PHP Warning:  Undefined property: stdClass::$statistics_retention in /home/myguest/web/myguest.click/public_html/themes/altum/views/partials/plans_plan_content.php on line 94
[06-Mar-2024 13:34:39 UTC] PHP Warning:  Undefined property: stdClass::$qr_is_enabled in /home/myguest/web/myguest.click/public_html/themes/altum/views/partials/plans_plan_content.php on line 113
[06-Mar-2024 13:34:39 UTC] PHP Warning:  Undefined property: stdClass::$qr_is_enabled in /home/myguest/web/myguest.click/public_html/themes/altum/views/partials/plans_plan_content.php on line 118
[06-Mar-2024 14:00:43 UTC] PHP Warning:  Undefined property: stdClass::$color in /home/myguest/web/myguest.click/public_html/themes/altum/views/partials/plans.php on line 53
[06-Mar-2024 14:00:43 UTC] PHP Warning:  Undefined property: stdClass::$price in /home/myguest/web/myguest.click/public_html/themes/altum/views/partials/plans.php on line 62
[06-Mar-2024 14:00:43 UTC] PHP Warning:  Undefined property: stdClass::$description in /home/myguest/web/myguest.click/public_html/themes/altum/views/partials/plans.php on line 65
[06-Mar-2024 14:00:43 UTC] PHP Warning:  Undefined property: stdClass::$statistics_retention in /home/myguest/web/myguest.click/public_html/themes/altum/views/partials/plans_plan_content.php on line 91
[06-Mar-2024 14:00:43 UTC] PHP Warning:  Undefined property: stdClass::$statistics_retention in /home/myguest/web/myguest.click/public_html/themes/altum/views/partials/plans_plan_content.php on line 91
[06-Mar-2024 14:00:43 UTC] PHP Warning:  Undefined property: stdClass::$statistics_retention in /home/myguest/web/myguest.click/public_html/themes/altum/views/partials/plans_plan_content.php on line 94
[06-Mar-2024 14:00:43 UTC] PHP Warning:  Undefined property: stdClass::$qr_is_enabled in /home/myguest/web/myguest.click/public_html/themes/altum/views/partials/plans_plan_content.php on line 113
[06-Mar-2024 14:00:43 UTC] PHP Warning:  Undefined property: stdClass::$qr_is_enabled in /home/myguest/web/myguest.click/public_html/themes/altum/views/partials/plans_plan_content.php on line 118
[06-Mar-2024 14:12:30 UTC] PHP Warning:  Undefined property: stdClass::$color in /home/myguest/web/myguest.click/public_html/themes/altum/views/partials/plans.php on line 53
[06-Mar-2024 14:12:30 UTC] PHP Warning:  Undefined property: stdClass::$price in /home/myguest/web/myguest.click/public_html/themes/altum/views/partials/plans.php on line 62
[06-Mar-2024 14:12:30 UTC] PHP Warning:  Undefined property: stdClass::$description in /home/myguest/web/myguest.click/public_html/themes/altum/views/partials/plans.php on line 65
[06-Mar-2024 14:12:30 UTC] PHP Warning:  Undefined property: stdClass::$statistics_retention in /home/myguest/web/myguest.click/public_html/themes/altum/views/partials/plans_plan_content.php on line 91
[06-Mar-2024 14:12:30 UTC] PHP Warning:  Undefined property: stdClass::$statistics_retention in /home/myguest/web/myguest.click/public_html/themes/altum/views/partials/plans_plan_content.php on line 91
[06-Mar-2024 14:12:30 UTC] PHP Warning:  Undefined property: stdClass::$statistics_retention in /home/myguest/web/myguest.click/public_html/themes/altum/views/partials/plans_plan_content.php on line 94
[06-Mar-2024 14:12:30 UTC] PHP Warning:  Undefined property: stdClass::$qr_is_enabled in /home/myguest/web/myguest.click/public_html/themes/altum/views/partials/plans_plan_content.php on line 113
[06-Mar-2024 14:12:30 UTC] PHP Warning:  Undefined property: stdClass::$qr_is_enabled in /home/myguest/web/myguest.click/public_html/themes/altum/views/partials/plans_plan_content.php on line 118
[06-Mar-2024 14:12:47 UTC] PHP Warning:  Undefined property: stdClass::$color in /home/myguest/web/myguest.click/public_html/themes/altum/views/partials/plans.php on line 53
[06-Mar-2024 14:12:47 UTC] PHP Warning:  Undefined property: stdClass::$price in /home/myguest/web/myguest.click/public_html/themes/altum/views/partials/plans.php on line 62
[06-Mar-2024 14:12:47 UTC] PHP Warning:  Undefined property: stdClass::$description in /home/myguest/web/myguest.click/public_html/themes/altum/views/partials/plans.php on line 65
[06-Mar-2024 14:12:47 UTC] PHP Warning:  Undefined property: stdClass::$statistics_retention in /home/myguest/web/myguest.click/public_html/themes/altum/views/partials/plans_plan_content.php on line 91
[06-Mar-2024 14:12:47 UTC] PHP Warning:  Undefined property: stdClass::$statistics_retention in /home/myguest/web/myguest.click/public_html/themes/altum/views/partials/plans_plan_content.php on line 91
[06-Mar-2024 14:12:47 UTC] PHP Warning:  Undefined property: stdClass::$statistics_retention in /home/myguest/web/myguest.click/public_html/themes/altum/views/partials/plans_plan_content.php on line 94
[06-Mar-2024 14:12:47 UTC] PHP Warning:  Undefined property: stdClass::$qr_is_enabled in /home/myguest/web/myguest.click/public_html/themes/altum/views/partials/plans_plan_content.php on line 113
[06-Mar-2024 14:12:47 UTC] PHP Warning:  Undefined property: stdClass::$qr_is_enabled in /home/myguest/web/myguest.click/public_html/themes/altum/views/partials/plans_plan_content.php on line 118
[06-Mar-2024 14:14:15 UTC] PHP Warning:  Undefined property: stdClass::$color in /home/myguest/web/myguest.click/public_html/themes/altum/views/partials/plans.php on line 53
[06-Mar-2024 14:14:15 UTC] PHP Warning:  Undefined property: stdClass::$price in /home/myguest/web/myguest.click/public_html/themes/altum/views/partials/plans.php on line 62
[06-Mar-2024 14:14:15 UTC] PHP Warning:  Undefined property: stdClass::$description in /home/myguest/web/myguest.click/public_html/themes/altum/views/partials/plans.php on line 65
[06-Mar-2024 14:14:15 UTC] PHP Warning:  Undefined property: stdClass::$statistics_retention in /home/myguest/web/myguest.click/public_html/themes/altum/views/partials/plans_plan_content.php on line 91
[06-Mar-2024 14:14:15 UTC] PHP Warning:  Undefined property: stdClass::$statistics_retention in /home/myguest/web/myguest.click/public_html/themes/altum/views/partials/plans_plan_content.php on line 91
[06-Mar-2024 14:14:15 UTC] PHP Warning:  Undefined property: stdClass::$statistics_retention in /home/myguest/web/myguest.click/public_html/themes/altum/views/partials/plans_plan_content.php on line 94
[06-Mar-2024 14:14:15 UTC] PHP Warning:  Undefined property: stdClass::$qr_is_enabled in /home/myguest/web/myguest.click/public_html/themes/altum/views/partials/plans_plan_content.php on line 113
[06-Mar-2024 14:14:15 UTC] PHP Warning:  Undefined property: stdClass::$qr_is_enabled in /home/myguest/web/myguest.click/public_html/themes/altum/views/partials/plans_plan_content.php on line 118
[06-Mar-2024 14:17:25 UTC] PHP Warning:  Undefined property: stdClass::$color in /home/myguest/web/myguest.click/public_html/themes/altum/views/partials/plans.php on line 53
[06-Mar-2024 14:17:25 UTC] PHP Warning:  Undefined property: stdClass::$price in /home/myguest/web/myguest.click/public_html/themes/altum/views/partials/plans.php on line 62
[06-Mar-2024 14:17:25 UTC] PHP Warning:  Undefined property: stdClass::$description in /home/myguest/web/myguest.click/public_html/themes/altum/views/partials/plans.php on line 65
[06-Mar-2024 14:17:25 UTC] PHP Warning:  Undefined property: stdClass::$statistics_retention in /home/myguest/web/myguest.click/public_html/themes/altum/views/partials/plans_plan_content.php on line 91
[06-Mar-2024 14:17:25 UTC] PHP Warning:  Undefined property: stdClass::$statistics_retention in /home/myguest/web/myguest.click/public_html/themes/altum/views/partials/plans_plan_content.php on line 91
[06-Mar-2024 14:17:25 UTC] PHP Warning:  Undefined property: stdClass::$statistics_retention in /home/myguest/web/myguest.click/public_html/themes/altum/views/partials/plans_plan_content.php on line 94
[06-Mar-2024 14:17:25 UTC] PHP Warning:  Undefined property: stdClass::$qr_is_enabled in /home/myguest/web/myguest.click/public_html/themes/altum/views/partials/plans_plan_content.php on line 113
[06-Mar-2024 14:17:25 UTC] PHP Warning:  Undefined property: stdClass::$qr_is_enabled in /home/myguest/web/myguest.click/public_html/themes/altum/views/partials/plans_plan_content.php on line 118
[06-Mar-2024 14:17:28 UTC] PHP Warning:  Undefined property: stdClass::$color in /home/myguest/web/myguest.click/public_html/themes/altum/views/partials/plans.php on line 53
[06-Mar-2024 14:17:28 UTC] PHP Warning:  Undefined property: stdClass::$price in /home/myguest/web/myguest.click/public_html/themes/altum/views/partials/plans.php on line 62
[06-Mar-2024 14:17:28 UTC] PHP Warning:  Undefined property: stdClass::$description in /home/myguest/web/myguest.click/public_html/themes/altum/views/partials/plans.php on line 65
[06-Mar-2024 14:17:28 UTC] PHP Warning:  Undefined property: stdClass::$statistics_retention in /home/myguest/web/myguest.click/public_html/themes/altum/views/partials/plans_plan_content.php on line 91
[06-Mar-2024 14:17:28 UTC] PHP Warning:  Undefined property: stdClass::$statistics_retention in /home/myguest/web/myguest.click/public_html/themes/altum/views/partials/plans_plan_content.php on line 91
[06-Mar-2024 14:17:28 UTC] PHP Warning:  Undefined property: stdClass::$statistics_retention in /home/myguest/web/myguest.click/public_html/themes/altum/views/partials/plans_plan_content.php on line 94
[06-Mar-2024 14:17:28 UTC] PHP Warning:  Undefined property: stdClass::$qr_is_enabled in /home/myguest/web/myguest.click/public_html/themes/altum/views/partials/plans_plan_content.php on line 113
[06-Mar-2024 14:17:28 UTC] PHP Warning:  Undefined property: stdClass::$qr_is_enabled in /home/myguest/web/myguest.click/public_html/themes/altum/views/partials/plans_plan_content.php on line 118
[06-Mar-2024 14:17:35 UTC] PHP Warning:  Undefined property: stdClass::$notes in /home/myguest/web/myguest.click/public_html/themes/altum/views/account/index.php on line 183
[06-Mar-2024 14:20:13 UTC] PHP Warning:  Undefined property: stdClass::$color in /home/myguest/web/myguest.click/public_html/themes/altum/views/partials/plans.php on line 53
[06-Mar-2024 14:20:13 UTC] PHP Warning:  Undefined property: stdClass::$price in /home/myguest/web/myguest.click/public_html/themes/altum/views/partials/plans.php on line 62
[06-Mar-2024 14:20:13 UTC] PHP Warning:  Undefined property: stdClass::$description in /home/myguest/web/myguest.click/public_html/themes/altum/views/partials/plans.php on line 65
[06-Mar-2024 14:20:13 UTC] PHP Warning:  Undefined property: stdClass::$statistics_retention in /home/myguest/web/myguest.click/public_html/themes/altum/views/partials/plans_plan_content.php on line 91
[06-Mar-2024 14:20:13 UTC] PHP Warning:  Undefined property: stdClass::$statistics_retention in /home/myguest/web/myguest.click/public_html/themes/altum/views/partials/plans_plan_content.php on line 91
[06-Mar-2024 14:20:13 UTC] PHP Warning:  Undefined property: stdClass::$statistics_retention in /home/myguest/web/myguest.click/public_html/themes/altum/views/partials/plans_plan_content.php on line 94
[06-Mar-2024 14:20:13 UTC] PHP Warning:  Undefined property: stdClass::$qr_is_enabled in /home/myguest/web/myguest.click/public_html/themes/altum/views/partials/plans_plan_content.php on line 113
[06-Mar-2024 14:20:13 UTC] PHP Warning:  Undefined property: stdClass::$qr_is_enabled in /home/myguest/web/myguest.click/public_html/themes/altum/views/partials/plans_plan_content.php on line 118
[06-Mar-2024 14:20:16 UTC] PHP Warning:  Undefined array key "paypal_is_enabled" in /home/myguest/web/myguest.click/public_html/app/controllers/StoreUpdate.php on line 72
[06-Mar-2024 14:20:16 UTC] PHP Warning:  Undefined array key "stripe_is_enabled" in /home/myguest/web/myguest.click/public_html/app/controllers/StoreUpdate.php on line 76
[06-Mar-2024 14:20:16 UTC] PHP Warning:  Undefined array key "mollie_is_enabled" in /home/myguest/web/myguest.click/public_html/app/controllers/StoreUpdate.php on line 80
[06-Mar-2024 14:20:16 UTC] PHP Warning:  Undefined array key "offline_payment_is_enabled" in /home/myguest/web/myguest.click/public_html/app/controllers/StoreUpdate.php on line 82
[06-Mar-2024 14:20:17 UTC] PHP Warning:  Undefined property: stdClass::$color in /home/myguest/web/myguest.click/public_html/themes/altum/views/partials/plans.php on line 53
[06-Mar-2024 14:20:17 UTC] PHP Warning:  Undefined property: stdClass::$price in /home/myguest/web/myguest.click/public_html/themes/altum/views/partials/plans.php on line 62
[06-Mar-2024 14:20:17 UTC] PHP Warning:  Undefined property: stdClass::$description in /home/myguest/web/myguest.click/public_html/themes/altum/views/partials/plans.php on line 65
[06-Mar-2024 14:20:17 UTC] PHP Warning:  Undefined property: stdClass::$statistics_retention in /home/myguest/web/myguest.click/public_html/themes/altum/views/partials/plans_plan_content.php on line 91
[06-Mar-2024 14:20:17 UTC] PHP Warning:  Undefined property: stdClass::$statistics_retention in /home/myguest/web/myguest.click/public_html/themes/altum/views/partials/plans_plan_content.php on line 91
[06-Mar-2024 14:20:17 UTC] PHP Warning:  Undefined property: stdClass::$statistics_retention in /home/myguest/web/myguest.click/public_html/themes/altum/views/partials/plans_plan_content.php on line 94
[06-Mar-2024 14:20:17 UTC] PHP Warning:  Undefined property: stdClass::$qr_is_enabled in /home/myguest/web/myguest.click/public_html/themes/altum/views/partials/plans_plan_content.php on line 113
[06-Mar-2024 14:20:17 UTC] PHP Warning:  Undefined property: stdClass::$qr_is_enabled in /home/myguest/web/myguest.click/public_html/themes/altum/views/partials/plans_plan_content.php on line 118
[06-Mar-2024 14:20:20 UTC] PHP Warning:  Undefined property: stdClass::$notes in /home/myguest/web/myguest.click/public_html/themes/altum/views/account/index.php on line 183
[06-Mar-2024 14:20:50 UTC] PHP Warning:  Attempt to read property "on_premise_is_enabled" on null in /home/myguest/web/myguest.click/public_html/app/controllers/s/Store.php on line 201
[06-Mar-2024 14:20:50 UTC] PHP Warning:  Attempt to read property "takeaway_is_enabled" on null in /home/myguest/web/myguest.click/public_html/app/controllers/s/Store.php on line 201
[06-Mar-2024 14:20:50 UTC] PHP Warning:  Attempt to read property "delivery_is_enabled" on null in /home/myguest/web/myguest.click/public_html/app/controllers/s/Store.php on line 201
[06-Mar-2024 14:20:50 UTC] PHP Warning:  Attempt to read property "facebook" on null in /home/myguest/web/myguest.click/public_html/themes/altum/views/s/partials/footer.php on line 33
[06-Mar-2024 14:20:50 UTC] PHP Warning:  Attempt to read property "instagram" on null in /home/myguest/web/myguest.click/public_html/themes/altum/views/s/partials/footer.php on line 33
[06-Mar-2024 14:20:50 UTC] PHP Warning:  Attempt to read property "x" on null in /home/myguest/web/myguest.click/public_html/themes/altum/views/s/partials/footer.php on line 33
[06-Mar-2024 14:20:55 UTC] PHP Warning:  Attempt to read property "on_premise_is_enabled" on null in /home/myguest/web/myguest.click/public_html/app/controllers/s/Store.php on line 201
[06-Mar-2024 14:20:55 UTC] PHP Warning:  Attempt to read property "takeaway_is_enabled" on null in /home/myguest/web/myguest.click/public_html/app/controllers/s/Store.php on line 201
[06-Mar-2024 14:20:55 UTC] PHP Warning:  Attempt to read property "delivery_is_enabled" on null in /home/myguest/web/myguest.click/public_html/app/controllers/s/Store.php on line 201
[06-Mar-2024 14:20:55 UTC] PHP Warning:  Attempt to read property "facebook" on null in /home/myguest/web/myguest.click/public_html/themes/altum/views/s/partials/footer.php on line 33
[06-Mar-2024 14:20:55 UTC] PHP Warning:  Attempt to read property "instagram" on null in /home/myguest/web/myguest.click/public_html/themes/altum/views/s/partials/footer.php on line 33
[06-Mar-2024 14:20:55 UTC] PHP Warning:  Attempt to read property "x" on null in /home/myguest/web/myguest.click/public_html/themes/altum/views/s/partials/footer.php on line 33
[06-Mar-2024 14:23:55 UTC] PHP Warning:  Undefined array key "paypal_is_enabled" in /home/myguest/web/myguest.click/public_html/app/controllers/StoreUpdate.php on line 72
[06-Mar-2024 14:23:55 UTC] PHP Warning:  Undefined array key "stripe_is_enabled" in /home/myguest/web/myguest.click/public_html/app/controllers/StoreUpdate.php on line 76
[06-Mar-2024 14:23:55 UTC] PHP Warning:  Undefined array key "mollie_is_enabled" in /home/myguest/web/myguest.click/public_html/app/controllers/StoreUpdate.php on line 80
[06-Mar-2024 14:23:55 UTC] PHP Warning:  Undefined array key "offline_payment_is_enabled" in /home/myguest/web/myguest.click/public_html/app/controllers/StoreUpdate.php on line 82
[06-Mar-2024 14:25:29 UTC] PHP Warning:  Undefined property: stdClass::$color in /home/myguest/web/myguest.click/public_html/themes/altum/views/partials/plans.php on line 53
[06-Mar-2024 14:25:29 UTC] PHP Warning:  Undefined property: stdClass::$price in /home/myguest/web/myguest.click/public_html/themes/altum/views/partials/plans.php on line 62
[06-Mar-2024 14:25:29 UTC] PHP Warning:  Undefined property: stdClass::$description in /home/myguest/web/myguest.click/public_html/themes/altum/views/partials/plans.php on line 65
[06-Mar-2024 14:25:29 UTC] PHP Warning:  Undefined property: stdClass::$statistics_retention in /home/myguest/web/myguest.click/public_html/themes/altum/views/partials/plans_plan_content.php on line 91
[06-Mar-2024 14:25:29 UTC] PHP Warning:  Undefined property: stdClass::$statistics_retention in /home/myguest/web/myguest.click/public_html/themes/altum/views/partials/plans_plan_content.php on line 91
[06-Mar-2024 14:25:29 UTC] PHP Warning:  Undefined property: stdClass::$statistics_retention in /home/myguest/web/myguest.click/public_html/themes/altum/views/partials/plans_plan_content.php on line 94
[06-Mar-2024 14:25:29 UTC] PHP Warning:  Undefined property: stdClass::$qr_is_enabled in /home/myguest/web/myguest.click/public_html/themes/altum/views/partials/plans_plan_content.php on line 113
[06-Mar-2024 14:25:29 UTC] PHP Warning:  Undefined property: stdClass::$qr_is_enabled in /home/myguest/web/myguest.click/public_html/themes/altum/views/partials/plans_plan_content.php on line 118
[06-Mar-2024 14:28:05 UTC] PHP Warning:  Undefined array key "paypal_is_enabled" in /home/myguest/web/myguest.click/public_html/app/controllers/StoreUpdate.php on line 72
[06-Mar-2024 14:28:05 UTC] PHP Warning:  Undefined array key "stripe_is_enabled" in /home/myguest/web/myguest.click/public_html/app/controllers/StoreUpdate.php on line 76
[06-Mar-2024 14:28:05 UTC] PHP Warning:  Undefined array key "mollie_is_enabled" in /home/myguest/web/myguest.click/public_html/app/controllers/StoreUpdate.php on line 80
[06-Mar-2024 14:28:05 UTC] PHP Warning:  Undefined array key "offline_payment_is_enabled" in /home/myguest/web/myguest.click/public_html/app/controllers/StoreUpdate.php on line 82
[06-Mar-2024 14:31:17 UTC] PHP Warning:  Undefined array key "paypal_is_enabled" in /home/myguest/web/myguest.click/public_html/app/controllers/StoreUpdate.php on line 72
[06-Mar-2024 14:31:17 UTC] PHP Warning:  Undefined array key "stripe_is_enabled" in /home/myguest/web/myguest.click/public_html/app/controllers/StoreUpdate.php on line 76
[06-Mar-2024 14:31:17 UTC] PHP Warning:  Undefined array key "mollie_is_enabled" in /home/myguest/web/myguest.click/public_html/app/controllers/StoreUpdate.php on line 80
[06-Mar-2024 14:31:17 UTC] PHP Warning:  Undefined array key "offline_payment_is_enabled" in /home/myguest/web/myguest.click/public_html/app/controllers/StoreUpdate.php on line 82
[06-Mar-2024 14:33:55 UTC] PHP Warning:  Undefined array key "teams_limit" in /home/myguest/web/myguest.click/public_html/app/controllers/admin/AdminPlanUpdate.php on line 77
[06-Mar-2024 14:33:55 UTC] PHP Warning:  Undefined array key "team_members_limit" in /home/myguest/web/myguest.click/public_html/app/controllers/admin/AdminPlanUpdate.php on line 78
[06-Mar-2024 14:33:55 UTC] PHP Warning:  Undefined array key "affiliate_commission_percentage" in /home/myguest/web/myguest.click/public_html/app/controllers/admin/AdminPlanUpdate.php on line 93
[06-Mar-2024 14:35:08 UTC] PHP Warning:  Undefined array key "teams_limit" in /home/myguest/web/myguest.click/public_html/app/controllers/admin/AdminPlanUpdate.php on line 77
[06-Mar-2024 14:35:08 UTC] PHP Warning:  Undefined array key "team_members_limit" in /home/myguest/web/myguest.click/public_html/app/controllers/admin/AdminPlanUpdate.php on line 78
[06-Mar-2024 14:35:08 UTC] PHP Warning:  Undefined array key "affiliate_commission_percentage" in /home/myguest/web/myguest.click/public_html/app/controllers/admin/AdminPlanUpdate.php on line 93
[06-Mar-2024 14:35:34 UTC] PHP Warning:  Undefined property: stdClass::$color in /home/myguest/web/myguest.click/public_html/themes/altum/views/partials/plans.php on line 53
[06-Mar-2024 14:35:34 UTC] PHP Warning:  Undefined property: stdClass::$price in /home/myguest/web/myguest.click/public_html/themes/altum/views/partials/plans.php on line 62
[06-Mar-2024 14:35:34 UTC] PHP Warning:  Undefined property: stdClass::$description in /home/myguest/web/myguest.click/public_html/themes/altum/views/partials/plans.php on line 65
[06-Mar-2024 14:35:34 UTC] PHP Warning:  Undefined property: stdClass::$statistics_retention in /home/myguest/web/myguest.click/public_html/themes/altum/views/partials/plans_plan_content.php on line 91
[06-Mar-2024 14:35:34 UTC] PHP Warning:  Undefined property: stdClass::$statistics_retention in /home/myguest/web/myguest.click/public_html/themes/altum/views/partials/plans_plan_content.php on line 91
[06-Mar-2024 14:35:34 UTC] PHP Warning:  Undefined property: stdClass::$statistics_retention in /home/myguest/web/myguest.click/public_html/themes/altum/views/partials/plans_plan_content.php on line 94
[06-Mar-2024 14:35:34 UTC] PHP Warning:  Undefined property: stdClass::$qr_is_enabled in /home/myguest/web/myguest.click/public_html/themes/altum/views/partials/plans_plan_content.php on line 113
[06-Mar-2024 14:35:34 UTC] PHP Warning:  Undefined property: stdClass::$qr_is_enabled in /home/myguest/web/myguest.click/public_html/themes/altum/views/partials/plans_plan_content.php on line 118
[06-Mar-2024 14:36:00 UTC] PHP Warning:  Undefined array key "teams_limit" in /home/myguest/web/myguest.click/public_html/app/controllers/admin/AdminPlanUpdate.php on line 77
[06-Mar-2024 14:36:00 UTC] PHP Warning:  Undefined array key "team_members_limit" in /home/myguest/web/myguest.click/public_html/app/controllers/admin/AdminPlanUpdate.php on line 78
[06-Mar-2024 14:36:00 UTC] PHP Warning:  Undefined array key "affiliate_commission_percentage" in /home/myguest/web/myguest.click/public_html/app/controllers/admin/AdminPlanUpdate.php on line 93
[06-Mar-2024 14:36:49 UTC] PHP Warning:  Undefined array key "teams_limit" in /home/myguest/web/myguest.click/public_html/app/controllers/admin/AdminPlanUpdate.php on line 77
[06-Mar-2024 14:36:49 UTC] PHP Warning:  Undefined array key "team_members_limit" in /home/myguest/web/myguest.click/public_html/app/controllers/admin/AdminPlanUpdate.php on line 78
[06-Mar-2024 14:36:49 UTC] PHP Warning:  Undefined array key "affiliate_commission_percentage" in /home/myguest/web/myguest.click/public_html/app/controllers/admin/AdminPlanUpdate.php on line 93
[06-Mar-2024 14:36:53 UTC] PHP Warning:  Undefined property: stdClass::$color in /home/myguest/web/myguest.click/public_html/themes/altum/views/partials/plans.php on line 53
[06-Mar-2024 14:36:53 UTC] PHP Warning:  Undefined property: stdClass::$price in /home/myguest/web/myguest.click/public_html/themes/altum/views/partials/plans.php on line 62
[06-Mar-2024 14:36:53 UTC] PHP Warning:  Undefined property: stdClass::$description in /home/myguest/web/myguest.click/public_html/themes/altum/views/partials/plans.php on line 65
[06-Mar-2024 14:36:53 UTC] PHP Warning:  Undefined property: stdClass::$statistics_retention in /home/myguest/web/myguest.click/public_html/themes/altum/views/partials/plans_plan_content.php on line 91
[06-Mar-2024 14:36:53 UTC] PHP Warning:  Undefined property: stdClass::$statistics_retention in /home/myguest/web/myguest.click/public_html/themes/altum/views/partials/plans_plan_content.php on line 91
[06-Mar-2024 14:36:53 UTC] PHP Warning:  Undefined property: stdClass::$statistics_retention in /home/myguest/web/myguest.click/public_html/themes/altum/views/partials/plans_plan_content.php on line 94
[06-Mar-2024 14:36:53 UTC] PHP Warning:  Undefined property: stdClass::$qr_is_enabled in /home/myguest/web/myguest.click/public_html/themes/altum/views/partials/plans_plan_content.php on line 113
[06-Mar-2024 14:36:53 UTC] PHP Warning:  Undefined property: stdClass::$qr_is_enabled in /home/myguest/web/myguest.click/public_html/themes/altum/views/partials/plans_plan_content.php on line 118
[06-Mar-2024 14:36:56 UTC] PHP Warning:  Undefined property: stdClass::$color in /home/myguest/web/myguest.click/public_html/themes/altum/views/partials/plans.php on line 53
[06-Mar-2024 14:36:56 UTC] PHP Warning:  Undefined property: stdClass::$price in /home/myguest/web/myguest.click/public_html/themes/altum/views/partials/plans.php on line 62
[06-Mar-2024 14:36:56 UTC] PHP Warning:  Undefined property: stdClass::$description in /home/myguest/web/myguest.click/public_html/themes/altum/views/partials/plans.php on line 65
[06-Mar-2024 14:36:56 UTC] PHP Warning:  Undefined property: stdClass::$statistics_retention in /home/myguest/web/myguest.click/public_html/themes/altum/views/partials/plans_plan_content.php on line 91
[06-Mar-2024 14:36:56 UTC] PHP Warning:  Undefined property: stdClass::$statistics_retention in /home/myguest/web/myguest.click/public_html/themes/altum/views/partials/plans_plan_content.php on line 91
[06-Mar-2024 14:36:56 UTC] PHP Warning:  Undefined property: stdClass::$statistics_retention in /home/myguest/web/myguest.click/public_html/themes/altum/views/partials/plans_plan_content.php on line 94
[06-Mar-2024 14:36:56 UTC] PHP Warning:  Undefined property: stdClass::$qr_is_enabled in /home/myguest/web/myguest.click/public_html/themes/altum/views/partials/plans_plan_content.php on line 113
[06-Mar-2024 14:36:56 UTC] PHP Warning:  Undefined property: stdClass::$qr_is_enabled in /home/myguest/web/myguest.click/public_html/themes/altum/views/partials/plans_plan_content.php on line 118
[06-Mar-2024 14:37:55 UTC] PHP Warning:  Undefined property: stdClass::$color in /home/myguest/web/myguest.click/public_html/themes/altum/views/partials/plans.php on line 53
[06-Mar-2024 14:37:55 UTC] PHP Warning:  Undefined property: stdClass::$price in /home/myguest/web/myguest.click/public_html/themes/altum/views/partials/plans.php on line 62
[06-Mar-2024 14:37:55 UTC] PHP Warning:  Undefined property: stdClass::$description in /home/myguest/web/myguest.click/public_html/themes/altum/views/partials/plans.php on line 65
[06-Mar-2024 14:37:55 UTC] PHP Warning:  Undefined property: stdClass::$statistics_retention in /home/myguest/web/myguest.click/public_html/themes/altum/views/partials/plans_plan_content.php on line 91
[06-Mar-2024 14:37:55 UTC] PHP Warning:  Undefined property: stdClass::$statistics_retention in /home/myguest/web/myguest.click/public_html/themes/altum/views/partials/plans_plan_content.php on line 91
[06-Mar-2024 14:37:55 UTC] PHP Warning:  Undefined property: stdClass::$statistics_retention in /home/myguest/web/myguest.click/public_html/themes/altum/views/partials/plans_plan_content.php on line 94
[06-Mar-2024 14:37:55 UTC] PHP Warning:  Undefined property: stdClass::$qr_is_enabled in /home/myguest/web/myguest.click/public_html/themes/altum/views/partials/plans_plan_content.php on line 113
[06-Mar-2024 14:37:55 UTC] PHP Warning:  Undefined property: stdClass::$qr_is_enabled in /home/myguest/web/myguest.click/public_html/themes/altum/views/partials/plans_plan_content.php on line 118
[06-Mar-2024 14:38:09 UTC] PHP Warning:  Undefined property: stdClass::$color in /home/myguest/web/myguest.click/public_html/themes/altum/views/partials/plans.php on line 53
[06-Mar-2024 14:38:09 UTC] PHP Warning:  Undefined property: stdClass::$price in /home/myguest/web/myguest.click/public_html/themes/altum/views/partials/plans.php on line 62
[06-Mar-2024 14:38:09 UTC] PHP Warning:  Undefined property: stdClass::$description in /home/myguest/web/myguest.click/public_html/themes/altum/views/partials/plans.php on line 65
[06-Mar-2024 14:38:09 UTC] PHP Warning:  Undefined property: stdClass::$statistics_retention in /home/myguest/web/myguest.click/public_html/themes/altum/views/partials/plans_plan_content.php on line 91
[06-Mar-2024 14:38:09 UTC] PHP Warning:  Undefined property: stdClass::$statistics_retention in /home/myguest/web/myguest.click/public_html/themes/altum/views/partials/plans_plan_content.php on line 91
[06-Mar-2024 14:38:09 UTC] PHP Warning:  Undefined property: stdClass::$statistics_retention in /home/myguest/web/myguest.click/public_html/themes/altum/views/partials/plans_plan_content.php on line 94
[06-Mar-2024 14:38:09 UTC] PHP Warning:  Undefined property: stdClass::$qr_is_enabled in /home/myguest/web/myguest.click/public_html/themes/altum/views/partials/plans_plan_content.php on line 113
[06-Mar-2024 14:38:09 UTC] PHP Warning:  Undefined property: stdClass::$qr_is_enabled in /home/myguest/web/myguest.click/public_html/themes/altum/views/partials/plans_plan_content.php on line 118
[06-Mar-2024 14:38:16 UTC] PHP Warning:  Undefined property: stdClass::$color in /home/myguest/web/myguest.click/public_html/themes/altum/views/partials/plans.php on line 53
[06-Mar-2024 14:38:16 UTC] PHP Warning:  Undefined property: stdClass::$price in /home/myguest/web/myguest.click/public_html/themes/altum/views/partials/plans.php on line 62
[06-Mar-2024 14:38:16 UTC] PHP Warning:  Undefined property: stdClass::$description in /home/myguest/web/myguest.click/public_html/themes/altum/views/partials/plans.php on line 65
[06-Mar-2024 14:38:16 UTC] PHP Warning:  Undefined property: stdClass::$statistics_retention in /home/myguest/web/myguest.click/public_html/themes/altum/views/partials/plans_plan_content.php on line 91
[06-Mar-2024 14:38:16 UTC] PHP Warning:  Undefined property: stdClass::$statistics_retention in /home/myguest/web/myguest.click/public_html/themes/altum/views/partials/plans_plan_content.php on line 91
[06-Mar-2024 14:38:16 UTC] PHP Warning:  Undefined property: stdClass::$statistics_retention in /home/myguest/web/myguest.click/public_html/themes/altum/views/partials/plans_plan_content.php on line 94
[06-Mar-2024 14:38:16 UTC] PHP Warning:  Undefined property: stdClass::$qr_is_enabled in /home/myguest/web/myguest.click/public_html/themes/altum/views/partials/plans_plan_content.php on line 113
[06-Mar-2024 14:38:16 UTC] PHP Warning:  Undefined property: stdClass::$qr_is_enabled in /home/myguest/web/myguest.click/public_html/themes/altum/views/partials/plans_plan_content.php on line 118
[06-Mar-2024 14:38:17 UTC] PHP Warning:  Undefined property: stdClass::$color in /home/myguest/web/myguest.click/public_html/themes/altum/views/partials/plans.php on line 53
[06-Mar-2024 14:38:17 UTC] PHP Warning:  Undefined property: stdClass::$price in /home/myguest/web/myguest.click/public_html/themes/altum/views/partials/plans.php on line 62
[06-Mar-2024 14:38:17 UTC] PHP Warning:  Undefined property: stdClass::$description in /home/myguest/web/myguest.click/public_html/themes/altum/views/partials/plans.php on line 65
[06-Mar-2024 14:38:17 UTC] PHP Warning:  Undefined property: stdClass::$statistics_retention in /home/myguest/web/myguest.click/public_html/themes/altum/views/partials/plans_plan_content.php on line 91
[06-Mar-2024 14:38:17 UTC] PHP Warning:  Undefined property: stdClass::$statistics_retention in /home/myguest/web/myguest.click/public_html/themes/altum/views/partials/plans_plan_content.php on line 91
[06-Mar-2024 14:38:17 UTC] PHP Warning:  Undefined property: stdClass::$statistics_retention in /home/myguest/web/myguest.click/public_html/themes/altum/views/partials/plans_plan_content.php on line 94
[06-Mar-2024 14:38:17 UTC] PHP Warning:  Undefined property: stdClass::$qr_is_enabled in /home/myguest/web/myguest.click/public_html/themes/altum/views/partials/plans_plan_content.php on line 113
[06-Mar-2024 14:38:17 UTC] PHP Warning:  Undefined property: stdClass::$qr_is_enabled in /home/myguest/web/myguest.click/public_html/themes/altum/views/partials/plans_plan_content.php on line 118
[06-Mar-2024 14:38:39 UTC] PHP Warning:  Undefined property: stdClass::$color in /home/myguest/web/myguest.click/public_html/themes/altum/views/partials/plans.php on line 53
[06-Mar-2024 14:38:39 UTC] PHP Warning:  Undefined property: stdClass::$price in /home/myguest/web/myguest.click/public_html/themes/altum/views/partials/plans.php on line 62
[06-Mar-2024 14:38:39 UTC] PHP Warning:  Undefined property: stdClass::$description in /home/myguest/web/myguest.click/public_html/themes/altum/views/partials/plans.php on line 65
[06-Mar-2024 14:38:39 UTC] PHP Warning:  Undefined property: stdClass::$statistics_retention in /home/myguest/web/myguest.click/public_html/themes/altum/views/partials/plans_plan_content.php on line 91
[06-Mar-2024 14:38:39 UTC] PHP Warning:  Undefined property: stdClass::$statistics_retention in /home/myguest/web/myguest.click/public_html/themes/altum/views/partials/plans_plan_content.php on line 91
[06-Mar-2024 14:38:39 UTC] PHP Warning:  Undefined property: stdClass::$statistics_retention in /home/myguest/web/myguest.click/public_html/themes/altum/views/partials/plans_plan_content.php on line 94
[06-Mar-2024 14:38:39 UTC] PHP Warning:  Undefined property: stdClass::$qr_is_enabled in /home/myguest/web/myguest.click/public_html/themes/altum/views/partials/plans_plan_content.php on line 113
[06-Mar-2024 14:38:39 UTC] PHP Warning:  Undefined property: stdClass::$qr_is_enabled in /home/myguest/web/myguest.click/public_html/themes/altum/views/partials/plans_plan_content.php on line 118
[06-Mar-2024 14:43:21 UTC] PHP Warning:  Undefined array key "teams_limit" in /home/myguest/web/myguest.click/public_html/app/controllers/admin/AdminPlanUpdate.php on line 77
[06-Mar-2024 14:43:21 UTC] PHP Warning:  Undefined array key "team_members_limit" in /home/myguest/web/myguest.click/public_html/app/controllers/admin/AdminPlanUpdate.php on line 78
[06-Mar-2024 14:43:21 UTC] PHP Warning:  Undefined array key "affiliate_commission_percentage" in /home/myguest/web/myguest.click/public_html/app/controllers/admin/AdminPlanUpdate.php on line 93
[06-Mar-2024 14:43:47 UTC] PHP Warning:  Undefined array key "teams_limit" in /home/myguest/web/myguest.click/public_html/app/controllers/admin/AdminPlanUpdate.php on line 77
[06-Mar-2024 14:43:47 UTC] PHP Warning:  Undefined array key "team_members_limit" in /home/myguest/web/myguest.click/public_html/app/controllers/admin/AdminPlanUpdate.php on line 78
[06-Mar-2024 14:43:47 UTC] PHP Warning:  Undefined array key "affiliate_commission_percentage" in /home/myguest/web/myguest.click/public_html/app/controllers/admin/AdminPlanUpdate.php on line 93
[06-Mar-2024 14:44:15 UTC] PHP Warning:  Undefined array key "teams_limit" in /home/myguest/web/myguest.click/public_html/app/controllers/admin/AdminPlanUpdate.php on line 77
[06-Mar-2024 14:44:15 UTC] PHP Warning:  Undefined array key "team_members_limit" in /home/myguest/web/myguest.click/public_html/app/controllers/admin/AdminPlanUpdate.php on line 78
[06-Mar-2024 14:44:15 UTC] PHP Warning:  Undefined array key "affiliate_commission_percentage" in /home/myguest/web/myguest.click/public_html/app/controllers/admin/AdminPlanUpdate.php on line 93
[06-Mar-2024 14:44:23 UTC] PHP Warning:  Undefined property: stdClass::$stores_limit in /home/myguest/web/myguest.click/public_html/themes/altum/views/admin/plan-update/index.php on line 176
[06-Mar-2024 14:44:23 UTC] PHP Warning:  Undefined property: stdClass::$menus_limit in /home/myguest/web/myguest.click/public_html/themes/altum/views/admin/plan-update/index.php on line 182
[06-Mar-2024 14:44:23 UTC] PHP Warning:  Undefined property: stdClass::$categories_limit in /home/myguest/web/myguest.click/public_html/themes/altum/views/admin/plan-update/index.php on line 188
[06-Mar-2024 14:44:23 UTC] PHP Warning:  Undefined property: stdClass::$items_limit in /home/myguest/web/myguest.click/public_html/themes/altum/views/admin/plan-update/index.php on line 194
[06-Mar-2024 14:44:23 UTC] PHP Warning:  Undefined property: stdClass::$domains_limit in /home/myguest/web/myguest.click/public_html/themes/altum/views/admin/plan-update/index.php on line 200
[06-Mar-2024 14:44:23 UTC] PHP Warning:  Undefined property: stdClass::$statistics_retention in /home/myguest/web/myguest.click/public_html/themes/altum/views/admin/plan-update/index.php on line 229
[06-Mar-2024 14:44:23 UTC] PHP Warning:  Undefined property: stdClass::$ordering_is_enabled in /home/myguest/web/myguest.click/public_html/themes/altum/views/admin/plan-update/index.php on line 238
[06-Mar-2024 14:44:23 UTC] PHP Warning:  Undefined property: stdClass::$no_ads in /home/myguest/web/myguest.click/public_html/themes/altum/views/admin/plan-update/index.php on line 255
[06-Mar-2024 14:44:23 UTC] PHP Warning:  Undefined property: stdClass::$analytics_is_enabled in /home/myguest/web/myguest.click/public_html/themes/altum/views/admin/plan-update/index.php on line 261
[06-Mar-2024 14:44:23 UTC] PHP Warning:  Undefined property: stdClass::$qr_is_enabled in /home/myguest/web/myguest.click/public_html/themes/altum/views/admin/plan-update/index.php on line 267
[06-Mar-2024 14:44:23 UTC] PHP Warning:  Undefined property: stdClass::$removable_branding_is_enabled in /home/myguest/web/myguest.click/public_html/themes/altum/views/admin/plan-update/index.php on line 273
[06-Mar-2024 14:44:23 UTC] PHP Warning:  Undefined property: stdClass::$custom_url_is_enabled in /home/myguest/web/myguest.click/public_html/themes/altum/views/admin/plan-update/index.php on line 279
[06-Mar-2024 14:44:23 UTC] PHP Warning:  Undefined property: stdClass::$password_protection_is_enabled in /home/myguest/web/myguest.click/public_html/themes/altum/views/admin/plan-update/index.php on line 285
[06-Mar-2024 14:44:23 UTC] PHP Warning:  Undefined property: stdClass::$search_engine_block_is_enabled in /home/myguest/web/myguest.click/public_html/themes/altum/views/admin/plan-update/index.php on line 291
[06-Mar-2024 14:44:23 UTC] PHP Warning:  Undefined property: stdClass::$custom_css_is_enabled in /home/myguest/web/myguest.click/public_html/themes/altum/views/admin/plan-update/index.php on line 297
[06-Mar-2024 14:44:23 UTC] PHP Warning:  Undefined property: stdClass::$custom_js_is_enabled in /home/myguest/web/myguest.click/public_html/themes/altum/views/admin/plan-update/index.php on line 303
[06-Mar-2024 14:44:23 UTC] PHP Warning:  Undefined property: stdClass::$email_reports_is_enabled in /home/myguest/web/myguest.click/public_html/themes/altum/views/admin/plan-update/index.php on line 309
[06-Mar-2024 14:44:23 UTC] PHP Warning:  Undefined property: stdClass::$online_payments_is_enabled in /home/myguest/web/myguest.click/public_html/themes/altum/views/admin/plan-update/index.php on line 315
[06-Mar-2024 14:44:23 UTC] PHP Warning:  Undefined property: stdClass::$api_is_enabled in /home/myguest/web/myguest.click/public_html/themes/altum/views/admin/plan-update/index.php on line 321
[06-Mar-2024 14:45:48 UTC] PHP Warning:  Undefined array key "teams_limit" in /home/myguest/web/myguest.click/public_html/app/controllers/admin/AdminPlanUpdate.php on line 77
[06-Mar-2024 14:45:48 UTC] PHP Warning:  Undefined array key "team_members_limit" in /home/myguest/web/myguest.click/public_html/app/controllers/admin/AdminPlanUpdate.php on line 78
[06-Mar-2024 14:45:48 UTC] PHP Warning:  Undefined array key "affiliate_commission_percentage" in /home/myguest/web/myguest.click/public_html/app/controllers/admin/AdminPlanUpdate.php on line 93
[06-Mar-2024 14:45:51 UTC] PHP Warning:  Undefined property: stdClass::$color in /home/myguest/web/myguest.click/public_html/themes/altum/views/partials/plans.php on line 53
[06-Mar-2024 14:45:51 UTC] PHP Warning:  Undefined property: stdClass::$price in /home/myguest/web/myguest.click/public_html/themes/altum/views/partials/plans.php on line 62
[06-Mar-2024 14:45:51 UTC] PHP Warning:  Undefined property: stdClass::$description in /home/myguest/web/myguest.click/public_html/themes/altum/views/partials/plans.php on line 65
[06-Mar-2024 14:45:51 UTC] PHP Warning:  Undefined property: stdClass::$statistics_retention in /home/myguest/web/myguest.click/public_html/themes/altum/views/partials/plans_plan_content.php on line 91
[06-Mar-2024 14:45:51 UTC] PHP Warning:  Undefined property: stdClass::$statistics_retention in /home/myguest/web/myguest.click/public_html/themes/altum/views/partials/plans_plan_content.php on line 91
[06-Mar-2024 14:45:51 UTC] PHP Warning:  Undefined property: stdClass::$statistics_retention in /home/myguest/web/myguest.click/public_html/themes/altum/views/partials/plans_plan_content.php on line 94
[06-Mar-2024 14:45:51 UTC] PHP Warning:  Undefined property: stdClass::$qr_is_enabled in /home/myguest/web/myguest.click/public_html/themes/altum/views/partials/plans_plan_content.php on line 113
[06-Mar-2024 14:45:51 UTC] PHP Warning:  Undefined property: stdClass::$qr_is_enabled in /home/myguest/web/myguest.click/public_html/themes/altum/views/partials/plans_plan_content.php on line 118
[06-Mar-2024 14:45:52 UTC] PHP Warning:  Undefined property: stdClass::$color in /home/myguest/web/myguest.click/public_html/themes/altum/views/partials/plans.php on line 53
[06-Mar-2024 14:45:52 UTC] PHP Warning:  Undefined property: stdClass::$price in /home/myguest/web/myguest.click/public_html/themes/altum/views/partials/plans.php on line 62
[06-Mar-2024 14:45:52 UTC] PHP Warning:  Undefined property: stdClass::$description in /home/myguest/web/myguest.click/public_html/themes/altum/views/partials/plans.php on line 65
[06-Mar-2024 14:45:52 UTC] PHP Warning:  Undefined property: stdClass::$statistics_retention in /home/myguest/web/myguest.click/public_html/themes/altum/views/partials/plans_plan_content.php on line 91
[06-Mar-2024 14:45:52 UTC] PHP Warning:  Undefined property: stdClass::$statistics_retention in /home/myguest/web/myguest.click/public_html/themes/altum/views/partials/plans_plan_content.php on line 91
[06-Mar-2024 14:45:52 UTC] PHP Warning:  Undefined property: stdClass::$statistics_retention in /home/myguest/web/myguest.click/public_html/themes/altum/views/partials/plans_plan_content.php on line 94
[06-Mar-2024 14:45:52 UTC] PHP Warning:  Undefined property: stdClass::$qr_is_enabled in /home/myguest/web/myguest.click/public_html/themes/altum/views/partials/plans_plan_content.php on line 113
[06-Mar-2024 14:45:52 UTC] PHP Warning:  Undefined property: stdClass::$qr_is_enabled in /home/myguest/web/myguest.click/public_html/themes/altum/views/partials/plans_plan_content.php on line 118
[06-Mar-2024 14:46:50 UTC] PHP Warning:  Undefined array key "teams_limit" in /home/myguest/web/myguest.click/public_html/app/controllers/admin/AdminPlanUpdate.php on line 77
[06-Mar-2024 14:46:50 UTC] PHP Warning:  Undefined array key "team_members_limit" in /home/myguest/web/myguest.click/public_html/app/controllers/admin/AdminPlanUpdate.php on line 78
[06-Mar-2024 14:46:50 UTC] PHP Warning:  Undefined array key "affiliate_commission_percentage" in /home/myguest/web/myguest.click/public_html/app/controllers/admin/AdminPlanUpdate.php on line 93
[06-Mar-2024 14:46:52 UTC] PHP Warning:  Undefined property: stdClass::$color in /home/myguest/web/myguest.click/public_html/themes/altum/views/partials/plans.php on line 53
[06-Mar-2024 14:46:52 UTC] PHP Warning:  Undefined property: stdClass::$price in /home/myguest/web/myguest.click/public_html/themes/altum/views/partials/plans.php on line 62
[06-Mar-2024 14:46:52 UTC] PHP Warning:  Undefined property: stdClass::$description in /home/myguest/web/myguest.click/public_html/themes/altum/views/partials/plans.php on line 65
[06-Mar-2024 14:46:52 UTC] PHP Warning:  Undefined property: stdClass::$statistics_retention in /home/myguest/web/myguest.click/public_html/themes/altum/views/partials/plans_plan_content.php on line 91
[06-Mar-2024 14:46:52 UTC] PHP Warning:  Undefined property: stdClass::$statistics_retention in /home/myguest/web/myguest.click/public_html/themes/altum/views/partials/plans_plan_content.php on line 91
[06-Mar-2024 14:46:52 UTC] PHP Warning:  Undefined property: stdClass::$statistics_retention in /home/myguest/web/myguest.click/public_html/themes/altum/views/partials/plans_plan_content.php on line 94
[06-Mar-2024 14:46:52 UTC] PHP Warning:  Undefined property: stdClass::$qr_is_enabled in /home/myguest/web/myguest.click/public_html/themes/altum/views/partials/plans_plan_content.php on line 113
[06-Mar-2024 14:46:52 UTC] PHP Warning:  Undefined property: stdClass::$qr_is_enabled in /home/myguest/web/myguest.click/public_html/themes/altum/views/partials/plans_plan_content.php on line 118
[06-Mar-2024 14:46:54 UTC] PHP Warning:  Undefined property: stdClass::$color in /home/myguest/web/myguest.click/public_html/themes/altum/views/partials/plans.php on line 53
[06-Mar-2024 14:46:54 UTC] PHP Warning:  Undefined property: stdClass::$price in /home/myguest/web/myguest.click/public_html/themes/altum/views/partials/plans.php on line 62
[06-Mar-2024 14:46:54 UTC] PHP Warning:  Undefined property: stdClass::$description in /home/myguest/web/myguest.click/public_html/themes/altum/views/partials/plans.php on line 65
[06-Mar-2024 14:46:54 UTC] PHP Warning:  Undefined property: stdClass::$statistics_retention in /home/myguest/web/myguest.click/public_html/themes/altum/views/partials/plans_plan_content.php on line 91
[06-Mar-2024 14:46:54 UTC] PHP Warning:  Undefined property: stdClass::$statistics_retention in /home/myguest/web/myguest.click/public_html/themes/altum/views/partials/plans_plan_content.php on line 91
[06-Mar-2024 14:46:54 UTC] PHP Warning:  Undefined property: stdClass::$statistics_retention in /home/myguest/web/myguest.click/public_html/themes/altum/views/partials/plans_plan_content.php on line 94
[06-Mar-2024 14:46:54 UTC] PHP Warning:  Undefined property: stdClass::$qr_is_enabled in /home/myguest/web/myguest.click/public_html/themes/altum/views/partials/plans_plan_content.php on line 113
[06-Mar-2024 14:46:54 UTC] PHP Warning:  Undefined property: stdClass::$qr_is_enabled in /home/myguest/web/myguest.click/public_html/themes/altum/views/partials/plans_plan_content.php on line 118
[06-Mar-2024 16:12:30 UTC] PHP Warning:  Undefined property: stdClass::$color in /home/myguest/web/myguest.click/public_html/themes/altum/views/partials/plans.php on line 53
[06-Mar-2024 16:12:30 UTC] PHP Warning:  Undefined property: stdClass::$price in /home/myguest/web/myguest.click/public_html/themes/altum/views/partials/plans.php on line 62
[06-Mar-2024 16:12:30 UTC] PHP Warning:  Undefined property: stdClass::$description in /home/myguest/web/myguest.click/public_html/themes/altum/views/partials/plans.php on line 65
[06-Mar-2024 16:12:30 UTC] PHP Warning:  Undefined property: stdClass::$statistics_retention in /home/myguest/web/myguest.click/public_html/themes/altum/views/partials/plans_plan_content.php on line 91
[06-Mar-2024 16:12:30 UTC] PHP Warning:  Undefined property: stdClass::$statistics_retention in /home/myguest/web/myguest.click/public_html/themes/altum/views/partials/plans_plan_content.php on line 91
[06-Mar-2024 16:12:30 UTC] PHP Warning:  Undefined property: stdClass::$statistics_retention in /home/myguest/web/myguest.click/public_html/themes/altum/views/partials/plans_plan_content.php on line 94
[06-Mar-2024 16:12:30 UTC] PHP Warning:  Undefined property: stdClass::$qr_is_enabled in /home/myguest/web/myguest.click/public_html/themes/altum/views/partials/plans_plan_content.php on line 113
[06-Mar-2024 16:12:30 UTC] PHP Warning:  Undefined property: stdClass::$qr_is_enabled in /home/myguest/web/myguest.click/public_html/themes/altum/views/partials/plans_plan_content.php on line 118
[06-Mar-2024 16:38:52 UTC] PHP Warning:  Undefined property: stdClass::$color in /home/myguest/web/myguest.click/public_html/themes/altum/views/partials/plans.php on line 53
[06-Mar-2024 16:38:52 UTC] PHP Warning:  Undefined property: stdClass::$price in /home/myguest/web/myguest.click/public_html/themes/altum/views/partials/plans.php on line 62
[06-Mar-2024 16:38:52 UTC] PHP Warning:  Undefined property: stdClass::$description in /home/myguest/web/myguest.click/public_html/themes/altum/views/partials/plans.php on line 65
[06-Mar-2024 16:38:52 UTC] PHP Warning:  Undefined property: stdClass::$statistics_retention in /home/myguest/web/myguest.click/public_html/themes/altum/views/partials/plans_plan_content.php on line 91
[06-Mar-2024 16:38:52 UTC] PHP Warning:  Undefined property: stdClass::$statistics_retention in /home/myguest/web/myguest.click/public_html/themes/altum/views/partials/plans_plan_content.php on line 91
[06-Mar-2024 16:38:52 UTC] PHP Warning:  Undefined property: stdClass::$statistics_retention in /home/myguest/web/myguest.click/public_html/themes/altum/views/partials/plans_plan_content.php on line 94
[06-Mar-2024 16:38:52 UTC] PHP Warning:  Undefined property: stdClass::$qr_is_enabled in /home/myguest/web/myguest.click/public_html/themes/altum/views/partials/plans_plan_content.php on line 113
[06-Mar-2024 16:38:52 UTC] PHP Warning:  Undefined property: stdClass::$qr_is_enabled in /home/myguest/web/myguest.click/public_html/themes/altum/views/partials/plans_plan_content.php on line 118
[06-Mar-2024 17:21:41 UTC] PHP Warning:  Undefined property: stdClass::$color in /home/myguest/web/myguest.click/public_html/themes/altum/views/partials/plans.php on line 53
[06-Mar-2024 17:21:41 UTC] PHP Warning:  Undefined property: stdClass::$price in /home/myguest/web/myguest.click/public_html/themes/altum/views/partials/plans.php on line 62
[06-Mar-2024 17:21:41 UTC] PHP Warning:  Undefined property: stdClass::$description in /home/myguest/web/myguest.click/public_html/themes/altum/views/partials/plans.php on line 65
[06-Mar-2024 17:21:41 UTC] PHP Warning:  Undefined property: stdClass::$statistics_retention in /home/myguest/web/myguest.click/public_html/themes/altum/views/partials/plans_plan_content.php on line 91
[06-Mar-2024 17:21:41 UTC] PHP Warning:  Undefined property: stdClass::$statistics_retention in /home/myguest/web/myguest.click/public_html/themes/altum/views/partials/plans_plan_content.php on line 91
[06-Mar-2024 17:21:41 UTC] PHP Warning:  Undefined property: stdClass::$statistics_retention in /home/myguest/web/myguest.click/public_html/themes/altum/views/partials/plans_plan_content.php on line 94
[06-Mar-2024 17:21:41 UTC] PHP Warning:  Undefined property: stdClass::$qr_is_enabled in /home/myguest/web/myguest.click/public_html/themes/altum/views/partials/plans_plan_content.php on line 113
[06-Mar-2024 17:21:41 UTC] PHP Warning:  Undefined property: stdClass::$qr_is_enabled in /home/myguest/web/myguest.click/public_html/themes/altum/views/partials/plans_plan_content.php on line 118
[06-Mar-2024 18:52:10 UTC] PHP Warning:  Undefined property: stdClass::$color in /home/myguest/web/myguest.click/public_html/themes/altum/views/partials/plans.php on line 53
[06-Mar-2024 18:52:10 UTC] PHP Warning:  Undefined property: stdClass::$price in /home/myguest/web/myguest.click/public_html/themes/altum/views/partials/plans.php on line 62
[06-Mar-2024 18:52:10 UTC] PHP Warning:  Undefined property: stdClass::$description in /home/myguest/web/myguest.click/public_html/themes/altum/views/partials/plans.php on line 65
[06-Mar-2024 18:52:10 UTC] PHP Warning:  Undefined property: stdClass::$statistics_retention in /home/myguest/web/myguest.click/public_html/themes/altum/views/partials/plans_plan_content.php on line 91
[06-Mar-2024 18:52:10 UTC] PHP Warning:  Undefined property: stdClass::$statistics_retention in /home/myguest/web/myguest.click/public_html/themes/altum/views/partials/plans_plan_content.php on line 91
[06-Mar-2024 18:52:10 UTC] PHP Warning:  Undefined property: stdClass::$statistics_retention in /home/myguest/web/myguest.click/public_html/themes/altum/views/partials/plans_plan_content.php on line 94
[06-Mar-2024 18:52:10 UTC] PHP Warning:  Undefined property: stdClass::$qr_is_enabled in /home/myguest/web/myguest.click/public_html/themes/altum/views/partials/plans_plan_content.php on line 113
[06-Mar-2024 18:52:10 UTC] PHP Warning:  Undefined property: stdClass::$qr_is_enabled in /home/myguest/web/myguest.click/public_html/themes/altum/views/partials/plans_plan_content.php on line 118
[06-Mar-2024 20:53:33 UTC] PHP Warning:  Undefined property: stdClass::$color in /home/myguest/web/myguest.click/public_html/themes/altum/views/partials/plans.php on line 53
[06-Mar-2024 20:53:33 UTC] PHP Warning:  Undefined property: stdClass::$price in /home/myguest/web/myguest.click/public_html/themes/altum/views/partials/plans.php on line 62
[06-Mar-2024 20:53:33 UTC] PHP Warning:  Undefined property: stdClass::$description in /home/myguest/web/myguest.click/public_html/themes/altum/views/partials/plans.php on line 65
[06-Mar-2024 20:53:33 UTC] PHP Warning:  Undefined property: stdClass::$statistics_retention in /home/myguest/web/myguest.click/public_html/themes/altum/views/partials/plans_plan_content.php on line 91
[06-Mar-2024 20:53:33 UTC] PHP Warning:  Undefined property: stdClass::$statistics_retention in /home/myguest/web/myguest.click/public_html/themes/altum/views/partials/plans_plan_content.php on line 91
[06-Mar-2024 20:53:33 UTC] PHP Warning:  Undefined property: stdClass::$statistics_retention in /home/myguest/web/myguest.click/public_html/themes/altum/views/partials/plans_plan_content.php on line 94
[06-Mar-2024 20:53:33 UTC] PHP Warning:  Undefined property: stdClass::$qr_is_enabled in /home/myguest/web/myguest.click/public_html/themes/altum/views/partials/plans_plan_content.php on line 113
[06-Mar-2024 20:53:33 UTC] PHP Warning:  Undefined property: stdClass::$qr_is_enabled in /home/myguest/web/myguest.click/public_html/themes/altum/views/partials/plans_plan_content.php on line 118
[06-Mar-2024 21:40:51 UTC] PHP Warning:  Undefined property: stdClass::$color in /home/myguest/web/myguest.click/public_html/themes/altum/views/partials/plans.php on line 53
[06-Mar-2024 21:40:51 UTC] PHP Warning:  Undefined property: stdClass::$price in /home/myguest/web/myguest.click/public_html/themes/altum/views/partials/plans.php on line 62
[06-Mar-2024 21:40:51 UTC] PHP Warning:  Undefined property: stdClass::$description in /home/myguest/web/myguest.click/public_html/themes/altum/views/partials/plans.php on line 65
[06-Mar-2024 21:40:51 UTC] PHP Warning:  Undefined property: stdClass::$statistics_retention in /home/myguest/web/myguest.click/public_html/themes/altum/views/partials/plans_plan_content.php on line 91
[06-Mar-2024 21:40:51 UTC] PHP Warning:  Undefined property: stdClass::$statistics_retention in /home/myguest/web/myguest.click/public_html/themes/altum/views/partials/plans_plan_content.php on line 91
[06-Mar-2024 21:40:51 UTC] PHP Warning:  Undefined property: stdClass::$statistics_retention in /home/myguest/web/myguest.click/public_html/themes/altum/views/partials/plans_plan_content.php on line 94
[06-Mar-2024 21:40:51 UTC] PHP Warning:  Undefined property: stdClass::$qr_is_enabled in /home/myguest/web/myguest.click/public_html/themes/altum/views/partials/plans_plan_content.php on line 113
[06-Mar-2024 21:40:51 UTC] PHP Warning:  Undefined property: stdClass::$qr_is_enabled in /home/myguest/web/myguest.click/public_html/themes/altum/views/partials/plans_plan_content.php on line 118
[06-Mar-2024 22:22:48 UTC] PHP Warning:  Undefined property: stdClass::$color in /home/myguest/web/myguest.click/public_html/themes/altum/views/partials/plans.php on line 53
[06-Mar-2024 22:22:48 UTC] PHP Warning:  Undefined property: stdClass::$price in /home/myguest/web/myguest.click/public_html/themes/altum/views/partials/plans.php on line 62
[06-Mar-2024 22:22:48 UTC] PHP Warning:  Undefined property: stdClass::$description in /home/myguest/web/myguest.click/public_html/themes/altum/views/partials/plans.php on line 65
[06-Mar-2024 22:22:48 UTC] PHP Warning:  Undefined property: stdClass::$statistics_retention in /home/myguest/web/myguest.click/public_html/themes/altum/views/partials/plans_plan_content.php on line 91
[06-Mar-2024 22:22:48 UTC] PHP Warning:  Undefined property: stdClass::$statistics_retention in /home/myguest/web/myguest.click/public_html/themes/altum/views/partials/plans_plan_content.php on line 91
[06-Mar-2024 22:22:48 UTC] PHP Warning:  Undefined property: stdClass::$statistics_retention in /home/myguest/web/myguest.click/public_html/themes/altum/views/partials/plans_plan_content.php on line 94
[06-Mar-2024 22:22:48 UTC] PHP Warning:  Undefined property: stdClass::$qr_is_enabled in /home/myguest/web/myguest.click/public_html/themes/altum/views/partials/plans_plan_content.php on line 113
[06-Mar-2024 22:22:48 UTC] PHP Warning:  Undefined property: stdClass::$qr_is_enabled in /home/myguest/web/myguest.click/public_html/themes/altum/views/partials/plans_plan_content.php on line 118
[06-Mar-2024 22:29:52 UTC] PHP Warning:  Undefined property: stdClass::$color in /home/myguest/web/myguest.click/public_html/themes/altum/views/partials/plans.php on line 53
[06-Mar-2024 22:29:52 UTC] PHP Warning:  Undefined property: stdClass::$price in /home/myguest/web/myguest.click/public_html/themes/altum/views/partials/plans.php on line 62
[06-Mar-2024 22:29:52 UTC] PHP Warning:  Undefined property: stdClass::$description in /home/myguest/web/myguest.click/public_html/themes/altum/views/partials/plans.php on line 65
[06-Mar-2024 22:29:52 UTC] PHP Warning:  Undefined property: stdClass::$statistics_retention in /home/myguest/web/myguest.click/public_html/themes/altum/views/partials/plans_plan_content.php on line 91
[06-Mar-2024 22:29:52 UTC] PHP Warning:  Undefined property: stdClass::$statistics_retention in /home/myguest/web/myguest.click/public_html/themes/altum/views/partials/plans_plan_content.php on line 91
[06-Mar-2024 22:29:52 UTC] PHP Warning:  Undefined property: stdClass::$statistics_retention in /home/myguest/web/myguest.click/public_html/themes/altum/views/partials/plans_plan_content.php on line 94
[06-Mar-2024 22:29:52 UTC] PHP Warning:  Undefined property: stdClass::$qr_is_enabled in /home/myguest/web/myguest.click/public_html/themes/altum/views/partials/plans_plan_content.php on line 113
[06-Mar-2024 22:29:52 UTC] PHP Warning:  Undefined property: stdClass::$qr_is_enabled in /home/myguest/web/myguest.click/public_html/themes/altum/views/partials/plans_plan_content.php on line 118
[06-Mar-2024 22:31:04 UTC] PHP Warning:  Undefined property: stdClass::$color in /home/myguest/web/myguest.click/public_html/themes/altum/views/partials/plans.php on line 53
[06-Mar-2024 22:31:04 UTC] PHP Warning:  Undefined property: stdClass::$price in /home/myguest/web/myguest.click/public_html/themes/altum/views/partials/plans.php on line 62
[06-Mar-2024 22:31:04 UTC] PHP Warning:  Undefined property: stdClass::$description in /home/myguest/web/myguest.click/public_html/themes/altum/views/partials/plans.php on line 65
[06-Mar-2024 22:31:04 UTC] PHP Warning:  Undefined property: stdClass::$statistics_retention in /home/myguest/web/myguest.click/public_html/themes/altum/views/partials/plans_plan_content.php on line 91
[06-Mar-2024 22:31:04 UTC] PHP Warning:  Undefined property: stdClass::$statistics_retention in /home/myguest/web/myguest.click/public_html/themes/altum/views/partials/plans_plan_content.php on line 91
[06-Mar-2024 22:31:04 UTC] PHP Warning:  Undefined property: stdClass::$statistics_retention in /home/myguest/web/myguest.click/public_html/themes/altum/views/partials/plans_plan_content.php on line 94
[06-Mar-2024 22:31:04 UTC] PHP Warning:  Undefined property: stdClass::$qr_is_enabled in /home/myguest/web/myguest.click/public_html/themes/altum/views/partials/plans_plan_content.php on line 113
[06-Mar-2024 22:31:04 UTC] PHP Warning:  Undefined property: stdClass::$qr_is_enabled in /home/myguest/web/myguest.click/public_html/themes/altum/views/partials/plans_plan_content.php on line 118
[06-Mar-2024 23:03:33 UTC] PHP Warning:  Undefined property: stdClass::$color in /home/myguest/web/myguest.click/public_html/themes/altum/views/partials/plans.php on line 53
[06-Mar-2024 23:03:33 UTC] PHP Warning:  Undefined property: stdClass::$price in /home/myguest/web/myguest.click/public_html/themes/altum/views/partials/plans.php on line 62
[06-Mar-2024 23:03:33 UTC] PHP Warning:  Undefined property: stdClass::$description in /home/myguest/web/myguest.click/public_html/themes/altum/views/partials/plans.php on line 65
[06-Mar-2024 23:03:33 UTC] PHP Warning:  Undefined property: stdClass::$statistics_retention in /home/myguest/web/myguest.click/public_html/themes/altum/views/partials/plans_plan_content.php on line 91
[06-Mar-2024 23:03:33 UTC] PHP Warning:  Undefined property: stdClass::$statistics_retention in /home/myguest/web/myguest.click/public_html/themes/altum/views/partials/plans_plan_content.php on line 91
[06-Mar-2024 23:03:33 UTC] PHP Warning:  Undefined property: stdClass::$statistics_retention in /home/myguest/web/myguest.click/public_html/themes/altum/views/partials/plans_plan_content.php on line 94
[06-Mar-2024 23:03:33 UTC] PHP Warning:  Undefined property: stdClass::$qr_is_enabled in /home/myguest/web/myguest.click/public_html/themes/altum/views/partials/plans_plan_content.php on line 113
[06-Mar-2024 23:03:33 UTC] PHP Warning:  Undefined property: stdClass::$qr_is_enabled in /home/myguest/web/myguest.click/public_html/themes/altum/views/partials/plans_plan_content.php on line 118
