[22-Mar-2024 04:24:16 UTC] PHP Warning:  Undefined array key "currency" in D:\laragon\www\myguest.click\app\controllers\StoreCreate.php on line 42
[22-Mar-2024 04:26:49 UTC] PHP Warning:  Undefined array key "currency" in D:\laragon\www\myguest.click\app\controllers\StoreCreate.php on line 42
[22-Mar-2024 04:28:06 UTC] PHP Deprecated:  json_decode(): Passing null to parameter #1 ($json) of type string is deprecated in D:\laragon\www\myguest.click\app\controllers\s\Store.php on line 202
[22-Mar-2024 04:28:06 UTC] PHP Deprecated:  json_decode(): Passing null to parameter #1 ($json) of type string is deprecated in D:\laragon\www\myguest.click\app\controllers\s\Store.php on line 202
[22-Mar-2024 04:28:06 UTC] PHP Deprecated:  json_decode(): Passing null to parameter #1 ($json) of type string is deprecated in D:\laragon\www\myguest.click\app\controllers\s\Store.php on line 202
[22-Mar-2024 04:28:06 UTC] PHP Deprecated:  json_decode(): Passing null to parameter #1 ($json) of type string is deprecated in D:\laragon\www\myguest.click\app\controllers\s\Store.php on line 202
[22-Mar-2024 04:28:08 UTC] PHP Deprecated:  mb_strlen(): Passing null to parameter #1 ($string) of type string is deprecated in D:\laragon\www\myguest.click\app\helpers\strings.php on line 49
[22-Mar-2024 04:28:08 UTC] PHP Deprecated:  mb_strlen(): Passing null to parameter #1 ($string) of type string is deprecated in D:\laragon\www\myguest.click\app\helpers\strings.php on line 49
[22-Mar-2024 04:28:08 UTC] PHP Warning:  Attempt to read property "facebook" on null in D:\laragon\www\myguest.click\themes\altum\views\s\partials\footer.php on line 33
[22-Mar-2024 04:28:08 UTC] PHP Warning:  Attempt to read property "instagram" on null in D:\laragon\www\myguest.click\themes\altum\views\s\partials\footer.php on line 33
[22-Mar-2024 04:28:08 UTC] PHP Warning:  Attempt to read property "x" on null in D:\laragon\www\myguest.click\themes\altum\views\s\partials\footer.php on line 33
[22-Mar-2024 04:31:12 UTC] PHP Deprecated:  json_decode(): Passing null to parameter #1 ($json) of type string is deprecated in D:\laragon\www\myguest.click\app\controllers\s\Store.php on line 202
[22-Mar-2024 04:31:12 UTC] PHP Deprecated:  json_decode(): Passing null to parameter #1 ($json) of type string is deprecated in D:\laragon\www\myguest.click\app\controllers\s\Store.php on line 202
[22-Mar-2024 04:31:12 UTC] PHP Deprecated:  json_decode(): Passing null to parameter #1 ($json) of type string is deprecated in D:\laragon\www\myguest.click\app\controllers\s\Store.php on line 202
[22-Mar-2024 04:31:12 UTC] PHP Deprecated:  json_decode(): Passing null to parameter #1 ($json) of type string is deprecated in D:\laragon\www\myguest.click\app\controllers\s\Store.php on line 202
[22-Mar-2024 04:31:12 UTC] PHP Warning:  Attempt to read property "facebook" on null in D:\laragon\www\myguest.click\themes\altum\views\s\partials\footer.php on line 33
[22-Mar-2024 04:31:12 UTC] PHP Warning:  Attempt to read property "instagram" on null in D:\laragon\www\myguest.click\themes\altum\views\s\partials\footer.php on line 33
[22-Mar-2024 04:31:12 UTC] PHP Warning:  Attempt to read property "x" on null in D:\laragon\www\myguest.click\themes\altum\views\s\partials\footer.php on line 33
[22-Mar-2024 04:31:16 UTC] PHP Deprecated:  json_decode(): Passing null to parameter #1 ($json) of type string is deprecated in D:\laragon\www\myguest.click\app\controllers\s\Store.php on line 202
[22-Mar-2024 04:31:16 UTC] PHP Deprecated:  json_decode(): Passing null to parameter #1 ($json) of type string is deprecated in D:\laragon\www\myguest.click\app\controllers\s\Store.php on line 202
[22-Mar-2024 04:31:16 UTC] PHP Deprecated:  json_decode(): Passing null to parameter #1 ($json) of type string is deprecated in D:\laragon\www\myguest.click\app\controllers\s\Store.php on line 202
[22-Mar-2024 04:31:16 UTC] PHP Deprecated:  json_decode(): Passing null to parameter #1 ($json) of type string is deprecated in D:\laragon\www\myguest.click\app\controllers\s\Store.php on line 202
[22-Mar-2024 04:31:16 UTC] PHP Deprecated:  mb_strlen(): Passing null to parameter #1 ($string) of type string is deprecated in D:\laragon\www\myguest.click\app\helpers\strings.php on line 49
[22-Mar-2024 04:31:16 UTC] PHP Deprecated:  mb_strlen(): Passing null to parameter #1 ($string) of type string is deprecated in D:\laragon\www\myguest.click\app\helpers\strings.php on line 49
[22-Mar-2024 04:31:16 UTC] PHP Warning:  Attempt to read property "facebook" on null in D:\laragon\www\myguest.click\themes\altum\views\s\partials\footer.php on line 33
[22-Mar-2024 04:31:16 UTC] PHP Warning:  Attempt to read property "instagram" on null in D:\laragon\www\myguest.click\themes\altum\views\s\partials\footer.php on line 33
[22-Mar-2024 04:31:16 UTC] PHP Warning:  Attempt to read property "x" on null in D:\laragon\www\myguest.click\themes\altum\views\s\partials\footer.php on line 33
[22-Mar-2024 04:33:49 UTC] PHP Deprecated:  json_decode(): Passing null to parameter #1 ($json) of type string is deprecated in D:\laragon\www\myguest.click\app\controllers\s\Store.php on line 202
[22-Mar-2024 04:33:49 UTC] PHP Deprecated:  json_decode(): Passing null to parameter #1 ($json) of type string is deprecated in D:\laragon\www\myguest.click\app\controllers\s\Store.php on line 202
[22-Mar-2024 04:33:49 UTC] PHP Deprecated:  json_decode(): Passing null to parameter #1 ($json) of type string is deprecated in D:\laragon\www\myguest.click\app\controllers\s\Store.php on line 202
[22-Mar-2024 04:33:49 UTC] PHP Deprecated:  json_decode(): Passing null to parameter #1 ($json) of type string is deprecated in D:\laragon\www\myguest.click\app\controllers\s\Store.php on line 202
[22-Mar-2024 04:33:49 UTC] PHP Warning:  Attempt to read property "facebook" on null in D:\laragon\www\myguest.click\themes\altum\views\s\partials\footer.php on line 33
[22-Mar-2024 04:33:49 UTC] PHP Warning:  Attempt to read property "instagram" on null in D:\laragon\www\myguest.click\themes\altum\views\s\partials\footer.php on line 33
[22-Mar-2024 04:33:49 UTC] PHP Warning:  Attempt to read property "x" on null in D:\laragon\www\myguest.click\themes\altum\views\s\partials\footer.php on line 33
[22-Mar-2024 04:34:09 UTC] PHP Deprecated:  json_decode(): Passing null to parameter #1 ($json) of type string is deprecated in D:\laragon\www\myguest.click\app\controllers\s\Store.php on line 202
[22-Mar-2024 04:34:09 UTC] PHP Deprecated:  json_decode(): Passing null to parameter #1 ($json) of type string is deprecated in D:\laragon\www\myguest.click\app\controllers\s\Store.php on line 202
[22-Mar-2024 04:34:09 UTC] PHP Deprecated:  json_decode(): Passing null to parameter #1 ($json) of type string is deprecated in D:\laragon\www\myguest.click\app\controllers\s\Store.php on line 202
[22-Mar-2024 04:34:09 UTC] PHP Deprecated:  json_decode(): Passing null to parameter #1 ($json) of type string is deprecated in D:\laragon\www\myguest.click\app\controllers\s\Store.php on line 202
[22-Mar-2024 04:34:09 UTC] PHP Deprecated:  mb_strlen(): Passing null to parameter #1 ($string) of type string is deprecated in D:\laragon\www\myguest.click\app\helpers\strings.php on line 49
[22-Mar-2024 04:34:09 UTC] PHP Deprecated:  mb_strlen(): Passing null to parameter #1 ($string) of type string is deprecated in D:\laragon\www\myguest.click\app\helpers\strings.php on line 49
[22-Mar-2024 04:34:09 UTC] PHP Warning:  Attempt to read property "facebook" on null in D:\laragon\www\myguest.click\themes\altum\views\s\partials\footer.php on line 33
[22-Mar-2024 04:34:09 UTC] PHP Warning:  Attempt to read property "instagram" on null in D:\laragon\www\myguest.click\themes\altum\views\s\partials\footer.php on line 33
[22-Mar-2024 04:34:09 UTC] PHP Warning:  Attempt to read property "x" on null in D:\laragon\www\myguest.click\themes\altum\views\s\partials\footer.php on line 33
[22-Mar-2024 04:34:09 UTC] PHP Deprecated:  json_decode(): Passing null to parameter #1 ($json) of type string is deprecated in D:\laragon\www\myguest.click\app\controllers\s\Store.php on line 202
[22-Mar-2024 04:34:09 UTC] PHP Deprecated:  json_decode(): Passing null to parameter #1 ($json) of type string is deprecated in D:\laragon\www\myguest.click\app\controllers\s\Store.php on line 202
[22-Mar-2024 04:34:09 UTC] PHP Deprecated:  json_decode(): Passing null to parameter #1 ($json) of type string is deprecated in D:\laragon\www\myguest.click\app\controllers\s\Store.php on line 202
[22-Mar-2024 04:34:09 UTC] PHP Deprecated:  json_decode(): Passing null to parameter #1 ($json) of type string is deprecated in D:\laragon\www\myguest.click\app\controllers\s\Store.php on line 202
[22-Mar-2024 04:34:10 UTC] PHP Deprecated:  mb_strlen(): Passing null to parameter #1 ($string) of type string is deprecated in D:\laragon\www\myguest.click\app\helpers\strings.php on line 49
[22-Mar-2024 04:34:10 UTC] PHP Deprecated:  mb_strlen(): Passing null to parameter #1 ($string) of type string is deprecated in D:\laragon\www\myguest.click\app\helpers\strings.php on line 49
[22-Mar-2024 04:34:10 UTC] PHP Warning:  Attempt to read property "facebook" on null in D:\laragon\www\myguest.click\themes\altum\views\s\partials\footer.php on line 33
[22-Mar-2024 04:34:10 UTC] PHP Warning:  Attempt to read property "instagram" on null in D:\laragon\www\myguest.click\themes\altum\views\s\partials\footer.php on line 33
[22-Mar-2024 04:34:10 UTC] PHP Warning:  Attempt to read property "x" on null in D:\laragon\www\myguest.click\themes\altum\views\s\partials\footer.php on line 33
[22-Mar-2024 04:34:22 UTC] PHP Deprecated:  json_decode(): Passing null to parameter #1 ($json) of type string is deprecated in D:\laragon\www\myguest.click\app\controllers\s\Store.php on line 202
[22-Mar-2024 04:34:22 UTC] PHP Deprecated:  json_decode(): Passing null to parameter #1 ($json) of type string is deprecated in D:\laragon\www\myguest.click\app\controllers\s\Store.php on line 202
[22-Mar-2024 04:34:22 UTC] PHP Deprecated:  json_decode(): Passing null to parameter #1 ($json) of type string is deprecated in D:\laragon\www\myguest.click\app\controllers\s\Store.php on line 202
[22-Mar-2024 04:34:22 UTC] PHP Deprecated:  json_decode(): Passing null to parameter #1 ($json) of type string is deprecated in D:\laragon\www\myguest.click\app\controllers\s\Store.php on line 202
[22-Mar-2024 04:34:22 UTC] PHP Warning:  Attempt to read property "facebook" on null in D:\laragon\www\myguest.click\themes\altum\views\s\partials\footer.php on line 33
[22-Mar-2024 04:34:22 UTC] PHP Warning:  Attempt to read property "instagram" on null in D:\laragon\www\myguest.click\themes\altum\views\s\partials\footer.php on line 33
[22-Mar-2024 04:34:22 UTC] PHP Warning:  Attempt to read property "x" on null in D:\laragon\www\myguest.click\themes\altum\views\s\partials\footer.php on line 33
[22-Mar-2024 04:34:31 UTC] PHP Deprecated:  json_decode(): Passing null to parameter #1 ($json) of type string is deprecated in D:\laragon\www\myguest.click\app\controllers\s\Store.php on line 202
[22-Mar-2024 04:34:31 UTC] PHP Deprecated:  json_decode(): Passing null to parameter #1 ($json) of type string is deprecated in D:\laragon\www\myguest.click\app\controllers\s\Store.php on line 202
[22-Mar-2024 04:34:31 UTC] PHP Deprecated:  json_decode(): Passing null to parameter #1 ($json) of type string is deprecated in D:\laragon\www\myguest.click\app\controllers\s\Store.php on line 202
[22-Mar-2024 04:34:31 UTC] PHP Deprecated:  json_decode(): Passing null to parameter #1 ($json) of type string is deprecated in D:\laragon\www\myguest.click\app\controllers\s\Store.php on line 202
[22-Mar-2024 04:34:31 UTC] PHP Deprecated:  mb_strlen(): Passing null to parameter #1 ($string) of type string is deprecated in D:\laragon\www\myguest.click\app\helpers\strings.php on line 49
[22-Mar-2024 04:34:31 UTC] PHP Deprecated:  mb_strlen(): Passing null to parameter #1 ($string) of type string is deprecated in D:\laragon\www\myguest.click\app\helpers\strings.php on line 49
[22-Mar-2024 04:34:31 UTC] PHP Warning:  Attempt to read property "facebook" on null in D:\laragon\www\myguest.click\themes\altum\views\s\partials\footer.php on line 33
[22-Mar-2024 04:34:31 UTC] PHP Warning:  Attempt to read property "instagram" on null in D:\laragon\www\myguest.click\themes\altum\views\s\partials\footer.php on line 33
[22-Mar-2024 04:34:31 UTC] PHP Warning:  Attempt to read property "x" on null in D:\laragon\www\myguest.click\themes\altum\views\s\partials\footer.php on line 33
[22-Mar-2024 04:35:35 UTC] PHP Deprecated:  json_decode(): Passing null to parameter #1 ($json) of type string is deprecated in D:\laragon\www\myguest.click\app\controllers\s\Store.php on line 202
[22-Mar-2024 04:35:35 UTC] PHP Deprecated:  json_decode(): Passing null to parameter #1 ($json) of type string is deprecated in D:\laragon\www\myguest.click\app\controllers\s\Store.php on line 202
[22-Mar-2024 04:35:35 UTC] PHP Deprecated:  json_decode(): Passing null to parameter #1 ($json) of type string is deprecated in D:\laragon\www\myguest.click\app\controllers\s\Store.php on line 202
[22-Mar-2024 04:35:35 UTC] PHP Deprecated:  json_decode(): Passing null to parameter #1 ($json) of type string is deprecated in D:\laragon\www\myguest.click\app\controllers\s\Store.php on line 202
[22-Mar-2024 04:35:35 UTC] PHP Warning:  Attempt to read property "facebook" on null in D:\laragon\www\myguest.click\themes\altum\views\s\partials\footer.php on line 33
[22-Mar-2024 04:35:35 UTC] PHP Warning:  Attempt to read property "instagram" on null in D:\laragon\www\myguest.click\themes\altum\views\s\partials\footer.php on line 33
[22-Mar-2024 04:35:35 UTC] PHP Warning:  Attempt to read property "x" on null in D:\laragon\www\myguest.click\themes\altum\views\s\partials\footer.php on line 33
[22-Mar-2024 04:35:53 UTC] PHP Deprecated:  mb_strlen(): Passing null to parameter #1 ($string) of type string is deprecated in D:\laragon\www\myguest.click\app\helpers\strings.php on line 49
[22-Mar-2024 04:35:53 UTC] PHP Deprecated:  mb_strlen(): Passing null to parameter #1 ($string) of type string is deprecated in D:\laragon\www\myguest.click\app\helpers\strings.php on line 49
[22-Mar-2024 04:36:01 UTC] PHP Deprecated:  mb_strlen(): Passing null to parameter #1 ($string) of type string is deprecated in D:\laragon\www\myguest.click\app\helpers\strings.php on line 49
[22-Mar-2024 04:36:01 UTC] PHP Deprecated:  mb_strlen(): Passing null to parameter #1 ($string) of type string is deprecated in D:\laragon\www\myguest.click\app\helpers\strings.php on line 49
[22-Mar-2024 04:43:45 UTC] PHP Fatal error:  Uncaught Error: Call to a member function fetch_object() on bool in D:\laragon\www\myguest.click\app\controllers\Dashboard.php:116
Stack trace:
#0 [internal function]: Altum\Controllers\Dashboard->index()
#1 D:\laragon\www\myguest.click\app\core\App.php(212): call_user_func_array(Array, Array)
#2 D:\laragon\www\myguest.click\index.php(20): Altum\App->__construct()
#3 {main}
  thrown in D:\laragon\www\myguest.click\app\controllers\Dashboard.php on line 116
[22-Mar-2024 04:54:05 UTC] PHP Warning:  Undefined variable $stores_statistics in D:\laragon\www\myguest.click\themes\altum\views\dashboard\index.php on line 172
[22-Mar-2024 04:56:23 UTC] PHP Parse error:  syntax error, unexpected token ":" in D:\laragon\www\myguest.click\themes\altum\views\dashboard\index.php on line 174
[22-Mar-2024 04:57:11 UTC] PHP Parse error:  syntax error, unexpected token ":" in D:\laragon\www\myguest.click\themes\altum\views\dashboard\index.php on line 174
[22-Mar-2024 04:57:57 UTC] PHP Deprecated:  json_decode(): Passing null to parameter #1 ($json) of type string is deprecated in D:\laragon\www\myguest.click\app\controllers\s\Store.php on line 202
[22-Mar-2024 04:57:57 UTC] PHP Deprecated:  json_decode(): Passing null to parameter #1 ($json) of type string is deprecated in D:\laragon\www\myguest.click\app\controllers\s\Store.php on line 202
[22-Mar-2024 04:57:57 UTC] PHP Deprecated:  json_decode(): Passing null to parameter #1 ($json) of type string is deprecated in D:\laragon\www\myguest.click\app\controllers\s\Store.php on line 202
[22-Mar-2024 04:57:57 UTC] PHP Deprecated:  json_decode(): Passing null to parameter #1 ($json) of type string is deprecated in D:\laragon\www\myguest.click\app\controllers\s\Store.php on line 202
[22-Mar-2024 04:57:57 UTC] PHP Deprecated:  mb_strlen(): Passing null to parameter #1 ($string) of type string is deprecated in D:\laragon\www\myguest.click\app\helpers\strings.php on line 49
[22-Mar-2024 04:57:57 UTC] PHP Deprecated:  mb_strlen(): Passing null to parameter #1 ($string) of type string is deprecated in D:\laragon\www\myguest.click\app\helpers\strings.php on line 49
[22-Mar-2024 04:57:57 UTC] PHP Warning:  Attempt to read property "facebook" on null in D:\laragon\www\myguest.click\themes\altum\views\s\partials\footer.php on line 33
[22-Mar-2024 04:57:57 UTC] PHP Warning:  Attempt to read property "instagram" on null in D:\laragon\www\myguest.click\themes\altum\views\s\partials\footer.php on line 33
[22-Mar-2024 04:57:57 UTC] PHP Warning:  Attempt to read property "x" on null in D:\laragon\www\myguest.click\themes\altum\views\s\partials\footer.php on line 33
[22-Mar-2024 05:01:25 UTC] PHP Deprecated:  json_decode(): Passing null to parameter #1 ($json) of type string is deprecated in D:\laragon\www\myguest.click\app\controllers\s\Store.php on line 202
[22-Mar-2024 05:01:25 UTC] PHP Deprecated:  json_decode(): Passing null to parameter #1 ($json) of type string is deprecated in D:\laragon\www\myguest.click\app\controllers\s\Store.php on line 202
[22-Mar-2024 05:01:25 UTC] PHP Deprecated:  json_decode(): Passing null to parameter #1 ($json) of type string is deprecated in D:\laragon\www\myguest.click\app\controllers\s\Store.php on line 202
[22-Mar-2024 05:01:25 UTC] PHP Deprecated:  json_decode(): Passing null to parameter #1 ($json) of type string is deprecated in D:\laragon\www\myguest.click\app\controllers\s\Store.php on line 202
[22-Mar-2024 05:01:26 UTC] PHP Deprecated:  mb_strlen(): Passing null to parameter #1 ($string) of type string is deprecated in D:\laragon\www\myguest.click\app\helpers\strings.php on line 49
[22-Mar-2024 05:01:26 UTC] PHP Deprecated:  mb_strlen(): Passing null to parameter #1 ($string) of type string is deprecated in D:\laragon\www\myguest.click\app\helpers\strings.php on line 49
[22-Mar-2024 05:01:26 UTC] PHP Warning:  Attempt to read property "facebook" on null in D:\laragon\www\myguest.click\themes\altum\views\s\partials\footer.php on line 33
[22-Mar-2024 05:01:26 UTC] PHP Warning:  Attempt to read property "instagram" on null in D:\laragon\www\myguest.click\themes\altum\views\s\partials\footer.php on line 33
[22-Mar-2024 05:01:26 UTC] PHP Warning:  Attempt to read property "x" on null in D:\laragon\www\myguest.click\themes\altum\views\s\partials\footer.php on line 33
[22-Mar-2024 05:01:26 UTC] PHP Deprecated:  json_decode(): Passing null to parameter #1 ($json) of type string is deprecated in D:\laragon\www\myguest.click\app\controllers\s\Store.php on line 202
[22-Mar-2024 05:01:26 UTC] PHP Deprecated:  json_decode(): Passing null to parameter #1 ($json) of type string is deprecated in D:\laragon\www\myguest.click\app\controllers\s\Store.php on line 202
[22-Mar-2024 05:01:26 UTC] PHP Deprecated:  json_decode(): Passing null to parameter #1 ($json) of type string is deprecated in D:\laragon\www\myguest.click\app\controllers\s\Store.php on line 202
[22-Mar-2024 05:01:26 UTC] PHP Deprecated:  json_decode(): Passing null to parameter #1 ($json) of type string is deprecated in D:\laragon\www\myguest.click\app\controllers\s\Store.php on line 202
[22-Mar-2024 05:01:26 UTC] PHP Deprecated:  mb_strlen(): Passing null to parameter #1 ($string) of type string is deprecated in D:\laragon\www\myguest.click\app\helpers\strings.php on line 49
[22-Mar-2024 05:01:26 UTC] PHP Deprecated:  mb_strlen(): Passing null to parameter #1 ($string) of type string is deprecated in D:\laragon\www\myguest.click\app\helpers\strings.php on line 49
[22-Mar-2024 05:01:26 UTC] PHP Warning:  Attempt to read property "facebook" on null in D:\laragon\www\myguest.click\themes\altum\views\s\partials\footer.php on line 33
[22-Mar-2024 05:01:26 UTC] PHP Warning:  Attempt to read property "instagram" on null in D:\laragon\www\myguest.click\themes\altum\views\s\partials\footer.php on line 33
[22-Mar-2024 05:01:26 UTC] PHP Warning:  Attempt to read property "x" on null in D:\laragon\www\myguest.click\themes\altum\views\s\partials\footer.php on line 33
[22-Mar-2024 05:44:48 UTC] PHP Fatal error:  Uncaught Error: Call to a member function fetch_object() on bool in D:\laragon\www\myguest.click\app\controllers\Dashboard.php:91
Stack trace:
#0 [internal function]: Altum\Controllers\Dashboard->index()
#1 D:\laragon\www\myguest.click\app\core\App.php(212): call_user_func_array(Array, Array)
#2 D:\laragon\www\myguest.click\index.php(20): Altum\App->__construct()
#3 {main}
  thrown in D:\laragon\www\myguest.click\app\controllers\Dashboard.php on line 91
[22-Mar-2024 05:45:35 UTC] PHP Fatal error:  Uncaught Error: Call to a member function fetch_object() on bool in D:\laragon\www\myguest.click\app\controllers\Dashboard.php:91
Stack trace:
#0 [internal function]: Altum\Controllers\Dashboard->index()
#1 D:\laragon\www\myguest.click\app\core\App.php(212): call_user_func_array(Array, Array)
#2 D:\laragon\www\myguest.click\index.php(20): Altum\App->__construct()
#3 {main}
  thrown in D:\laragon\www\myguest.click\app\controllers\Dashboard.php on line 91
[22-Mar-2024 05:45:38 UTC] PHP Fatal error:  Uncaught Error: Call to a member function fetch_object() on bool in D:\laragon\www\myguest.click\app\controllers\Dashboard.php:91
Stack trace:
#0 [internal function]: Altum\Controllers\Dashboard->index()
#1 D:\laragon\www\myguest.click\app\core\App.php(212): call_user_func_array(Array, Array)
#2 D:\laragon\www\myguest.click\index.php(20): Altum\App->__construct()
#3 {main}
  thrown in D:\laragon\www\myguest.click\app\controllers\Dashboard.php on line 91
[22-Mar-2024 05:46:10 UTC] PHP Fatal error:  Uncaught Error: Call to a member function fetch_object() on bool in D:\laragon\www\myguest.click\app\controllers\Dashboard.php:91
Stack trace:
#0 [internal function]: Altum\Controllers\Dashboard->index()
#1 D:\laragon\www\myguest.click\app\core\App.php(212): call_user_func_array(Array, Array)
#2 D:\laragon\www\myguest.click\index.php(20): Altum\App->__construct()
#3 {main}
  thrown in D:\laragon\www\myguest.click\app\controllers\Dashboard.php on line 91
[22-Mar-2024 05:47:46 UTC] PHP Fatal error:  Uncaught Error: Call to a member function fetch_object() on bool in D:\laragon\www\myguest.click\app\controllers\Dashboard.php:87
Stack trace:
#0 [internal function]: Altum\Controllers\Dashboard->index()
#1 D:\laragon\www\myguest.click\app\core\App.php(212): call_user_func_array(Array, Array)
#2 D:\laragon\www\myguest.click\index.php(20): Altum\App->__construct()
#3 {main}
  thrown in D:\laragon\www\myguest.click\app\controllers\Dashboard.php on line 87
[22-Mar-2024 05:50:40 UTC] PHP Deprecated:  json_decode(): Passing null to parameter #1 ($json) of type string is deprecated in D:\laragon\www\myguest.click\app\controllers\s\Store.php on line 202
[22-Mar-2024 05:50:40 UTC] PHP Deprecated:  json_decode(): Passing null to parameter #1 ($json) of type string is deprecated in D:\laragon\www\myguest.click\app\controllers\s\Store.php on line 202
[22-Mar-2024 05:50:40 UTC] PHP Deprecated:  json_decode(): Passing null to parameter #1 ($json) of type string is deprecated in D:\laragon\www\myguest.click\app\controllers\s\Store.php on line 202
[22-Mar-2024 05:50:40 UTC] PHP Deprecated:  json_decode(): Passing null to parameter #1 ($json) of type string is deprecated in D:\laragon\www\myguest.click\app\controllers\s\Store.php on line 202
[22-Mar-2024 05:50:40 UTC] PHP Warning:  Attempt to read property "facebook" on null in D:\laragon\www\myguest.click\themes\altum\views\s\partials\footer.php on line 33
[22-Mar-2024 05:50:40 UTC] PHP Warning:  Attempt to read property "instagram" on null in D:\laragon\www\myguest.click\themes\altum\views\s\partials\footer.php on line 33
[22-Mar-2024 05:50:40 UTC] PHP Warning:  Attempt to read property "x" on null in D:\laragon\www\myguest.click\themes\altum\views\s\partials\footer.php on line 33
[22-Mar-2024 05:50:44 UTC] PHP Deprecated:  json_decode(): Passing null to parameter #1 ($json) of type string is deprecated in D:\laragon\www\myguest.click\app\controllers\s\Store.php on line 202
[22-Mar-2024 05:50:44 UTC] PHP Deprecated:  json_decode(): Passing null to parameter #1 ($json) of type string is deprecated in D:\laragon\www\myguest.click\app\controllers\s\Store.php on line 202
[22-Mar-2024 05:50:44 UTC] PHP Deprecated:  json_decode(): Passing null to parameter #1 ($json) of type string is deprecated in D:\laragon\www\myguest.click\app\controllers\s\Store.php on line 202
[22-Mar-2024 05:50:44 UTC] PHP Deprecated:  json_decode(): Passing null to parameter #1 ($json) of type string is deprecated in D:\laragon\www\myguest.click\app\controllers\s\Store.php on line 202
[22-Mar-2024 05:50:44 UTC] PHP Deprecated:  mb_strlen(): Passing null to parameter #1 ($string) of type string is deprecated in D:\laragon\www\myguest.click\app\helpers\strings.php on line 49
[22-Mar-2024 05:50:44 UTC] PHP Deprecated:  mb_strlen(): Passing null to parameter #1 ($string) of type string is deprecated in D:\laragon\www\myguest.click\app\helpers\strings.php on line 49
[22-Mar-2024 05:50:44 UTC] PHP Warning:  Attempt to read property "facebook" on null in D:\laragon\www\myguest.click\themes\altum\views\s\partials\footer.php on line 33
[22-Mar-2024 05:50:44 UTC] PHP Warning:  Attempt to read property "instagram" on null in D:\laragon\www\myguest.click\themes\altum\views\s\partials\footer.php on line 33
[22-Mar-2024 05:50:44 UTC] PHP Warning:  Attempt to read property "x" on null in D:\laragon\www\myguest.click\themes\altum\views\s\partials\footer.php on line 33
[22-Mar-2024 05:53:37 UTC] PHP Deprecated:  json_decode(): Passing null to parameter #1 ($json) of type string is deprecated in D:\laragon\www\myguest.click\app\controllers\s\Store.php on line 202
[22-Mar-2024 05:53:37 UTC] PHP Deprecated:  json_decode(): Passing null to parameter #1 ($json) of type string is deprecated in D:\laragon\www\myguest.click\app\controllers\s\Store.php on line 202
[22-Mar-2024 05:53:37 UTC] PHP Deprecated:  json_decode(): Passing null to parameter #1 ($json) of type string is deprecated in D:\laragon\www\myguest.click\app\controllers\s\Store.php on line 202
[22-Mar-2024 05:53:37 UTC] PHP Deprecated:  json_decode(): Passing null to parameter #1 ($json) of type string is deprecated in D:\laragon\www\myguest.click\app\controllers\s\Store.php on line 202
[22-Mar-2024 05:53:37 UTC] PHP Warning:  Attempt to read property "facebook" on null in D:\laragon\www\myguest.click\themes\altum\views\s\partials\footer.php on line 33
[22-Mar-2024 05:53:37 UTC] PHP Warning:  Attempt to read property "instagram" on null in D:\laragon\www\myguest.click\themes\altum\views\s\partials\footer.php on line 33
[22-Mar-2024 05:53:37 UTC] PHP Warning:  Attempt to read property "x" on null in D:\laragon\www\myguest.click\themes\altum\views\s\partials\footer.php on line 33
[22-Mar-2024 05:53:40 UTC] PHP Deprecated:  json_decode(): Passing null to parameter #1 ($json) of type string is deprecated in D:\laragon\www\myguest.click\app\controllers\s\Store.php on line 202
[22-Mar-2024 05:53:40 UTC] PHP Deprecated:  json_decode(): Passing null to parameter #1 ($json) of type string is deprecated in D:\laragon\www\myguest.click\app\controllers\s\Store.php on line 202
[22-Mar-2024 05:53:40 UTC] PHP Deprecated:  json_decode(): Passing null to parameter #1 ($json) of type string is deprecated in D:\laragon\www\myguest.click\app\controllers\s\Store.php on line 202
[22-Mar-2024 05:53:40 UTC] PHP Deprecated:  json_decode(): Passing null to parameter #1 ($json) of type string is deprecated in D:\laragon\www\myguest.click\app\controllers\s\Store.php on line 202
[22-Mar-2024 05:53:40 UTC] PHP Deprecated:  mb_strlen(): Passing null to parameter #1 ($string) of type string is deprecated in D:\laragon\www\myguest.click\app\helpers\strings.php on line 49
[22-Mar-2024 05:53:40 UTC] PHP Deprecated:  mb_strlen(): Passing null to parameter #1 ($string) of type string is deprecated in D:\laragon\www\myguest.click\app\helpers\strings.php on line 49
[22-Mar-2024 05:53:40 UTC] PHP Warning:  Attempt to read property "facebook" on null in D:\laragon\www\myguest.click\themes\altum\views\s\partials\footer.php on line 33
[22-Mar-2024 05:53:40 UTC] PHP Warning:  Attempt to read property "instagram" on null in D:\laragon\www\myguest.click\themes\altum\views\s\partials\footer.php on line 33
[22-Mar-2024 05:53:40 UTC] PHP Warning:  Attempt to read property "x" on null in D:\laragon\www\myguest.click\themes\altum\views\s\partials\footer.php on line 33
[22-Mar-2024 05:56:52 UTC] PHP Fatal error:  Uncaught TypeError: count(): Argument #1 ($value) must be of type Countable|array, stdClass given in D:\laragon\www\myguest.click\themes\altum\views\dashboard\index.php:174
Stack trace:
#0 D:\laragon\www\myguest.click\app\core\View.php(35): require()
#1 D:\laragon\www\myguest.click\app\controllers\Dashboard.php(165): Altum\View->run(Object(stdClass))
#2 [internal function]: Altum\Controllers\Dashboard->index()
#3 D:\laragon\www\myguest.click\app\core\App.php(212): call_user_func_array(Array, Array)
#4 D:\laragon\www\myguest.click\index.php(20): Altum\App->__construct()
#5 {main}
  thrown in D:\laragon\www\myguest.click\themes\altum\views\dashboard\index.php on line 174
[22-Mar-2024 06:00:55 UTC] PHP Fatal error:  Uncaught TypeError: count(): Argument #1 ($value) must be of type Countable|array, stdClass given in D:\laragon\www\myguest.click\themes\altum\views\dashboard\index.php:174
Stack trace:
#0 D:\laragon\www\myguest.click\app\core\View.php(35): require()
#1 D:\laragon\www\myguest.click\app\controllers\Dashboard.php(165): Altum\View->run(Object(stdClass))
#2 [internal function]: Altum\Controllers\Dashboard->index()
#3 D:\laragon\www\myguest.click\app\core\App.php(212): call_user_func_array(Array, Array)
#4 D:\laragon\www\myguest.click\index.php(20): Altum\App->__construct()
#5 {main}
  thrown in D:\laragon\www\myguest.click\themes\altum\views\dashboard\index.php on line 174
[22-Mar-2024 06:01:33 UTC] PHP Fatal error:  Uncaught TypeError: count(): Argument #1 ($value) must be of type Countable|array, stdClass given in D:\laragon\www\myguest.click\themes\altum\views\dashboard\index.php:174
Stack trace:
#0 D:\laragon\www\myguest.click\app\core\View.php(35): require()
#1 D:\laragon\www\myguest.click\app\controllers\Dashboard.php(166): Altum\View->run(Object(stdClass))
#2 [internal function]: Altum\Controllers\Dashboard->index()
#3 D:\laragon\www\myguest.click\app\core\App.php(212): call_user_func_array(Array, Array)
#4 D:\laragon\www\myguest.click\index.php(20): Altum\App->__construct()
#5 {main}
  thrown in D:\laragon\www\myguest.click\themes\altum\views\dashboard\index.php on line 174
[22-Mar-2024 06:02:19 UTC] PHP Fatal error:  Uncaught TypeError: count(): Argument #1 ($value) must be of type Countable|array, stdClass given in D:\laragon\www\myguest.click\themes\altum\views\dashboard\index.php:174
Stack trace:
#0 D:\laragon\www\myguest.click\app\core\View.php(35): require()
#1 D:\laragon\www\myguest.click\app\controllers\Dashboard.php(167): Altum\View->run(Object(stdClass))
#2 [internal function]: Altum\Controllers\Dashboard->index()
#3 D:\laragon\www\myguest.click\app\core\App.php(212): call_user_func_array(Array, Array)
#4 D:\laragon\www\myguest.click\index.php(20): Altum\App->__construct()
#5 {main}
  thrown in D:\laragon\www\myguest.click\themes\altum\views\dashboard\index.php on line 174
[22-Mar-2024 06:07:04 UTC] PHP Warning:  Undefined property: stdClass::$full_url in D:\laragon\www\myguest.click\themes\altum\views\dashboard\index.php on line 191
[22-Mar-2024 06:07:04 UTC] PHP Warning:  Undefined property: stdClass::$full_url in D:\laragon\www\myguest.click\themes\altum\views\dashboard\index.php on line 191
[22-Mar-2024 06:07:04 UTC] PHP Warning:  Undefined property: stdClass::$full_url in D:\laragon\www\myguest.click\themes\altum\views\dashboard\index.php on line 191
[22-Mar-2024 06:07:04 UTC] PHP Warning:  Undefined property: stdClass::$full_url in D:\laragon\www\myguest.click\themes\altum\views\dashboard\index.php on line 191
[22-Mar-2024 06:07:20 UTC] PHP Deprecated:  json_decode(): Passing null to parameter #1 ($json) of type string is deprecated in D:\laragon\www\myguest.click\app\controllers\s\Store.php on line 202
[22-Mar-2024 06:07:20 UTC] PHP Deprecated:  json_decode(): Passing null to parameter #1 ($json) of type string is deprecated in D:\laragon\www\myguest.click\app\controllers\s\Store.php on line 202
[22-Mar-2024 06:07:20 UTC] PHP Deprecated:  json_decode(): Passing null to parameter #1 ($json) of type string is deprecated in D:\laragon\www\myguest.click\app\controllers\s\Store.php on line 202
[22-Mar-2024 06:07:20 UTC] PHP Deprecated:  json_decode(): Passing null to parameter #1 ($json) of type string is deprecated in D:\laragon\www\myguest.click\app\controllers\s\Store.php on line 202
[22-Mar-2024 06:07:20 UTC] PHP Deprecated:  mb_strlen(): Passing null to parameter #1 ($string) of type string is deprecated in D:\laragon\www\myguest.click\app\helpers\strings.php on line 49
[22-Mar-2024 06:07:20 UTC] PHP Deprecated:  mb_strlen(): Passing null to parameter #1 ($string) of type string is deprecated in D:\laragon\www\myguest.click\app\helpers\strings.php on line 49
[22-Mar-2024 06:07:20 UTC] PHP Warning:  Attempt to read property "facebook" on null in D:\laragon\www\myguest.click\themes\altum\views\s\partials\footer.php on line 33
[22-Mar-2024 06:07:20 UTC] PHP Warning:  Attempt to read property "instagram" on null in D:\laragon\www\myguest.click\themes\altum\views\s\partials\footer.php on line 33
[22-Mar-2024 06:07:20 UTC] PHP Warning:  Attempt to read property "x" on null in D:\laragon\www\myguest.click\themes\altum\views\s\partials\footer.php on line 33
[22-Mar-2024 06:07:26 UTC] PHP Warning:  Undefined property: stdClass::$full_url in D:\laragon\www\myguest.click\themes\altum\views\dashboard\index.php on line 191
[22-Mar-2024 06:07:26 UTC] PHP Warning:  Undefined property: stdClass::$full_url in D:\laragon\www\myguest.click\themes\altum\views\dashboard\index.php on line 191
[22-Mar-2024 06:07:26 UTC] PHP Warning:  Undefined property: stdClass::$full_url in D:\laragon\www\myguest.click\themes\altum\views\dashboard\index.php on line 191
[22-Mar-2024 06:07:26 UTC] PHP Warning:  Undefined property: stdClass::$full_url in D:\laragon\www\myguest.click\themes\altum\views\dashboard\index.php on line 191
[22-Mar-2024 06:08:10 UTC] PHP Warning:  Undefined property: stdClass::$full_url in D:\laragon\www\myguest.click\themes\altum\views\dashboard\index.php on line 191
[22-Mar-2024 06:08:10 UTC] PHP Warning:  Undefined property: stdClass::$full_url in D:\laragon\www\myguest.click\themes\altum\views\dashboard\index.php on line 191
[22-Mar-2024 06:08:10 UTC] PHP Warning:  Undefined property: stdClass::$full_url in D:\laragon\www\myguest.click\themes\altum\views\dashboard\index.php on line 191
[22-Mar-2024 06:08:10 UTC] PHP Warning:  Undefined property: stdClass::$full_url in D:\laragon\www\myguest.click\themes\altum\views\dashboard\index.php on line 191
[22-Mar-2024 06:10:50 UTC] PHP Deprecated:  mb_strlen(): Passing null to parameter #1 ($string) of type string is deprecated in D:\laragon\www\myguest.click\app\helpers\strings.php on line 49
[22-Mar-2024 06:10:50 UTC] PHP Deprecated:  mb_strlen(): Passing null to parameter #1 ($string) of type string is deprecated in D:\laragon\www\myguest.click\app\helpers\strings.php on line 49
[22-Mar-2024 06:11:03 UTC] PHP Warning:  Undefined property: stdClass::$full_url in D:\laragon\www\myguest.click\themes\altum\views\dashboard\index.php on line 191
[22-Mar-2024 06:11:03 UTC] PHP Warning:  Undefined property: stdClass::$full_url in D:\laragon\www\myguest.click\themes\altum\views\dashboard\index.php on line 191
[22-Mar-2024 06:11:03 UTC] PHP Warning:  Undefined property: stdClass::$full_url in D:\laragon\www\myguest.click\themes\altum\views\dashboard\index.php on line 191
[22-Mar-2024 06:11:03 UTC] PHP Warning:  Undefined property: stdClass::$full_url in D:\laragon\www\myguest.click\themes\altum\views\dashboard\index.php on line 191
[22-Mar-2024 06:11:26 UTC] PHP Warning:  Undefined property: stdClass::$full_url in D:\laragon\www\myguest.click\themes\altum\views\dashboard\index.php on line 191
[22-Mar-2024 06:11:26 UTC] PHP Warning:  Undefined property: stdClass::$full_url in D:\laragon\www\myguest.click\themes\altum\views\dashboard\index.php on line 191
[22-Mar-2024 06:21:31 UTC] PHP Warning:  Undefined property: stdClass::$full_url in D:\laragon\www\myguest.click\themes\altum\views\dashboard\index.php on line 191
[22-Mar-2024 06:21:31 UTC] PHP Warning:  Undefined property: stdClass::$full_url in D:\laragon\www\myguest.click\themes\altum\views\dashboard\index.php on line 191
[22-Mar-2024 06:59:05 UTC] PHP Deprecated:  mb_strlen(): Passing null to parameter #1 ($string) of type string is deprecated in D:\laragon\www\myguest.click\app\helpers\strings.php on line 49
[22-Mar-2024 06:59:05 UTC] PHP Deprecated:  mb_strlen(): Passing null to parameter #1 ($string) of type string is deprecated in D:\laragon\www\myguest.click\app\helpers\strings.php on line 49
[22-Mar-2024 07:00:05 UTC] PHP Deprecated:  mb_strlen(): Passing null to parameter #1 ($string) of type string is deprecated in D:\laragon\www\myguest.click\app\helpers\strings.php on line 49
[22-Mar-2024 07:00:05 UTC] PHP Deprecated:  mb_strlen(): Passing null to parameter #1 ($string) of type string is deprecated in D:\laragon\www\myguest.click\app\helpers\strings.php on line 49
[22-Mar-2024 07:00:21 UTC] PHP Deprecated:  mb_strlen(): Passing null to parameter #1 ($string) of type string is deprecated in D:\laragon\www\myguest.click\app\helpers\strings.php on line 49
[22-Mar-2024 07:00:21 UTC] PHP Deprecated:  mb_strlen(): Passing null to parameter #1 ($string) of type string is deprecated in D:\laragon\www\myguest.click\app\helpers\strings.php on line 49
[22-Mar-2024 07:00:55 UTC] PHP Deprecated:  mb_strlen(): Passing null to parameter #1 ($string) of type string is deprecated in D:\laragon\www\myguest.click\app\helpers\strings.php on line 49
[22-Mar-2024 07:00:55 UTC] PHP Deprecated:  mb_strlen(): Passing null to parameter #1 ($string) of type string is deprecated in D:\laragon\www\myguest.click\app\helpers\strings.php on line 49
[22-Mar-2024 13:36:18 UTC] PHP Deprecated:  mb_strlen(): Passing null to parameter #1 ($string) of type string is deprecated in D:\laragon\www\myguest.click\app\helpers\strings.php on line 49
[22-Mar-2024 13:36:18 UTC] PHP Deprecated:  mb_strlen(): Passing null to parameter #1 ($string) of type string is deprecated in D:\laragon\www\myguest.click\app\helpers\strings.php on line 49
[22-Mar-2024 13:36:51 UTC] PHP Deprecated:  mb_strlen(): Passing null to parameter #1 ($string) of type string is deprecated in D:\laragon\www\myguest.click\app\helpers\strings.php on line 49
[22-Mar-2024 13:36:51 UTC] PHP Deprecated:  mb_strlen(): Passing null to parameter #1 ($string) of type string is deprecated in D:\laragon\www\myguest.click\app\helpers\strings.php on line 49
[22-Mar-2024 13:36:56 UTC] PHP Deprecated:  mb_strlen(): Passing null to parameter #1 ($string) of type string is deprecated in D:\laragon\www\myguest.click\app\helpers\strings.php on line 49
[22-Mar-2024 13:36:56 UTC] PHP Deprecated:  mb_strlen(): Passing null to parameter #1 ($string) of type string is deprecated in D:\laragon\www\myguest.click\app\helpers\strings.php on line 49
[22-Mar-2024 13:39:37 UTC] PHP Fatal error:  Uncaught Error: Call to a member function fetch_object() on bool in D:\laragon\www\myguest.click\app\controllers\Dashboard.php:86
Stack trace:
#0 [internal function]: Altum\Controllers\Dashboard->index()
#1 D:\laragon\www\myguest.click\app\core\App.php(212): call_user_func_array(Array, Array)
#2 D:\laragon\www\myguest.click\index.php(20): Altum\App->__construct()
#3 {main}
  thrown in D:\laragon\www\myguest.click\app\controllers\Dashboard.php on line 86
[22-Mar-2024 13:39:41 UTC] PHP Fatal error:  Uncaught Error: Call to a member function fetch_object() on bool in D:\laragon\www\myguest.click\app\controllers\Dashboard.php:86
Stack trace:
#0 [internal function]: Altum\Controllers\Dashboard->index()
#1 D:\laragon\www\myguest.click\app\core\App.php(212): call_user_func_array(Array, Array)
#2 D:\laragon\www\myguest.click\index.php(20): Altum\App->__construct()
#3 {main}
  thrown in D:\laragon\www\myguest.click\app\controllers\Dashboard.php on line 86
[22-Mar-2024 13:39:42 UTC] PHP Fatal error:  Uncaught Error: Call to a member function fetch_object() on bool in D:\laragon\www\myguest.click\app\controllers\Dashboard.php:86
Stack trace:
#0 [internal function]: Altum\Controllers\Dashboard->index()
#1 D:\laragon\www\myguest.click\app\core\App.php(212): call_user_func_array(Array, Array)
#2 D:\laragon\www\myguest.click\index.php(20): Altum\App->__construct()
#3 {main}
  thrown in D:\laragon\www\myguest.click\app\controllers\Dashboard.php on line 86
[22-Mar-2024 13:39:42 UTC] PHP Fatal error:  Uncaught Error: Call to a member function fetch_object() on bool in D:\laragon\www\myguest.click\app\controllers\Dashboard.php:86
Stack trace:
#0 [internal function]: Altum\Controllers\Dashboard->index()
#1 D:\laragon\www\myguest.click\app\core\App.php(212): call_user_func_array(Array, Array)
#2 D:\laragon\www\myguest.click\index.php(20): Altum\App->__construct()
#3 {main}
  thrown in D:\laragon\www\myguest.click\app\controllers\Dashboard.php on line 86
[22-Mar-2024 13:40:28 UTC] PHP Fatal error:  Uncaught Error: Call to a member function fetch_object() on bool in D:\laragon\www\myguest.click\app\controllers\Dashboard.php:86
Stack trace:
#0 [internal function]: Altum\Controllers\Dashboard->index()
#1 D:\laragon\www\myguest.click\app\core\App.php(212): call_user_func_array(Array, Array)
#2 D:\laragon\www\myguest.click\index.php(20): Altum\App->__construct()
#3 {main}
  thrown in D:\laragon\www\myguest.click\app\controllers\Dashboard.php on line 86
[22-Mar-2024 13:41:17 UTC] PHP Fatal error:  Uncaught Error: Call to a member function fetch_object() on bool in D:\laragon\www\myguest.click\app\controllers\Dashboard.php:85
Stack trace:
#0 [internal function]: Altum\Controllers\Dashboard->index()
#1 D:\laragon\www\myguest.click\app\core\App.php(212): call_user_func_array(Array, Array)
#2 D:\laragon\www\myguest.click\index.php(20): Altum\App->__construct()
#3 {main}
  thrown in D:\laragon\www\myguest.click\app\controllers\Dashboard.php on line 85
[22-Mar-2024 13:43:56 UTC] PHP Fatal error:  Uncaught Error: Call to a member function fetch_object() on bool in D:\laragon\www\myguest.click\app\controllers\Dashboard.php:84
Stack trace:
#0 [internal function]: Altum\Controllers\Dashboard->index()
#1 D:\laragon\www\myguest.click\app\core\App.php(212): call_user_func_array(Array, Array)
#2 D:\laragon\www\myguest.click\index.php(20): Altum\App->__construct()
#3 {main}
  thrown in D:\laragon\www\myguest.click\app\controllers\Dashboard.php on line 84
[22-Mar-2024 13:52:13 UTC] PHP Fatal error:  Uncaught Error: Call to a member function fetch_object() on bool in D:\laragon\www\myguest.click\app\controllers\Dashboard.php:86
Stack trace:
#0 [internal function]: Altum\Controllers\Dashboard->index()
#1 D:\laragon\www\myguest.click\app\core\App.php(212): call_user_func_array(Array, Array)
#2 D:\laragon\www\myguest.click\index.php(20): Altum\App->__construct()
#3 {main}
  thrown in D:\laragon\www\myguest.click\app\controllers\Dashboard.php on line 86
[22-Mar-2024 13:54:37 UTC] PHP Warning:  Undefined property: stdClass::$store_id in D:\laragon\www\myguest.click\app\controllers\Dashboard.php on line 104
[22-Mar-2024 13:54:37 UTC] PHP Warning:  Undefined property: stdClass::$user_id in D:\laragon\www\myguest.click\app\controllers\Dashboard.php on line 105
[22-Mar-2024 13:54:37 UTC] PHP Warning:  Undefined property: stdClass::$full_url in D:\laragon\www\myguest.click\themes\altum\views\dashboard\index.php on line 191
[22-Mar-2024 13:54:37 UTC] PHP Warning:  Undefined property: stdClass::$full_url in D:\laragon\www\myguest.click\themes\altum\views\dashboard\index.php on line 191
