[07-Mar-2024 01:27:23 UTC] PHP Warning:  Undefined property: stdClass::$color in /home/myguest/web/myguest.click/public_html/themes/altum/views/partials/plans.php on line 53
[07-Mar-2024 01:27:23 UTC] PHP Warning:  Undefined property: stdClass::$price in /home/myguest/web/myguest.click/public_html/themes/altum/views/partials/plans.php on line 62
[07-Mar-2024 01:27:23 UTC] PHP Warning:  Undefined property: stdClass::$description in /home/myguest/web/myguest.click/public_html/themes/altum/views/partials/plans.php on line 65
[07-Mar-2024 01:27:23 UTC] PHP Warning:  Undefined property: stdClass::$statistics_retention in /home/myguest/web/myguest.click/public_html/themes/altum/views/partials/plans_plan_content.php on line 91
[07-Mar-2024 01:27:23 UTC] PHP Warning:  Undefined property: stdClass::$statistics_retention in /home/myguest/web/myguest.click/public_html/themes/altum/views/partials/plans_plan_content.php on line 91
[07-Mar-2024 01:27:23 UTC] PHP Warning:  Undefined property: stdClass::$statistics_retention in /home/myguest/web/myguest.click/public_html/themes/altum/views/partials/plans_plan_content.php on line 94
[07-Mar-2024 01:27:23 UTC] PHP Warning:  Undefined property: stdClass::$qr_is_enabled in /home/myguest/web/myguest.click/public_html/themes/altum/views/partials/plans_plan_content.php on line 113
[07-Mar-2024 01:27:23 UTC] PHP Warning:  Undefined property: stdClass::$qr_is_enabled in /home/myguest/web/myguest.click/public_html/themes/altum/views/partials/plans_plan_content.php on line 118
[07-Mar-2024 10:49:31 UTC] PHP Warning:  Undefined property: stdClass::$color in /home/myguest/web/myguest.click/public_html/themes/altum/views/partials/plans.php on line 53
[07-Mar-2024 10:49:31 UTC] PHP Warning:  Undefined property: stdClass::$price in /home/myguest/web/myguest.click/public_html/themes/altum/views/partials/plans.php on line 62
[07-Mar-2024 10:49:31 UTC] PHP Warning:  Undefined property: stdClass::$description in /home/myguest/web/myguest.click/public_html/themes/altum/views/partials/plans.php on line 65
[07-Mar-2024 10:49:31 UTC] PHP Warning:  Undefined property: stdClass::$statistics_retention in /home/myguest/web/myguest.click/public_html/themes/altum/views/partials/plans_plan_content.php on line 91
[07-Mar-2024 10:49:31 UTC] PHP Warning:  Undefined property: stdClass::$statistics_retention in /home/myguest/web/myguest.click/public_html/themes/altum/views/partials/plans_plan_content.php on line 91
[07-Mar-2024 10:49:31 UTC] PHP Warning:  Undefined property: stdClass::$statistics_retention in /home/myguest/web/myguest.click/public_html/themes/altum/views/partials/plans_plan_content.php on line 94
[07-Mar-2024 10:49:31 UTC] PHP Warning:  Undefined property: stdClass::$qr_is_enabled in /home/myguest/web/myguest.click/public_html/themes/altum/views/partials/plans_plan_content.php on line 113
[07-Mar-2024 10:49:31 UTC] PHP Warning:  Undefined property: stdClass::$qr_is_enabled in /home/myguest/web/myguest.click/public_html/themes/altum/views/partials/plans_plan_content.php on line 118
[07-Mar-2024 11:01:03 UTC] PHP Warning:  Undefined property: stdClass::$color in /home/myguest/web/myguest.click/public_html/themes/altum/views/partials/plans.php on line 53
[07-Mar-2024 11:01:03 UTC] PHP Warning:  Undefined property: stdClass::$price in /home/myguest/web/myguest.click/public_html/themes/altum/views/partials/plans.php on line 62
[07-Mar-2024 11:01:03 UTC] PHP Warning:  Undefined property: stdClass::$description in /home/myguest/web/myguest.click/public_html/themes/altum/views/partials/plans.php on line 65
[07-Mar-2024 11:01:03 UTC] PHP Warning:  Undefined property: stdClass::$statistics_retention in /home/myguest/web/myguest.click/public_html/themes/altum/views/partials/plans_plan_content.php on line 91
[07-Mar-2024 11:01:03 UTC] PHP Warning:  Undefined property: stdClass::$statistics_retention in /home/myguest/web/myguest.click/public_html/themes/altum/views/partials/plans_plan_content.php on line 91
[07-Mar-2024 11:01:03 UTC] PHP Warning:  Undefined property: stdClass::$statistics_retention in /home/myguest/web/myguest.click/public_html/themes/altum/views/partials/plans_plan_content.php on line 94
[07-Mar-2024 11:01:03 UTC] PHP Warning:  Undefined property: stdClass::$qr_is_enabled in /home/myguest/web/myguest.click/public_html/themes/altum/views/partials/plans_plan_content.php on line 113
[07-Mar-2024 11:01:03 UTC] PHP Warning:  Undefined property: stdClass::$qr_is_enabled in /home/myguest/web/myguest.click/public_html/themes/altum/views/partials/plans_plan_content.php on line 118
[07-Mar-2024 11:01:41 UTC] PHP Warning:  Undefined property: stdClass::$color in /home/myguest/web/myguest.click/public_html/themes/altum/views/partials/plans.php on line 53
[07-Mar-2024 11:01:41 UTC] PHP Warning:  Undefined property: stdClass::$price in /home/myguest/web/myguest.click/public_html/themes/altum/views/partials/plans.php on line 62
[07-Mar-2024 11:01:41 UTC] PHP Warning:  Undefined property: stdClass::$description in /home/myguest/web/myguest.click/public_html/themes/altum/views/partials/plans.php on line 65
[07-Mar-2024 11:01:41 UTC] PHP Warning:  Undefined property: stdClass::$statistics_retention in /home/myguest/web/myguest.click/public_html/themes/altum/views/partials/plans_plan_content.php on line 91
[07-Mar-2024 11:01:41 UTC] PHP Warning:  Undefined property: stdClass::$statistics_retention in /home/myguest/web/myguest.click/public_html/themes/altum/views/partials/plans_plan_content.php on line 91
[07-Mar-2024 11:01:41 UTC] PHP Warning:  Undefined property: stdClass::$statistics_retention in /home/myguest/web/myguest.click/public_html/themes/altum/views/partials/plans_plan_content.php on line 94
[07-Mar-2024 11:01:41 UTC] PHP Warning:  Undefined property: stdClass::$qr_is_enabled in /home/myguest/web/myguest.click/public_html/themes/altum/views/partials/plans_plan_content.php on line 113
[07-Mar-2024 11:01:41 UTC] PHP Warning:  Undefined property: stdClass::$qr_is_enabled in /home/myguest/web/myguest.click/public_html/themes/altum/views/partials/plans_plan_content.php on line 118
[07-Mar-2024 11:01:45 UTC] PHP Warning:  Undefined property: stdClass::$color in /home/myguest/web/myguest.click/public_html/themes/altum/views/partials/plans.php on line 53
[07-Mar-2024 11:01:45 UTC] PHP Warning:  Undefined property: stdClass::$price in /home/myguest/web/myguest.click/public_html/themes/altum/views/partials/plans.php on line 62
[07-Mar-2024 11:01:45 UTC] PHP Warning:  Undefined property: stdClass::$description in /home/myguest/web/myguest.click/public_html/themes/altum/views/partials/plans.php on line 65
[07-Mar-2024 11:01:45 UTC] PHP Warning:  Undefined property: stdClass::$statistics_retention in /home/myguest/web/myguest.click/public_html/themes/altum/views/partials/plans_plan_content.php on line 91
[07-Mar-2024 11:01:45 UTC] PHP Warning:  Undefined property: stdClass::$statistics_retention in /home/myguest/web/myguest.click/public_html/themes/altum/views/partials/plans_plan_content.php on line 91
[07-Mar-2024 11:01:45 UTC] PHP Warning:  Undefined property: stdClass::$statistics_retention in /home/myguest/web/myguest.click/public_html/themes/altum/views/partials/plans_plan_content.php on line 94
[07-Mar-2024 11:01:45 UTC] PHP Warning:  Undefined property: stdClass::$qr_is_enabled in /home/myguest/web/myguest.click/public_html/themes/altum/views/partials/plans_plan_content.php on line 113
[07-Mar-2024 11:01:45 UTC] PHP Warning:  Undefined property: stdClass::$qr_is_enabled in /home/myguest/web/myguest.click/public_html/themes/altum/views/partials/plans_plan_content.php on line 118
[07-Mar-2024 11:01:51 UTC] PHP Warning:  Undefined property: stdClass::$color in /home/myguest/web/myguest.click/public_html/themes/altum/views/partials/plans.php on line 53
[07-Mar-2024 11:01:51 UTC] PHP Warning:  Undefined property: stdClass::$price in /home/myguest/web/myguest.click/public_html/themes/altum/views/partials/plans.php on line 62
[07-Mar-2024 11:01:51 UTC] PHP Warning:  Undefined property: stdClass::$description in /home/myguest/web/myguest.click/public_html/themes/altum/views/partials/plans.php on line 65
[07-Mar-2024 11:01:51 UTC] PHP Warning:  Undefined property: stdClass::$statistics_retention in /home/myguest/web/myguest.click/public_html/themes/altum/views/partials/plans_plan_content.php on line 91
[07-Mar-2024 11:01:51 UTC] PHP Warning:  Undefined property: stdClass::$statistics_retention in /home/myguest/web/myguest.click/public_html/themes/altum/views/partials/plans_plan_content.php on line 91
[07-Mar-2024 11:01:51 UTC] PHP Warning:  Undefined property: stdClass::$statistics_retention in /home/myguest/web/myguest.click/public_html/themes/altum/views/partials/plans_plan_content.php on line 94
[07-Mar-2024 11:01:51 UTC] PHP Warning:  Undefined property: stdClass::$qr_is_enabled in /home/myguest/web/myguest.click/public_html/themes/altum/views/partials/plans_plan_content.php on line 113
[07-Mar-2024 11:01:51 UTC] PHP Warning:  Undefined property: stdClass::$qr_is_enabled in /home/myguest/web/myguest.click/public_html/themes/altum/views/partials/plans_plan_content.php on line 118
[07-Mar-2024 11:02:19 UTC] PHP Warning:  Undefined property: stdClass::$color in /home/myguest/web/myguest.click/public_html/themes/altum/views/partials/plans.php on line 53
[07-Mar-2024 11:02:19 UTC] PHP Warning:  Undefined property: stdClass::$price in /home/myguest/web/myguest.click/public_html/themes/altum/views/partials/plans.php on line 62
[07-Mar-2024 11:02:19 UTC] PHP Warning:  Undefined property: stdClass::$description in /home/myguest/web/myguest.click/public_html/themes/altum/views/partials/plans.php on line 65
[07-Mar-2024 11:02:19 UTC] PHP Warning:  Undefined property: stdClass::$statistics_retention in /home/myguest/web/myguest.click/public_html/themes/altum/views/partials/plans_plan_content.php on line 91
[07-Mar-2024 11:02:19 UTC] PHP Warning:  Undefined property: stdClass::$statistics_retention in /home/myguest/web/myguest.click/public_html/themes/altum/views/partials/plans_plan_content.php on line 91
[07-Mar-2024 11:02:19 UTC] PHP Warning:  Undefined property: stdClass::$statistics_retention in /home/myguest/web/myguest.click/public_html/themes/altum/views/partials/plans_plan_content.php on line 94
[07-Mar-2024 11:02:19 UTC] PHP Warning:  Undefined property: stdClass::$qr_is_enabled in /home/myguest/web/myguest.click/public_html/themes/altum/views/partials/plans_plan_content.php on line 113
[07-Mar-2024 11:02:19 UTC] PHP Warning:  Undefined property: stdClass::$qr_is_enabled in /home/myguest/web/myguest.click/public_html/themes/altum/views/partials/plans_plan_content.php on line 118
[07-Mar-2024 11:06:13 UTC] PHP Warning:  Undefined property: stdClass::$color in /home/myguest/web/myguest.click/public_html/themes/altum/views/partials/plans.php on line 53
[07-Mar-2024 11:06:13 UTC] PHP Warning:  Undefined property: stdClass::$price in /home/myguest/web/myguest.click/public_html/themes/altum/views/partials/plans.php on line 62
[07-Mar-2024 11:06:13 UTC] PHP Warning:  Undefined property: stdClass::$description in /home/myguest/web/myguest.click/public_html/themes/altum/views/partials/plans.php on line 65
[07-Mar-2024 11:06:13 UTC] PHP Warning:  Undefined property: stdClass::$statistics_retention in /home/myguest/web/myguest.click/public_html/themes/altum/views/partials/plans_plan_content.php on line 91
[07-Mar-2024 11:06:13 UTC] PHP Warning:  Undefined property: stdClass::$statistics_retention in /home/myguest/web/myguest.click/public_html/themes/altum/views/partials/plans_plan_content.php on line 91
[07-Mar-2024 11:06:13 UTC] PHP Warning:  Undefined property: stdClass::$statistics_retention in /home/myguest/web/myguest.click/public_html/themes/altum/views/partials/plans_plan_content.php on line 94
[07-Mar-2024 11:06:13 UTC] PHP Warning:  Undefined property: stdClass::$qr_is_enabled in /home/myguest/web/myguest.click/public_html/themes/altum/views/partials/plans_plan_content.php on line 113
[07-Mar-2024 11:06:13 UTC] PHP Warning:  Undefined property: stdClass::$qr_is_enabled in /home/myguest/web/myguest.click/public_html/themes/altum/views/partials/plans_plan_content.php on line 118
[07-Mar-2024 11:06:18 UTC] PHP Warning:  Undefined property: stdClass::$color in /home/myguest/web/myguest.click/public_html/themes/altum/views/partials/plans.php on line 53
[07-Mar-2024 11:06:18 UTC] PHP Warning:  Undefined property: stdClass::$price in /home/myguest/web/myguest.click/public_html/themes/altum/views/partials/plans.php on line 62
[07-Mar-2024 11:06:18 UTC] PHP Warning:  Undefined property: stdClass::$description in /home/myguest/web/myguest.click/public_html/themes/altum/views/partials/plans.php on line 65
[07-Mar-2024 11:06:18 UTC] PHP Warning:  Undefined property: stdClass::$statistics_retention in /home/myguest/web/myguest.click/public_html/themes/altum/views/partials/plans_plan_content.php on line 91
[07-Mar-2024 11:06:18 UTC] PHP Warning:  Undefined property: stdClass::$statistics_retention in /home/myguest/web/myguest.click/public_html/themes/altum/views/partials/plans_plan_content.php on line 91
[07-Mar-2024 11:06:18 UTC] PHP Warning:  Undefined property: stdClass::$statistics_retention in /home/myguest/web/myguest.click/public_html/themes/altum/views/partials/plans_plan_content.php on line 94
[07-Mar-2024 11:06:18 UTC] PHP Warning:  Undefined property: stdClass::$qr_is_enabled in /home/myguest/web/myguest.click/public_html/themes/altum/views/partials/plans_plan_content.php on line 113
[07-Mar-2024 11:06:18 UTC] PHP Warning:  Undefined property: stdClass::$qr_is_enabled in /home/myguest/web/myguest.click/public_html/themes/altum/views/partials/plans_plan_content.php on line 118
[07-Mar-2024 11:21:00 UTC] PHP Warning:  Undefined property: stdClass::$color in /home/myguest/web/myguest.click/public_html/themes/altum/views/partials/plans.php on line 53
[07-Mar-2024 11:21:00 UTC] PHP Warning:  Undefined property: stdClass::$price in /home/myguest/web/myguest.click/public_html/themes/altum/views/partials/plans.php on line 62
[07-Mar-2024 11:21:00 UTC] PHP Warning:  Undefined property: stdClass::$description in /home/myguest/web/myguest.click/public_html/themes/altum/views/partials/plans.php on line 65
[07-Mar-2024 11:21:00 UTC] PHP Warning:  Undefined property: stdClass::$statistics_retention in /home/myguest/web/myguest.click/public_html/themes/altum/views/partials/plans_plan_content.php on line 91
[07-Mar-2024 11:21:00 UTC] PHP Warning:  Undefined property: stdClass::$statistics_retention in /home/myguest/web/myguest.click/public_html/themes/altum/views/partials/plans_plan_content.php on line 91
[07-Mar-2024 11:21:00 UTC] PHP Warning:  Undefined property: stdClass::$statistics_retention in /home/myguest/web/myguest.click/public_html/themes/altum/views/partials/plans_plan_content.php on line 94
[07-Mar-2024 11:21:00 UTC] PHP Warning:  Undefined property: stdClass::$qr_is_enabled in /home/myguest/web/myguest.click/public_html/themes/altum/views/partials/plans_plan_content.php on line 113
[07-Mar-2024 11:21:00 UTC] PHP Warning:  Undefined property: stdClass::$qr_is_enabled in /home/myguest/web/myguest.click/public_html/themes/altum/views/partials/plans_plan_content.php on line 118
[07-Mar-2024 11:28:09 UTC] PHP Warning:  Undefined property: stdClass::$color in /home/myguest/web/myguest.click/public_html/themes/altum/views/partials/plans.php on line 53
[07-Mar-2024 11:28:09 UTC] PHP Warning:  Undefined property: stdClass::$price in /home/myguest/web/myguest.click/public_html/themes/altum/views/partials/plans.php on line 62
[07-Mar-2024 11:28:09 UTC] PHP Warning:  Undefined property: stdClass::$description in /home/myguest/web/myguest.click/public_html/themes/altum/views/partials/plans.php on line 65
[07-Mar-2024 11:28:09 UTC] PHP Warning:  Undefined property: stdClass::$statistics_retention in /home/myguest/web/myguest.click/public_html/themes/altum/views/partials/plans_plan_content.php on line 91
[07-Mar-2024 11:28:09 UTC] PHP Warning:  Undefined property: stdClass::$statistics_retention in /home/myguest/web/myguest.click/public_html/themes/altum/views/partials/plans_plan_content.php on line 91
[07-Mar-2024 11:28:09 UTC] PHP Warning:  Undefined property: stdClass::$statistics_retention in /home/myguest/web/myguest.click/public_html/themes/altum/views/partials/plans_plan_content.php on line 94
[07-Mar-2024 11:28:09 UTC] PHP Warning:  Undefined property: stdClass::$qr_is_enabled in /home/myguest/web/myguest.click/public_html/themes/altum/views/partials/plans_plan_content.php on line 113
[07-Mar-2024 11:28:09 UTC] PHP Warning:  Undefined property: stdClass::$qr_is_enabled in /home/myguest/web/myguest.click/public_html/themes/altum/views/partials/plans_plan_content.php on line 118
[07-Mar-2024 11:28:58 UTC] PHP Warning:  Undefined property: stdClass::$color in /home/myguest/web/myguest.click/public_html/themes/altum/views/partials/plans.php on line 53
[07-Mar-2024 11:28:58 UTC] PHP Warning:  Undefined property: stdClass::$price in /home/myguest/web/myguest.click/public_html/themes/altum/views/partials/plans.php on line 62
[07-Mar-2024 11:28:58 UTC] PHP Warning:  Undefined property: stdClass::$description in /home/myguest/web/myguest.click/public_html/themes/altum/views/partials/plans.php on line 65
[07-Mar-2024 11:28:58 UTC] PHP Warning:  Undefined property: stdClass::$statistics_retention in /home/myguest/web/myguest.click/public_html/themes/altum/views/partials/plans_plan_content.php on line 91
[07-Mar-2024 11:28:58 UTC] PHP Warning:  Undefined property: stdClass::$statistics_retention in /home/myguest/web/myguest.click/public_html/themes/altum/views/partials/plans_plan_content.php on line 91
[07-Mar-2024 11:28:58 UTC] PHP Warning:  Undefined property: stdClass::$statistics_retention in /home/myguest/web/myguest.click/public_html/themes/altum/views/partials/plans_plan_content.php on line 94
[07-Mar-2024 11:28:58 UTC] PHP Warning:  Undefined property: stdClass::$qr_is_enabled in /home/myguest/web/myguest.click/public_html/themes/altum/views/partials/plans_plan_content.php on line 113
[07-Mar-2024 11:28:58 UTC] PHP Warning:  Undefined property: stdClass::$qr_is_enabled in /home/myguest/web/myguest.click/public_html/themes/altum/views/partials/plans_plan_content.php on line 118
[07-Mar-2024 11:30:07 UTC] PHP Warning:  Undefined property: stdClass::$color in /home/myguest/web/myguest.click/public_html/themes/altum/views/partials/plans.php on line 53
[07-Mar-2024 11:30:07 UTC] PHP Warning:  Undefined property: stdClass::$price in /home/myguest/web/myguest.click/public_html/themes/altum/views/partials/plans.php on line 62
[07-Mar-2024 11:30:07 UTC] PHP Warning:  Undefined property: stdClass::$description in /home/myguest/web/myguest.click/public_html/themes/altum/views/partials/plans.php on line 65
[07-Mar-2024 11:30:07 UTC] PHP Warning:  Undefined property: stdClass::$statistics_retention in /home/myguest/web/myguest.click/public_html/themes/altum/views/partials/plans_plan_content.php on line 91
[07-Mar-2024 11:30:07 UTC] PHP Warning:  Undefined property: stdClass::$statistics_retention in /home/myguest/web/myguest.click/public_html/themes/altum/views/partials/plans_plan_content.php on line 91
[07-Mar-2024 11:30:07 UTC] PHP Warning:  Undefined property: stdClass::$statistics_retention in /home/myguest/web/myguest.click/public_html/themes/altum/views/partials/plans_plan_content.php on line 94
[07-Mar-2024 11:30:07 UTC] PHP Warning:  Undefined property: stdClass::$qr_is_enabled in /home/myguest/web/myguest.click/public_html/themes/altum/views/partials/plans_plan_content.php on line 113
[07-Mar-2024 11:30:07 UTC] PHP Warning:  Undefined property: stdClass::$qr_is_enabled in /home/myguest/web/myguest.click/public_html/themes/altum/views/partials/plans_plan_content.php on line 118
[07-Mar-2024 11:48:12 UTC] PHP Warning:  Undefined property: stdClass::$color in /home/myguest/web/myguest.click/public_html/themes/altum/views/partials/plans.php on line 53
[07-Mar-2024 11:48:12 UTC] PHP Warning:  Undefined property: stdClass::$price in /home/myguest/web/myguest.click/public_html/themes/altum/views/partials/plans.php on line 62
[07-Mar-2024 11:48:12 UTC] PHP Warning:  Undefined property: stdClass::$description in /home/myguest/web/myguest.click/public_html/themes/altum/views/partials/plans.php on line 65
[07-Mar-2024 11:48:12 UTC] PHP Warning:  Undefined property: stdClass::$statistics_retention in /home/myguest/web/myguest.click/public_html/themes/altum/views/partials/plans_plan_content.php on line 91
[07-Mar-2024 11:48:12 UTC] PHP Warning:  Undefined property: stdClass::$statistics_retention in /home/myguest/web/myguest.click/public_html/themes/altum/views/partials/plans_plan_content.php on line 91
[07-Mar-2024 11:48:12 UTC] PHP Warning:  Undefined property: stdClass::$statistics_retention in /home/myguest/web/myguest.click/public_html/themes/altum/views/partials/plans_plan_content.php on line 94
[07-Mar-2024 11:48:12 UTC] PHP Warning:  Undefined property: stdClass::$qr_is_enabled in /home/myguest/web/myguest.click/public_html/themes/altum/views/partials/plans_plan_content.php on line 113
[07-Mar-2024 11:48:12 UTC] PHP Warning:  Undefined property: stdClass::$qr_is_enabled in /home/myguest/web/myguest.click/public_html/themes/altum/views/partials/plans_plan_content.php on line 118
[07-Mar-2024 11:49:03 UTC] PHP Warning:  Undefined property: stdClass::$color in /home/myguest/web/myguest.click/public_html/themes/altum/views/partials/plans.php on line 53
[07-Mar-2024 11:49:03 UTC] PHP Warning:  Undefined property: stdClass::$price in /home/myguest/web/myguest.click/public_html/themes/altum/views/partials/plans.php on line 62
[07-Mar-2024 11:49:03 UTC] PHP Warning:  Undefined property: stdClass::$description in /home/myguest/web/myguest.click/public_html/themes/altum/views/partials/plans.php on line 65
[07-Mar-2024 11:49:03 UTC] PHP Warning:  Undefined property: stdClass::$statistics_retention in /home/myguest/web/myguest.click/public_html/themes/altum/views/partials/plans_plan_content.php on line 91
[07-Mar-2024 11:49:03 UTC] PHP Warning:  Undefined property: stdClass::$statistics_retention in /home/myguest/web/myguest.click/public_html/themes/altum/views/partials/plans_plan_content.php on line 91
[07-Mar-2024 11:49:03 UTC] PHP Warning:  Undefined property: stdClass::$statistics_retention in /home/myguest/web/myguest.click/public_html/themes/altum/views/partials/plans_plan_content.php on line 94
[07-Mar-2024 11:49:03 UTC] PHP Warning:  Undefined property: stdClass::$qr_is_enabled in /home/myguest/web/myguest.click/public_html/themes/altum/views/partials/plans_plan_content.php on line 113
[07-Mar-2024 11:49:03 UTC] PHP Warning:  Undefined property: stdClass::$qr_is_enabled in /home/myguest/web/myguest.click/public_html/themes/altum/views/partials/plans_plan_content.php on line 118
[07-Mar-2024 11:49:11 UTC] PHP Warning:  Undefined property: stdClass::$color in /home/myguest/web/myguest.click/public_html/themes/altum/views/partials/plans.php on line 53
[07-Mar-2024 11:49:11 UTC] PHP Warning:  Undefined property: stdClass::$price in /home/myguest/web/myguest.click/public_html/themes/altum/views/partials/plans.php on line 62
[07-Mar-2024 11:49:11 UTC] PHP Warning:  Undefined property: stdClass::$description in /home/myguest/web/myguest.click/public_html/themes/altum/views/partials/plans.php on line 65
[07-Mar-2024 11:49:11 UTC] PHP Warning:  Undefined property: stdClass::$statistics_retention in /home/myguest/web/myguest.click/public_html/themes/altum/views/partials/plans_plan_content.php on line 91
[07-Mar-2024 11:49:11 UTC] PHP Warning:  Undefined property: stdClass::$statistics_retention in /home/myguest/web/myguest.click/public_html/themes/altum/views/partials/plans_plan_content.php on line 91
[07-Mar-2024 11:49:11 UTC] PHP Warning:  Undefined property: stdClass::$statistics_retention in /home/myguest/web/myguest.click/public_html/themes/altum/views/partials/plans_plan_content.php on line 94
[07-Mar-2024 11:49:11 UTC] PHP Warning:  Undefined property: stdClass::$qr_is_enabled in /home/myguest/web/myguest.click/public_html/themes/altum/views/partials/plans_plan_content.php on line 113
[07-Mar-2024 11:49:11 UTC] PHP Warning:  Undefined property: stdClass::$qr_is_enabled in /home/myguest/web/myguest.click/public_html/themes/altum/views/partials/plans_plan_content.php on line 118
[07-Mar-2024 12:33:08 UTC] PHP Warning:  Undefined property: stdClass::$color in /home/myguest/web/myguest.click/public_html/themes/altum/views/partials/plans.php on line 53
[07-Mar-2024 12:33:08 UTC] PHP Warning:  Undefined property: stdClass::$price in /home/myguest/web/myguest.click/public_html/themes/altum/views/partials/plans.php on line 62
[07-Mar-2024 12:33:08 UTC] PHP Warning:  Undefined property: stdClass::$description in /home/myguest/web/myguest.click/public_html/themes/altum/views/partials/plans.php on line 65
[07-Mar-2024 12:33:08 UTC] PHP Warning:  Undefined property: stdClass::$statistics_retention in /home/myguest/web/myguest.click/public_html/themes/altum/views/partials/plans_plan_content.php on line 91
[07-Mar-2024 12:33:08 UTC] PHP Warning:  Undefined property: stdClass::$statistics_retention in /home/myguest/web/myguest.click/public_html/themes/altum/views/partials/plans_plan_content.php on line 91
[07-Mar-2024 12:33:08 UTC] PHP Warning:  Undefined property: stdClass::$statistics_retention in /home/myguest/web/myguest.click/public_html/themes/altum/views/partials/plans_plan_content.php on line 94
[07-Mar-2024 12:33:08 UTC] PHP Warning:  Undefined property: stdClass::$qr_is_enabled in /home/myguest/web/myguest.click/public_html/themes/altum/views/partials/plans_plan_content.php on line 113
[07-Mar-2024 12:33:08 UTC] PHP Warning:  Undefined property: stdClass::$qr_is_enabled in /home/myguest/web/myguest.click/public_html/themes/altum/views/partials/plans_plan_content.php on line 118
[07-Mar-2024 13:03:25 UTC] PHP Warning:  Undefined property: stdClass::$color in /home/myguest/web/myguest.click/public_html/themes/altum/views/partials/plans.php on line 53
[07-Mar-2024 13:03:25 UTC] PHP Warning:  Undefined property: stdClass::$price in /home/myguest/web/myguest.click/public_html/themes/altum/views/partials/plans.php on line 62
[07-Mar-2024 13:03:25 UTC] PHP Warning:  Undefined property: stdClass::$description in /home/myguest/web/myguest.click/public_html/themes/altum/views/partials/plans.php on line 65
[07-Mar-2024 13:03:25 UTC] PHP Warning:  Undefined property: stdClass::$statistics_retention in /home/myguest/web/myguest.click/public_html/themes/altum/views/partials/plans_plan_content.php on line 91
[07-Mar-2024 13:03:25 UTC] PHP Warning:  Undefined property: stdClass::$statistics_retention in /home/myguest/web/myguest.click/public_html/themes/altum/views/partials/plans_plan_content.php on line 91
[07-Mar-2024 13:03:25 UTC] PHP Warning:  Undefined property: stdClass::$statistics_retention in /home/myguest/web/myguest.click/public_html/themes/altum/views/partials/plans_plan_content.php on line 94
[07-Mar-2024 13:03:25 UTC] PHP Warning:  Undefined property: stdClass::$qr_is_enabled in /home/myguest/web/myguest.click/public_html/themes/altum/views/partials/plans_plan_content.php on line 113
[07-Mar-2024 13:03:25 UTC] PHP Warning:  Undefined property: stdClass::$qr_is_enabled in /home/myguest/web/myguest.click/public_html/themes/altum/views/partials/plans_plan_content.php on line 118
[07-Mar-2024 13:16:24 UTC] PHP Warning:  Undefined property: stdClass::$color in /home/myguest/web/myguest.click/public_html/themes/altum/views/partials/plans.php on line 53
[07-Mar-2024 13:16:24 UTC] PHP Warning:  Undefined property: stdClass::$price in /home/myguest/web/myguest.click/public_html/themes/altum/views/partials/plans.php on line 62
[07-Mar-2024 13:16:24 UTC] PHP Warning:  Undefined property: stdClass::$description in /home/myguest/web/myguest.click/public_html/themes/altum/views/partials/plans.php on line 65
[07-Mar-2024 13:16:24 UTC] PHP Warning:  Undefined property: stdClass::$statistics_retention in /home/myguest/web/myguest.click/public_html/themes/altum/views/partials/plans_plan_content.php on line 91
[07-Mar-2024 13:16:24 UTC] PHP Warning:  Undefined property: stdClass::$statistics_retention in /home/myguest/web/myguest.click/public_html/themes/altum/views/partials/plans_plan_content.php on line 91
[07-Mar-2024 13:16:24 UTC] PHP Warning:  Undefined property: stdClass::$statistics_retention in /home/myguest/web/myguest.click/public_html/themes/altum/views/partials/plans_plan_content.php on line 94
[07-Mar-2024 13:16:24 UTC] PHP Warning:  Undefined property: stdClass::$qr_is_enabled in /home/myguest/web/myguest.click/public_html/themes/altum/views/partials/plans_plan_content.php on line 113
[07-Mar-2024 13:16:24 UTC] PHP Warning:  Undefined property: stdClass::$qr_is_enabled in /home/myguest/web/myguest.click/public_html/themes/altum/views/partials/plans_plan_content.php on line 118
[07-Mar-2024 13:18:38 UTC] PHP Warning:  Undefined property: stdClass::$color in /home/myguest/web/myguest.click/public_html/themes/altum/views/partials/plans.php on line 53
[07-Mar-2024 13:18:38 UTC] PHP Warning:  Undefined property: stdClass::$price in /home/myguest/web/myguest.click/public_html/themes/altum/views/partials/plans.php on line 62
[07-Mar-2024 13:18:38 UTC] PHP Warning:  Undefined property: stdClass::$description in /home/myguest/web/myguest.click/public_html/themes/altum/views/partials/plans.php on line 65
[07-Mar-2024 13:18:38 UTC] PHP Warning:  Undefined property: stdClass::$statistics_retention in /home/myguest/web/myguest.click/public_html/themes/altum/views/partials/plans_plan_content.php on line 91
[07-Mar-2024 13:18:38 UTC] PHP Warning:  Undefined property: stdClass::$statistics_retention in /home/myguest/web/myguest.click/public_html/themes/altum/views/partials/plans_plan_content.php on line 91
[07-Mar-2024 13:18:38 UTC] PHP Warning:  Undefined property: stdClass::$statistics_retention in /home/myguest/web/myguest.click/public_html/themes/altum/views/partials/plans_plan_content.php on line 94
[07-Mar-2024 13:18:38 UTC] PHP Warning:  Undefined property: stdClass::$qr_is_enabled in /home/myguest/web/myguest.click/public_html/themes/altum/views/partials/plans_plan_content.php on line 113
[07-Mar-2024 13:18:38 UTC] PHP Warning:  Undefined property: stdClass::$qr_is_enabled in /home/myguest/web/myguest.click/public_html/themes/altum/views/partials/plans_plan_content.php on line 118
[07-Mar-2024 13:19:38 UTC] PHP Warning:  Undefined property: stdClass::$color in /home/myguest/web/myguest.click/public_html/themes/altum/views/partials/plans.php on line 53
[07-Mar-2024 13:19:38 UTC] PHP Warning:  Undefined property: stdClass::$price in /home/myguest/web/myguest.click/public_html/themes/altum/views/partials/plans.php on line 62
[07-Mar-2024 13:19:38 UTC] PHP Warning:  Undefined property: stdClass::$description in /home/myguest/web/myguest.click/public_html/themes/altum/views/partials/plans.php on line 65
[07-Mar-2024 13:19:38 UTC] PHP Warning:  Undefined property: stdClass::$statistics_retention in /home/myguest/web/myguest.click/public_html/themes/altum/views/partials/plans_plan_content.php on line 91
[07-Mar-2024 13:19:38 UTC] PHP Warning:  Undefined property: stdClass::$statistics_retention in /home/myguest/web/myguest.click/public_html/themes/altum/views/partials/plans_plan_content.php on line 91
[07-Mar-2024 13:19:38 UTC] PHP Warning:  Undefined property: stdClass::$statistics_retention in /home/myguest/web/myguest.click/public_html/themes/altum/views/partials/plans_plan_content.php on line 94
[07-Mar-2024 13:19:38 UTC] PHP Warning:  Undefined property: stdClass::$qr_is_enabled in /home/myguest/web/myguest.click/public_html/themes/altum/views/partials/plans_plan_content.php on line 113
[07-Mar-2024 13:19:38 UTC] PHP Warning:  Undefined property: stdClass::$qr_is_enabled in /home/myguest/web/myguest.click/public_html/themes/altum/views/partials/plans_plan_content.php on line 118
[07-Mar-2024 13:19:40 UTC] PHP Warning:  Undefined property: stdClass::$color in /home/myguest/web/myguest.click/public_html/themes/altum/views/partials/plans.php on line 53
[07-Mar-2024 13:19:40 UTC] PHP Warning:  Undefined property: stdClass::$price in /home/myguest/web/myguest.click/public_html/themes/altum/views/partials/plans.php on line 62
[07-Mar-2024 13:19:40 UTC] PHP Warning:  Undefined property: stdClass::$description in /home/myguest/web/myguest.click/public_html/themes/altum/views/partials/plans.php on line 65
[07-Mar-2024 13:19:40 UTC] PHP Warning:  Undefined property: stdClass::$statistics_retention in /home/myguest/web/myguest.click/public_html/themes/altum/views/partials/plans_plan_content.php on line 91
[07-Mar-2024 13:19:40 UTC] PHP Warning:  Undefined property: stdClass::$statistics_retention in /home/myguest/web/myguest.click/public_html/themes/altum/views/partials/plans_plan_content.php on line 91
[07-Mar-2024 13:19:40 UTC] PHP Warning:  Undefined property: stdClass::$statistics_retention in /home/myguest/web/myguest.click/public_html/themes/altum/views/partials/plans_plan_content.php on line 94
[07-Mar-2024 13:19:40 UTC] PHP Warning:  Undefined property: stdClass::$qr_is_enabled in /home/myguest/web/myguest.click/public_html/themes/altum/views/partials/plans_plan_content.php on line 113
[07-Mar-2024 13:19:40 UTC] PHP Warning:  Undefined property: stdClass::$qr_is_enabled in /home/myguest/web/myguest.click/public_html/themes/altum/views/partials/plans_plan_content.php on line 118
[07-Mar-2024 13:20:35 UTC] PHP Warning:  Undefined property: stdClass::$color in /home/myguest/web/myguest.click/public_html/themes/altum/views/partials/plans.php on line 53
[07-Mar-2024 13:20:35 UTC] PHP Warning:  Undefined property: stdClass::$price in /home/myguest/web/myguest.click/public_html/themes/altum/views/partials/plans.php on line 62
[07-Mar-2024 13:20:35 UTC] PHP Warning:  Undefined property: stdClass::$description in /home/myguest/web/myguest.click/public_html/themes/altum/views/partials/plans.php on line 65
[07-Mar-2024 13:20:35 UTC] PHP Warning:  Undefined property: stdClass::$statistics_retention in /home/myguest/web/myguest.click/public_html/themes/altum/views/partials/plans_plan_content.php on line 91
[07-Mar-2024 13:20:35 UTC] PHP Warning:  Undefined property: stdClass::$statistics_retention in /home/myguest/web/myguest.click/public_html/themes/altum/views/partials/plans_plan_content.php on line 91
[07-Mar-2024 13:20:35 UTC] PHP Warning:  Undefined property: stdClass::$statistics_retention in /home/myguest/web/myguest.click/public_html/themes/altum/views/partials/plans_plan_content.php on line 94
[07-Mar-2024 13:20:35 UTC] PHP Warning:  Undefined property: stdClass::$qr_is_enabled in /home/myguest/web/myguest.click/public_html/themes/altum/views/partials/plans_plan_content.php on line 113
[07-Mar-2024 13:20:35 UTC] PHP Warning:  Undefined property: stdClass::$qr_is_enabled in /home/myguest/web/myguest.click/public_html/themes/altum/views/partials/plans_plan_content.php on line 118
[07-Mar-2024 13:20:41 UTC] PHP Warning:  Undefined property: stdClass::$color in /home/myguest/web/myguest.click/public_html/themes/altum/views/partials/plans.php on line 53
[07-Mar-2024 13:20:41 UTC] PHP Warning:  Undefined property: stdClass::$price in /home/myguest/web/myguest.click/public_html/themes/altum/views/partials/plans.php on line 62
[07-Mar-2024 13:20:41 UTC] PHP Warning:  Undefined property: stdClass::$description in /home/myguest/web/myguest.click/public_html/themes/altum/views/partials/plans.php on line 65
[07-Mar-2024 13:20:41 UTC] PHP Warning:  Undefined property: stdClass::$statistics_retention in /home/myguest/web/myguest.click/public_html/themes/altum/views/partials/plans_plan_content.php on line 91
[07-Mar-2024 13:20:41 UTC] PHP Warning:  Undefined property: stdClass::$statistics_retention in /home/myguest/web/myguest.click/public_html/themes/altum/views/partials/plans_plan_content.php on line 91
[07-Mar-2024 13:20:41 UTC] PHP Warning:  Undefined property: stdClass::$statistics_retention in /home/myguest/web/myguest.click/public_html/themes/altum/views/partials/plans_plan_content.php on line 94
[07-Mar-2024 13:20:41 UTC] PHP Warning:  Undefined property: stdClass::$qr_is_enabled in /home/myguest/web/myguest.click/public_html/themes/altum/views/partials/plans_plan_content.php on line 113
[07-Mar-2024 13:20:41 UTC] PHP Warning:  Undefined property: stdClass::$qr_is_enabled in /home/myguest/web/myguest.click/public_html/themes/altum/views/partials/plans_plan_content.php on line 118
[07-Mar-2024 13:20:43 UTC] PHP Warning:  Undefined property: stdClass::$color in /home/myguest/web/myguest.click/public_html/themes/altum/views/partials/plans.php on line 53
[07-Mar-2024 13:20:43 UTC] PHP Warning:  Undefined property: stdClass::$price in /home/myguest/web/myguest.click/public_html/themes/altum/views/partials/plans.php on line 62
[07-Mar-2024 13:20:43 UTC] PHP Warning:  Undefined property: stdClass::$description in /home/myguest/web/myguest.click/public_html/themes/altum/views/partials/plans.php on line 65
[07-Mar-2024 13:20:43 UTC] PHP Warning:  Undefined property: stdClass::$statistics_retention in /home/myguest/web/myguest.click/public_html/themes/altum/views/partials/plans_plan_content.php on line 91
[07-Mar-2024 13:20:43 UTC] PHP Warning:  Undefined property: stdClass::$statistics_retention in /home/myguest/web/myguest.click/public_html/themes/altum/views/partials/plans_plan_content.php on line 91
[07-Mar-2024 13:20:43 UTC] PHP Warning:  Undefined property: stdClass::$statistics_retention in /home/myguest/web/myguest.click/public_html/themes/altum/views/partials/plans_plan_content.php on line 94
[07-Mar-2024 13:20:43 UTC] PHP Warning:  Undefined property: stdClass::$qr_is_enabled in /home/myguest/web/myguest.click/public_html/themes/altum/views/partials/plans_plan_content.php on line 113
[07-Mar-2024 13:20:43 UTC] PHP Warning:  Undefined property: stdClass::$qr_is_enabled in /home/myguest/web/myguest.click/public_html/themes/altum/views/partials/plans_plan_content.php on line 118
[07-Mar-2024 13:21:52 UTC] PHP Warning:  Undefined property: stdClass::$color in /home/myguest/web/myguest.click/public_html/themes/altum/views/partials/plans.php on line 53
[07-Mar-2024 13:21:52 UTC] PHP Warning:  Undefined property: stdClass::$price in /home/myguest/web/myguest.click/public_html/themes/altum/views/partials/plans.php on line 62
[07-Mar-2024 13:21:52 UTC] PHP Warning:  Undefined property: stdClass::$description in /home/myguest/web/myguest.click/public_html/themes/altum/views/partials/plans.php on line 65
[07-Mar-2024 13:21:52 UTC] PHP Warning:  Undefined property: stdClass::$statistics_retention in /home/myguest/web/myguest.click/public_html/themes/altum/views/partials/plans_plan_content.php on line 91
[07-Mar-2024 13:21:52 UTC] PHP Warning:  Undefined property: stdClass::$statistics_retention in /home/myguest/web/myguest.click/public_html/themes/altum/views/partials/plans_plan_content.php on line 91
[07-Mar-2024 13:21:52 UTC] PHP Warning:  Undefined property: stdClass::$statistics_retention in /home/myguest/web/myguest.click/public_html/themes/altum/views/partials/plans_plan_content.php on line 94
[07-Mar-2024 13:21:52 UTC] PHP Warning:  Undefined property: stdClass::$qr_is_enabled in /home/myguest/web/myguest.click/public_html/themes/altum/views/partials/plans_plan_content.php on line 113
[07-Mar-2024 13:21:52 UTC] PHP Warning:  Undefined property: stdClass::$qr_is_enabled in /home/myguest/web/myguest.click/public_html/themes/altum/views/partials/plans_plan_content.php on line 118
[07-Mar-2024 13:24:23 UTC] PHP Warning:  Undefined property: stdClass::$color in /home/myguest/web/myguest.click/public_html/themes/altum/views/partials/plans.php on line 53
[07-Mar-2024 13:24:23 UTC] PHP Warning:  Undefined property: stdClass::$price in /home/myguest/web/myguest.click/public_html/themes/altum/views/partials/plans.php on line 62
[07-Mar-2024 13:24:23 UTC] PHP Warning:  Undefined property: stdClass::$description in /home/myguest/web/myguest.click/public_html/themes/altum/views/partials/plans.php on line 65
[07-Mar-2024 13:24:23 UTC] PHP Warning:  Undefined property: stdClass::$statistics_retention in /home/myguest/web/myguest.click/public_html/themes/altum/views/partials/plans_plan_content.php on line 91
[07-Mar-2024 13:24:23 UTC] PHP Warning:  Undefined property: stdClass::$statistics_retention in /home/myguest/web/myguest.click/public_html/themes/altum/views/partials/plans_plan_content.php on line 91
[07-Mar-2024 13:24:23 UTC] PHP Warning:  Undefined property: stdClass::$statistics_retention in /home/myguest/web/myguest.click/public_html/themes/altum/views/partials/plans_plan_content.php on line 94
[07-Mar-2024 13:24:23 UTC] PHP Warning:  Undefined property: stdClass::$qr_is_enabled in /home/myguest/web/myguest.click/public_html/themes/altum/views/partials/plans_plan_content.php on line 113
[07-Mar-2024 13:24:23 UTC] PHP Warning:  Undefined property: stdClass::$qr_is_enabled in /home/myguest/web/myguest.click/public_html/themes/altum/views/partials/plans_plan_content.php on line 118
[07-Mar-2024 13:27:11 UTC] PHP Warning:  Undefined property: stdClass::$color in /home/myguest/web/myguest.click/public_html/themes/altum/views/partials/plans.php on line 53
[07-Mar-2024 13:27:11 UTC] PHP Warning:  Undefined property: stdClass::$price in /home/myguest/web/myguest.click/public_html/themes/altum/views/partials/plans.php on line 62
[07-Mar-2024 13:27:11 UTC] PHP Warning:  Undefined property: stdClass::$description in /home/myguest/web/myguest.click/public_html/themes/altum/views/partials/plans.php on line 65
[07-Mar-2024 13:27:11 UTC] PHP Warning:  Undefined property: stdClass::$statistics_retention in /home/myguest/web/myguest.click/public_html/themes/altum/views/partials/plans_plan_content.php on line 91
[07-Mar-2024 13:27:11 UTC] PHP Warning:  Undefined property: stdClass::$statistics_retention in /home/myguest/web/myguest.click/public_html/themes/altum/views/partials/plans_plan_content.php on line 91
[07-Mar-2024 13:27:11 UTC] PHP Warning:  Undefined property: stdClass::$statistics_retention in /home/myguest/web/myguest.click/public_html/themes/altum/views/partials/plans_plan_content.php on line 94
[07-Mar-2024 13:27:11 UTC] PHP Warning:  Undefined property: stdClass::$qr_is_enabled in /home/myguest/web/myguest.click/public_html/themes/altum/views/partials/plans_plan_content.php on line 113
[07-Mar-2024 13:27:11 UTC] PHP Warning:  Undefined property: stdClass::$qr_is_enabled in /home/myguest/web/myguest.click/public_html/themes/altum/views/partials/plans_plan_content.php on line 118
[07-Mar-2024 13:28:52 UTC] PHP Warning:  Undefined property: stdClass::$qr_is_enabled in /home/myguest/web/myguest.click/public_html/themes/altum/views/partials/app_sub_menu.php on line 16
[07-Mar-2024 13:28:52 UTC] PHP Warning:  Undefined property: stdClass::$qr_is_enabled in /home/myguest/web/myguest.click/public_html/themes/altum/views/partials/app_sub_menu.php on line 17
[07-Mar-2024 13:29:31 UTC] PHP Warning:  Undefined property: stdClass::$color in /home/myguest/web/myguest.click/public_html/themes/altum/views/partials/plans.php on line 53
[07-Mar-2024 13:29:31 UTC] PHP Warning:  Undefined property: stdClass::$price in /home/myguest/web/myguest.click/public_html/themes/altum/views/partials/plans.php on line 62
[07-Mar-2024 13:29:31 UTC] PHP Warning:  Undefined property: stdClass::$description in /home/myguest/web/myguest.click/public_html/themes/altum/views/partials/plans.php on line 65
[07-Mar-2024 13:29:31 UTC] PHP Warning:  Undefined property: stdClass::$statistics_retention in /home/myguest/web/myguest.click/public_html/themes/altum/views/partials/plans_plan_content.php on line 91
[07-Mar-2024 13:29:31 UTC] PHP Warning:  Undefined property: stdClass::$statistics_retention in /home/myguest/web/myguest.click/public_html/themes/altum/views/partials/plans_plan_content.php on line 91
[07-Mar-2024 13:29:31 UTC] PHP Warning:  Undefined property: stdClass::$statistics_retention in /home/myguest/web/myguest.click/public_html/themes/altum/views/partials/plans_plan_content.php on line 94
[07-Mar-2024 13:29:31 UTC] PHP Warning:  Undefined property: stdClass::$qr_is_enabled in /home/myguest/web/myguest.click/public_html/themes/altum/views/partials/plans_plan_content.php on line 113
[07-Mar-2024 13:29:31 UTC] PHP Warning:  Undefined property: stdClass::$qr_is_enabled in /home/myguest/web/myguest.click/public_html/themes/altum/views/partials/plans_plan_content.php on line 118
[07-Mar-2024 13:29:43 UTC] PHP Warning:  Attempt to read property "facebook" on null in /home/myguest/web/myguest.click/public_html/themes/altum/views/s/partials/footer.php on line 33
[07-Mar-2024 13:29:43 UTC] PHP Warning:  Attempt to read property "instagram" on null in /home/myguest/web/myguest.click/public_html/themes/altum/views/s/partials/footer.php on line 33
[07-Mar-2024 13:29:43 UTC] PHP Warning:  Attempt to read property "x" on null in /home/myguest/web/myguest.click/public_html/themes/altum/views/s/partials/footer.php on line 33
[07-Mar-2024 13:30:52 UTC] PHP Warning:  Undefined property: stdClass::$qr_is_enabled in /home/myguest/web/myguest.click/public_html/themes/altum/views/partials/app_sub_menu.php on line 16
[07-Mar-2024 13:30:52 UTC] PHP Warning:  Undefined property: stdClass::$qr_is_enabled in /home/myguest/web/myguest.click/public_html/themes/altum/views/partials/app_sub_menu.php on line 17
[07-Mar-2024 13:48:29 UTC] PHP Warning:  Undefined property: stdClass::$color in /home/myguest/web/myguest.click/public_html/themes/altum/views/partials/plans.php on line 53
[07-Mar-2024 13:48:29 UTC] PHP Warning:  Undefined property: stdClass::$price in /home/myguest/web/myguest.click/public_html/themes/altum/views/partials/plans.php on line 62
[07-Mar-2024 13:48:29 UTC] PHP Warning:  Undefined property: stdClass::$description in /home/myguest/web/myguest.click/public_html/themes/altum/views/partials/plans.php on line 65
[07-Mar-2024 13:48:29 UTC] PHP Warning:  Undefined property: stdClass::$statistics_retention in /home/myguest/web/myguest.click/public_html/themes/altum/views/partials/plans_plan_content.php on line 91
[07-Mar-2024 13:48:29 UTC] PHP Warning:  Undefined property: stdClass::$statistics_retention in /home/myguest/web/myguest.click/public_html/themes/altum/views/partials/plans_plan_content.php on line 91
[07-Mar-2024 13:48:29 UTC] PHP Warning:  Undefined property: stdClass::$statistics_retention in /home/myguest/web/myguest.click/public_html/themes/altum/views/partials/plans_plan_content.php on line 94
[07-Mar-2024 13:48:29 UTC] PHP Warning:  Undefined property: stdClass::$qr_is_enabled in /home/myguest/web/myguest.click/public_html/themes/altum/views/partials/plans_plan_content.php on line 113
[07-Mar-2024 13:48:29 UTC] PHP Warning:  Undefined property: stdClass::$qr_is_enabled in /home/myguest/web/myguest.click/public_html/themes/altum/views/partials/plans_plan_content.php on line 118
[07-Mar-2024 13:48:40 UTC] PHP Warning:  Undefined property: stdClass::$color in /home/myguest/web/myguest.click/public_html/themes/altum/views/partials/plans.php on line 53
[07-Mar-2024 13:48:40 UTC] PHP Warning:  Undefined property: stdClass::$price in /home/myguest/web/myguest.click/public_html/themes/altum/views/partials/plans.php on line 62
[07-Mar-2024 13:48:40 UTC] PHP Warning:  Undefined property: stdClass::$description in /home/myguest/web/myguest.click/public_html/themes/altum/views/partials/plans.php on line 65
[07-Mar-2024 13:48:40 UTC] PHP Warning:  Undefined property: stdClass::$statistics_retention in /home/myguest/web/myguest.click/public_html/themes/altum/views/partials/plans_plan_content.php on line 91
[07-Mar-2024 13:48:40 UTC] PHP Warning:  Undefined property: stdClass::$statistics_retention in /home/myguest/web/myguest.click/public_html/themes/altum/views/partials/plans_plan_content.php on line 91
[07-Mar-2024 13:48:40 UTC] PHP Warning:  Undefined property: stdClass::$statistics_retention in /home/myguest/web/myguest.click/public_html/themes/altum/views/partials/plans_plan_content.php on line 94
[07-Mar-2024 13:48:40 UTC] PHP Warning:  Undefined property: stdClass::$qr_is_enabled in /home/myguest/web/myguest.click/public_html/themes/altum/views/partials/plans_plan_content.php on line 113
[07-Mar-2024 13:48:40 UTC] PHP Warning:  Undefined property: stdClass::$qr_is_enabled in /home/myguest/web/myguest.click/public_html/themes/altum/views/partials/plans_plan_content.php on line 118
[07-Mar-2024 14:33:51 UTC] PHP Warning:  Undefined property: stdClass::$color in /home/myguest/web/myguest.click/public_html/themes/altum/views/partials/plans.php on line 53
[07-Mar-2024 14:33:51 UTC] PHP Warning:  Undefined property: stdClass::$price in /home/myguest/web/myguest.click/public_html/themes/altum/views/partials/plans.php on line 62
[07-Mar-2024 14:33:51 UTC] PHP Warning:  Undefined property: stdClass::$description in /home/myguest/web/myguest.click/public_html/themes/altum/views/partials/plans.php on line 65
[07-Mar-2024 14:33:51 UTC] PHP Warning:  Undefined property: stdClass::$statistics_retention in /home/myguest/web/myguest.click/public_html/themes/altum/views/partials/plans_plan_content.php on line 91
[07-Mar-2024 14:33:51 UTC] PHP Warning:  Undefined property: stdClass::$statistics_retention in /home/myguest/web/myguest.click/public_html/themes/altum/views/partials/plans_plan_content.php on line 91
[07-Mar-2024 14:33:51 UTC] PHP Warning:  Undefined property: stdClass::$statistics_retention in /home/myguest/web/myguest.click/public_html/themes/altum/views/partials/plans_plan_content.php on line 94
[07-Mar-2024 14:33:51 UTC] PHP Warning:  Undefined property: stdClass::$qr_is_enabled in /home/myguest/web/myguest.click/public_html/themes/altum/views/partials/plans_plan_content.php on line 113
[07-Mar-2024 14:33:51 UTC] PHP Warning:  Undefined property: stdClass::$qr_is_enabled in /home/myguest/web/myguest.click/public_html/themes/altum/views/partials/plans_plan_content.php on line 118
[07-Mar-2024 14:38:47 UTC] PHP Warning:  Undefined property: stdClass::$color in /home/myguest/web/myguest.click/public_html/themes/altum/views/partials/plans.php on line 53
[07-Mar-2024 14:38:47 UTC] PHP Warning:  Undefined property: stdClass::$price in /home/myguest/web/myguest.click/public_html/themes/altum/views/partials/plans.php on line 62
[07-Mar-2024 14:38:47 UTC] PHP Warning:  Undefined property: stdClass::$description in /home/myguest/web/myguest.click/public_html/themes/altum/views/partials/plans.php on line 65
[07-Mar-2024 14:38:47 UTC] PHP Warning:  Undefined property: stdClass::$statistics_retention in /home/myguest/web/myguest.click/public_html/themes/altum/views/partials/plans_plan_content.php on line 91
[07-Mar-2024 14:38:47 UTC] PHP Warning:  Undefined property: stdClass::$statistics_retention in /home/myguest/web/myguest.click/public_html/themes/altum/views/partials/plans_plan_content.php on line 91
[07-Mar-2024 14:38:47 UTC] PHP Warning:  Undefined property: stdClass::$statistics_retention in /home/myguest/web/myguest.click/public_html/themes/altum/views/partials/plans_plan_content.php on line 94
[07-Mar-2024 14:38:47 UTC] PHP Warning:  Undefined property: stdClass::$qr_is_enabled in /home/myguest/web/myguest.click/public_html/themes/altum/views/partials/plans_plan_content.php on line 113
[07-Mar-2024 14:38:47 UTC] PHP Warning:  Undefined property: stdClass::$qr_is_enabled in /home/myguest/web/myguest.click/public_html/themes/altum/views/partials/plans_plan_content.php on line 118
[07-Mar-2024 14:40:07 UTC] PHP Warning:  Undefined property: stdClass::$color in /home/myguest/web/myguest.click/public_html/themes/altum/views/partials/plans.php on line 53
[07-Mar-2024 14:40:07 UTC] PHP Warning:  Undefined property: stdClass::$price in /home/myguest/web/myguest.click/public_html/themes/altum/views/partials/plans.php on line 62
[07-Mar-2024 14:40:07 UTC] PHP Warning:  Undefined property: stdClass::$description in /home/myguest/web/myguest.click/public_html/themes/altum/views/partials/plans.php on line 65
[07-Mar-2024 14:40:07 UTC] PHP Warning:  Undefined property: stdClass::$statistics_retention in /home/myguest/web/myguest.click/public_html/themes/altum/views/partials/plans_plan_content.php on line 91
[07-Mar-2024 14:40:07 UTC] PHP Warning:  Undefined property: stdClass::$statistics_retention in /home/myguest/web/myguest.click/public_html/themes/altum/views/partials/plans_plan_content.php on line 91
[07-Mar-2024 14:40:07 UTC] PHP Warning:  Undefined property: stdClass::$statistics_retention in /home/myguest/web/myguest.click/public_html/themes/altum/views/partials/plans_plan_content.php on line 94
[07-Mar-2024 14:40:07 UTC] PHP Warning:  Undefined property: stdClass::$qr_is_enabled in /home/myguest/web/myguest.click/public_html/themes/altum/views/partials/plans_plan_content.php on line 113
[07-Mar-2024 14:40:07 UTC] PHP Warning:  Undefined property: stdClass::$qr_is_enabled in /home/myguest/web/myguest.click/public_html/themes/altum/views/partials/plans_plan_content.php on line 118
[07-Mar-2024 14:40:28 UTC] PHP Warning:  Undefined property: stdClass::$color in /home/myguest/web/myguest.click/public_html/themes/altum/views/partials/plans.php on line 53
[07-Mar-2024 14:40:28 UTC] PHP Warning:  Undefined property: stdClass::$price in /home/myguest/web/myguest.click/public_html/themes/altum/views/partials/plans.php on line 62
[07-Mar-2024 14:40:28 UTC] PHP Warning:  Undefined property: stdClass::$description in /home/myguest/web/myguest.click/public_html/themes/altum/views/partials/plans.php on line 65
[07-Mar-2024 14:40:28 UTC] PHP Warning:  Undefined property: stdClass::$statistics_retention in /home/myguest/web/myguest.click/public_html/themes/altum/views/partials/plans_plan_content.php on line 91
[07-Mar-2024 14:40:28 UTC] PHP Warning:  Undefined property: stdClass::$statistics_retention in /home/myguest/web/myguest.click/public_html/themes/altum/views/partials/plans_plan_content.php on line 91
[07-Mar-2024 14:40:28 UTC] PHP Warning:  Undefined property: stdClass::$statistics_retention in /home/myguest/web/myguest.click/public_html/themes/altum/views/partials/plans_plan_content.php on line 94
[07-Mar-2024 14:40:28 UTC] PHP Warning:  Undefined property: stdClass::$qr_is_enabled in /home/myguest/web/myguest.click/public_html/themes/altum/views/partials/plans_plan_content.php on line 113
[07-Mar-2024 14:40:28 UTC] PHP Warning:  Undefined property: stdClass::$qr_is_enabled in /home/myguest/web/myguest.click/public_html/themes/altum/views/partials/plans_plan_content.php on line 118
[07-Mar-2024 14:42:15 UTC] PHP Warning:  Undefined property: stdClass::$color in /home/myguest/web/myguest.click/public_html/themes/altum/views/partials/plans.php on line 53
[07-Mar-2024 14:42:15 UTC] PHP Warning:  Undefined property: stdClass::$price in /home/myguest/web/myguest.click/public_html/themes/altum/views/partials/plans.php on line 62
[07-Mar-2024 14:42:15 UTC] PHP Warning:  Undefined property: stdClass::$description in /home/myguest/web/myguest.click/public_html/themes/altum/views/partials/plans.php on line 65
[07-Mar-2024 14:42:15 UTC] PHP Warning:  Undefined property: stdClass::$statistics_retention in /home/myguest/web/myguest.click/public_html/themes/altum/views/partials/plans_plan_content.php on line 91
[07-Mar-2024 14:42:15 UTC] PHP Warning:  Undefined property: stdClass::$statistics_retention in /home/myguest/web/myguest.click/public_html/themes/altum/views/partials/plans_plan_content.php on line 91
[07-Mar-2024 14:42:15 UTC] PHP Warning:  Undefined property: stdClass::$statistics_retention in /home/myguest/web/myguest.click/public_html/themes/altum/views/partials/plans_plan_content.php on line 94
[07-Mar-2024 14:42:15 UTC] PHP Warning:  Undefined property: stdClass::$qr_is_enabled in /home/myguest/web/myguest.click/public_html/themes/altum/views/partials/plans_plan_content.php on line 113
[07-Mar-2024 14:42:15 UTC] PHP Warning:  Undefined property: stdClass::$qr_is_enabled in /home/myguest/web/myguest.click/public_html/themes/altum/views/partials/plans_plan_content.php on line 118
[07-Mar-2024 15:01:30 UTC] PHP Warning:  Undefined property: stdClass::$color in /home/myguest/web/myguest.click/public_html/themes/altum/views/partials/plans.php on line 53
[07-Mar-2024 15:01:30 UTC] PHP Warning:  Undefined property: stdClass::$price in /home/myguest/web/myguest.click/public_html/themes/altum/views/partials/plans.php on line 62
[07-Mar-2024 15:01:30 UTC] PHP Warning:  Undefined property: stdClass::$description in /home/myguest/web/myguest.click/public_html/themes/altum/views/partials/plans.php on line 65
[07-Mar-2024 15:01:30 UTC] PHP Warning:  Undefined property: stdClass::$statistics_retention in /home/myguest/web/myguest.click/public_html/themes/altum/views/partials/plans_plan_content.php on line 91
[07-Mar-2024 15:01:30 UTC] PHP Warning:  Undefined property: stdClass::$statistics_retention in /home/myguest/web/myguest.click/public_html/themes/altum/views/partials/plans_plan_content.php on line 91
[07-Mar-2024 15:01:30 UTC] PHP Warning:  Undefined property: stdClass::$statistics_retention in /home/myguest/web/myguest.click/public_html/themes/altum/views/partials/plans_plan_content.php on line 94
[07-Mar-2024 15:01:30 UTC] PHP Warning:  Undefined property: stdClass::$qr_is_enabled in /home/myguest/web/myguest.click/public_html/themes/altum/views/partials/plans_plan_content.php on line 113
[07-Mar-2024 15:01:30 UTC] PHP Warning:  Undefined property: stdClass::$qr_is_enabled in /home/myguest/web/myguest.click/public_html/themes/altum/views/partials/plans_plan_content.php on line 118
[07-Mar-2024 15:06:23 UTC] PHP Warning:  Undefined property: stdClass::$color in /home/myguest/web/myguest.click/public_html/themes/altum/views/partials/plans.php on line 53
[07-Mar-2024 15:06:23 UTC] PHP Warning:  Undefined property: stdClass::$price in /home/myguest/web/myguest.click/public_html/themes/altum/views/partials/plans.php on line 62
[07-Mar-2024 15:06:23 UTC] PHP Warning:  Undefined property: stdClass::$description in /home/myguest/web/myguest.click/public_html/themes/altum/views/partials/plans.php on line 65
[07-Mar-2024 15:06:23 UTC] PHP Warning:  Undefined property: stdClass::$statistics_retention in /home/myguest/web/myguest.click/public_html/themes/altum/views/partials/plans_plan_content.php on line 91
[07-Mar-2024 15:06:23 UTC] PHP Warning:  Undefined property: stdClass::$statistics_retention in /home/myguest/web/myguest.click/public_html/themes/altum/views/partials/plans_plan_content.php on line 91
[07-Mar-2024 15:06:23 UTC] PHP Warning:  Undefined property: stdClass::$statistics_retention in /home/myguest/web/myguest.click/public_html/themes/altum/views/partials/plans_plan_content.php on line 94
[07-Mar-2024 15:06:23 UTC] PHP Warning:  Undefined property: stdClass::$qr_is_enabled in /home/myguest/web/myguest.click/public_html/themes/altum/views/partials/plans_plan_content.php on line 113
[07-Mar-2024 15:06:23 UTC] PHP Warning:  Undefined property: stdClass::$qr_is_enabled in /home/myguest/web/myguest.click/public_html/themes/altum/views/partials/plans_plan_content.php on line 118
[07-Mar-2024 15:19:01 UTC] PHP Warning:  Undefined property: stdClass::$color in /home/myguest/web/myguest.click/public_html/themes/altum/views/partials/plans.php on line 53
[07-Mar-2024 15:19:01 UTC] PHP Warning:  Undefined property: stdClass::$price in /home/myguest/web/myguest.click/public_html/themes/altum/views/partials/plans.php on line 62
[07-Mar-2024 15:19:01 UTC] PHP Warning:  Undefined property: stdClass::$description in /home/myguest/web/myguest.click/public_html/themes/altum/views/partials/plans.php on line 65
[07-Mar-2024 15:19:01 UTC] PHP Warning:  Undefined property: stdClass::$statistics_retention in /home/myguest/web/myguest.click/public_html/themes/altum/views/partials/plans_plan_content.php on line 91
[07-Mar-2024 15:19:01 UTC] PHP Warning:  Undefined property: stdClass::$statistics_retention in /home/myguest/web/myguest.click/public_html/themes/altum/views/partials/plans_plan_content.php on line 91
[07-Mar-2024 15:19:01 UTC] PHP Warning:  Undefined property: stdClass::$statistics_retention in /home/myguest/web/myguest.click/public_html/themes/altum/views/partials/plans_plan_content.php on line 94
[07-Mar-2024 15:19:01 UTC] PHP Warning:  Undefined property: stdClass::$qr_is_enabled in /home/myguest/web/myguest.click/public_html/themes/altum/views/partials/plans_plan_content.php on line 113
[07-Mar-2024 15:19:01 UTC] PHP Warning:  Undefined property: stdClass::$qr_is_enabled in /home/myguest/web/myguest.click/public_html/themes/altum/views/partials/plans_plan_content.php on line 118
[07-Mar-2024 15:19:50 UTC] PHP Warning:  Undefined property: stdClass::$color in /home/myguest/web/myguest.click/public_html/themes/altum/views/partials/plans.php on line 53
[07-Mar-2024 15:19:50 UTC] PHP Warning:  Undefined property: stdClass::$price in /home/myguest/web/myguest.click/public_html/themes/altum/views/partials/plans.php on line 62
[07-Mar-2024 15:19:50 UTC] PHP Warning:  Undefined property: stdClass::$description in /home/myguest/web/myguest.click/public_html/themes/altum/views/partials/plans.php on line 65
[07-Mar-2024 15:19:50 UTC] PHP Warning:  Undefined property: stdClass::$statistics_retention in /home/myguest/web/myguest.click/public_html/themes/altum/views/partials/plans_plan_content.php on line 91
[07-Mar-2024 15:19:50 UTC] PHP Warning:  Undefined property: stdClass::$statistics_retention in /home/myguest/web/myguest.click/public_html/themes/altum/views/partials/plans_plan_content.php on line 91
[07-Mar-2024 15:19:50 UTC] PHP Warning:  Undefined property: stdClass::$statistics_retention in /home/myguest/web/myguest.click/public_html/themes/altum/views/partials/plans_plan_content.php on line 94
[07-Mar-2024 15:19:50 UTC] PHP Warning:  Undefined property: stdClass::$qr_is_enabled in /home/myguest/web/myguest.click/public_html/themes/altum/views/partials/plans_plan_content.php on line 113
[07-Mar-2024 15:19:50 UTC] PHP Warning:  Undefined property: stdClass::$qr_is_enabled in /home/myguest/web/myguest.click/public_html/themes/altum/views/partials/plans_plan_content.php on line 118
[07-Mar-2024 15:22:38 UTC] PHP Warning:  Undefined property: stdClass::$color in /home/myguest/web/myguest.click/public_html/themes/altum/views/partials/plans.php on line 53
[07-Mar-2024 15:22:38 UTC] PHP Warning:  Undefined property: stdClass::$price in /home/myguest/web/myguest.click/public_html/themes/altum/views/partials/plans.php on line 62
[07-Mar-2024 15:22:38 UTC] PHP Warning:  Undefined property: stdClass::$description in /home/myguest/web/myguest.click/public_html/themes/altum/views/partials/plans.php on line 65
[07-Mar-2024 15:22:38 UTC] PHP Warning:  Undefined property: stdClass::$statistics_retention in /home/myguest/web/myguest.click/public_html/themes/altum/views/partials/plans_plan_content.php on line 91
[07-Mar-2024 15:22:38 UTC] PHP Warning:  Undefined property: stdClass::$statistics_retention in /home/myguest/web/myguest.click/public_html/themes/altum/views/partials/plans_plan_content.php on line 91
[07-Mar-2024 15:22:38 UTC] PHP Warning:  Undefined property: stdClass::$statistics_retention in /home/myguest/web/myguest.click/public_html/themes/altum/views/partials/plans_plan_content.php on line 94
[07-Mar-2024 15:22:38 UTC] PHP Warning:  Undefined property: stdClass::$qr_is_enabled in /home/myguest/web/myguest.click/public_html/themes/altum/views/partials/plans_plan_content.php on line 113
[07-Mar-2024 15:22:38 UTC] PHP Warning:  Undefined property: stdClass::$qr_is_enabled in /home/myguest/web/myguest.click/public_html/themes/altum/views/partials/plans_plan_content.php on line 118
[07-Mar-2024 15:23:26 UTC] PHP Warning:  Undefined array key "is_newsletter_subscribed" in /home/myguest/web/myguest.click/public_html/app/controllers/Register.php on line 50
[07-Mar-2024 15:37:16 UTC] PHP Warning:  Undefined property: stdClass::$color in /home/myguest/web/myguest.click/public_html/themes/altum/views/partials/plans.php on line 53
[07-Mar-2024 15:37:16 UTC] PHP Warning:  Undefined property: stdClass::$price in /home/myguest/web/myguest.click/public_html/themes/altum/views/partials/plans.php on line 62
[07-Mar-2024 15:37:16 UTC] PHP Warning:  Undefined property: stdClass::$description in /home/myguest/web/myguest.click/public_html/themes/altum/views/partials/plans.php on line 65
[07-Mar-2024 15:37:16 UTC] PHP Warning:  Undefined property: stdClass::$statistics_retention in /home/myguest/web/myguest.click/public_html/themes/altum/views/partials/plans_plan_content.php on line 91
[07-Mar-2024 15:37:16 UTC] PHP Warning:  Undefined property: stdClass::$statistics_retention in /home/myguest/web/myguest.click/public_html/themes/altum/views/partials/plans_plan_content.php on line 91
[07-Mar-2024 15:37:16 UTC] PHP Warning:  Undefined property: stdClass::$statistics_retention in /home/myguest/web/myguest.click/public_html/themes/altum/views/partials/plans_plan_content.php on line 94
[07-Mar-2024 15:37:16 UTC] PHP Warning:  Undefined property: stdClass::$qr_is_enabled in /home/myguest/web/myguest.click/public_html/themes/altum/views/partials/plans_plan_content.php on line 113
[07-Mar-2024 15:37:16 UTC] PHP Warning:  Undefined property: stdClass::$qr_is_enabled in /home/myguest/web/myguest.click/public_html/themes/altum/views/partials/plans_plan_content.php on line 118
[07-Mar-2024 16:19:17 UTC] PHP Warning:  Undefined property: stdClass::$color in /home/myguest/web/myguest.click/public_html/themes/altum/views/partials/plans.php on line 53
[07-Mar-2024 16:19:17 UTC] PHP Warning:  Undefined property: stdClass::$price in /home/myguest/web/myguest.click/public_html/themes/altum/views/partials/plans.php on line 62
[07-Mar-2024 16:19:17 UTC] PHP Warning:  Undefined property: stdClass::$description in /home/myguest/web/myguest.click/public_html/themes/altum/views/partials/plans.php on line 65
[07-Mar-2024 16:19:17 UTC] PHP Warning:  Undefined property: stdClass::$statistics_retention in /home/myguest/web/myguest.click/public_html/themes/altum/views/partials/plans_plan_content.php on line 91
[07-Mar-2024 16:19:17 UTC] PHP Warning:  Undefined property: stdClass::$statistics_retention in /home/myguest/web/myguest.click/public_html/themes/altum/views/partials/plans_plan_content.php on line 91
[07-Mar-2024 16:19:17 UTC] PHP Warning:  Undefined property: stdClass::$statistics_retention in /home/myguest/web/myguest.click/public_html/themes/altum/views/partials/plans_plan_content.php on line 94
[07-Mar-2024 16:19:17 UTC] PHP Warning:  Undefined property: stdClass::$qr_is_enabled in /home/myguest/web/myguest.click/public_html/themes/altum/views/partials/plans_plan_content.php on line 113
[07-Mar-2024 16:19:17 UTC] PHP Warning:  Undefined property: stdClass::$qr_is_enabled in /home/myguest/web/myguest.click/public_html/themes/altum/views/partials/plans_plan_content.php on line 118
[07-Mar-2024 16:22:33 UTC] PHP Warning:  Undefined property: stdClass::$color in /home/myguest/web/myguest.click/public_html/themes/altum/views/partials/plans.php on line 53
[07-Mar-2024 16:22:33 UTC] PHP Warning:  Undefined property: stdClass::$price in /home/myguest/web/myguest.click/public_html/themes/altum/views/partials/plans.php on line 62
[07-Mar-2024 16:22:33 UTC] PHP Warning:  Undefined property: stdClass::$description in /home/myguest/web/myguest.click/public_html/themes/altum/views/partials/plans.php on line 65
[07-Mar-2024 16:22:33 UTC] PHP Warning:  Undefined property: stdClass::$statistics_retention in /home/myguest/web/myguest.click/public_html/themes/altum/views/partials/plans_plan_content.php on line 91
[07-Mar-2024 16:22:33 UTC] PHP Warning:  Undefined property: stdClass::$statistics_retention in /home/myguest/web/myguest.click/public_html/themes/altum/views/partials/plans_plan_content.php on line 91
[07-Mar-2024 16:22:33 UTC] PHP Warning:  Undefined property: stdClass::$statistics_retention in /home/myguest/web/myguest.click/public_html/themes/altum/views/partials/plans_plan_content.php on line 94
[07-Mar-2024 16:22:33 UTC] PHP Warning:  Undefined property: stdClass::$qr_is_enabled in /home/myguest/web/myguest.click/public_html/themes/altum/views/partials/plans_plan_content.php on line 113
[07-Mar-2024 16:22:33 UTC] PHP Warning:  Undefined property: stdClass::$qr_is_enabled in /home/myguest/web/myguest.click/public_html/themes/altum/views/partials/plans_plan_content.php on line 118
[07-Mar-2024 17:54:39 UTC] PHP Warning:  Undefined property: stdClass::$color in /home/myguest/web/myguest.click/public_html/themes/altum/views/partials/plans.php on line 53
[07-Mar-2024 17:54:39 UTC] PHP Warning:  Undefined property: stdClass::$price in /home/myguest/web/myguest.click/public_html/themes/altum/views/partials/plans.php on line 62
[07-Mar-2024 17:54:39 UTC] PHP Warning:  Undefined property: stdClass::$description in /home/myguest/web/myguest.click/public_html/themes/altum/views/partials/plans.php on line 65
[07-Mar-2024 17:54:39 UTC] PHP Warning:  Undefined property: stdClass::$statistics_retention in /home/myguest/web/myguest.click/public_html/themes/altum/views/partials/plans_plan_content.php on line 91
[07-Mar-2024 17:54:39 UTC] PHP Warning:  Undefined property: stdClass::$statistics_retention in /home/myguest/web/myguest.click/public_html/themes/altum/views/partials/plans_plan_content.php on line 91
[07-Mar-2024 17:54:39 UTC] PHP Warning:  Undefined property: stdClass::$statistics_retention in /home/myguest/web/myguest.click/public_html/themes/altum/views/partials/plans_plan_content.php on line 94
[07-Mar-2024 17:54:39 UTC] PHP Warning:  Undefined property: stdClass::$qr_is_enabled in /home/myguest/web/myguest.click/public_html/themes/altum/views/partials/plans_plan_content.php on line 113
[07-Mar-2024 17:54:39 UTC] PHP Warning:  Undefined property: stdClass::$qr_is_enabled in /home/myguest/web/myguest.click/public_html/themes/altum/views/partials/plans_plan_content.php on line 118
[07-Mar-2024 18:59:43 UTC] PHP Warning:  Undefined property: stdClass::$color in /home/myguest/web/myguest.click/public_html/themes/altum/views/partials/plans.php on line 53
[07-Mar-2024 18:59:43 UTC] PHP Warning:  Undefined property: stdClass::$price in /home/myguest/web/myguest.click/public_html/themes/altum/views/partials/plans.php on line 62
[07-Mar-2024 18:59:43 UTC] PHP Warning:  Undefined property: stdClass::$description in /home/myguest/web/myguest.click/public_html/themes/altum/views/partials/plans.php on line 65
[07-Mar-2024 18:59:43 UTC] PHP Warning:  Undefined property: stdClass::$statistics_retention in /home/myguest/web/myguest.click/public_html/themes/altum/views/partials/plans_plan_content.php on line 91
[07-Mar-2024 18:59:43 UTC] PHP Warning:  Undefined property: stdClass::$statistics_retention in /home/myguest/web/myguest.click/public_html/themes/altum/views/partials/plans_plan_content.php on line 91
[07-Mar-2024 18:59:43 UTC] PHP Warning:  Undefined property: stdClass::$statistics_retention in /home/myguest/web/myguest.click/public_html/themes/altum/views/partials/plans_plan_content.php on line 94
[07-Mar-2024 18:59:43 UTC] PHP Warning:  Undefined property: stdClass::$qr_is_enabled in /home/myguest/web/myguest.click/public_html/themes/altum/views/partials/plans_plan_content.php on line 113
[07-Mar-2024 18:59:43 UTC] PHP Warning:  Undefined property: stdClass::$qr_is_enabled in /home/myguest/web/myguest.click/public_html/themes/altum/views/partials/plans_plan_content.php on line 118
[07-Mar-2024 18:59:44 UTC] PHP Warning:  Undefined property: stdClass::$color in /home/myguest/web/myguest.click/public_html/themes/altum/views/partials/plans.php on line 53
[07-Mar-2024 18:59:44 UTC] PHP Warning:  Undefined property: stdClass::$price in /home/myguest/web/myguest.click/public_html/themes/altum/views/partials/plans.php on line 62
[07-Mar-2024 18:59:44 UTC] PHP Warning:  Undefined property: stdClass::$description in /home/myguest/web/myguest.click/public_html/themes/altum/views/partials/plans.php on line 65
[07-Mar-2024 18:59:44 UTC] PHP Warning:  Undefined property: stdClass::$statistics_retention in /home/myguest/web/myguest.click/public_html/themes/altum/views/partials/plans_plan_content.php on line 91
[07-Mar-2024 18:59:44 UTC] PHP Warning:  Undefined property: stdClass::$statistics_retention in /home/myguest/web/myguest.click/public_html/themes/altum/views/partials/plans_plan_content.php on line 91
[07-Mar-2024 18:59:44 UTC] PHP Warning:  Undefined property: stdClass::$statistics_retention in /home/myguest/web/myguest.click/public_html/themes/altum/views/partials/plans_plan_content.php on line 94
[07-Mar-2024 18:59:44 UTC] PHP Warning:  Undefined property: stdClass::$qr_is_enabled in /home/myguest/web/myguest.click/public_html/themes/altum/views/partials/plans_plan_content.php on line 113
[07-Mar-2024 18:59:44 UTC] PHP Warning:  Undefined property: stdClass::$qr_is_enabled in /home/myguest/web/myguest.click/public_html/themes/altum/views/partials/plans_plan_content.php on line 118
[07-Mar-2024 20:31:08 UTC] PHP Warning:  Undefined property: stdClass::$color in /home/myguest/web/myguest.click/public_html/themes/altum/views/partials/plans.php on line 53
[07-Mar-2024 20:31:08 UTC] PHP Warning:  Undefined property: stdClass::$price in /home/myguest/web/myguest.click/public_html/themes/altum/views/partials/plans.php on line 62
[07-Mar-2024 20:31:08 UTC] PHP Warning:  Undefined property: stdClass::$description in /home/myguest/web/myguest.click/public_html/themes/altum/views/partials/plans.php on line 65
[07-Mar-2024 20:31:08 UTC] PHP Warning:  Undefined property: stdClass::$statistics_retention in /home/myguest/web/myguest.click/public_html/themes/altum/views/partials/plans_plan_content.php on line 91
[07-Mar-2024 20:31:08 UTC] PHP Warning:  Undefined property: stdClass::$statistics_retention in /home/myguest/web/myguest.click/public_html/themes/altum/views/partials/plans_plan_content.php on line 91
[07-Mar-2024 20:31:08 UTC] PHP Warning:  Undefined property: stdClass::$statistics_retention in /home/myguest/web/myguest.click/public_html/themes/altum/views/partials/plans_plan_content.php on line 94
[07-Mar-2024 20:31:08 UTC] PHP Warning:  Undefined property: stdClass::$qr_is_enabled in /home/myguest/web/myguest.click/public_html/themes/altum/views/partials/plans_plan_content.php on line 113
[07-Mar-2024 20:31:08 UTC] PHP Warning:  Undefined property: stdClass::$qr_is_enabled in /home/myguest/web/myguest.click/public_html/themes/altum/views/partials/plans_plan_content.php on line 118
[07-Mar-2024 21:43:22 UTC] PHP Warning:  Undefined property: stdClass::$color in /home/myguest/web/myguest.click/public_html/themes/altum/views/partials/plans.php on line 53
[07-Mar-2024 21:43:22 UTC] PHP Warning:  Undefined property: stdClass::$price in /home/myguest/web/myguest.click/public_html/themes/altum/views/partials/plans.php on line 62
[07-Mar-2024 21:43:22 UTC] PHP Warning:  Undefined property: stdClass::$description in /home/myguest/web/myguest.click/public_html/themes/altum/views/partials/plans.php on line 65
[07-Mar-2024 21:43:22 UTC] PHP Warning:  Undefined property: stdClass::$statistics_retention in /home/myguest/web/myguest.click/public_html/themes/altum/views/partials/plans_plan_content.php on line 91
[07-Mar-2024 21:43:22 UTC] PHP Warning:  Undefined property: stdClass::$statistics_retention in /home/myguest/web/myguest.click/public_html/themes/altum/views/partials/plans_plan_content.php on line 91
[07-Mar-2024 21:43:22 UTC] PHP Warning:  Undefined property: stdClass::$statistics_retention in /home/myguest/web/myguest.click/public_html/themes/altum/views/partials/plans_plan_content.php on line 94
[07-Mar-2024 21:43:22 UTC] PHP Warning:  Undefined property: stdClass::$qr_is_enabled in /home/myguest/web/myguest.click/public_html/themes/altum/views/partials/plans_plan_content.php on line 113
[07-Mar-2024 21:43:22 UTC] PHP Warning:  Undefined property: stdClass::$qr_is_enabled in /home/myguest/web/myguest.click/public_html/themes/altum/views/partials/plans_plan_content.php on line 118
[07-Mar-2024 23:50:59 UTC] PHP Warning:  Undefined property: stdClass::$color in /home/myguest/web/myguest.click/public_html/themes/altum/views/partials/plans.php on line 53
[07-Mar-2024 23:50:59 UTC] PHP Warning:  Undefined property: stdClass::$price in /home/myguest/web/myguest.click/public_html/themes/altum/views/partials/plans.php on line 62
[07-Mar-2024 23:50:59 UTC] PHP Warning:  Undefined property: stdClass::$description in /home/myguest/web/myguest.click/public_html/themes/altum/views/partials/plans.php on line 65
[07-Mar-2024 23:50:59 UTC] PHP Warning:  Undefined property: stdClass::$statistics_retention in /home/myguest/web/myguest.click/public_html/themes/altum/views/partials/plans_plan_content.php on line 91
[07-Mar-2024 23:50:59 UTC] PHP Warning:  Undefined property: stdClass::$statistics_retention in /home/myguest/web/myguest.click/public_html/themes/altum/views/partials/plans_plan_content.php on line 91
[07-Mar-2024 23:50:59 UTC] PHP Warning:  Undefined property: stdClass::$statistics_retention in /home/myguest/web/myguest.click/public_html/themes/altum/views/partials/plans_plan_content.php on line 94
[07-Mar-2024 23:50:59 UTC] PHP Warning:  Undefined property: stdClass::$qr_is_enabled in /home/myguest/web/myguest.click/public_html/themes/altum/views/partials/plans_plan_content.php on line 113
[07-Mar-2024 23:50:59 UTC] PHP Warning:  Undefined property: stdClass::$qr_is_enabled in /home/myguest/web/myguest.click/public_html/themes/altum/views/partials/plans_plan_content.php on line 118
